[1.246s] Invoking command in '/home/parsa/main_robot_ws/src/my_robot_camera': PYTHONPATH=/home/parsa/main_robot_ws/src/build/my_robot_camera/prefix_override:/usr/lib/python3/dist-packages/colcon_core/task/python/colcon_distutils_commands:/home/parsa/main_robot_ws/src/install/my_robot_camera/lib/python3.10/site-packages:${PYTHONPATH} /usr/bin/python3 -W ignore:setup.py install is deprecated -W ignore:easy_install command is deprecated setup.py egg_info --egg-base ../build/my_robot_camera build --build-base /home/parsa/main_robot_ws/src/build/my_robot_camera/build install --record /home/parsa/main_robot_ws/src/build/my_robot_camera/install.log --single-version-externally-managed install_data
[1.500s] running egg_info
[1.500s] creating ../build/my_robot_camera/my_robot_camera.egg-info
[1.500s] writing ../build/my_robot_camera/my_robot_camera.egg-info/PKG-INFO
[1.502s] writing dependency_links to ../build/my_robot_camera/my_robot_camera.egg-info/dependency_links.txt
[1.502s] writing entry points to ../build/my_robot_camera/my_robot_camera.egg-info/entry_points.txt
[1.502s] writing requirements to ../build/my_robot_camera/my_robot_camera.egg-info/requires.txt
[1.502s] writing top-level names to ../build/my_robot_camera/my_robot_camera.egg-info/top_level.txt
[1.502s] writing manifest file '../build/my_robot_camera/my_robot_camera.egg-info/SOURCES.txt'
[1.505s] reading manifest file '../build/my_robot_camera/my_robot_camera.egg-info/SOURCES.txt'
[1.506s] writing manifest file '../build/my_robot_camera/my_robot_camera.egg-info/SOURCES.txt'
[1.506s] running build
[1.506s] running build_py
[1.507s] creating /home/parsa/main_robot_ws/src/build/my_robot_camera/build
[1.507s] creating /home/parsa/main_robot_ws/src/build/my_robot_camera/build/lib
[1.507s] creating /home/parsa/main_robot_ws/src/build/my_robot_camera/build/lib/my_robot_camera
[1.507s] copying my_robot_camera/camera_node.py -> /home/parsa/main_robot_ws/src/build/my_robot_camera/build/lib/my_robot_camera
[1.507s] copying my_robot_camera/qos_bridge_node.py -> /home/parsa/main_robot_ws/src/build/my_robot_camera/build/lib/my_robot_camera
[1.508s] copying my_robot_camera/__init__.py -> /home/parsa/main_robot_ws/src/build/my_robot_camera/build/lib/my_robot_camera
[1.508s] running install
[1.508s] running install_lib
[1.510s] creating /home/parsa/main_robot_ws/src/install/my_robot_camera/lib/python3.10/site-packages/my_robot_camera
[1.510s] copying /home/parsa/main_robot_ws/src/build/my_robot_camera/build/lib/my_robot_camera/camera_node.py -> /home/parsa/main_robot_ws/src/install/my_robot_camera/lib/python3.10/site-packages/my_robot_camera
[1.510s] copying /home/parsa/main_robot_ws/src/build/my_robot_camera/build/lib/my_robot_camera/qos_bridge_node.py -> /home/parsa/main_robot_ws/src/install/my_robot_camera/lib/python3.10/site-packages/my_robot_camera
[1.510s] copying /home/parsa/main_robot_ws/src/build/my_robot_camera/build/lib/my_robot_camera/__init__.py -> /home/parsa/main_robot_ws/src/install/my_robot_camera/lib/python3.10/site-packages/my_robot_camera
[1.510s] byte-compiling /home/parsa/main_robot_ws/src/install/my_robot_camera/lib/python3.10/site-packages/my_robot_camera/camera_node.py to camera_node.cpython-310.pyc
[1.512s] byte-compiling /home/parsa/main_robot_ws/src/install/my_robot_camera/lib/python3.10/site-packages/my_robot_camera/qos_bridge_node.py to qos_bridge_node.cpython-310.pyc
[1.512s] byte-compiling /home/parsa/main_robot_ws/src/install/my_robot_camera/lib/python3.10/site-packages/my_robot_camera/__init__.py to __init__.cpython-310.pyc
[1.513s] running install_data
[1.513s] creating /home/parsa/main_robot_ws/src/install/my_robot_camera/share/ament_index
[1.513s] creating /home/parsa/main_robot_ws/src/install/my_robot_camera/share/ament_index/resource_index
[1.513s] creating /home/parsa/main_robot_ws/src/install/my_robot_camera/share/ament_index/resource_index/packages
[1.513s] copying resource/my_robot_camera -> /home/parsa/main_robot_ws/src/install/my_robot_camera/share/ament_index/resource_index/packages
[1.513s] copying package.xml -> /home/parsa/main_robot_ws/src/install/my_robot_camera/share/my_robot_camera
[1.513s] creating /home/parsa/main_robot_ws/src/install/my_robot_camera/share/my_robot_camera/launch
[1.513s] copying launch/camera_with_bridge.launch.py -> /home/parsa/main_robot_ws/src/install/my_robot_camera/share/my_robot_camera/launch
[1.513s] copying launch/camera.launch.py -> /home/parsa/main_robot_ws/src/install/my_robot_camera/share/my_robot_camera/launch
[1.513s] creating /home/parsa/main_robot_ws/src/install/my_robot_camera/share/my_robot_camera/models
[1.513s] copying models/best.pt -> /home/parsa/main_robot_ws/src/install/my_robot_camera/share/my_robot_camera/models
[1.618s] creating /home/parsa/main_robot_ws/src/install/my_robot_camera/share/my_robot_camera/msg
[1.618s] running install_egg_info
[1.620s] Copying ../build/my_robot_camera/my_robot_camera.egg-info to /home/parsa/main_robot_ws/src/install/my_robot_camera/lib/python3.10/site-packages/my_robot_camera-0.0.0-py3.10.egg-info
[1.620s] running install_scripts
[1.640s] Installing camera_node script to /home/parsa/main_robot_ws/src/install/my_robot_camera/lib/my_robot_camera
[1.640s] writing list of installed files to '/home/parsa/main_robot_ws/src/build/my_robot_camera/install.log'
[1.680s] Invoked command in '/home/parsa/main_robot_ws/src/my_robot_camera' returned '0': PYTHONPATH=/home/parsa/main_robot_ws/src/build/my_robot_camera/prefix_override:/usr/lib/python3/dist-packages/colcon_core/task/python/colcon_distutils_commands:/home/parsa/main_robot_ws/src/install/my_robot_camera/lib/python3.10/site-packages:${PYTHONPATH} /usr/bin/python3 -W ignore:setup.py install is deprecated -W ignore:easy_install command is deprecated setup.py egg_info --egg-base ../build/my_robot_camera build --build-base /home/parsa/main_robot_ws/src/build/my_robot_camera/build install --record /home/parsa/main_robot_ws/src/build/my_robot_camera/install.log --single-version-externally-managed install_data
