[1.703s] Invoking command in '/home/parsa/main_robot_ws/src/robot_control': PYTHONPATH=/home/parsa/main_robot_ws/build/robot_control/prefix_override:/usr/lib/python3/dist-packages/colcon_core/task/python/colcon_distutils_commands:/home/parsa/main_robot_ws/install/robot_control/lib/python3.10/site-packages:${PYTHONPATH} /usr/bin/python3 -W ignore:setup.py install is deprecated -W ignore:easy_install command is deprecated setup.py egg_info --egg-base ../../build/robot_control build --build-base /home/parsa/main_robot_ws/build/robot_control/build install --record /home/parsa/main_robot_ws/build/robot_control/install.log --single-version-externally-managed install_data
[1.909s] running egg_info
[1.910s] creating ../../build/robot_control/robot_control.egg-info
[1.910s] writing ../../build/robot_control/robot_control.egg-info/PKG-INFO
[1.910s] writing dependency_links to ../../build/robot_control/robot_control.egg-info/dependency_links.txt
[1.911s] writing entry points to ../../build/robot_control/robot_control.egg-info/entry_points.txt
[1.911s] writing requirements to ../../build/robot_control/robot_control.egg-info/requires.txt
[1.911s] writing top-level names to ../../build/robot_control/robot_control.egg-info/top_level.txt
[1.911s] writing manifest file '../../build/robot_control/robot_control.egg-info/SOURCES.txt'
[1.913s] reading manifest file '../../build/robot_control/robot_control.egg-info/SOURCES.txt'
[1.913s] writing manifest file '../../build/robot_control/robot_control.egg-info/SOURCES.txt'
[1.913s] running build
[1.913s] running build_py
[1.913s] creating /home/parsa/main_robot_ws/build/robot_control/build
[1.914s] creating /home/parsa/main_robot_ws/build/robot_control/build/lib
[1.914s] creating /home/parsa/main_robot_ws/build/robot_control/build/lib/robot_control
[1.914s] copying robot_control/arm_controller_node.py -> /home/parsa/main_robot_ws/build/robot_control/build/lib/robot_control
[1.914s] copying robot_control/example_tasks.py -> /home/parsa/main_robot_ws/build/robot_control/build/lib/robot_control
[1.914s] copying robot_control/task_manager.py -> /home/parsa/main_robot_ws/build/robot_control/build/lib/robot_control
[1.914s] copying robot_control/arm_server.py -> /home/parsa/main_robot_ws/build/robot_control/build/lib/robot_control
[1.914s] copying robot_control/__init__.py -> /home/parsa/main_robot_ws/build/robot_control/build/lib/robot_control
[1.914s] copying robot_control/old_robot_server.py -> /home/parsa/main_robot_ws/build/robot_control/build/lib/robot_control
[1.914s] copying robot_control/arm_gui.py -> /home/parsa/main_robot_ws/build/robot_control/build/lib/robot_control
[1.914s] copying robot_control/robot_server.py -> /home/parsa/main_robot_ws/build/robot_control/build/lib/robot_control
[1.915s] running install
[1.915s] running install_lib
[1.916s] creating /home/parsa/main_robot_ws/install/robot_control/lib/python3.10/site-packages/robot_control
[1.916s] copying /home/parsa/main_robot_ws/build/robot_control/build/lib/robot_control/arm_controller_node.py -> /home/parsa/main_robot_ws/install/robot_control/lib/python3.10/site-packages/robot_control
[1.916s] copying /home/parsa/main_robot_ws/build/robot_control/build/lib/robot_control/example_tasks.py -> /home/parsa/main_robot_ws/install/robot_control/lib/python3.10/site-packages/robot_control
[1.916s] copying /home/parsa/main_robot_ws/build/robot_control/build/lib/robot_control/task_manager.py -> /home/parsa/main_robot_ws/install/robot_control/lib/python3.10/site-packages/robot_control
[1.916s] copying /home/parsa/main_robot_ws/build/robot_control/build/lib/robot_control/arm_server.py -> /home/parsa/main_robot_ws/install/robot_control/lib/python3.10/site-packages/robot_control
[1.916s] copying /home/parsa/main_robot_ws/build/robot_control/build/lib/robot_control/__init__.py -> /home/parsa/main_robot_ws/install/robot_control/lib/python3.10/site-packages/robot_control
[1.916s] copying /home/parsa/main_robot_ws/build/robot_control/build/lib/robot_control/old_robot_server.py -> /home/parsa/main_robot_ws/install/robot_control/lib/python3.10/site-packages/robot_control
[1.917s] copying /home/parsa/main_robot_ws/build/robot_control/build/lib/robot_control/arm_gui.py -> /home/parsa/main_robot_ws/install/robot_control/lib/python3.10/site-packages/robot_control
[1.917s] copying /home/parsa/main_robot_ws/build/robot_control/build/lib/robot_control/robot_server.py -> /home/parsa/main_robot_ws/install/robot_control/lib/python3.10/site-packages/robot_control
[1.917s] byte-compiling /home/parsa/main_robot_ws/install/robot_control/lib/python3.10/site-packages/robot_control/arm_controller_node.py to arm_controller_node.cpython-310.pyc
[1.920s] byte-compiling /home/parsa/main_robot_ws/install/robot_control/lib/python3.10/site-packages/robot_control/example_tasks.py to example_tasks.cpython-310.pyc
[1.920s] byte-compiling /home/parsa/main_robot_ws/install/robot_control/lib/python3.10/site-packages/robot_control/task_manager.py to task_manager.cpython-310.pyc
[1.921s] byte-compiling /home/parsa/main_robot_ws/install/robot_control/lib/python3.10/site-packages/robot_control/arm_server.py to arm_server.cpython-310.pyc
[1.922s] byte-compiling /home/parsa/main_robot_ws/install/robot_control/lib/python3.10/site-packages/robot_control/__init__.py to __init__.cpython-310.pyc
[1.922s] byte-compiling /home/parsa/main_robot_ws/install/robot_control/lib/python3.10/site-packages/robot_control/old_robot_server.py to old_robot_server.cpython-310.pyc
[1.924s] byte-compiling /home/parsa/main_robot_ws/install/robot_control/lib/python3.10/site-packages/robot_control/arm_gui.py to arm_gui.cpython-310.pyc
[1.925s] byte-compiling /home/parsa/main_robot_ws/install/robot_control/lib/python3.10/site-packages/robot_control/robot_server.py to robot_server.cpython-310.pyc
[1.928s] running install_data
[1.928s] creating /home/parsa/main_robot_ws/install/robot_control/share/ament_index
[1.928s] creating /home/parsa/main_robot_ws/install/robot_control/share/ament_index/resource_index
[1.928s] creating /home/parsa/main_robot_ws/install/robot_control/share/ament_index/resource_index/packages
[1.928s] copying resource/robot_control -> /home/parsa/main_robot_ws/install/robot_control/share/ament_index/resource_index/packages
[1.929s] copying package.xml -> /home/parsa/main_robot_ws/install/robot_control/share/robot_control
[1.929s] creating /home/parsa/main_robot_ws/install/robot_control/share/robot_control/launch
[1.929s] copying robot_control/launch/arm_controller.launch.py -> /home/parsa/main_robot_ws/install/robot_control/share/robot_control/launch
[1.929s] copying robot_control/launch/joint_state_publisher.launch.py -> /home/parsa/main_robot_ws/install/robot_control/share/robot_control/launch
[1.929s] creating /home/parsa/main_robot_ws/install/robot_control/share/robot_control/config
[1.929s] copying robot_control/config/arm_controller_params.yaml -> /home/parsa/main_robot_ws/install/robot_control/share/robot_control/config
[1.929s] copying robot_control/config/controllers.yaml -> /home/parsa/main_robot_ws/install/robot_control/share/robot_control/config
[1.929s] copying robot_control/config/joint_state_broadcaster.yaml -> /home/parsa/main_robot_ws/install/robot_control/share/robot_control/config
[1.929s] running install_egg_info
[1.929s] Copying ../../build/robot_control/robot_control.egg-info to /home/parsa/main_robot_ws/install/robot_control/lib/python3.10/site-packages/robot_control-0.0.0-py3.10.egg-info
[1.930s] running install_scripts
[1.947s] Installing arm_controller_node script to /home/parsa/main_robot_ws/install/robot_control/lib/robot_control
[1.947s] Installing arm_driver_node script to /home/parsa/main_robot_ws/install/robot_control/lib/robot_control
[1.947s] Installing arm_gui script to /home/parsa/main_robot_ws/install/robot_control/lib/robot_control
[1.947s] Installing arm_server script to /home/parsa/main_robot_ws/install/robot_control/lib/robot_control
[1.947s] Installing old_robot_server script to /home/parsa/main_robot_ws/install/robot_control/lib/robot_control
[1.947s] Installing robot_server script to /home/parsa/main_robot_ws/install/robot_control/lib/robot_control
[1.947s] writing list of installed files to '/home/parsa/main_robot_ws/build/robot_control/install.log'
[2.002s] Invoked command in '/home/parsa/main_robot_ws/src/robot_control' returned '0': PYTHONPATH=/home/parsa/main_robot_ws/build/robot_control/prefix_override:/usr/lib/python3/dist-packages/colcon_core/task/python/colcon_distutils_commands:/home/parsa/main_robot_ws/install/robot_control/lib/python3.10/site-packages:${PYTHONPATH} /usr/bin/python3 -W ignore:setup.py install is deprecated -W ignore:easy_install command is deprecated setup.py egg_info --egg-base ../../build/robot_control build --build-base /home/parsa/main_robot_ws/build/robot_control/build install --record /home/parsa/main_robot_ws/build/robot_control/install.log --single-version-externally-managed install_data
