running egg_info
writing ../../build/robot_control/robot_control.egg-info/PKG-INFO
writing dependency_links to ../../build/robot_control/robot_control.egg-info/dependency_links.txt
writing entry points to ../../build/robot_control/robot_control.egg-info/entry_points.txt
writing requirements to ../../build/robot_control/robot_control.egg-info/requires.txt
writing top-level names to ../../build/robot_control/robot_control.egg-info/top_level.txt
reading manifest file '../../build/robot_control/robot_control.egg-info/SOURCES.txt'
writing manifest file '../../build/robot_control/robot_control.egg-info/SOURCES.txt'
running build
running build_py
copying robot_control/esp_motor_control copy.py -> /home/parsa/main_robot_ws/build/robot_control/build/lib/robot_control
copying robot_control/esp_motor_control.py -> /home/parsa/main_robot_ws/build/robot_control/build/lib/robot_control
running install
running install_lib
copying /home/parsa/main_robot_ws/build/robot_control/build/lib/robot_control/esp_motor_control copy.py -> /home/parsa/main_robot_ws/install/robot_control/lib/python3.10/site-packages/robot_control
copying /home/parsa/main_robot_ws/build/robot_control/build/lib/robot_control/esp_motor_control.py -> /home/parsa/main_robot_ws/install/robot_control/lib/python3.10/site-packages/robot_control
byte-compiling /home/parsa/main_robot_ws/install/robot_control/lib/python3.10/site-packages/robot_control/esp_motor_control copy.py to esp_motor_control copy.cpython-310.pyc
byte-compiling /home/parsa/main_robot_ws/install/robot_control/lib/python3.10/site-packages/robot_control/esp_motor_control.py to esp_motor_control.cpython-310.pyc
running install_data
running install_egg_info
removing '/home/parsa/main_robot_ws/install/robot_control/lib/python3.10/site-packages/robot_control-0.0.0-py3.10.egg-info' (and everything under it)
Copying ../../build/robot_control/robot_control.egg-info to /home/parsa/main_robot_ws/install/robot_control/lib/python3.10/site-packages/robot_control-0.0.0-py3.10.egg-info
running install_scripts
Installing arm_controller_node script to /home/parsa/main_robot_ws/install/robot_control/lib/robot_control
Installing arm_driver_node script to /home/parsa/main_robot_ws/install/robot_control/lib/robot_control
Installing arm_gui script to /home/parsa/main_robot_ws/install/robot_control/lib/robot_control
Installing arm_server script to /home/parsa/main_robot_ws/install/robot_control/lib/robot_control
Installing old_robot_server script to /home/parsa/main_robot_ws/install/robot_control/lib/robot_control
Installing robot_server script to /home/parsa/main_robot_ws/install/robot_control/lib/robot_control
writing list of installed files to '/home/parsa/main_robot_ws/build/robot_control/install.log'
