[0.607s] Invoking command in '/home/parsa/main_robot_ws/build/my_robot_navigation': CMAKE_PREFIX_PATH=${CMAKE_PREFIX_PATH}:/home/parsa/main_robot_ws/install/state_publisher:/home/parsa/main_robot_ws/install/robot_control:/home/parsa/main_robot_ws/install/referee_box:/home/parsa/main_robot_ws/install/navigation_config:/home/parsa/main_robot_ws/install/my_robot_camera:/home/parsa/main_robot_ws/install/lidar_front_filter:/home/parsa/main_robot_ws/install/competition_robot:/opt/ros/humble /home/parsa/.local/bin/cmake --build /home/parsa/main_robot_ws/build/my_robot_navigation -- -j16 -l16
[1.205s] [  9%] Built target my_robot_navigation__rosidl_generator_c
[1.205s] [ 12%] Built target my_robot_navigation__cpp
[1.205s] [ 12%] Built target ament_cmake_python_copy_my_robot_navigation
[1.205s] [ 35%] Built target my_robot_navigation__rosidl_typesupport_introspection_c
[1.205s] [ 51%] Built target my_robot_navigation__rosidl_typesupport_cpp
[1.205s] [ 51%] Built target my_robot_navigation__rosidl_typesupport_introspection_cpp
[1.205s] [ 58%] Built target my_robot_navigation__rosidl_typesupport_c
[1.205s] [ 70%] Built target my_robot_navigation__rosidl_typesupport_fastrtps_c
[1.205s] [ 70%] Built target my_robot_navigation__rosidl_typesupport_fastrtps_cpp
[1.205s] [ 70%] Built target my_robot_navigation
[1.205s] [ 74%] Built target my_robot_navigation__py
[1.205s] [ 80%] Built target my_robot_navigation__rosidl_generator_py
[1.205s] [100%] Built target my_robot_navigation__rosidl_typesupport_introspection_c__pyext
[1.205s] [100%] Built target my_robot_navigation__rosidl_typesupport_c__pyext
[1.205s] [100%] Built target my_robot_navigation__rosidl_typesupport_fastrtps_c__pyext
[1.205s] running egg_info
[1.205s] writing my_robot_navigation.egg-info/PKG-INFO
[1.205s] writing dependency_links to my_robot_navigation.egg-info/dependency_links.txt
[1.205s] writing top-level names to my_robot_navigation.egg-info/top_level.txt
[1.205s] reading manifest file 'my_robot_navigation.egg-info/SOURCES.txt'
[1.205s] writing manifest file 'my_robot_navigation.egg-info/SOURCES.txt'
[1.205s] [100%] Built target ament_cmake_python_build_my_robot_navigation_egg
[1.488s] Invoked command in '/home/parsa/main_robot_ws/build/my_robot_navigation' returned '0': CMAKE_PREFIX_PATH=${CMAKE_PREFIX_PATH}:/home/parsa/main_robot_ws/install/state_publisher:/home/parsa/main_robot_ws/install/robot_control:/home/parsa/main_robot_ws/install/referee_box:/home/parsa/main_robot_ws/install/navigation_config:/home/parsa/main_robot_ws/install/my_robot_camera:/home/parsa/main_robot_ws/install/lidar_front_filter:/home/parsa/main_robot_ws/install/competition_robot:/opt/ros/humble /home/parsa/.local/bin/cmake --build /home/parsa/main_robot_ws/build/my_robot_navigation -- -j16 -l16
[1.491s] Invoking command in '/home/parsa/main_robot_ws/build/my_robot_navigation': CMAKE_PREFIX_PATH=${CMAKE_PREFIX_PATH}:/home/parsa/main_robot_ws/install/state_publisher:/home/parsa/main_robot_ws/install/robot_control:/home/parsa/main_robot_ws/install/referee_box:/home/parsa/main_robot_ws/install/navigation_config:/home/parsa/main_robot_ws/install/my_robot_camera:/home/parsa/main_robot_ws/install/lidar_front_filter:/home/parsa/main_robot_ws/install/competition_robot:/opt/ros/humble /home/parsa/.local/bin/cmake --install /home/parsa/main_robot_ws/build/my_robot_navigation
[1.592s] -- Install configuration: ""
[1.592s] -- Up-to-date: /home/parsa/main_robot_ws/install/my_robot_navigation/share/my_robot_navigation/config
[1.592s] -- Up-to-date: /home/parsa/main_robot_ws/install/my_robot_navigation/share/my_robot_navigation/config/amcl_params.yaml
[1.592s] -- Up-to-date: /home/parsa/main_robot_ws/install/my_robot_navigation/share/my_robot_navigation/config/nav2_params.yaml
[1.592s] -- Up-to-date: /home/parsa/main_robot_ws/install/my_robot_navigation/share/my_robot_navigation/config/rqt_params
[1.592s] -- Up-to-date: /home/parsa/main_robot_ws/install/my_robot_navigation/share/my_robot_navigation/launch
[1.592s] -- Up-to-date: /home/parsa/main_robot_ws/install/my_robot_navigation/share/my_robot_navigation/launch/navigation_launch.py
[1.593s] -- Up-to-date: /home/parsa/main_robot_ws/install/my_robot_navigation/share/my_robot_navigation/launch/map_server.launch.py
[1.593s] -- Up-to-date: /home/parsa/main_robot_ws/install/my_robot_navigation/share/my_robot_navigation/launch/lifecycle_map_server.launch.py
[1.593s] -- Up-to-date: /home/parsa/main_robot_ws/install/my_robot_navigation/share/my_robot_navigation/launch/simple_map_server.launch.py
[1.593s] -- Up-to-date: /home/parsa/main_robot_ws/install/my_robot_navigation/share/my_robot_navigation/launch/localization.launch.py
[1.593s] -- Up-to-date: /home/parsa/main_robot_ws/install/my_robot_navigation/share/my_robot_navigation/behavior_trees
[1.593s] -- Up-to-date: /home/parsa/main_robot_ws/install/my_robot_navigation/share/my_robot_navigation/behavior_trees/navigate_w_recovery_advanced.xml
[1.593s] -- Up-to-date: /home/parsa/main_robot_ws/install/my_robot_navigation/share/my_robot_navigation/launch
[1.593s] -- Up-to-date: /home/parsa/main_robot_ws/install/my_robot_navigation/share/my_robot_navigation/launch/navigation_launch.py
[1.593s] -- Up-to-date: /home/parsa/main_robot_ws/install/my_robot_navigation/share/my_robot_navigation/launch/map_server.launch.py
[1.593s] -- Up-to-date: /home/parsa/main_robot_ws/install/my_robot_navigation/share/my_robot_navigation/launch/lifecycle_map_server.launch.py
[1.594s] -- Up-to-date: /home/parsa/main_robot_ws/install/my_robot_navigation/share/my_robot_navigation/launch/simple_map_server.launch.py
[1.594s] -- Up-to-date: /home/parsa/main_robot_ws/install/my_robot_navigation/share/my_robot_navigation/launch/localization.launch.py
[1.594s] -- Up-to-date: /home/parsa/main_robot_ws/install/my_robot_navigation/share/my_robot_navigation/config
[1.594s] -- Up-to-date: /home/parsa/main_robot_ws/install/my_robot_navigation/share/my_robot_navigation/config/amcl_params.yaml
[1.595s] -- Up-to-date: /home/parsa/main_robot_ws/install/my_robot_navigation/share/my_robot_navigation/config/nav2_params.yaml
[1.595s] -- Up-to-date: /home/parsa/main_robot_ws/install/my_robot_navigation/share/my_robot_navigation/config/rqt_params
[1.595s] -- Up-to-date: /home/parsa/main_robot_ws/install/my_robot_navigation/share/my_robot_navigation/behavior_trees/navigate_w_recovery_advanced.xml
[1.595s] -- Up-to-date: /home/parsa/main_robot_ws/install/my_robot_navigation/lib/my_robot_navigation/holonomic_action.py
[1.595s] -- Up-to-date: /home/parsa/main_robot_ws/install/my_robot_navigation/share/my_robot_navigation/maps
[1.595s] -- Up-to-date: /home/parsa/main_robot_ws/install/my_robot_navigation/share/my_robot_navigation/maps/map.pgm
[1.595s] -- Up-to-date: /home/parsa/main_robot_ws/install/my_robot_navigation/share/my_robot_navigation/maps/map.yaml
[1.595s] -- Up-to-date: /home/parsa/main_robot_ws/install/my_robot_navigation/share/ament_index/resource_index/rosidl_interfaces/my_robot_navigation
[1.595s] -- Up-to-date: /home/parsa/main_robot_ws/install/my_robot_navigation/include/my_robot_navigation/my_robot_navigation
[1.595s] -- Up-to-date: /home/parsa/main_robot_ws/install/my_robot_navigation/include/my_robot_navigation/my_robot_navigation/action
[1.595s] -- Up-to-date: /home/parsa/main_robot_ws/install/my_robot_navigation/include/my_robot_navigation/my_robot_navigation/action/move_holonomic.h
[1.595s] -- Up-to-date: /home/parsa/main_robot_ws/install/my_robot_navigation/include/my_robot_navigation/my_robot_navigation/action/detail
[1.595s] -- Up-to-date: /home/parsa/main_robot_ws/install/my_robot_navigation/include/my_robot_navigation/my_robot_navigation/action/detail/move_holonomic__struct.h
[1.595s] -- Up-to-date: /home/parsa/main_robot_ws/install/my_robot_navigation/include/my_robot_navigation/my_robot_navigation/action/detail/move_holonomic__type_support.h
[1.596s] -- Up-to-date: /home/parsa/main_robot_ws/install/my_robot_navigation/include/my_robot_navigation/my_robot_navigation/action/detail/move_holonomic__functions.c
[1.596s] -- Up-to-date: /home/parsa/main_robot_ws/install/my_robot_navigation/include/my_robot_navigation/my_robot_navigation/action/detail/move_holonomic__functions.h
[1.596s] -- Up-to-date: /home/parsa/main_robot_ws/install/my_robot_navigation/include/my_robot_navigation/my_robot_navigation/msg
[1.596s] -- Up-to-date: /home/parsa/main_robot_ws/install/my_robot_navigation/include/my_robot_navigation/my_robot_navigation/msg/rosidl_generator_c__visibility_control.h
[1.596s] -- Up-to-date: /home/parsa/main_robot_ws/install/my_robot_navigation/share/my_robot_navigation/environment/library_path.sh
[1.596s] -- Up-to-date: /home/parsa/main_robot_ws/install/my_robot_navigation/share/my_robot_navigation/environment/library_path.dsv
[1.596s] -- Up-to-date: /home/parsa/main_robot_ws/install/my_robot_navigation/lib/libmy_robot_navigation__rosidl_generator_c.so
[1.596s] -- Up-to-date: /home/parsa/main_robot_ws/install/my_robot_navigation/include/my_robot_navigation/my_robot_navigation
[1.596s] -- Up-to-date: /home/parsa/main_robot_ws/install/my_robot_navigation/include/my_robot_navigation/my_robot_navigation/action
[1.596s] -- Up-to-date: /home/parsa/main_robot_ws/install/my_robot_navigation/include/my_robot_navigation/my_robot_navigation/action/detail
[1.596s] -- Up-to-date: /home/parsa/main_robot_ws/install/my_robot_navigation/include/my_robot_navigation/my_robot_navigation/action/detail/move_holonomic__rosidl_typesupport_fastrtps_c.h
[1.596s] -- Up-to-date: /home/parsa/main_robot_ws/install/my_robot_navigation/include/my_robot_navigation/my_robot_navigation/msg
[1.596s] -- Up-to-date: /home/parsa/main_robot_ws/install/my_robot_navigation/include/my_robot_navigation/my_robot_navigation/msg/rosidl_typesupport_fastrtps_c__visibility_control.h
[1.596s] -- Up-to-date: /home/parsa/main_robot_ws/install/my_robot_navigation/lib/libmy_robot_navigation__rosidl_typesupport_fastrtps_c.so
[1.596s] -- Up-to-date: /home/parsa/main_robot_ws/install/my_robot_navigation/include/my_robot_navigation/my_robot_navigation
[1.596s] -- Up-to-date: /home/parsa/main_robot_ws/install/my_robot_navigation/include/my_robot_navigation/my_robot_navigation/action
[1.596s] -- Up-to-date: /home/parsa/main_robot_ws/install/my_robot_navigation/include/my_robot_navigation/my_robot_navigation/action/detail
[1.597s] -- Up-to-date: /home/parsa/main_robot_ws/install/my_robot_navigation/include/my_robot_navigation/my_robot_navigation/action/detail/move_holonomic__traits.hpp
[1.597s] -- Up-to-date: /home/parsa/main_robot_ws/install/my_robot_navigation/include/my_robot_navigation/my_robot_navigation/action/detail/move_holonomic__struct.hpp
[1.597s] -- Up-to-date: /home/parsa/main_robot_ws/install/my_robot_navigation/include/my_robot_navigation/my_robot_navigation/action/detail/move_holonomic__builder.hpp
[1.597s] -- Up-to-date: /home/parsa/main_robot_ws/install/my_robot_navigation/include/my_robot_navigation/my_robot_navigation/action/detail/move_holonomic__type_support.hpp
[1.598s] -- Up-to-date: /home/parsa/main_robot_ws/install/my_robot_navigation/include/my_robot_navigation/my_robot_navigation/action/move_holonomic.hpp
[1.598s] -- Up-to-date: /home/parsa/main_robot_ws/install/my_robot_navigation/include/my_robot_navigation/my_robot_navigation/msg
[1.598s] -- Up-to-date: /home/parsa/main_robot_ws/install/my_robot_navigation/include/my_robot_navigation/my_robot_navigation/msg/rosidl_generator_cpp__visibility_control.hpp
[1.598s] -- Up-to-date: /home/parsa/main_robot_ws/install/my_robot_navigation/include/my_robot_navigation/my_robot_navigation
[1.599s] -- Up-to-date: /home/parsa/main_robot_ws/install/my_robot_navigation/include/my_robot_navigation/my_robot_navigation/action
[1.599s] -- Up-to-date: /home/parsa/main_robot_ws/install/my_robot_navigation/include/my_robot_navigation/my_robot_navigation/action/detail
[1.599s] -- Up-to-date: /home/parsa/main_robot_ws/install/my_robot_navigation/include/my_robot_navigation/my_robot_navigation/action/detail/dds_fastrtps
[1.599s] -- Up-to-date: /home/parsa/main_robot_ws/install/my_robot_navigation/include/my_robot_navigation/my_robot_navigation/action/detail/move_holonomic__rosidl_typesupport_fastrtps_cpp.hpp
[1.599s] -- Up-to-date: /home/parsa/main_robot_ws/install/my_robot_navigation/include/my_robot_navigation/my_robot_navigation/msg
[1.599s] -- Up-to-date: /home/parsa/main_robot_ws/install/my_robot_navigation/include/my_robot_navigation/my_robot_navigation/msg/rosidl_typesupport_fastrtps_cpp__visibility_control.h
[1.599s] -- Up-to-date: /home/parsa/main_robot_ws/install/my_robot_navigation/lib/libmy_robot_navigation__rosidl_typesupport_fastrtps_cpp.so
[1.599s] -- Up-to-date: /home/parsa/main_robot_ws/install/my_robot_navigation/include/my_robot_navigation/my_robot_navigation
[1.599s] -- Up-to-date: /home/parsa/main_robot_ws/install/my_robot_navigation/include/my_robot_navigation/my_robot_navigation/action
[1.599s] -- Up-to-date: /home/parsa/main_robot_ws/install/my_robot_navigation/include/my_robot_navigation/my_robot_navigation/action/detail
[1.599s] -- Up-to-date: /home/parsa/main_robot_ws/install/my_robot_navigation/include/my_robot_navigation/my_robot_navigation/action/detail/move_holonomic__rosidl_typesupport_introspection_c.h
[1.599s] -- Up-to-date: /home/parsa/main_robot_ws/install/my_robot_navigation/include/my_robot_navigation/my_robot_navigation/action/detail/move_holonomic__type_support.c
[1.602s] -- Up-to-date: /home/parsa/main_robot_ws/install/my_robot_navigation/include/my_robot_navigation/my_robot_navigation/msg
[1.602s] -- Up-to-date: /home/parsa/main_robot_ws/install/my_robot_navigation/include/my_robot_navigation/my_robot_navigation/msg/rosidl_typesupport_introspection_c__visibility_control.h
[1.602s] -- Up-to-date: /home/parsa/main_robot_ws/install/my_robot_navigation/lib/libmy_robot_navigation__rosidl_typesupport_introspection_c.so
[1.602s] -- Up-to-date: /home/parsa/main_robot_ws/install/my_robot_navigation/lib/libmy_robot_navigation__rosidl_typesupport_c.so
[1.602s] -- Up-to-date: /home/parsa/main_robot_ws/install/my_robot_navigation/include/my_robot_navigation/my_robot_navigation
[1.602s] -- Up-to-date: /home/parsa/main_robot_ws/install/my_robot_navigation/include/my_robot_navigation/my_robot_navigation/action
[1.602s] -- Up-to-date: /home/parsa/main_robot_ws/install/my_robot_navigation/include/my_robot_navigation/my_robot_navigation/action/detail
[1.602s] -- Up-to-date: /home/parsa/main_robot_ws/install/my_robot_navigation/include/my_robot_navigation/my_robot_navigation/action/detail/move_holonomic__rosidl_typesupport_introspection_cpp.hpp
[1.602s] -- Up-to-date: /home/parsa/main_robot_ws/install/my_robot_navigation/include/my_robot_navigation/my_robot_navigation/action/detail/move_holonomic__type_support.cpp
[1.602s] -- Up-to-date: /home/parsa/main_robot_ws/install/my_robot_navigation/lib/libmy_robot_navigation__rosidl_typesupport_introspection_cpp.so
[1.602s] -- Up-to-date: /home/parsa/main_robot_ws/install/my_robot_navigation/lib/libmy_robot_navigation__rosidl_typesupport_cpp.so
[1.602s] -- Up-to-date: /home/parsa/main_robot_ws/install/my_robot_navigation/share/my_robot_navigation/environment/pythonpath.sh
[1.603s] -- Up-to-date: /home/parsa/main_robot_ws/install/my_robot_navigation/share/my_robot_navigation/environment/pythonpath.dsv
[1.603s] -- Up-to-date: /home/parsa/main_robot_ws/install/my_robot_navigation/local/lib/python3.10/dist-packages/my_robot_navigation-0.0.0-py3.10.egg-info
[1.603s] -- Installing: /home/parsa/main_robot_ws/install/my_robot_navigation/local/lib/python3.10/dist-packages/my_robot_navigation-0.0.0-py3.10.egg-info/top_level.txt
[1.603s] -- Installing: /home/parsa/main_robot_ws/install/my_robot_navigation/local/lib/python3.10/dist-packages/my_robot_navigation-0.0.0-py3.10.egg-info/SOURCES.txt
[1.603s] -- Installing: /home/parsa/main_robot_ws/install/my_robot_navigation/local/lib/python3.10/dist-packages/my_robot_navigation-0.0.0-py3.10.egg-info/PKG-INFO
[1.603s] -- Installing: /home/parsa/main_robot_ws/install/my_robot_navigation/local/lib/python3.10/dist-packages/my_robot_navigation-0.0.0-py3.10.egg-info/dependency_links.txt
[1.603s] -- Up-to-date: /home/parsa/main_robot_ws/install/my_robot_navigation/local/lib/python3.10/dist-packages/my_robot_navigation
[1.603s] -- Up-to-date: /home/parsa/main_robot_ws/install/my_robot_navigation/local/lib/python3.10/dist-packages/my_robot_navigation/_my_robot_navigation_s.ep.rosidl_typesupport_c.c
[1.603s] -- Up-to-date: /home/parsa/main_robot_ws/install/my_robot_navigation/local/lib/python3.10/dist-packages/my_robot_navigation/_my_robot_navigation_s.ep.rosidl_typesupport_fastrtps_c.c
[1.603s] -- Up-to-date: /home/parsa/main_robot_ws/install/my_robot_navigation/local/lib/python3.10/dist-packages/my_robot_navigation/libmy_robot_navigation__rosidl_generator_py.so
[1.603s] -- Up-to-date: /home/parsa/main_robot_ws/install/my_robot_navigation/local/lib/python3.10/dist-packages/my_robot_navigation/_my_robot_navigation_s.ep.rosidl_typesupport_introspection_c.c
[1.603s] -- Up-to-date: /home/parsa/main_robot_ws/install/my_robot_navigation/local/lib/python3.10/dist-packages/my_robot_navigation/__init__.py
[1.603s] -- Up-to-date: /home/parsa/main_robot_ws/install/my_robot_navigation/local/lib/python3.10/dist-packages/my_robot_navigation/action
[1.603s] -- Up-to-date: /home/parsa/main_robot_ws/install/my_robot_navigation/local/lib/python3.10/dist-packages/my_robot_navigation/action/_move_holonomic.py
[1.603s] -- Up-to-date: /home/parsa/main_robot_ws/install/my_robot_navigation/local/lib/python3.10/dist-packages/my_robot_navigation/action/_move_holonomic_s.c
[1.604s] -- Up-to-date: /home/parsa/main_robot_ws/install/my_robot_navigation/local/lib/python3.10/dist-packages/my_robot_navigation/action/__init__.py
[1.604s] -- Up-to-date: /home/parsa/main_robot_ws/install/my_robot_navigation/local/lib/python3.10/dist-packages/my_robot_navigation/my_robot_navigation_s__rosidl_typesupport_c.cpython-310-x86_64-linux-gnu.so
[1.604s] -- Up-to-date: /home/parsa/main_robot_ws/install/my_robot_navigation/local/lib/python3.10/dist-packages/my_robot_navigation/my_robot_navigation_s__rosidl_typesupport_introspection_c.cpython-310-x86_64-linux-gnu.so
[1.604s] -- Up-to-date: /home/parsa/main_robot_ws/install/my_robot_navigation/local/lib/python3.10/dist-packages/my_robot_navigation/my_robot_navigation_s__rosidl_typesupport_fastrtps_c.cpython-310-x86_64-linux-gnu.so
[1.658s] Listing '/home/parsa/main_robot_ws/install/my_robot_navigation/local/lib/python3.10/dist-packages/my_robot_navigation'...
[1.659s] Listing '/home/parsa/main_robot_ws/install/my_robot_navigation/local/lib/python3.10/dist-packages/my_robot_navigation/action'...
[1.676s] -- Up-to-date: /home/parsa/main_robot_ws/install/my_robot_navigation/local/lib/python3.10/dist-packages/my_robot_navigation/my_robot_navigation_s__rosidl_typesupport_fastrtps_c.cpython-310-x86_64-linux-gnu.so
[1.677s] -- Up-to-date: /home/parsa/main_robot_ws/install/my_robot_navigation/local/lib/python3.10/dist-packages/my_robot_navigation/my_robot_navigation_s__rosidl_typesupport_introspection_c.cpython-310-x86_64-linux-gnu.so
[1.680s] -- Up-to-date: /home/parsa/main_robot_ws/install/my_robot_navigation/local/lib/python3.10/dist-packages/my_robot_navigation/my_robot_navigation_s__rosidl_typesupport_c.cpython-310-x86_64-linux-gnu.so
[1.681s] -- Up-to-date: /home/parsa/main_robot_ws/install/my_robot_navigation/lib/libmy_robot_navigation__rosidl_generator_py.so
[1.681s] -- Up-to-date: /home/parsa/main_robot_ws/install/my_robot_navigation/share/my_robot_navigation/action/MoveHolonomic.idl
[1.681s] -- Up-to-date: /home/parsa/main_robot_ws/install/my_robot_navigation/share/my_robot_navigation/action/MoveHolonomic.action
[1.681s] -- Up-to-date: /home/parsa/main_robot_ws/install/my_robot_navigation/share/ament_index/resource_index/package_run_dependencies/my_robot_navigation
[1.681s] -- Up-to-date: /home/parsa/main_robot_ws/install/my_robot_navigation/share/ament_index/resource_index/parent_prefix_path/my_robot_navigation
[1.681s] -- Up-to-date: /home/parsa/main_robot_ws/install/my_robot_navigation/share/my_robot_navigation/environment/ament_prefix_path.sh
[1.681s] -- Up-to-date: /home/parsa/main_robot_ws/install/my_robot_navigation/share/my_robot_navigation/environment/ament_prefix_path.dsv
[1.681s] -- Up-to-date: /home/parsa/main_robot_ws/install/my_robot_navigation/share/my_robot_navigation/environment/path.sh
[1.681s] -- Up-to-date: /home/parsa/main_robot_ws/install/my_robot_navigation/share/my_robot_navigation/environment/path.dsv
[1.683s] -- Up-to-date: /home/parsa/main_robot_ws/install/my_robot_navigation/share/my_robot_navigation/local_setup.bash
[1.683s] -- Up-to-date: /home/parsa/main_robot_ws/install/my_robot_navigation/share/my_robot_navigation/local_setup.sh
[1.683s] -- Up-to-date: /home/parsa/main_robot_ws/install/my_robot_navigation/share/my_robot_navigation/local_setup.zsh
[1.683s] -- Up-to-date: /home/parsa/main_robot_ws/install/my_robot_navigation/share/my_robot_navigation/local_setup.dsv
[1.687s] -- Installing: /home/parsa/main_robot_ws/install/my_robot_navigation/share/my_robot_navigation/package.dsv
[1.687s] -- Up-to-date: /home/parsa/main_robot_ws/install/my_robot_navigation/share/ament_index/resource_index/packages/my_robot_navigation
[1.687s] -- Up-to-date: /home/parsa/main_robot_ws/install/my_robot_navigation/share/my_robot_navigation/cmake/export_my_robot_navigation__rosidl_generator_cExport.cmake
[1.687s] -- Up-to-date: /home/parsa/main_robot_ws/install/my_robot_navigation/share/my_robot_navigation/cmake/export_my_robot_navigation__rosidl_generator_cExport-noconfig.cmake
[1.687s] -- Up-to-date: /home/parsa/main_robot_ws/install/my_robot_navigation/share/my_robot_navigation/cmake/export_my_robot_navigation__rosidl_typesupport_fastrtps_cExport.cmake
[1.687s] -- Up-to-date: /home/parsa/main_robot_ws/install/my_robot_navigation/share/my_robot_navigation/cmake/export_my_robot_navigation__rosidl_typesupport_fastrtps_cExport-noconfig.cmake
[1.687s] -- Up-to-date: /home/parsa/main_robot_ws/install/my_robot_navigation/share/my_robot_navigation/cmake/export_my_robot_navigation__rosidl_generator_cppExport.cmake
[1.687s] -- Up-to-date: /home/parsa/main_robot_ws/install/my_robot_navigation/share/my_robot_navigation/cmake/export_my_robot_navigation__rosidl_typesupport_fastrtps_cppExport.cmake
[1.687s] -- Up-to-date: /home/parsa/main_robot_ws/install/my_robot_navigation/share/my_robot_navigation/cmake/export_my_robot_navigation__rosidl_typesupport_fastrtps_cppExport-noconfig.cmake
[1.689s] -- Up-to-date: /home/parsa/main_robot_ws/install/my_robot_navigation/share/my_robot_navigation/cmake/my_robot_navigation__rosidl_typesupport_introspection_cExport.cmake
[1.689s] -- Up-to-date: /home/parsa/main_robot_ws/install/my_robot_navigation/share/my_robot_navigation/cmake/my_robot_navigation__rosidl_typesupport_introspection_cExport-noconfig.cmake
[1.689s] -- Up-to-date: /home/parsa/main_robot_ws/install/my_robot_navigation/share/my_robot_navigation/cmake/my_robot_navigation__rosidl_typesupport_cExport.cmake
[1.689s] -- Up-to-date: /home/parsa/main_robot_ws/install/my_robot_navigation/share/my_robot_navigation/cmake/my_robot_navigation__rosidl_typesupport_cExport-noconfig.cmake
[1.689s] -- Up-to-date: /home/parsa/main_robot_ws/install/my_robot_navigation/share/my_robot_navigation/cmake/my_robot_navigation__rosidl_typesupport_introspection_cppExport.cmake
[1.689s] -- Up-to-date: /home/parsa/main_robot_ws/install/my_robot_navigation/share/my_robot_navigation/cmake/my_robot_navigation__rosidl_typesupport_introspection_cppExport-noconfig.cmake
[1.689s] -- Up-to-date: /home/parsa/main_robot_ws/install/my_robot_navigation/share/my_robot_navigation/cmake/my_robot_navigation__rosidl_typesupport_cppExport.cmake
[1.689s] -- Up-to-date: /home/parsa/main_robot_ws/install/my_robot_navigation/share/my_robot_navigation/cmake/my_robot_navigation__rosidl_typesupport_cppExport-noconfig.cmake
[1.689s] -- Up-to-date: /home/parsa/main_robot_ws/install/my_robot_navigation/share/my_robot_navigation/cmake/export_my_robot_navigation__rosidl_generator_pyExport.cmake
[1.689s] -- Up-to-date: /home/parsa/main_robot_ws/install/my_robot_navigation/share/my_robot_navigation/cmake/export_my_robot_navigation__rosidl_generator_pyExport-noconfig.cmake
[1.689s] -- Up-to-date: /home/parsa/main_robot_ws/install/my_robot_navigation/share/my_robot_navigation/cmake/rosidl_cmake-extras.cmake
[1.690s] -- Up-to-date: /home/parsa/main_robot_ws/install/my_robot_navigation/share/my_robot_navigation/cmake/ament_cmake_export_dependencies-extras.cmake
[1.690s] -- Up-to-date: /home/parsa/main_robot_ws/install/my_robot_navigation/share/my_robot_navigation/cmake/ament_cmake_export_include_directories-extras.cmake
[1.690s] -- Up-to-date: /home/parsa/main_robot_ws/install/my_robot_navigation/share/my_robot_navigation/cmake/ament_cmake_export_libraries-extras.cmake
[1.690s] -- Up-to-date: /home/parsa/main_robot_ws/install/my_robot_navigation/share/my_robot_navigation/cmake/ament_cmake_export_targets-extras.cmake
[1.691s] -- Up-to-date: /home/parsa/main_robot_ws/install/my_robot_navigation/share/my_robot_navigation/cmake/rosidl_cmake_export_typesupport_targets-extras.cmake
[1.691s] -- Up-to-date: /home/parsa/main_robot_ws/install/my_robot_navigation/share/my_robot_navigation/cmake/rosidl_cmake_export_typesupport_libraries-extras.cmake
[1.691s] -- Up-to-date: /home/parsa/main_robot_ws/install/my_robot_navigation/share/my_robot_navigation/cmake/my_robot_navigationConfig.cmake
[1.691s] -- Up-to-date: /home/parsa/main_robot_ws/install/my_robot_navigation/share/my_robot_navigation/cmake/my_robot_navigationConfig-version.cmake
[1.692s] -- Up-to-date: /home/parsa/main_robot_ws/install/my_robot_navigation/share/my_robot_navigation/package.xml
[1.722s] Invoked command in '/home/parsa/main_robot_ws/build/my_robot_navigation' returned '0': CMAKE_PREFIX_PATH=${CMAKE_PREFIX_PATH}:/home/parsa/main_robot_ws/install/state_publisher:/home/parsa/main_robot_ws/install/robot_control:/home/parsa/main_robot_ws/install/referee_box:/home/parsa/main_robot_ws/install/navigation_config:/home/parsa/main_robot_ws/install/my_robot_camera:/home/parsa/main_robot_ws/install/lidar_front_filter:/home/parsa/main_robot_ws/install/competition_robot:/opt/ros/humble /home/parsa/.local/bin/cmake --install /home/parsa/main_robot_ws/build/my_robot_navigation
