/home/parsa/main_robot_ws/src/install/my_robot_camera/lib/python3.10/site-packages/my_robot_camera/camera_node.py
/home/parsa/main_robot_ws/src/install/my_robot_camera/lib/python3.10/site-packages/my_robot_camera/qos_bridge_node.py
/home/parsa/main_robot_ws/src/install/my_robot_camera/lib/python3.10/site-packages/my_robot_camera/__init__.py
/home/parsa/main_robot_ws/src/install/my_robot_camera/lib/python3.10/site-packages/my_robot_camera/__pycache__/camera_node.cpython-310.pyc
/home/parsa/main_robot_ws/src/install/my_robot_camera/lib/python3.10/site-packages/my_robot_camera/__pycache__/qos_bridge_node.cpython-310.pyc
/home/parsa/main_robot_ws/src/install/my_robot_camera/lib/python3.10/site-packages/my_robot_camera/__pycache__/__init__.cpython-310.pyc
/home/parsa/main_robot_ws/src/install/my_robot_camera/share/ament_index/resource_index/packages/my_robot_camera
/home/parsa/main_robot_ws/src/install/my_robot_camera/share/my_robot_camera/package.xml
/home/parsa/main_robot_ws/src/install/my_robot_camera/share/my_robot_camera/launch/camera_with_bridge.launch.py
/home/parsa/main_robot_ws/src/install/my_robot_camera/share/my_robot_camera/launch/camera.launch.py
/home/parsa/main_robot_ws/src/install/my_robot_camera/share/my_robot_camera/models/best.pt
/home/parsa/main_robot_ws/src/install/my_robot_camera/share/my_robot_camera/msg
/home/parsa/main_robot_ws/src/install/my_robot_camera/lib/python3.10/site-packages/my_robot_camera-0.0.0-py3.10.egg-info/top_level.txt
/home/parsa/main_robot_ws/src/install/my_robot_camera/lib/python3.10/site-packages/my_robot_camera-0.0.0-py3.10.egg-info/SOURCES.txt
/home/parsa/main_robot_ws/src/install/my_robot_camera/lib/python3.10/site-packages/my_robot_camera-0.0.0-py3.10.egg-info/requires.txt
/home/parsa/main_robot_ws/src/install/my_robot_camera/lib/python3.10/site-packages/my_robot_camera-0.0.0-py3.10.egg-info/PKG-INFO
/home/parsa/main_robot_ws/src/install/my_robot_camera/lib/python3.10/site-packages/my_robot_camera-0.0.0-py3.10.egg-info/entry_points.txt
/home/parsa/main_robot_ws/src/install/my_robot_camera/lib/python3.10/site-packages/my_robot_camera-0.0.0-py3.10.egg-info/dependency_links.txt
/home/parsa/main_robot_ws/src/install/my_robot_camera/lib/python3.10/site-packages/my_robot_camera-0.0.0-py3.10.egg-info/zip-safe
/home/parsa/main_robot_ws/src/install/my_robot_camera/lib/my_robot_camera/camera_node
