2025-03-31 18:45:02,526 - INFO - mDNS service registered: robot-server.local [192.168.68.71:3001]
2025-03-31 18:45:02,527 - INFO - Keyboard listener started
2025-03-31 18:45:02,528 - INFO - Server started on port 3001
2025-03-31 18:45:26,518 - INFO - mDNS service registered: robot-server.local [192.168.68.71:3001]
2025-03-31 18:45:26,520 - INFO - Keyboard listener started
2025-03-31 18:45:26,520 - INFO - Server started on port 3001
2025-03-31 18:45:42,533 - WARNING - No active connection
2025-03-31 18:45:44,244 - WARNING - No active connection
2025-03-31 18:45:46,294 - WARNING - No active connection
2025-03-31 18:46:07,230 - WARNING - No active connection
2025-03-31 18:46:08,138 - WARNING - No active connection
2025-03-31 18:46:08,320 - WARNING - No active connection
2025-03-31 18:46:08,478 - WARNING - No active connection
2025-03-31 18:46:08,615 - WARNING - No active connection
2025-03-31 18:46:17,855 - INFO - mDNS service registered: robot-server.local [192.168.68.71:3001]
2025-03-31 18:46:17,856 - INFO - Keyboard listener started
2025-03-31 18:46:17,857 - INFO - Server started on port 3001
2025-03-31 18:46:19,925 - WARNING - No active connection
2025-03-31 18:46:26,187 - WARNING - No active connection
2025-03-31 18:46:26,941 - WARNING - No active connection
2025-03-31 18:46:27,193 - WARNING - No active connection
2025-03-31 18:46:27,383 - WARNING - No active connection
2025-03-31 18:46:27,547 - WARNING - No active connection
2025-03-31 18:46:27,737 - WARNING - No active connection
2025-03-31 18:46:27,905 - WARNING - No active connection
2025-03-31 18:46:28,087 - WARNING - No active connection
2025-03-31 18:46:28,252 - WARNING - No active connection
2025-03-31 18:46:28,501 - WARNING - No active connection
2025-03-31 18:46:28,685 - WARNING - No active connection
2025-03-31 18:46:28,835 - WARNING - No active connection
2025-03-31 18:46:29,019 - WARNING - No active connection
2025-03-31 18:46:29,205 - WARNING - No active connection
2025-03-31 18:46:29,377 - WARNING - No active connection
2025-03-31 18:46:29,571 - WARNING - No active connection
2025-03-31 18:46:29,931 - WARNING - No active connection
2025-03-31 18:47:06,690 - INFO - mDNS service registered: robot-server.local [192.168.68.71:3001]
2025-03-31 18:47:06,692 - INFO - Keyboard listener started
2025-03-31 18:47:06,692 - INFO - Server started on port 3001
2025-03-31 18:47:12,862 - WARNING - No active connection
2025-03-31 18:47:13,183 - WARNING - No active connection
2025-03-31 18:47:13,346 - WARNING - No active connection
2025-03-31 18:47:13,509 - WARNING - No active connection
2025-03-31 18:47:13,651 - WARNING - No active connection
2025-03-31 18:47:13,810 - WARNING - No active connection
2025-03-31 18:47:13,953 - WARNING - No active connection
2025-03-31 18:47:14,108 - WARNING - No active connection
2025-03-31 18:47:14,269 - WARNING - No active connection
2025-03-31 18:47:14,440 - WARNING - No active connection
2025-03-31 18:47:14,604 - WARNING - No active connection
2025-03-31 18:47:14,772 - WARNING - No active connection
2025-03-31 18:47:14,930 - WARNING - No active connection
2025-03-31 18:47:15,091 - WARNING - No active connection
2025-03-31 18:47:15,247 - WARNING - No active connection
2025-03-31 18:47:15,417 - WARNING - No active connection
2025-03-31 18:47:15,577 - WARNING - No active connection
2025-03-31 18:47:15,735 - WARNING - No active connection
2025-03-31 18:47:15,898 - WARNING - No active connection
2025-03-31 18:48:00,814 - INFO - mDNS service registered: robot-server.local [192.168.68.71:3001]
2025-03-31 18:48:00,816 - INFO - Keyboard listener started
2025-03-31 18:48:00,816 - INFO - Server started on port 3001
2025-03-31 18:48:02,157 - WARNING - No active connection
2025-03-31 18:48:02,870 - WARNING - No active connection
2025-03-31 18:48:03,030 - WARNING - No active connection
2025-03-31 18:48:03,202 - WARNING - No active connection
2025-03-31 18:48:03,396 - WARNING - No active connection
2025-03-31 18:48:03,545 - WARNING - No active connection
2025-03-31 18:48:03,730 - WARNING - No active connection
2025-03-31 18:48:03,902 - WARNING - No active connection
2025-03-31 19:09:14,625 - INFO - mDNS service registered: robot-server.local [192.168.61.71:3001]
2025-03-31 19:09:14,626 - INFO - Keyboard listener started
2025-03-31 19:09:14,627 - INFO - Server started on port 3001
2025-03-31 19:09:33,047 - WARNING - No active connection
2025-03-31 19:09:33,871 - WARNING - No active connection
2025-03-31 19:09:34,033 - WARNING - No active connection
2025-03-31 19:09:34,185 - WARNING - No active connection
2025-03-31 19:09:34,320 - WARNING - No active connection
2025-03-31 19:09:37,321 - WARNING - No active connection
2025-03-31 19:09:37,603 - WARNING - No active connection
2025-03-31 19:09:37,770 - WARNING - No active connection
2025-03-31 19:09:38,093 - WARNING - No active connection
2025-03-31 19:09:38,289 - WARNING - No active connection
2025-03-31 19:09:38,453 - WARNING - No active connection
2025-03-31 19:09:38,613 - WARNING - No active connection
2025-03-31 19:09:38,785 - WARNING - No active connection
2025-03-31 19:09:38,934 - WARNING - No active connection
2025-03-31 19:10:11,453 - INFO - Shutdown requested
2025-03-31 19:10:11,695 - INFO - Cleaning up resources...
2025-03-31 19:10:11,952 - INFO - Server shutdown complete
2025-03-31 19:10:18,439 - INFO - mDNS service registered: robot-server.local [192.168.61.71:3001]
2025-03-31 19:10:18,441 - INFO - Keyboard listener started
2025-03-31 19:10:18,441 - INFO - Server started on port 3001
2025-03-31 19:10:21,330 - WARNING - No active connection
2025-03-31 19:10:21,765 - WARNING - No active connection
2025-03-31 19:10:21,929 - WARNING - No active connection
2025-03-31 19:10:22,067 - WARNING - No active connection
2025-03-31 19:10:22,211 - WARNING - No active connection
2025-03-31 19:24:41,612 - 🔍 mDNS service registered: robot-server.local [127.0.1.1:3001]
2025-03-31 19:24:41,613 - ⌨️ Keyboard listener started
2025-03-31 19:24:41,613 - 🔄 Server listening on port 3001
2025-03-31 19:24:41,614 - ⏳ Waiting for robot connection...
2025-03-31 19:27:28,392 - 🔍 mDNS service registered: robot-server.local [192.168.61.71:3001]
2025-03-31 19:27:28,393 - ⌨️ Keyboard listener started
2025-03-31 19:27:28,394 - 🔄 Server listening on 192.168.61.71:3001
2025-03-31 19:27:28,394 - ⏳ Waiting for robot connection...
2025-03-31 19:29:06,332 - 🔍 mDNS service registered: robot-server.local [192.168.61.71:3001]
2025-03-31 19:29:06,333 - ⌨️ Keyboard listener started
2025-03-31 19:29:06,334 - 🔄 Server listening on 192.168.61.71:3001
2025-03-31 19:29:06,336 - ⏳ Waiting for robot connection...
2025-03-31 19:30:22,950 - 🔍 mDNS service registered: robot-server.local [192.168.61.71:3001]
2025-03-31 19:30:22,951 - ⌨️ Keyboard listener started
2025-03-31 19:30:22,951 - 🔄 Server listening on 192.168.61.71:3001
2025-03-31 19:30:22,952 - ⏳ Waiting for robot connection...
2025-03-31 19:30:47,585 - 🛑 Shutdown requested
2025-03-31 19:30:52,543 - 🛑 Shutdown requested
2025-03-31 19:30:53,706 - 🦀 CRAB mode activated
2025-03-31 19:30:55,404 - 🦀 CRAB mode activated
2025-03-31 19:30:55,755 - 🦀 CRAB mode activated
2025-03-31 19:30:55,969 - 🦀 CRAB mode activated
2025-03-31 19:30:56,125 - 🦀 CRAB mode activated
2025-03-31 19:30:56,829 - 🦀 CRAB mode activated
2025-03-31 19:30:57,141 - 🦀 CRAB mode activated
2025-03-31 19:30:57,607 - 🦀 CRAB mode activated
2025-03-31 19:30:58,087 - 🦀 CRAB mode activated
