[0.525s] Invoking command in '/home/parsa/main_robot_ws/build/my_robot_navigation': CMAKE_PREFIX_PATH=${CMAKE_PREFIX_PATH}:/opt/ros/humble /home/parsa/.local/bin/cmake /home/parsa/main_robot_ws/src/my_robot_navigation -DCMAKE_INSTALL_PREFIX=/home/parsa/main_robot_ws/install/my_robot_navigation
[1.044s] -- The C compiler identification is GNU 11.4.0
[1.044s] -- The CXX compiler identification is GNU 11.4.0
[1.044s] -- Detecting C compiler ABI info
[1.044s] -- Detecting C compiler ABI info - done
[1.044s] -- Check for working C compiler: /usr/bin/cc - skipped
[1.044s] -- Detecting C compile features
[1.044s] -- Detecting C compile features - done
[1.044s] -- Detecting CXX compiler ABI info
[1.044s] -- Detecting CXX compiler ABI info - done
[1.044s] -- Check for working CXX compiler: /usr/bin/c++ - skipped
[1.044s] -- Detecting CXX compile features
[1.044s] -- Detecting CXX compile features - done
[1.044s] -- Found ament_cmake: 1.3.11 (/opt/ros/humble/share/ament_cmake/cmake)
[1.044s] [0mCMake Deprecation Warning at CMakeLists.txt:1 (cmake_minimum_required):
[1.044s]   Compatibility with CMake < 3.10 will be removed from a future version of
[1.044s]   CMake.
[1.044s] 
[1.044s]   Update the VERSION argument <min> value.  Or, use the <min>...<max> syntax
[1.044s]   to tell CMake that the project requires at least <min> but has been updated
[1.044s]   to work with policies introduced by <max> or earlier.
[1.044s] 
[1.044s] [0m
[1.095s] -- Found Python3: /usr/bin/python3 (found version "3.10.12") found components: Interpreter
[1.245s] -- Found nav2_bringup: 1.1.18 (/opt/ros/humble/share/nav2_bringup/cmake)
[1.250s] -- Found rclcpp: 16.0.12 (/opt/ros/humble/share/rclcpp/cmake)
[1.326s] -- Found rosidl_generator_c: 3.1.6 (/opt/ros/humble/share/rosidl_generator_c/cmake)
[1.337s] -- Found rosidl_adapter: 3.1.6 (/opt/ros/humble/share/rosidl_adapter/cmake)
[1.359s] -- Found rosidl_generator_cpp: 3.1.6 (/opt/ros/humble/share/rosidl_generator_cpp/cmake)
[1.388s] -- Using all available rosidl_typesupport_c: rosidl_typesupport_fastrtps_c;rosidl_typesupport_introspection_c
[1.427s] -- Using all available rosidl_typesupport_cpp: rosidl_typesupport_fastrtps_cpp;rosidl_typesupport_introspection_cpp
[1.540s] -- Found rmw_implementation_cmake: 6.1.2 (/opt/ros/humble/share/rmw_implementation_cmake/cmake)
[1.551s] -- Found rmw_fastrtps_cpp: 6.2.7 (/opt/ros/humble/share/rmw_fastrtps_cpp/cmake)
[1.838s] -- Found OpenSSL: /usr/lib/x86_64-linux-gnu/libcrypto.so (found version "3.0.2")
[1.929s] -- Found FastRTPS: /opt/ros/humble/include
[2.099s] -- Using RMW implementation 'rmw_fastrtps_cpp' as default
[2.129s] -- Performing Test CMAKE_HAVE_LIBC_PTHREAD
[2.313s] -- Performing Test CMAKE_HAVE_LIBC_PTHREAD - Success
[2.315s] -- Found Threads: TRUE
[2.452s] -- Found geometry_msgs: 4.8.0 (/opt/ros/humble/share/geometry_msgs/cmake)
[2.480s] -- Found rosidl_default_generators: 1.2.0 (/opt/ros/humble/share/rosidl_default_generators/cmake)
[3.087s] -- Found ament_cmake_ros: 0.10.0 (/opt/ros/humble/share/ament_cmake_ros/cmake)
[3.857s] -- Using all available rosidl_typesupport_c: rosidl_typesupport_fastrtps_c;rosidl_typesupport_introspection_c
[4.310s] -- Using all available rosidl_typesupport_cpp: rosidl_typesupport_fastrtps_cpp;rosidl_typesupport_introspection_cpp
[4.313s] [33mCMake Warning (dev) at /opt/ros/humble/share/rosidl_generator_py/cmake/rosidl_generator_py_generate_interfaces.cmake:20 (find_package):
[4.313s]   Policy CMP0148 is not set: The FindPythonInterp and FindPythonLibs modules
[4.313s]   are removed.  Run "cmake --help-policy CMP0148" for policy details.  Use
[4.313s]   the cmake_policy command to set the policy and suppress this warning.
[4.313s] 
[4.313s] Call Stack (most recent call first):
[4.313s]   /opt/ros/humble/share/ament_cmake_core/cmake/core/ament_execute_extensions.cmake:48 (include)
[4.313s]   /opt/ros/humble/share/rosidl_cmake/cmake/rosidl_generate_interfaces.cmake:286 (ament_execute_extensions)
[4.313s]   CMakeLists.txt:63 (rosidl_generate_interfaces)
[4.313s] This warning is for project developers.  Use -Wno-dev to suppress it.
[4.313s] [0m
[4.358s] -- Found PythonInterp: /usr/bin/python3 (found suitable version "3.10.12", minimum required is "3.6")
[4.369s] -- Found python_cmake_module: 0.10.0 (/opt/ros/humble/share/python_cmake_module/cmake)
[4.371s] [33mCMake Warning (dev) at /opt/ros/humble/share/python_cmake_module/cmake/Modules/FindPythonExtra.cmake:52 (find_package):
[4.371s]   Policy CMP0148 is not set: The FindPythonInterp and FindPythonLibs modules
[4.371s]   are removed.  Run "cmake --help-policy CMP0148" for policy details.  Use
[4.371s]   the cmake_policy command to set the policy and suppress this warning.
[4.371s] 
[4.371s] Call Stack (most recent call first):
[4.371s]   /opt/ros/humble/share/rosidl_generator_py/cmake/rosidl_generator_py_generate_interfaces.cmake:23 (find_package)
[4.372s]   /opt/ros/humble/share/ament_cmake_core/cmake/core/ament_execute_extensions.cmake:48 (include)
[4.372s]   /opt/ros/humble/share/rosidl_cmake/cmake/rosidl_generate_interfaces.cmake:286 (ament_execute_extensions)
[4.372s]   CMakeLists.txt:63 (rosidl_generate_interfaces)
[4.372s] This warning is for project developers.  Use -Wno-dev to suppress it.
[4.372s] [0m
[4.418s] [33mCMake Warning (dev) at /opt/ros/humble/share/python_cmake_module/cmake/Modules/FindPythonExtra.cmake:140 (find_package):
[4.419s]   Policy CMP0148 is not set: The FindPythonInterp and FindPythonLibs modules
[4.420s]   are removed.  Run "cmake --help-policy CMP0148" for policy details.  Use
[4.422s]   the cmake_policy command to set the policy and suppress this warning.
[4.422s] 
[4.423s] Call Stack (most recent call first):
[4.424s]   /opt/ros/humble/share/rosidl_generator_py/cmake/rosidl_generator_py_generate_interfaces.cmake:23 (find_package)
[4.424s]   /opt/ros/humble/share/ament_cmake_core/cmake/core/ament_execute_extensions.cmake:48 (include)
[4.426s]   /opt/ros/humble/share/rosidl_cmake/cmake/rosidl_generate_interfaces.cmake:286 (ament_execute_extensions)
[4.426s]   CMakeLists.txt:63 (rosidl_generate_interfaces)
[4.427s] This warning is for project developers.  Use -Wno-dev to suppress it.
[4.427s] [0m
[4.445s] -- Found PythonLibs: /usr/lib/x86_64-linux-gnu/libpython3.10.so (found suitable version "3.10.12", minimum required is "3.5")
[4.445s] -- Using PYTHON_EXECUTABLE: /usr/bin/python3
[4.445s] -- Using PYTHON_INCLUDE_DIRS: /usr/include/python3.10
[4.445s] -- Using PYTHON_LIBRARIES: /usr/lib/x86_64-linux-gnu/libpython3.10.so
[4.547s] -- Found PythonExtra: .so
[4.638s] -- Found ament_lint_auto: 0.12.12 (/opt/ros/humble/share/ament_lint_auto/cmake)
[4.714s] -- Added test 'flake8' to check Python code syntax and style conventions
[4.715s] -- Added test 'lint_cmake' to check CMake code style
[4.716s] -- Added test 'pep257' to check Python code against some of the docstring style conventions in PEP 257
[4.720s] -- Added test 'xmllint' to check XML markup files
[4.725s] -- Configuring done (4.1s)
[4.780s] -- Generating done (0.1s)
[4.790s] -- Build files have been written to: /home/parsa/main_robot_ws/build/my_robot_navigation
[4.824s] Invoked command in '/home/parsa/main_robot_ws/build/my_robot_navigation' returned '0': CMAKE_PREFIX_PATH=${CMAKE_PREFIX_PATH}:/opt/ros/humble /home/parsa/.local/bin/cmake /home/parsa/main_robot_ws/src/my_robot_navigation -DCMAKE_INSTALL_PREFIX=/home/parsa/main_robot_ws/install/my_robot_navigation
[4.828s] Invoking command in '/home/parsa/main_robot_ws/build/my_robot_navigation': CMAKE_PREFIX_PATH=${CMAKE_PREFIX_PATH}:/opt/ros/humble /home/parsa/.local/bin/cmake --build /home/parsa/main_robot_ws/build/my_robot_navigation -- -j16 -l16
[4.989s] [  3%] [34m[1mGenerating C code for ROS interfaces[0m
[5.037s] [  6%] [34m[1mGenerating C++ code for ROS interfaces[0m
[5.050s] [  6%] Built target ament_cmake_python_copy_my_robot_navigation
[5.508s] running egg_info
[5.510s] creating my_robot_navigation.egg-info
[5.511s] writing my_robot_navigation.egg-info/PKG-INFO
[5.511s] writing dependency_links to my_robot_navigation.egg-info/dependency_links.txt
[5.511s] writing top-level names to my_robot_navigation.egg-info/top_level.txt
[5.511s] writing manifest file 'my_robot_navigation.egg-info/SOURCES.txt'
[5.514s] reading manifest file 'my_robot_navigation.egg-info/SOURCES.txt'
[5.515s] writing manifest file 'my_robot_navigation.egg-info/SOURCES.txt'
[5.593s] [  6%] Built target my_robot_navigation__cpp
[5.596s] [  6%] Built target ament_cmake_python_build_my_robot_navigation_egg
[5.620s] [  9%] [32mBuilding C object CMakeFiles/my_robot_navigation__rosidl_generator_c.dir/rosidl_generator_c/my_robot_navigation/action/detail/move_holonomic__functions.c.o[0m
[5.642s] [ 12%] [34m[1mGenerating C++ introspection for ROS interfaces[0m
[5.643s] [ 16%] [34m[1mGenerating C++ type support for eProsima Fast-RTPS[0m
[5.645s] [ 19%] [34m[1mGenerating C++ type support dispatch for ROS interfaces[0m
[5.772s] [ 22%] [32m[1mLinking C shared library libmy_robot_navigation__rosidl_generator_c.so[0m
[5.815s] [ 22%] Built target my_robot_navigation__rosidl_generator_c
[5.830s] [ 25%] [34m[1mGenerating C type support dispatch for ROS interfaces[0m
[5.836s] [ 29%] [34m[1mGenerating C type support for eProsima Fast-RTPS[0m
[5.845s] [ 32%] [34m[1mGenerating C introspection for ROS interfaces[0m
[5.921s] [ 35%] [32mBuilding CXX object CMakeFiles/my_robot_navigation__rosidl_typesupport_cpp.dir/rosidl_typesupport_cpp/my_robot_navigation/action/move_holonomic__type_support.cpp.o[0m
[5.989s] [ 38%] [32mBuilding CXX object CMakeFiles/my_robot_navigation__rosidl_typesupport_introspection_cpp.dir/rosidl_typesupport_introspection_cpp/my_robot_navigation/action/detail/move_holonomic__type_support.cpp.o[0m
[6.095s] [ 41%] [32mBuilding CXX object CMakeFiles/my_robot_navigation__rosidl_typesupport_fastrtps_cpp.dir/rosidl_typesupport_fastrtps_cpp/my_robot_navigation/action/detail/dds_fastrtps/move_holonomic__type_support.cpp.o[0m
[6.095s] [ 45%] [32mBuilding CXX object CMakeFiles/my_robot_navigation__rosidl_typesupport_c.dir/rosidl_typesupport_c/my_robot_navigation/action/move_holonomic__type_support.cpp.o[0m
[6.137s] [ 48%] [32mBuilding C object CMakeFiles/my_robot_navigation__rosidl_typesupport_introspection_c.dir/rosidl_typesupport_introspection_c/my_robot_navigation/action/detail/move_holonomic__type_support.c.o[0m
[6.140s] [ 51%] [32mBuilding CXX object CMakeFiles/my_robot_navigation__rosidl_typesupport_fastrtps_c.dir/rosidl_typesupport_fastrtps_c/my_robot_navigation/action/detail/move_holonomic__type_support_c.cpp.o[0m
[6.155s] [ 54%] [32m[1mLinking CXX shared library libmy_robot_navigation__rosidl_typesupport_c.so[0m
[6.194s] [ 54%] Built target my_robot_navigation__rosidl_typesupport_c
[6.199s] [ 58%] [32m[1mLinking C shared library libmy_robot_navigation__rosidl_typesupport_introspection_c.so[0m
[6.236s] [ 58%] Built target my_robot_navigation__rosidl_typesupport_introspection_c
[6.295s] [ 61%] [32m[1mLinking CXX shared library libmy_robot_navigation__rosidl_typesupport_cpp.so[0m
[6.349s] [ 61%] Built target my_robot_navigation__rosidl_typesupport_cpp
[6.416s] [ 64%] [32m[1mLinking CXX shared library libmy_robot_navigation__rosidl_typesupport_introspection_cpp.so[0m
[6.462s] [ 67%] [32m[1mLinking CXX shared library libmy_robot_navigation__rosidl_typesupport_fastrtps_c.so[0m
[6.492s] [ 67%] Built target my_robot_navigation__rosidl_typesupport_introspection_cpp
[6.537s] [ 67%] Built target my_robot_navigation__rosidl_typesupport_fastrtps_c
[6.568s] [ 70%] [32m[1mLinking CXX shared library libmy_robot_navigation__rosidl_typesupport_fastrtps_cpp.so[0m
[6.661s] [ 70%] Built target my_robot_navigation__rosidl_typesupport_fastrtps_cpp
[6.692s] [ 70%] Built target my_robot_navigation
[6.722s] [ 74%] [34m[1mGenerating Python code for ROS interfaces[0m
[7.146s] [ 74%] Built target my_robot_navigation__py
[7.178s] [ 77%] [32mBuilding C object CMakeFiles/my_robot_navigation__rosidl_generator_py.dir/rosidl_generator_py/my_robot_navigation/action/_move_holonomic_s.c.o[0m
[7.281s] [ 80%] [32m[1mLinking C shared library rosidl_generator_py/my_robot_navigation/libmy_robot_navigation__rosidl_generator_py.so[0m
[7.324s] [ 80%] Built target my_robot_navigation__rosidl_generator_py
[7.353s] [ 83%] [32mBuilding C object CMakeFiles/my_robot_navigation__rosidl_typesupport_fastrtps_c__pyext.dir/rosidl_generator_py/my_robot_navigation/_my_robot_navigation_s.ep.rosidl_typesupport_fastrtps_c.c.o[0m
[7.354s] [ 87%] [32mBuilding C object CMakeFiles/my_robot_navigation__rosidl_typesupport_c__pyext.dir/rosidl_generator_py/my_robot_navigation/_my_robot_navigation_s.ep.rosidl_typesupport_c.c.o[0m
[7.359s] [ 90%] [32mBuilding C object CMakeFiles/my_robot_navigation__rosidl_typesupport_introspection_c__pyext.dir/rosidl_generator_py/my_robot_navigation/_my_robot_navigation_s.ep.rosidl_typesupport_introspection_c.c.o[0m
[7.446s] [ 96%] [32m[1mLinking C shared library rosidl_generator_py/my_robot_navigation/my_robot_navigation_s__rosidl_typesupport_c.cpython-310-x86_64-linux-gnu.so[0m
[7.446s] [ 96%] [32m[1mLinking C shared library rosidl_generator_py/my_robot_navigation/my_robot_navigation_s__rosidl_typesupport_fastrtps_c.cpython-310-x86_64-linux-gnu.so[0m
[7.466s] [100%] [32m[1mLinking C shared library rosidl_generator_py/my_robot_navigation/my_robot_navigation_s__rosidl_typesupport_introspection_c.cpython-310-x86_64-linux-gnu.so[0m
[7.488s] [100%] Built target my_robot_navigation__rosidl_typesupport_c__pyext
[7.493s] [100%] Built target my_robot_navigation__rosidl_typesupport_fastrtps_c__pyext
[7.507s] [100%] Built target my_robot_navigation__rosidl_typesupport_introspection_c__pyext
[7.515s] Invoked command in '/home/parsa/main_robot_ws/build/my_robot_navigation' returned '0': CMAKE_PREFIX_PATH=${CMAKE_PREFIX_PATH}:/opt/ros/humble /home/parsa/.local/bin/cmake --build /home/parsa/main_robot_ws/build/my_robot_navigation -- -j16 -l16
[7.516s] Invoking command in '/home/parsa/main_robot_ws/build/my_robot_navigation': CMAKE_PREFIX_PATH=${CMAKE_PREFIX_PATH}:/opt/ros/humble /home/parsa/.local/bin/cmake --install /home/parsa/main_robot_ws/build/my_robot_navigation
[7.568s] -- Install configuration: ""
[7.568s] -- Installing: /home/parsa/main_robot_ws/install/my_robot_navigation/share/my_robot_navigation/config
[7.568s] -- Installing: /home/parsa/main_robot_ws/install/my_robot_navigation/share/my_robot_navigation/config/amcl_params.yaml
[7.568s] -- Installing: /home/parsa/main_robot_ws/install/my_robot_navigation/share/my_robot_navigation/config/nav2_params.yaml
[7.568s] -- Installing: /home/parsa/main_robot_ws/install/my_robot_navigation/share/my_robot_navigation/config/rqt_params
[7.568s] -- Installing: /home/parsa/main_robot_ws/install/my_robot_navigation/share/my_robot_navigation/launch
[7.569s] -- Installing: /home/parsa/main_robot_ws/install/my_robot_navigation/share/my_robot_navigation/launch/navigation_launch.py
[7.569s] -- Installing: /home/parsa/main_robot_ws/install/my_robot_navigation/share/my_robot_navigation/launch/map_server.launch.py
[7.569s] -- Installing: /home/parsa/main_robot_ws/install/my_robot_navigation/share/my_robot_navigation/launch/lifecycle_map_server.launch.py
[7.569s] -- Installing: /home/parsa/main_robot_ws/install/my_robot_navigation/share/my_robot_navigation/launch/simple_map_server.launch.py
[7.569s] -- Installing: /home/parsa/main_robot_ws/install/my_robot_navigation/share/my_robot_navigation/launch/localization.launch.py
[7.569s] -- Installing: /home/parsa/main_robot_ws/install/my_robot_navigation/share/my_robot_navigation/behavior_trees
[7.569s] -- Installing: /home/parsa/main_robot_ws/install/my_robot_navigation/share/my_robot_navigation/behavior_trees/navigate_w_recovery_advanced.xml
[7.569s] -- Up-to-date: /home/parsa/main_robot_ws/install/my_robot_navigation/share/my_robot_navigation/launch
[7.570s] -- Up-to-date: /home/parsa/main_robot_ws/install/my_robot_navigation/share/my_robot_navigation/launch/navigation_launch.py
[7.570s] -- Up-to-date: /home/parsa/main_robot_ws/install/my_robot_navigation/share/my_robot_navigation/launch/map_server.launch.py
[7.570s] -- Up-to-date: /home/parsa/main_robot_ws/install/my_robot_navigation/share/my_robot_navigation/launch/lifecycle_map_server.launch.py
[7.570s] -- Up-to-date: /home/parsa/main_robot_ws/install/my_robot_navigation/share/my_robot_navigation/launch/simple_map_server.launch.py
[7.570s] -- Up-to-date: /home/parsa/main_robot_ws/install/my_robot_navigation/share/my_robot_navigation/launch/localization.launch.py
[7.570s] -- Up-to-date: /home/parsa/main_robot_ws/install/my_robot_navigation/share/my_robot_navigation/config
[7.570s] -- Up-to-date: /home/parsa/main_robot_ws/install/my_robot_navigation/share/my_robot_navigation/config/amcl_params.yaml
[7.570s] -- Up-to-date: /home/parsa/main_robot_ws/install/my_robot_navigation/share/my_robot_navigation/config/nav2_params.yaml
[7.571s] -- Up-to-date: /home/parsa/main_robot_ws/install/my_robot_navigation/share/my_robot_navigation/config/rqt_params
[7.571s] -- Up-to-date: /home/parsa/main_robot_ws/install/my_robot_navigation/share/my_robot_navigation/behavior_trees/navigate_w_recovery_advanced.xml
[7.571s] -- Installing: /home/parsa/main_robot_ws/install/my_robot_navigation/lib/my_robot_navigation/holonomic_action.py
[7.571s] -- Installing: /home/parsa/main_robot_ws/install/my_robot_navigation/share/my_robot_navigation/maps
[7.571s] -- Installing: /home/parsa/main_robot_ws/install/my_robot_navigation/share/my_robot_navigation/maps/map.pgm
[7.571s] -- Installing: /home/parsa/main_robot_ws/install/my_robot_navigation/share/my_robot_navigation/maps/map.yaml
[7.571s] -- Installing: /home/parsa/main_robot_ws/install/my_robot_navigation/share/ament_index/resource_index/rosidl_interfaces/my_robot_navigation
[7.571s] -- Installing: /home/parsa/main_robot_ws/install/my_robot_navigation/include/my_robot_navigation/my_robot_navigation
[7.571s] -- Installing: /home/parsa/main_robot_ws/install/my_robot_navigation/include/my_robot_navigation/my_robot_navigation/action
[7.572s] -- Installing: /home/parsa/main_robot_ws/install/my_robot_navigation/include/my_robot_navigation/my_robot_navigation/action/move_holonomic.h
[7.572s] -- Installing: /home/parsa/main_robot_ws/install/my_robot_navigation/include/my_robot_navigation/my_robot_navigation/action/detail
[7.572s] -- Installing: /home/parsa/main_robot_ws/install/my_robot_navigation/include/my_robot_navigation/my_robot_navigation/action/detail/move_holonomic__struct.h
[7.572s] -- Installing: /home/parsa/main_robot_ws/install/my_robot_navigation/include/my_robot_navigation/my_robot_navigation/action/detail/move_holonomic__type_support.h
[7.572s] -- Installing: /home/parsa/main_robot_ws/install/my_robot_navigation/include/my_robot_navigation/my_robot_navigation/action/detail/move_holonomic__functions.c
[7.572s] -- Installing: /home/parsa/main_robot_ws/install/my_robot_navigation/include/my_robot_navigation/my_robot_navigation/action/detail/move_holonomic__functions.h
[7.572s] -- Installing: /home/parsa/main_robot_ws/install/my_robot_navigation/include/my_robot_navigation/my_robot_navigation/msg
[7.572s] -- Installing: /home/parsa/main_robot_ws/install/my_robot_navigation/include/my_robot_navigation/my_robot_navigation/msg/rosidl_generator_c__visibility_control.h
[7.572s] -- Installing: /home/parsa/main_robot_ws/install/my_robot_navigation/share/my_robot_navigation/environment/library_path.sh
[7.572s] -- Installing: /home/parsa/main_robot_ws/install/my_robot_navigation/share/my_robot_navigation/environment/library_path.dsv
[7.573s] -- Installing: /home/parsa/main_robot_ws/install/my_robot_navigation/lib/libmy_robot_navigation__rosidl_generator_c.so
[7.573s] -- Set non-toolchain portion of runtime path of "/home/parsa/main_robot_ws/install/my_robot_navigation/lib/libmy_robot_navigation__rosidl_generator_c.so" to ""
[7.573s] -- Up-to-date: /home/parsa/main_robot_ws/install/my_robot_navigation/include/my_robot_navigation/my_robot_navigation
[7.573s] -- Up-to-date: /home/parsa/main_robot_ws/install/my_robot_navigation/include/my_robot_navigation/my_robot_navigation/action
[7.573s] -- Up-to-date: /home/parsa/main_robot_ws/install/my_robot_navigation/include/my_robot_navigation/my_robot_navigation/action/detail
[7.573s] -- Installing: /home/parsa/main_robot_ws/install/my_robot_navigation/include/my_robot_navigation/my_robot_navigation/action/detail/move_holonomic__rosidl_typesupport_fastrtps_c.h
[7.573s] -- Up-to-date: /home/parsa/main_robot_ws/install/my_robot_navigation/include/my_robot_navigation/my_robot_navigation/msg
[7.573s] -- Installing: /home/parsa/main_robot_ws/install/my_robot_navigation/include/my_robot_navigation/my_robot_navigation/msg/rosidl_typesupport_fastrtps_c__visibility_control.h
[7.573s] -- Installing: /home/parsa/main_robot_ws/install/my_robot_navigation/lib/libmy_robot_navigation__rosidl_typesupport_fastrtps_c.so
[7.573s] -- Set non-toolchain portion of runtime path of "/home/parsa/main_robot_ws/install/my_robot_navigation/lib/libmy_robot_navigation__rosidl_typesupport_fastrtps_c.so" to ""
[7.573s] -- Up-to-date: /home/parsa/main_robot_ws/install/my_robot_navigation/include/my_robot_navigation/my_robot_navigation
[7.573s] -- Up-to-date: /home/parsa/main_robot_ws/install/my_robot_navigation/include/my_robot_navigation/my_robot_navigation/action
[7.573s] -- Up-to-date: /home/parsa/main_robot_ws/install/my_robot_navigation/include/my_robot_navigation/my_robot_navigation/action/detail
[7.574s] -- Installing: /home/parsa/main_robot_ws/install/my_robot_navigation/include/my_robot_navigation/my_robot_navigation/action/detail/move_holonomic__traits.hpp
[7.574s] -- Installing: /home/parsa/main_robot_ws/install/my_robot_navigation/include/my_robot_navigation/my_robot_navigation/action/detail/move_holonomic__struct.hpp
[7.574s] -- Installing: /home/parsa/main_robot_ws/install/my_robot_navigation/include/my_robot_navigation/my_robot_navigation/action/detail/move_holonomic__builder.hpp
[7.574s] -- Installing: /home/parsa/main_robot_ws/install/my_robot_navigation/include/my_robot_navigation/my_robot_navigation/action/detail/move_holonomic__type_support.hpp
[7.574s] -- Installing: /home/parsa/main_robot_ws/install/my_robot_navigation/include/my_robot_navigation/my_robot_navigation/action/move_holonomic.hpp
[7.574s] -- Up-to-date: /home/parsa/main_robot_ws/install/my_robot_navigation/include/my_robot_navigation/my_robot_navigation/msg
[7.574s] -- Installing: /home/parsa/main_robot_ws/install/my_robot_navigation/include/my_robot_navigation/my_robot_navigation/msg/rosidl_generator_cpp__visibility_control.hpp
[7.574s] -- Up-to-date: /home/parsa/main_robot_ws/install/my_robot_navigation/include/my_robot_navigation/my_robot_navigation
[7.574s] -- Up-to-date: /home/parsa/main_robot_ws/install/my_robot_navigation/include/my_robot_navigation/my_robot_navigation/action
[7.574s] -- Up-to-date: /home/parsa/main_robot_ws/install/my_robot_navigation/include/my_robot_navigation/my_robot_navigation/action/detail
[7.574s] -- Installing: /home/parsa/main_robot_ws/install/my_robot_navigation/include/my_robot_navigation/my_robot_navigation/action/detail/dds_fastrtps
[7.574s] -- Installing: /home/parsa/main_robot_ws/install/my_robot_navigation/include/my_robot_navigation/my_robot_navigation/action/detail/move_holonomic__rosidl_typesupport_fastrtps_cpp.hpp
[7.574s] -- Up-to-date: /home/parsa/main_robot_ws/install/my_robot_navigation/include/my_robot_navigation/my_robot_navigation/msg
[7.575s] -- Installing: /home/parsa/main_robot_ws/install/my_robot_navigation/include/my_robot_navigation/my_robot_navigation/msg/rosidl_typesupport_fastrtps_cpp__visibility_control.h
[7.575s] -- Installing: /home/parsa/main_robot_ws/install/my_robot_navigation/lib/libmy_robot_navigation__rosidl_typesupport_fastrtps_cpp.so
[7.575s] -- Set non-toolchain portion of runtime path of "/home/parsa/main_robot_ws/install/my_robot_navigation/lib/libmy_robot_navigation__rosidl_typesupport_fastrtps_cpp.so" to ""
[7.575s] -- Up-to-date: /home/parsa/main_robot_ws/install/my_robot_navigation/include/my_robot_navigation/my_robot_navigation
[7.575s] -- Up-to-date: /home/parsa/main_robot_ws/install/my_robot_navigation/include/my_robot_navigation/my_robot_navigation/action
[7.575s] -- Up-to-date: /home/parsa/main_robot_ws/install/my_robot_navigation/include/my_robot_navigation/my_robot_navigation/action/detail
[7.575s] -- Installing: /home/parsa/main_robot_ws/install/my_robot_navigation/include/my_robot_navigation/my_robot_navigation/action/detail/move_holonomic__rosidl_typesupport_introspection_c.h
[7.575s] -- Installing: /home/parsa/main_robot_ws/install/my_robot_navigation/include/my_robot_navigation/my_robot_navigation/action/detail/move_holonomic__type_support.c
[7.575s] -- Up-to-date: /home/parsa/main_robot_ws/install/my_robot_navigation/include/my_robot_navigation/my_robot_navigation/msg
[7.575s] -- Installing: /home/parsa/main_robot_ws/install/my_robot_navigation/include/my_robot_navigation/my_robot_navigation/msg/rosidl_typesupport_introspection_c__visibility_control.h
[7.575s] -- Installing: /home/parsa/main_robot_ws/install/my_robot_navigation/lib/libmy_robot_navigation__rosidl_typesupport_introspection_c.so
[7.575s] -- Set non-toolchain portion of runtime path of "/home/parsa/main_robot_ws/install/my_robot_navigation/lib/libmy_robot_navigation__rosidl_typesupport_introspection_c.so" to ""
[7.575s] -- Installing: /home/parsa/main_robot_ws/install/my_robot_navigation/lib/libmy_robot_navigation__rosidl_typesupport_c.so
[7.575s] -- Set non-toolchain portion of runtime path of "/home/parsa/main_robot_ws/install/my_robot_navigation/lib/libmy_robot_navigation__rosidl_typesupport_c.so" to ""
[7.576s] -- Up-to-date: /home/parsa/main_robot_ws/install/my_robot_navigation/include/my_robot_navigation/my_robot_navigation
[7.576s] -- Up-to-date: /home/parsa/main_robot_ws/install/my_robot_navigation/include/my_robot_navigation/my_robot_navigation/action
[7.576s] -- Up-to-date: /home/parsa/main_robot_ws/install/my_robot_navigation/include/my_robot_navigation/my_robot_navigation/action/detail
[7.576s] -- Installing: /home/parsa/main_robot_ws/install/my_robot_navigation/include/my_robot_navigation/my_robot_navigation/action/detail/move_holonomic__rosidl_typesupport_introspection_cpp.hpp
[7.576s] -- Installing: /home/parsa/main_robot_ws/install/my_robot_navigation/include/my_robot_navigation/my_robot_navigation/action/detail/move_holonomic__type_support.cpp
[7.576s] -- Installing: /home/parsa/main_robot_ws/install/my_robot_navigation/lib/libmy_robot_navigation__rosidl_typesupport_introspection_cpp.so
[7.576s] -- Set non-toolchain portion of runtime path of "/home/parsa/main_robot_ws/install/my_robot_navigation/lib/libmy_robot_navigation__rosidl_typesupport_introspection_cpp.so" to ""
[7.576s] -- Installing: /home/parsa/main_robot_ws/install/my_robot_navigation/lib/libmy_robot_navigation__rosidl_typesupport_cpp.so
[7.576s] -- Set non-toolchain portion of runtime path of "/home/parsa/main_robot_ws/install/my_robot_navigation/lib/libmy_robot_navigation__rosidl_typesupport_cpp.so" to ""
[7.576s] -- Installing: /home/parsa/main_robot_ws/install/my_robot_navigation/share/my_robot_navigation/environment/pythonpath.sh
[7.577s] -- Installing: /home/parsa/main_robot_ws/install/my_robot_navigation/share/my_robot_navigation/environment/pythonpath.dsv
[7.577s] -- Installing: /home/parsa/main_robot_ws/install/my_robot_navigation/local/lib/python3.10/dist-packages/my_robot_navigation-0.0.0-py3.10.egg-info
[7.577s] -- Installing: /home/parsa/main_robot_ws/install/my_robot_navigation/local/lib/python3.10/dist-packages/my_robot_navigation-0.0.0-py3.10.egg-info/top_level.txt
[7.577s] -- Installing: /home/parsa/main_robot_ws/install/my_robot_navigation/local/lib/python3.10/dist-packages/my_robot_navigation-0.0.0-py3.10.egg-info/SOURCES.txt
[7.577s] -- Installing: /home/parsa/main_robot_ws/install/my_robot_navigation/local/lib/python3.10/dist-packages/my_robot_navigation-0.0.0-py3.10.egg-info/PKG-INFO
[7.577s] -- Installing: /home/parsa/main_robot_ws/install/my_robot_navigation/local/lib/python3.10/dist-packages/my_robot_navigation-0.0.0-py3.10.egg-info/dependency_links.txt
[7.577s] -- Installing: /home/parsa/main_robot_ws/install/my_robot_navigation/local/lib/python3.10/dist-packages/my_robot_navigation
[7.577s] -- Installing: /home/parsa/main_robot_ws/install/my_robot_navigation/local/lib/python3.10/dist-packages/my_robot_navigation/_my_robot_navigation_s.ep.rosidl_typesupport_c.c
[7.577s] -- Installing: /home/parsa/main_robot_ws/install/my_robot_navigation/local/lib/python3.10/dist-packages/my_robot_navigation/_my_robot_navigation_s.ep.rosidl_typesupport_fastrtps_c.c
[7.578s] -- Installing: /home/parsa/main_robot_ws/install/my_robot_navigation/local/lib/python3.10/dist-packages/my_robot_navigation/libmy_robot_navigation__rosidl_generator_py.so
[7.578s] -- Installing: /home/parsa/main_robot_ws/install/my_robot_navigation/local/lib/python3.10/dist-packages/my_robot_navigation/_my_robot_navigation_s.ep.rosidl_typesupport_introspection_c.c
[7.578s] -- Installing: /home/parsa/main_robot_ws/install/my_robot_navigation/local/lib/python3.10/dist-packages/my_robot_navigation/__init__.py
[7.578s] -- Installing: /home/parsa/main_robot_ws/install/my_robot_navigation/local/lib/python3.10/dist-packages/my_robot_navigation/action
[7.578s] -- Installing: /home/parsa/main_robot_ws/install/my_robot_navigation/local/lib/python3.10/dist-packages/my_robot_navigation/action/_move_holonomic.py
[7.578s] -- Installing: /home/parsa/main_robot_ws/install/my_robot_navigation/local/lib/python3.10/dist-packages/my_robot_navigation/action/_move_holonomic_s.c
[7.578s] -- Installing: /home/parsa/main_robot_ws/install/my_robot_navigation/local/lib/python3.10/dist-packages/my_robot_navigation/action/__init__.py
[7.578s] -- Installing: /home/parsa/main_robot_ws/install/my_robot_navigation/local/lib/python3.10/dist-packages/my_robot_navigation/my_robot_navigation_s__rosidl_typesupport_c.cpython-310-x86_64-linux-gnu.so
[7.578s] -- Installing: /home/parsa/main_robot_ws/install/my_robot_navigation/local/lib/python3.10/dist-packages/my_robot_navigation/my_robot_navigation_s__rosidl_typesupport_introspection_c.cpython-310-x86_64-linux-gnu.so
[7.578s] -- Installing: /home/parsa/main_robot_ws/install/my_robot_navigation/local/lib/python3.10/dist-packages/my_robot_navigation/my_robot_navigation_s__rosidl_typesupport_fastrtps_c.cpython-310-x86_64-linux-gnu.so
[7.607s] Listing '/home/parsa/main_robot_ws/install/my_robot_navigation/local/lib/python3.10/dist-packages/my_robot_navigation'...
[7.607s] Compiling '/home/parsa/main_robot_ws/install/my_robot_navigation/local/lib/python3.10/dist-packages/my_robot_navigation/__init__.py'...
[7.607s] Listing '/home/parsa/main_robot_ws/install/my_robot_navigation/local/lib/python3.10/dist-packages/my_robot_navigation/action'...
[7.607s] Compiling '/home/parsa/main_robot_ws/install/my_robot_navigation/local/lib/python3.10/dist-packages/my_robot_navigation/action/__init__.py'...
[7.607s] Compiling '/home/parsa/main_robot_ws/install/my_robot_navigation/local/lib/python3.10/dist-packages/my_robot_navigation/action/_move_holonomic.py'...
[7.610s] -- Installing: /home/parsa/main_robot_ws/install/my_robot_navigation/local/lib/python3.10/dist-packages/my_robot_navigation/my_robot_navigation_s__rosidl_typesupport_fastrtps_c.cpython-310-x86_64-linux-gnu.so
[7.611s] -- Set non-toolchain portion of runtime path of "/home/parsa/main_robot_ws/install/my_robot_navigation/local/lib/python3.10/dist-packages/my_robot_navigation/my_robot_navigation_s__rosidl_typesupport_fastrtps_c.cpython-310-x86_64-linux-gnu.so" to ""
[7.611s] -- Installing: /home/parsa/main_robot_ws/install/my_robot_navigation/local/lib/python3.10/dist-packages/my_robot_navigation/my_robot_navigation_s__rosidl_typesupport_introspection_c.cpython-310-x86_64-linux-gnu.so
[7.611s] -- Set non-toolchain portion of runtime path of "/home/parsa/main_robot_ws/install/my_robot_navigation/local/lib/python3.10/dist-packages/my_robot_navigation/my_robot_navigation_s__rosidl_typesupport_introspection_c.cpython-310-x86_64-linux-gnu.so" to ""
[7.611s] -- Installing: /home/parsa/main_robot_ws/install/my_robot_navigation/local/lib/python3.10/dist-packages/my_robot_navigation/my_robot_navigation_s__rosidl_typesupport_c.cpython-310-x86_64-linux-gnu.so
[7.611s] -- Set non-toolchain portion of runtime path of "/home/parsa/main_robot_ws/install/my_robot_navigation/local/lib/python3.10/dist-packages/my_robot_navigation/my_robot_navigation_s__rosidl_typesupport_c.cpython-310-x86_64-linux-gnu.so" to ""
[7.611s] -- Installing: /home/parsa/main_robot_ws/install/my_robot_navigation/lib/libmy_robot_navigation__rosidl_generator_py.so
[7.612s] -- Set non-toolchain portion of runtime path of "/home/parsa/main_robot_ws/install/my_robot_navigation/lib/libmy_robot_navigation__rosidl_generator_py.so" to ""
[7.612s] -- Installing: /home/parsa/main_robot_ws/install/my_robot_navigation/share/my_robot_navigation/action/MoveHolonomic.idl
[7.612s] -- Installing: /home/parsa/main_robot_ws/install/my_robot_navigation/share/my_robot_navigation/action/MoveHolonomic.action
[7.612s] -- Installing: /home/parsa/main_robot_ws/install/my_robot_navigation/share/ament_index/resource_index/package_run_dependencies/my_robot_navigation
[7.612s] -- Installing: /home/parsa/main_robot_ws/install/my_robot_navigation/share/ament_index/resource_index/parent_prefix_path/my_robot_navigation
[7.612s] -- Installing: /home/parsa/main_robot_ws/install/my_robot_navigation/share/my_robot_navigation/environment/ament_prefix_path.sh
[7.612s] -- Installing: /home/parsa/main_robot_ws/install/my_robot_navigation/share/my_robot_navigation/environment/ament_prefix_path.dsv
[7.612s] -- Installing: /home/parsa/main_robot_ws/install/my_robot_navigation/share/my_robot_navigation/environment/path.sh
[7.612s] -- Installing: /home/parsa/main_robot_ws/install/my_robot_navigation/share/my_robot_navigation/environment/path.dsv
[7.613s] -- Installing: /home/parsa/main_robot_ws/install/my_robot_navigation/share/my_robot_navigation/local_setup.bash
[7.613s] -- Installing: /home/parsa/main_robot_ws/install/my_robot_navigation/share/my_robot_navigation/local_setup.sh
[7.613s] -- Installing: /home/parsa/main_robot_ws/install/my_robot_navigation/share/my_robot_navigation/local_setup.zsh
[7.613s] -- Installing: /home/parsa/main_robot_ws/install/my_robot_navigation/share/my_robot_navigation/local_setup.dsv
[7.613s] -- Installing: /home/parsa/main_robot_ws/install/my_robot_navigation/share/my_robot_navigation/package.dsv
[7.613s] -- Installing: /home/parsa/main_robot_ws/install/my_robot_navigation/share/ament_index/resource_index/packages/my_robot_navigation
[7.613s] -- Installing: /home/parsa/main_robot_ws/install/my_robot_navigation/share/my_robot_navigation/cmake/export_my_robot_navigation__rosidl_generator_cExport.cmake
[7.613s] -- Installing: /home/parsa/main_robot_ws/install/my_robot_navigation/share/my_robot_navigation/cmake/export_my_robot_navigation__rosidl_generator_cExport-noconfig.cmake
[7.613s] -- Installing: /home/parsa/main_robot_ws/install/my_robot_navigation/share/my_robot_navigation/cmake/export_my_robot_navigation__rosidl_typesupport_fastrtps_cExport.cmake
[7.613s] -- Installing: /home/parsa/main_robot_ws/install/my_robot_navigation/share/my_robot_navigation/cmake/export_my_robot_navigation__rosidl_typesupport_fastrtps_cExport-noconfig.cmake
[7.613s] -- Installing: /home/parsa/main_robot_ws/install/my_robot_navigation/share/my_robot_navigation/cmake/export_my_robot_navigation__rosidl_generator_cppExport.cmake
[7.614s] -- Installing: /home/parsa/main_robot_ws/install/my_robot_navigation/share/my_robot_navigation/cmake/export_my_robot_navigation__rosidl_typesupport_fastrtps_cppExport.cmake
[7.614s] -- Installing: /home/parsa/main_robot_ws/install/my_robot_navigation/share/my_robot_navigation/cmake/export_my_robot_navigation__rosidl_typesupport_fastrtps_cppExport-noconfig.cmake
[7.614s] -- Installing: /home/parsa/main_robot_ws/install/my_robot_navigation/share/my_robot_navigation/cmake/my_robot_navigation__rosidl_typesupport_introspection_cExport.cmake
[7.614s] -- Installing: /home/parsa/main_robot_ws/install/my_robot_navigation/share/my_robot_navigation/cmake/my_robot_navigation__rosidl_typesupport_introspection_cExport-noconfig.cmake
[7.614s] -- Installing: /home/parsa/main_robot_ws/install/my_robot_navigation/share/my_robot_navigation/cmake/my_robot_navigation__rosidl_typesupport_cExport.cmake
[7.614s] -- Installing: /home/parsa/main_robot_ws/install/my_robot_navigation/share/my_robot_navigation/cmake/my_robot_navigation__rosidl_typesupport_cExport-noconfig.cmake
[7.614s] -- Installing: /home/parsa/main_robot_ws/install/my_robot_navigation/share/my_robot_navigation/cmake/my_robot_navigation__rosidl_typesupport_introspection_cppExport.cmake
[7.614s] -- Installing: /home/parsa/main_robot_ws/install/my_robot_navigation/share/my_robot_navigation/cmake/my_robot_navigation__rosidl_typesupport_introspection_cppExport-noconfig.cmake
[7.614s] -- Installing: /home/parsa/main_robot_ws/install/my_robot_navigation/share/my_robot_navigation/cmake/my_robot_navigation__rosidl_typesupport_cppExport.cmake
[7.614s] -- Installing: /home/parsa/main_robot_ws/install/my_robot_navigation/share/my_robot_navigation/cmake/my_robot_navigation__rosidl_typesupport_cppExport-noconfig.cmake
[7.615s] -- Installing: /home/parsa/main_robot_ws/install/my_robot_navigation/share/my_robot_navigation/cmake/export_my_robot_navigation__rosidl_generator_pyExport.cmake
[7.615s] -- Installing: /home/parsa/main_robot_ws/install/my_robot_navigation/share/my_robot_navigation/cmake/export_my_robot_navigation__rosidl_generator_pyExport-noconfig.cmake
[7.615s] -- Installing: /home/parsa/main_robot_ws/install/my_robot_navigation/share/my_robot_navigation/cmake/rosidl_cmake-extras.cmake
[7.615s] -- Installing: /home/parsa/main_robot_ws/install/my_robot_navigation/share/my_robot_navigation/cmake/ament_cmake_export_dependencies-extras.cmake
[7.615s] -- Installing: /home/parsa/main_robot_ws/install/my_robot_navigation/share/my_robot_navigation/cmake/ament_cmake_export_include_directories-extras.cmake
[7.615s] -- Installing: /home/parsa/main_robot_ws/install/my_robot_navigation/share/my_robot_navigation/cmake/ament_cmake_export_libraries-extras.cmake
[7.615s] -- Installing: /home/parsa/main_robot_ws/install/my_robot_navigation/share/my_robot_navigation/cmake/ament_cmake_export_targets-extras.cmake
[7.615s] -- Installing: /home/parsa/main_robot_ws/install/my_robot_navigation/share/my_robot_navigation/cmake/rosidl_cmake_export_typesupport_targets-extras.cmake
[7.615s] -- Installing: /home/parsa/main_robot_ws/install/my_robot_navigation/share/my_robot_navigation/cmake/rosidl_cmake_export_typesupport_libraries-extras.cmake
[7.615s] -- Installing: /home/parsa/main_robot_ws/install/my_robot_navigation/share/my_robot_navigation/cmake/my_robot_navigationConfig.cmake
[7.616s] -- Installing: /home/parsa/main_robot_ws/install/my_robot_navigation/share/my_robot_navigation/cmake/my_robot_navigationConfig-version.cmake
[7.616s] -- Installing: /home/parsa/main_robot_ws/install/my_robot_navigation/share/my_robot_navigation/package.xml
[7.617s] Invoked command in '/home/parsa/main_robot_ws/build/my_robot_navigation' returned '0': CMAKE_PREFIX_PATH=${CMAKE_PREFIX_PATH}:/opt/ros/humble /home/parsa/.local/bin/cmake --install /home/parsa/main_robot_ws/build/my_robot_navigation
