[0.040s] Invoking command in '/home/parsa/main_robot_ws/build/robot_description': CMAKE_PREFIX_PATH=/opt/ros/humble /home/parsa/.local/bin/cmake --build /home/parsa/main_robot_ws/build/robot_description -- -j16 -l16
[1.147s] Invoked command in '/home/parsa/main_robot_ws/build/robot_description' returned '0': CMAKE_PREFIX_PATH=/opt/ros/humble /home/parsa/.local/bin/cmake --build /home/parsa/main_robot_ws/build/robot_description -- -j16 -l16
[1.199s] Invoking command in '/home/parsa/main_robot_ws/build/robot_description': CMAKE_PREFIX_PATH=/opt/ros/humble /home/parsa/.local/bin/cmake --install /home/parsa/main_robot_ws/build/robot_description
[1.478s] -- Install configuration: ""
[1.479s] -- Up-to-date: /home/parsa/main_robot_ws/install/robot_description/share/robot_description/description
[1.480s] -- Up-to-date: /home/parsa/main_robot_ws/install/robot_description/share/robot_description/description/atwork.urdf.xacro
[1.480s] -- Up-to-date: /home/parsa/main_robot_ws/install/robot_description/share/robot_description/description/robot_core.xacro
[1.481s] -- Up-to-date: /home/parsa/main_robot_ws/install/robot_description/share/robot_description/description/lidar.xacro
[1.481s] -- Up-to-date: /home/parsa/main_robot_ws/install/robot_description/share/robot_description/description/arm_control.xacro
[1.482s] -- Up-to-date: /home/parsa/main_robot_ws/install/robot_description/share/robot_description/description/ros2_control.xacro
[1.482s] -- Up-to-date: /home/parsa/main_robot_ws/install/robot_description/share/robot_description/description/arm.urdf.xacro
[1.483s] -- Up-to-date: /home/parsa/main_robot_ws/install/robot_description/share/robot_description/description/arm.urdf.xacro.bak
[1.484s] -- Up-to-date: /home/parsa/main_robot_ws/install/robot_description/share/robot_description/launch
[1.484s] -- Up-to-date: /home/parsa/main_robot_ws/install/robot_description/share/robot_description/launch/rsp.launch.py
[1.485s] -- Up-to-date: /home/parsa/main_robot_ws/install/robot_description/share/robot_description/meshes
[1.485s] -- Up-to-date: /home/parsa/main_robot_ws/install/robot_description/share/robot_description/meshes/base_link.STL
[1.487s] -- Up-to-date: /home/parsa/main_robot_ws/install/robot_description/share/robot_description/meshes/a2.STL
[1.488s] -- Up-to-date: /home/parsa/main_robot_ws/install/robot_description/share/robot_description/meshes/a4.STL
[1.488s] -- Up-to-date: /home/parsa/main_robot_ws/install/robot_description/share/robot_description/meshes/g1.STL
[1.488s] -- Up-to-date: /home/parsa/main_robot_ws/install/robot_description/share/robot_description/meshes/g12.STL
[1.488s] -- Up-to-date: /home/parsa/main_robot_ws/install/robot_description/share/robot_description/meshes/g22.STL
[1.489s] -- Up-to-date: /home/parsa/main_robot_ws/install/robot_description/share/robot_description/meshes/bg.STL
[1.489s] -- Up-to-date: /home/parsa/main_robot_ws/install/robot_description/share/robot_description/meshes/a1.STL
[1.489s] -- Up-to-date: /home/parsa/main_robot_ws/install/robot_description/share/robot_description/meshes/g2.STL
[1.489s] -- Up-to-date: /home/parsa/main_robot_ws/install/robot_description/share/robot_description/meshes/a3.STL
[1.489s] -- Up-to-date: /home/parsa/main_robot_ws/install/robot_description/share/ament_index/resource_index/package_run_dependencies/robot_description
[1.489s] -- Up-to-date: /home/parsa/main_robot_ws/install/robot_description/share/ament_index/resource_index/parent_prefix_path/robot_description
[1.489s] -- Up-to-date: /home/parsa/main_robot_ws/install/robot_description/share/robot_description/environment/ament_prefix_path.sh
[1.489s] -- Up-to-date: /home/parsa/main_robot_ws/install/robot_description/share/robot_description/environment/ament_prefix_path.dsv
[1.489s] -- Up-to-date: /home/parsa/main_robot_ws/install/robot_description/share/robot_description/environment/path.sh
[1.490s] -- Up-to-date: /home/parsa/main_robot_ws/install/robot_description/share/robot_description/environment/path.dsv
[1.490s] -- Up-to-date: /home/parsa/main_robot_ws/install/robot_description/share/robot_description/local_setup.bash
[1.490s] -- Up-to-date: /home/parsa/main_robot_ws/install/robot_description/share/robot_description/local_setup.sh
[1.490s] -- Up-to-date: /home/parsa/main_robot_ws/install/robot_description/share/robot_description/local_setup.zsh
[1.490s] -- Up-to-date: /home/parsa/main_robot_ws/install/robot_description/share/robot_description/local_setup.dsv
[1.490s] -- Installing: /home/parsa/main_robot_ws/install/robot_description/share/robot_description/package.dsv
[1.490s] -- Up-to-date: /home/parsa/main_robot_ws/install/robot_description/share/ament_index/resource_index/packages/robot_description
[1.490s] -- Up-to-date: /home/parsa/main_robot_ws/install/robot_description/share/robot_description/cmake/robot_descriptionConfig.cmake
[1.490s] -- Up-to-date: /home/parsa/main_robot_ws/install/robot_description/share/robot_description/cmake/robot_descriptionConfig-version.cmake
[1.491s] -- Up-to-date: /home/parsa/main_robot_ws/install/robot_description/share/robot_description/package.xml
[1.528s] Invoked command in '/home/parsa/main_robot_ws/build/robot_description' returned '0': CMAKE_PREFIX_PATH=/opt/ros/humble /home/parsa/.local/bin/cmake --install /home/parsa/main_robot_ws/build/robot_description
