[0.014s] Invoking command in '/home/parsa/main_robot_ws/build/robot_description': CMAKE_PREFIX_PATH=/opt/ros/humble /home/parsa/.local/bin/cmake /home/parsa/main_robot_ws/src/robot_description -DCMAKE_INSTALL_PREFIX=/home/parsa/main_robot_ws/install/robot_description
[0.075s] [0mCMake Deprecation Warning at CMakeLists.txt:1 (cmake_minimum_required):
[0.075s]   Compatibility with CMake < 3.10 will be removed from a future version of
[0.075s]   CMake.
[0.076s] 
[0.076s]   Update the VERSION argument <min> value.  Or, use the <min>...<max> syntax
[0.076s]   to tell CMake that the project requires at least <min> but has been updated
[0.076s]   to work with policies introduced by <max> or earlier.
[0.076s] 
[0.076s] [0m
[0.169s] -- The C compiler identification is GNU 11.4.0
[0.266s] -- The CXX compiler identification is GNU 11.4.0
[0.278s] -- Detecting C compiler ABI info
[0.370s] -- Detecting C compiler ABI info - done
[0.384s] -- Check for working C compiler: /usr/bin/cc - skipped
[0.385s] -- Detecting C compile features
[0.385s] -- Detecting C compile features - done
[0.403s] -- Detecting CXX compiler ABI info
[0.495s] -- Detecting CXX compiler ABI info - done
[0.509s] -- Check for working CXX compiler: /usr/bin/c++ - skipped
[0.509s] -- Detecting CXX compile features
[0.509s] -- Detecting CXX compile features - done
[0.538s] -- Found ament_cmake: 1.3.11 (/opt/ros/humble/share/ament_cmake/cmake)
[0.656s] -- Found Python3: /usr/bin/python3 (found version "3.10.12") found components: Interpreter
[0.819s] -- Found ament_lint_auto: 0.12.12 (/opt/ros/humble/share/ament_lint_auto/cmake)
[0.910s] -- Added test 'flake8' to check Python code syntax and style conventions
[0.910s] -- Added test 'lint_cmake' to check CMake code style
[0.911s] -- Added test 'pep257' to check Python code against some of the docstring style conventions in PEP 257
[0.912s] -- Added test 'xmllint' to check XML markup files
[0.914s] -- Configuring done (0.8s)
[0.917s] -- Generating done (0.0s)
[0.918s] -- Build files have been written to: /home/parsa/main_robot_ws/build/robot_description
[0.922s] Invoked command in '/home/parsa/main_robot_ws/build/robot_description' returned '0': CMAKE_PREFIX_PATH=/opt/ros/humble /home/parsa/.local/bin/cmake /home/parsa/main_robot_ws/src/robot_description -DCMAKE_INSTALL_PREFIX=/home/parsa/main_robot_ws/install/robot_description
[0.924s] Invoking command in '/home/parsa/main_robot_ws/build/robot_description': CMAKE_PREFIX_PATH=/opt/ros/humble /home/parsa/.local/bin/cmake --build /home/parsa/main_robot_ws/build/robot_description -- -j16 -l16
[0.999s] Invoked command in '/home/parsa/main_robot_ws/build/robot_description' returned '0': CMAKE_PREFIX_PATH=/opt/ros/humble /home/parsa/.local/bin/cmake --build /home/parsa/main_robot_ws/build/robot_description -- -j16 -l16
[1.054s] Invoking command in '/home/parsa/main_robot_ws/build/robot_description': CMAKE_PREFIX_PATH=/opt/ros/humble /home/parsa/.local/bin/cmake --install /home/parsa/main_robot_ws/build/robot_description
[1.107s] -- Install configuration: ""
[1.107s] -- Installing: /home/parsa/main_robot_ws/install/robot_description/share/robot_description/description
[1.107s] -- Installing: /home/parsa/main_robot_ws/install/robot_description/share/robot_description/description/atwork.urdf.xacro
[1.107s] -- Installing: /home/parsa/main_robot_ws/install/robot_description/share/robot_description/description/robot_core.xacro
[1.107s] -- Installing: /home/parsa/main_robot_ws/install/robot_description/share/robot_description/description/lidar.xacro
[1.107s] -- Installing: /home/parsa/main_robot_ws/install/robot_description/share/robot_description/description/arm_control.xacro
[1.107s] -- Installing: /home/parsa/main_robot_ws/install/robot_description/share/robot_description/description/ros2_control.xacro
[1.108s] -- Installing: /home/parsa/main_robot_ws/install/robot_description/share/robot_description/description/arm.urdf.xacro
[1.108s] -- Installing: /home/parsa/main_robot_ws/install/robot_description/share/robot_description/description/arm.urdf.xacro.bak
[1.108s] -- Installing: /home/parsa/main_robot_ws/install/robot_description/share/robot_description/launch
[1.108s] -- Installing: /home/parsa/main_robot_ws/install/robot_description/share/robot_description/launch/arm.launch.py
[1.108s] -- Installing: /home/parsa/main_robot_ws/install/robot_description/share/robot_description/launch/robot_core.launch.py
[1.108s] -- Installing: /home/parsa/main_robot_ws/install/robot_description/share/robot_description/launch/rsp.launch.py
[1.108s] -- Installing: /home/parsa/main_robot_ws/install/robot_description/share/robot_description/meshes
[1.108s] -- Installing: /home/parsa/main_robot_ws/install/robot_description/share/robot_description/meshes/base_link.STL
[1.108s] -- Installing: /home/parsa/main_robot_ws/install/robot_description/share/robot_description/meshes/a2.STL
[1.109s] -- Installing: /home/parsa/main_robot_ws/install/robot_description/share/robot_description/meshes/a4.STL
[1.109s] -- Installing: /home/parsa/main_robot_ws/install/robot_description/share/robot_description/meshes/g1.STL
[1.109s] -- Installing: /home/parsa/main_robot_ws/install/robot_description/share/robot_description/meshes/g12.STL
[1.109s] -- Installing: /home/parsa/main_robot_ws/install/robot_description/share/robot_description/meshes/g22.STL
[1.109s] -- Installing: /home/parsa/main_robot_ws/install/robot_description/share/robot_description/meshes/bg.STL
[1.109s] -- Installing: /home/parsa/main_robot_ws/install/robot_description/share/robot_description/meshes/a1.STL
[1.109s] -- Installing: /home/parsa/main_robot_ws/install/robot_description/share/robot_description/meshes/g2.STL
[1.109s] -- Installing: /home/parsa/main_robot_ws/install/robot_description/share/robot_description/meshes/a3.STL
[1.110s] -- Installing: /home/parsa/main_robot_ws/install/robot_description/share/ament_index/resource_index/package_run_dependencies/robot_description
[1.110s] -- Installing: /home/parsa/main_robot_ws/install/robot_description/share/ament_index/resource_index/parent_prefix_path/robot_description
[1.110s] -- Installing: /home/parsa/main_robot_ws/install/robot_description/share/robot_description/environment/ament_prefix_path.sh
[1.110s] -- Installing: /home/parsa/main_robot_ws/install/robot_description/share/robot_description/environment/ament_prefix_path.dsv
[1.110s] -- Installing: /home/parsa/main_robot_ws/install/robot_description/share/robot_description/environment/path.sh
[1.111s] -- Installing: /home/parsa/main_robot_ws/install/robot_description/share/robot_description/environment/path.dsv
[1.112s] -- Installing: /home/parsa/main_robot_ws/install/robot_description/share/robot_description/local_setup.bash
[1.112s] -- Installing: /home/parsa/main_robot_ws/install/robot_description/share/robot_description/local_setup.sh
[1.112s] -- Installing: /home/parsa/main_robot_ws/install/robot_description/share/robot_description/local_setup.zsh
[1.113s] -- Installing: /home/parsa/main_robot_ws/install/robot_description/share/robot_description/local_setup.dsv
[1.113s] -- Installing: /home/parsa/main_robot_ws/install/robot_description/share/robot_description/package.dsv
[1.113s] -- Installing: /home/parsa/main_robot_ws/install/robot_description/share/ament_index/resource_index/packages/robot_description
[1.113s] -- Installing: /home/parsa/main_robot_ws/install/robot_description/share/robot_description/cmake/robot_descriptionConfig.cmake
[1.113s] -- Installing: /home/parsa/main_robot_ws/install/robot_description/share/robot_description/cmake/robot_descriptionConfig-version.cmake
[1.113s] -- Installing: /home/parsa/main_robot_ws/install/robot_description/share/robot_description/package.xml
[1.115s] Invoked command in '/home/parsa/main_robot_ws/build/robot_description' returned '0': CMAKE_PREFIX_PATH=/opt/ros/humble /home/parsa/.local/bin/cmake --install /home/parsa/main_robot_ws/build/robot_description
