[0mCMake Deprecation Warning at CMakeLists.txt:1 (cmake_minimum_required):
  Compatibility with CMake < 3.10 will be removed from a future version of
  CMake.

  Update the VERSION argument <min> value.  Or, use the <min>...<max> syntax
  to tell CMake that the project requires at least <min> but has been updated
  to work with policies introduced by <max> or earlier.

[0m
-- The C compiler identification is GNU 11.4.0
-- The CXX compiler identification is GNU 11.4.0
-- Detecting C compiler ABI info
-- Detecting C compiler ABI info - done
-- Check for working C compiler: /usr/bin/cc - skipped
-- Detecting C compile features
-- Detecting C compile features - done
-- Detecting CXX compiler ABI info
-- Detecting CXX compiler ABI info - done
-- Check for working CXX compiler: /usr/bin/c++ - skipped
-- Detecting CXX compile features
-- Detecting CXX compile features - done
-- Found ament_cmake: 1.3.11 (/opt/ros/humble/share/ament_cmake/cmake)
-- Found Python3: /usr/bin/python3 (found version "3.10.12") found components: Interpreter
-- Found rosidl_default_generators: 1.2.0 (/opt/ros/humble/share/rosidl_default_generators/cmake)
-- Using all available rosidl_typesupport_c: rosidl_typesupport_fastrtps_c;rosidl_typesupport_introspection_c
-- Found rosidl_adapter: 3.1.6 (/opt/ros/humble/share/rosidl_adapter/cmake)
-- Using all available rosidl_typesupport_cpp: rosidl_typesupport_fastrtps_cpp;rosidl_typesupport_introspection_cpp
-- Found ament_cmake_ros: 0.10.0 (/opt/ros/humble/share/ament_cmake_ros/cmake)
-- Using all available rosidl_typesupport_c: rosidl_typesupport_fastrtps_c;rosidl_typesupport_introspection_c
-- Using all available rosidl_typesupport_cpp: rosidl_typesupport_fastrtps_cpp;rosidl_typesupport_introspection_cpp
[33mCMake Warning (dev) at /opt/ros/humble/share/rosidl_generator_py/cmake/rosidl_generator_py_generate_interfaces.cmake:20 (find_package):
  Policy CMP0148 is not set: The FindPythonInterp and FindPythonLibs modules
  are removed.  Run "cmake --help-policy CMP0148" for policy details.  Use
  the cmake_policy command to set the policy and suppress this warning.

Call Stack (most recent call first):
  /opt/ros/humble/share/ament_cmake_core/cmake/core/ament_execute_extensions.cmake:48 (include)
  /opt/ros/humble/share/rosidl_cmake/cmake/rosidl_generate_interfaces.cmake:286 (ament_execute_extensions)
  CMakeLists.txt:12 (rosidl_generate_interfaces)
This warning is for project developers.  Use -Wno-dev to suppress it.
[0m
-- Found PythonInterp: /usr/bin/python3 (found suitable version "3.10.12", minimum required is "3.6")
-- Found python_cmake_module: 0.10.0 (/opt/ros/humble/share/python_cmake_module/cmake)
[33mCMake Warning (dev) at /opt/ros/humble/share/python_cmake_module/cmake/Modules/FindPythonExtra.cmake:52 (find_package):
  Policy CMP0148 is not set: The FindPythonInterp and FindPythonLibs modules
  are removed.  Run "cmake --help-policy CMP0148" for policy details.  Use
  the cmake_policy command to set the policy and suppress this warning.

Call Stack (most recent call first):
  /opt/ros/humble/share/rosidl_generator_py/cmake/rosidl_generator_py_generate_interfaces.cmake:23 (find_package)
  /opt/ros/humble/share/ament_cmake_core/cmake/core/ament_execute_extensions.cmake:48 (include)
  /opt/ros/humble/share/rosidl_cmake/cmake/rosidl_generate_interfaces.cmake:286 (ament_execute_extensions)
  CMakeLists.txt:12 (rosidl_generate_interfaces)
This warning is for project developers.  Use -Wno-dev to suppress it.
[0m
[33mCMake Warning (dev) at /opt/ros/humble/share/python_cmake_module/cmake/Modules/FindPythonExtra.cmake:140 (find_package):
  Policy CMP0148 is not set: The FindPythonInterp and FindPythonLibs modules
  are removed.  Run "cmake --help-policy CMP0148" for policy details.  Use
  the cmake_policy command to set the policy and suppress this warning.

Call Stack (most recent call first):
  /opt/ros/humble/share/rosidl_generator_py/cmake/rosidl_generator_py_generate_interfaces.cmake:23 (find_package)
  /opt/ros/humble/share/ament_cmake_core/cmake/core/ament_execute_extensions.cmake:48 (include)
  /opt/ros/humble/share/rosidl_cmake/cmake/rosidl_generate_interfaces.cmake:286 (ament_execute_extensions)
  CMakeLists.txt:12 (rosidl_generate_interfaces)
This warning is for project developers.  Use -Wno-dev to suppress it.
[0m
-- Found PythonLibs: /usr/lib/x86_64-linux-gnu/libpython3.10.so (found suitable version "3.10.12", minimum required is "3.5")
-- Using PYTHON_EXECUTABLE: /usr/bin/python3
-- Using PYTHON_INCLUDE_DIRS: /usr/include/python3.10
-- Using PYTHON_LIBRARIES: /usr/lib/x86_64-linux-gnu/libpython3.10.so
-- Found PythonExtra: .so
-- Found ament_lint_auto: 0.12.12 (/opt/ros/humble/share/ament_lint_auto/cmake)
-- Configuring done (2.8s)
-- Generating done (0.1s)
-- Build files have been written to: /home/parsa/main_robot_ws/src/build/robot_control_interfaces
[  2%] [34m[1mGenerating C code for ROS interfaces[0m
[  5%] [34m[1mGenerating C++ code for ROS interfaces[0m
[  5%] Built target ament_cmake_python_copy_robot_control_interfaces
running egg_info
creating robot_control_interfaces.egg-info
writing robot_control_interfaces.egg-info/PKG-INFO
writing dependency_links to robot_control_interfaces.egg-info/dependency_links.txt
writing top-level names to robot_control_interfaces.egg-info/top_level.txt
writing manifest file 'robot_control_interfaces.egg-info/SOURCES.txt'
reading manifest file 'robot_control_interfaces.egg-info/SOURCES.txt'
writing manifest file 'robot_control_interfaces.egg-info/SOURCES.txt'
[  7%] [32mBuilding C object CMakeFiles/robot_control_interfaces__rosidl_generator_c.dir/rosidl_generator_c/robot_control_interfaces/msg/detail/arm_command__functions.c.o[0m
[ 10%] [32mBuilding C object CMakeFiles/robot_control_interfaces__rosidl_generator_c.dir/rosidl_generator_c/robot_control_interfaces/srv/detail/arm_preset__functions.c.o[0m
[ 10%] Built target ament_cmake_python_build_robot_control_interfaces_egg
[ 10%] Built target robot_control_interfaces__cpp
[ 12%] [34m[1mGenerating C++ type support dispatch for ROS interfaces[0m
[ 15%] [34m[1mGenerating C++ introspection for ROS interfaces[0m
[ 17%] [34m[1mGenerating C++ type support for eProsima Fast-RTPS[0m
[ 20%] [32m[1mLinking C shared library librobot_control_interfaces__rosidl_generator_c.so[0m
[ 20%] Built target robot_control_interfaces__rosidl_generator_c
[ 25%] [34m[1mGenerating C type support dispatch for ROS interfaces[0m
[ 25%] [34m[1mGenerating C type support for eProsima Fast-RTPS[0m
[ 28%] [34m[1mGenerating C introspection for ROS interfaces[0m
[ 30%] [32mBuilding CXX object CMakeFiles/robot_control_interfaces__rosidl_typesupport_c.dir/rosidl_typesupport_c/robot_control_interfaces/srv/arm_preset__type_support.cpp.o[0m
[ 33%] [32mBuilding CXX object CMakeFiles/robot_control_interfaces__rosidl_typesupport_c.dir/rosidl_typesupport_c/robot_control_interfaces/msg/arm_command__type_support.cpp.o[0m
[ 38%] [32mBuilding CXX object CMakeFiles/robot_control_interfaces__rosidl_typesupport_fastrtps_cpp.dir/rosidl_typesupport_fastrtps_cpp/robot_control_interfaces/srv/detail/dds_fastrtps/arm_preset__type_support.cpp.o[0m
[ 38%] [32mBuilding CXX object CMakeFiles/robot_control_interfaces__rosidl_typesupport_cpp.dir/rosidl_typesupport_cpp/robot_control_interfaces/msg/arm_command__type_support.cpp.o[0m
[ 41%] [32mBuilding CXX object CMakeFiles/robot_control_interfaces__rosidl_typesupport_fastrtps_cpp.dir/rosidl_typesupport_fastrtps_cpp/robot_control_interfaces/msg/detail/dds_fastrtps/arm_command__type_support.cpp.o[0m
[ 43%] [32mBuilding CXX object CMakeFiles/robot_control_interfaces__rosidl_typesupport_cpp.dir/rosidl_typesupport_cpp/robot_control_interfaces/srv/arm_preset__type_support.cpp.o[0m
[ 46%] [32mBuilding CXX object CMakeFiles/robot_control_interfaces__rosidl_typesupport_fastrtps_c.dir/rosidl_typesupport_fastrtps_c/robot_control_interfaces/msg/detail/arm_command__type_support_c.cpp.o[0m
[ 48%] [32mBuilding CXX object CMakeFiles/robot_control_interfaces__rosidl_typesupport_fastrtps_c.dir/rosidl_typesupport_fastrtps_c/robot_control_interfaces/srv/detail/arm_preset__type_support_c.cpp.o[0m
[ 51%] [32m[1mLinking CXX shared library librobot_control_interfaces__rosidl_typesupport_c.so[0m
[ 53%] [32mBuilding CXX object CMakeFiles/robot_control_interfaces__rosidl_typesupport_introspection_cpp.dir/rosidl_typesupport_introspection_cpp/robot_control_interfaces/msg/detail/arm_command__type_support.cpp.o[0m
[ 56%] [32mBuilding CXX object CMakeFiles/robot_control_interfaces__rosidl_typesupport_introspection_cpp.dir/rosidl_typesupport_introspection_cpp/robot_control_interfaces/srv/detail/arm_preset__type_support.cpp.o[0m
[ 58%] [32mBuilding C object CMakeFiles/robot_control_interfaces__rosidl_typesupport_introspection_c.dir/rosidl_typesupport_introspection_c/robot_control_interfaces/srv/detail/arm_preset__type_support.c.o[0m
[ 61%] [32mBuilding C object CMakeFiles/robot_control_interfaces__rosidl_typesupport_introspection_c.dir/rosidl_typesupport_introspection_c/robot_control_interfaces/msg/detail/arm_command__type_support.c.o[0m
[ 61%] Built target robot_control_interfaces__rosidl_typesupport_c
[ 64%] [32m[1mLinking C shared library librobot_control_interfaces__rosidl_typesupport_introspection_c.so[0m
[ 64%] Built target robot_control_interfaces__rosidl_typesupport_introspection_c
[ 66%] [32m[1mLinking CXX shared library librobot_control_interfaces__rosidl_typesupport_cpp.so[0m
[ 66%] Built target robot_control_interfaces__rosidl_typesupport_cpp
[ 69%] [32m[1mLinking CXX shared library librobot_control_interfaces__rosidl_typesupport_fastrtps_c.so[0m
[ 71%] [32m[1mLinking CXX shared library librobot_control_interfaces__rosidl_typesupport_fastrtps_cpp.so[0m
[ 71%] Built target robot_control_interfaces__rosidl_typesupport_fastrtps_cpp
[ 71%] Built target robot_control_interfaces__rosidl_typesupport_fastrtps_c
[ 74%] [32m[1mLinking CXX shared library librobot_control_interfaces__rosidl_typesupport_introspection_cpp.so[0m
[ 74%] Built target robot_control_interfaces__rosidl_typesupport_introspection_cpp
[ 74%] Built target robot_control_interfaces
[ 76%] [34m[1mGenerating Python code for ROS interfaces[0m
[ 76%] Built target robot_control_interfaces__py
[ 79%] [32mBuilding C object CMakeFiles/robot_control_interfaces__rosidl_generator_py.dir/rosidl_generator_py/robot_control_interfaces/msg/_arm_command_s.c.o[0m
[ 82%] [32mBuilding C object CMakeFiles/robot_control_interfaces__rosidl_generator_py.dir/rosidl_generator_py/robot_control_interfaces/srv/_arm_preset_s.c.o[0m
[ 84%] [32m[1mLinking C shared library rosidl_generator_py/robot_control_interfaces/librobot_control_interfaces__rosidl_generator_py.so[0m
[ 84%] Built target robot_control_interfaces__rosidl_generator_py
[ 87%] [32mBuilding C object CMakeFiles/robot_control_interfaces__rosidl_typesupport_introspection_c__pyext.dir/rosidl_generator_py/robot_control_interfaces/_robot_control_interfaces_s.ep.rosidl_typesupport_introspection_c.c.o[0m
[ 89%] [32mBuilding C object CMakeFiles/robot_control_interfaces__rosidl_typesupport_c__pyext.dir/rosidl_generator_py/robot_control_interfaces/_robot_control_interfaces_s.ep.rosidl_typesupport_c.c.o[0m
[ 92%] [32mBuilding C object CMakeFiles/robot_control_interfaces__rosidl_typesupport_fastrtps_c__pyext.dir/rosidl_generator_py/robot_control_interfaces/_robot_control_interfaces_s.ep.rosidl_typesupport_fastrtps_c.c.o[0m
[ 94%] [32m[1mLinking C shared library rosidl_generator_py/robot_control_interfaces/robot_control_interfaces_s__rosidl_typesupport_c.cpython-310-x86_64-linux-gnu.so[0m
[ 97%] [32m[1mLinking C shared library rosidl_generator_py/robot_control_interfaces/robot_control_interfaces_s__rosidl_typesupport_introspection_c.cpython-310-x86_64-linux-gnu.so[0m
[ 97%] Built target robot_control_interfaces__rosidl_typesupport_c__pyext
[100%] [32m[1mLinking C shared library rosidl_generator_py/robot_control_interfaces/robot_control_interfaces_s__rosidl_typesupport_fastrtps_c.cpython-310-x86_64-linux-gnu.so[0m
[100%] Built target robot_control_interfaces__rosidl_typesupport_introspection_c__pyext
[100%] Built target robot_control_interfaces__rosidl_typesupport_fastrtps_c__pyext
-- Install configuration: ""
-- Installing: /home/parsa/main_robot_ws/src/install/robot_control_interfaces/share/ament_index/resource_index/rosidl_interfaces/robot_control_interfaces
-- Installing: /home/parsa/main_robot_ws/src/install/robot_control_interfaces/include/robot_control_interfaces/robot_control_interfaces
-- Installing: /home/parsa/main_robot_ws/src/install/robot_control_interfaces/include/robot_control_interfaces/robot_control_interfaces/srv
-- Installing: /home/parsa/main_robot_ws/src/install/robot_control_interfaces/include/robot_control_interfaces/robot_control_interfaces/srv/detail
-- Installing: /home/parsa/main_robot_ws/src/install/robot_control_interfaces/include/robot_control_interfaces/robot_control_interfaces/srv/detail/arm_preset__type_support.h
-- Installing: /home/parsa/main_robot_ws/src/install/robot_control_interfaces/include/robot_control_interfaces/robot_control_interfaces/srv/detail/arm_preset__functions.h
-- Installing: /home/parsa/main_robot_ws/src/install/robot_control_interfaces/include/robot_control_interfaces/robot_control_interfaces/srv/detail/arm_preset__struct.h
-- Installing: /home/parsa/main_robot_ws/src/install/robot_control_interfaces/include/robot_control_interfaces/robot_control_interfaces/srv/detail/arm_preset__functions.c
-- Installing: /home/parsa/main_robot_ws/src/install/robot_control_interfaces/include/robot_control_interfaces/robot_control_interfaces/srv/arm_preset.h
-- Installing: /home/parsa/main_robot_ws/src/install/robot_control_interfaces/include/robot_control_interfaces/robot_control_interfaces/msg
-- Installing: /home/parsa/main_robot_ws/src/install/robot_control_interfaces/include/robot_control_interfaces/robot_control_interfaces/msg/detail
-- Installing: /home/parsa/main_robot_ws/src/install/robot_control_interfaces/include/robot_control_interfaces/robot_control_interfaces/msg/detail/arm_command__struct.h
-- Installing: /home/parsa/main_robot_ws/src/install/robot_control_interfaces/include/robot_control_interfaces/robot_control_interfaces/msg/detail/arm_command__type_support.h
-- Installing: /home/parsa/main_robot_ws/src/install/robot_control_interfaces/include/robot_control_interfaces/robot_control_interfaces/msg/detail/arm_command__functions.c
-- Installing: /home/parsa/main_robot_ws/src/install/robot_control_interfaces/include/robot_control_interfaces/robot_control_interfaces/msg/detail/arm_command__functions.h
-- Installing: /home/parsa/main_robot_ws/src/install/robot_control_interfaces/include/robot_control_interfaces/robot_control_interfaces/msg/arm_command.h
-- Installing: /home/parsa/main_robot_ws/src/install/robot_control_interfaces/include/robot_control_interfaces/robot_control_interfaces/msg/rosidl_generator_c__visibility_control.h
-- Installing: /home/parsa/main_robot_ws/src/install/robot_control_interfaces/share/robot_control_interfaces/environment/library_path.sh
-- Installing: /home/parsa/main_robot_ws/src/install/robot_control_interfaces/share/robot_control_interfaces/environment/library_path.dsv
-- Installing: /home/parsa/main_robot_ws/src/install/robot_control_interfaces/lib/librobot_control_interfaces__rosidl_generator_c.so
-- Set non-toolchain portion of runtime path of "/home/parsa/main_robot_ws/src/install/robot_control_interfaces/lib/librobot_control_interfaces__rosidl_generator_c.so" to ""
-- Up-to-date: /home/parsa/main_robot_ws/src/install/robot_control_interfaces/include/robot_control_interfaces/robot_control_interfaces
-- Up-to-date: /home/parsa/main_robot_ws/src/install/robot_control_interfaces/include/robot_control_interfaces/robot_control_interfaces/srv
-- Up-to-date: /home/parsa/main_robot_ws/src/install/robot_control_interfaces/include/robot_control_interfaces/robot_control_interfaces/srv/detail
-- Installing: /home/parsa/main_robot_ws/src/install/robot_control_interfaces/include/robot_control_interfaces/robot_control_interfaces/srv/detail/arm_preset__rosidl_typesupport_fastrtps_c.h
-- Up-to-date: /home/parsa/main_robot_ws/src/install/robot_control_interfaces/include/robot_control_interfaces/robot_control_interfaces/msg
-- Up-to-date: /home/parsa/main_robot_ws/src/install/robot_control_interfaces/include/robot_control_interfaces/robot_control_interfaces/msg/detail
-- Installing: /home/parsa/main_robot_ws/src/install/robot_control_interfaces/include/robot_control_interfaces/robot_control_interfaces/msg/detail/arm_command__rosidl_typesupport_fastrtps_c.h
-- Installing: /home/parsa/main_robot_ws/src/install/robot_control_interfaces/include/robot_control_interfaces/robot_control_interfaces/msg/rosidl_typesupport_fastrtps_c__visibility_control.h
-- Installing: /home/parsa/main_robot_ws/src/install/robot_control_interfaces/lib/librobot_control_interfaces__rosidl_typesupport_fastrtps_c.so
-- Set non-toolchain portion of runtime path of "/home/parsa/main_robot_ws/src/install/robot_control_interfaces/lib/librobot_control_interfaces__rosidl_typesupport_fastrtps_c.so" to ""
-- Up-to-date: /home/parsa/main_robot_ws/src/install/robot_control_interfaces/include/robot_control_interfaces/robot_control_interfaces
-- Up-to-date: /home/parsa/main_robot_ws/src/install/robot_control_interfaces/include/robot_control_interfaces/robot_control_interfaces/srv
-- Up-to-date: /home/parsa/main_robot_ws/src/install/robot_control_interfaces/include/robot_control_interfaces/robot_control_interfaces/srv/detail
-- Installing: /home/parsa/main_robot_ws/src/install/robot_control_interfaces/include/robot_control_interfaces/robot_control_interfaces/srv/detail/arm_preset__type_support.c
-- Installing: /home/parsa/main_robot_ws/src/install/robot_control_interfaces/include/robot_control_interfaces/robot_control_interfaces/srv/detail/arm_preset__rosidl_typesupport_introspection_c.h
-- Up-to-date: /home/parsa/main_robot_ws/src/install/robot_control_interfaces/include/robot_control_interfaces/robot_control_interfaces/msg
-- Up-to-date: /home/parsa/main_robot_ws/src/install/robot_control_interfaces/include/robot_control_interfaces/robot_control_interfaces/msg/detail
-- Installing: /home/parsa/main_robot_ws/src/install/robot_control_interfaces/include/robot_control_interfaces/robot_control_interfaces/msg/detail/arm_command__rosidl_typesupport_introspection_c.h
-- Installing: /home/parsa/main_robot_ws/src/install/robot_control_interfaces/include/robot_control_interfaces/robot_control_interfaces/msg/detail/arm_command__type_support.c
-- Installing: /home/parsa/main_robot_ws/src/install/robot_control_interfaces/include/robot_control_interfaces/robot_control_interfaces/msg/rosidl_typesupport_introspection_c__visibility_control.h
-- Installing: /home/parsa/main_robot_ws/src/install/robot_control_interfaces/lib/librobot_control_interfaces__rosidl_typesupport_introspection_c.so
-- Set non-toolchain portion of runtime path of "/home/parsa/main_robot_ws/src/install/robot_control_interfaces/lib/librobot_control_interfaces__rosidl_typesupport_introspection_c.so" to ""
-- Installing: /home/parsa/main_robot_ws/src/install/robot_control_interfaces/lib/librobot_control_interfaces__rosidl_typesupport_c.so
-- Set non-toolchain portion of runtime path of "/home/parsa/main_robot_ws/src/install/robot_control_interfaces/lib/librobot_control_interfaces__rosidl_typesupport_c.so" to ""
-- Up-to-date: /home/parsa/main_robot_ws/src/install/robot_control_interfaces/include/robot_control_interfaces/robot_control_interfaces
-- Up-to-date: /home/parsa/main_robot_ws/src/install/robot_control_interfaces/include/robot_control_interfaces/robot_control_interfaces/srv
-- Up-to-date: /home/parsa/main_robot_ws/src/install/robot_control_interfaces/include/robot_control_interfaces/robot_control_interfaces/srv/detail
-- Installing: /home/parsa/main_robot_ws/src/install/robot_control_interfaces/include/robot_control_interfaces/robot_control_interfaces/srv/detail/arm_preset__traits.hpp
-- Installing: /home/parsa/main_robot_ws/src/install/robot_control_interfaces/include/robot_control_interfaces/robot_control_interfaces/srv/detail/arm_preset__builder.hpp
-- Installing: /home/parsa/main_robot_ws/src/install/robot_control_interfaces/include/robot_control_interfaces/robot_control_interfaces/srv/detail/arm_preset__struct.hpp
-- Installing: /home/parsa/main_robot_ws/src/install/robot_control_interfaces/include/robot_control_interfaces/robot_control_interfaces/srv/detail/arm_preset__type_support.hpp
-- Installing: /home/parsa/main_robot_ws/src/install/robot_control_interfaces/include/robot_control_interfaces/robot_control_interfaces/srv/arm_preset.hpp
-- Up-to-date: /home/parsa/main_robot_ws/src/install/robot_control_interfaces/include/robot_control_interfaces/robot_control_interfaces/msg
-- Up-to-date: /home/parsa/main_robot_ws/src/install/robot_control_interfaces/include/robot_control_interfaces/robot_control_interfaces/msg/detail
-- Installing: /home/parsa/main_robot_ws/src/install/robot_control_interfaces/include/robot_control_interfaces/robot_control_interfaces/msg/detail/arm_command__builder.hpp
-- Installing: /home/parsa/main_robot_ws/src/install/robot_control_interfaces/include/robot_control_interfaces/robot_control_interfaces/msg/detail/arm_command__traits.hpp
-- Installing: /home/parsa/main_robot_ws/src/install/robot_control_interfaces/include/robot_control_interfaces/robot_control_interfaces/msg/detail/arm_command__struct.hpp
-- Installing: /home/parsa/main_robot_ws/src/install/robot_control_interfaces/include/robot_control_interfaces/robot_control_interfaces/msg/detail/arm_command__type_support.hpp
-- Installing: /home/parsa/main_robot_ws/src/install/robot_control_interfaces/include/robot_control_interfaces/robot_control_interfaces/msg/rosidl_generator_cpp__visibility_control.hpp
-- Installing: /home/parsa/main_robot_ws/src/install/robot_control_interfaces/include/robot_control_interfaces/robot_control_interfaces/msg/arm_command.hpp
-- Up-to-date: /home/parsa/main_robot_ws/src/install/robot_control_interfaces/include/robot_control_interfaces/robot_control_interfaces
-- Up-to-date: /home/parsa/main_robot_ws/src/install/robot_control_interfaces/include/robot_control_interfaces/robot_control_interfaces/srv
-- Up-to-date: /home/parsa/main_robot_ws/src/install/robot_control_interfaces/include/robot_control_interfaces/robot_control_interfaces/srv/detail
-- Installing: /home/parsa/main_robot_ws/src/install/robot_control_interfaces/include/robot_control_interfaces/robot_control_interfaces/srv/detail/dds_fastrtps
-- Installing: /home/parsa/main_robot_ws/src/install/robot_control_interfaces/include/robot_control_interfaces/robot_control_interfaces/srv/detail/arm_preset__rosidl_typesupport_fastrtps_cpp.hpp
-- Up-to-date: /home/parsa/main_robot_ws/src/install/robot_control_interfaces/include/robot_control_interfaces/robot_control_interfaces/msg
-- Up-to-date: /home/parsa/main_robot_ws/src/install/robot_control_interfaces/include/robot_control_interfaces/robot_control_interfaces/msg/detail
-- Installing: /home/parsa/main_robot_ws/src/install/robot_control_interfaces/include/robot_control_interfaces/robot_control_interfaces/msg/detail/dds_fastrtps
-- Installing: /home/parsa/main_robot_ws/src/install/robot_control_interfaces/include/robot_control_interfaces/robot_control_interfaces/msg/detail/arm_command__rosidl_typesupport_fastrtps_cpp.hpp
-- Installing: /home/parsa/main_robot_ws/src/install/robot_control_interfaces/include/robot_control_interfaces/robot_control_interfaces/msg/rosidl_typesupport_fastrtps_cpp__visibility_control.h
-- Installing: /home/parsa/main_robot_ws/src/install/robot_control_interfaces/lib/librobot_control_interfaces__rosidl_typesupport_fastrtps_cpp.so
-- Set non-toolchain portion of runtime path of "/home/parsa/main_robot_ws/src/install/robot_control_interfaces/lib/librobot_control_interfaces__rosidl_typesupport_fastrtps_cpp.so" to ""
-- Up-to-date: /home/parsa/main_robot_ws/src/install/robot_control_interfaces/include/robot_control_interfaces/robot_control_interfaces
-- Up-to-date: /home/parsa/main_robot_ws/src/install/robot_control_interfaces/include/robot_control_interfaces/robot_control_interfaces/srv
-- Up-to-date: /home/parsa/main_robot_ws/src/install/robot_control_interfaces/include/robot_control_interfaces/robot_control_interfaces/srv/detail
-- Installing: /home/parsa/main_robot_ws/src/install/robot_control_interfaces/include/robot_control_interfaces/robot_control_interfaces/srv/detail/arm_preset__rosidl_typesupport_introspection_cpp.hpp
-- Installing: /home/parsa/main_robot_ws/src/install/robot_control_interfaces/include/robot_control_interfaces/robot_control_interfaces/srv/detail/arm_preset__type_support.cpp
-- Up-to-date: /home/parsa/main_robot_ws/src/install/robot_control_interfaces/include/robot_control_interfaces/robot_control_interfaces/msg
-- Up-to-date: /home/parsa/main_robot_ws/src/install/robot_control_interfaces/include/robot_control_interfaces/robot_control_interfaces/msg/detail
-- Installing: /home/parsa/main_robot_ws/src/install/robot_control_interfaces/include/robot_control_interfaces/robot_control_interfaces/msg/detail/arm_command__type_support.cpp
-- Installing: /home/parsa/main_robot_ws/src/install/robot_control_interfaces/include/robot_control_interfaces/robot_control_interfaces/msg/detail/arm_command__rosidl_typesupport_introspection_cpp.hpp
-- Installing: /home/parsa/main_robot_ws/src/install/robot_control_interfaces/lib/librobot_control_interfaces__rosidl_typesupport_introspection_cpp.so
-- Set non-toolchain portion of runtime path of "/home/parsa/main_robot_ws/src/install/robot_control_interfaces/lib/librobot_control_interfaces__rosidl_typesupport_introspection_cpp.so" to ""
-- Installing: /home/parsa/main_robot_ws/src/install/robot_control_interfaces/lib/librobot_control_interfaces__rosidl_typesupport_cpp.so
-- Set non-toolchain portion of runtime path of "/home/parsa/main_robot_ws/src/install/robot_control_interfaces/lib/librobot_control_interfaces__rosidl_typesupport_cpp.so" to ""
-- Installing: /home/parsa/main_robot_ws/src/install/robot_control_interfaces/share/robot_control_interfaces/environment/pythonpath.sh
-- Installing: /home/parsa/main_robot_ws/src/install/robot_control_interfaces/share/robot_control_interfaces/environment/pythonpath.dsv
-- Installing: /home/parsa/main_robot_ws/src/install/robot_control_interfaces/local/lib/python3.10/dist-packages/robot_control_interfaces-0.0.0-py3.10.egg-info
-- Installing: /home/parsa/main_robot_ws/src/install/robot_control_interfaces/local/lib/python3.10/dist-packages/robot_control_interfaces-0.0.0-py3.10.egg-info/top_level.txt
-- Installing: /home/parsa/main_robot_ws/src/install/robot_control_interfaces/local/lib/python3.10/dist-packages/robot_control_interfaces-0.0.0-py3.10.egg-info/SOURCES.txt
-- Installing: /home/parsa/main_robot_ws/src/install/robot_control_interfaces/local/lib/python3.10/dist-packages/robot_control_interfaces-0.0.0-py3.10.egg-info/PKG-INFO
-- Installing: /home/parsa/main_robot_ws/src/install/robot_control_interfaces/local/lib/python3.10/dist-packages/robot_control_interfaces-0.0.0-py3.10.egg-info/dependency_links.txt
-- Installing: /home/parsa/main_robot_ws/src/install/robot_control_interfaces/local/lib/python3.10/dist-packages/robot_control_interfaces
-- Installing: /home/parsa/main_robot_ws/src/install/robot_control_interfaces/local/lib/python3.10/dist-packages/robot_control_interfaces/robot_control_interfaces_s__rosidl_typesupport_fastrtps_c.cpython-310-x86_64-linux-gnu.so
-- Installing: /home/parsa/main_robot_ws/src/install/robot_control_interfaces/local/lib/python3.10/dist-packages/robot_control_interfaces/robot_control_interfaces_s__rosidl_typesupport_introspection_c.cpython-310-x86_64-linux-gnu.so
-- Installing: /home/parsa/main_robot_ws/src/install/robot_control_interfaces/local/lib/python3.10/dist-packages/robot_control_interfaces/_robot_control_interfaces_s.ep.rosidl_typesupport_fastrtps_c.c
-- Installing: /home/parsa/main_robot_ws/src/install/robot_control_interfaces/local/lib/python3.10/dist-packages/robot_control_interfaces/_robot_control_interfaces_s.ep.rosidl_typesupport_introspection_c.c
-- Installing: /home/parsa/main_robot_ws/src/install/robot_control_interfaces/local/lib/python3.10/dist-packages/robot_control_interfaces/_robot_control_interfaces_s.ep.rosidl_typesupport_c.c
-- Installing: /home/parsa/main_robot_ws/src/install/robot_control_interfaces/local/lib/python3.10/dist-packages/robot_control_interfaces/robot_control_interfaces_s__rosidl_typesupport_c.cpython-310-x86_64-linux-gnu.so
-- Installing: /home/parsa/main_robot_ws/src/install/robot_control_interfaces/local/lib/python3.10/dist-packages/robot_control_interfaces/__init__.py
-- Installing: /home/parsa/main_robot_ws/src/install/robot_control_interfaces/local/lib/python3.10/dist-packages/robot_control_interfaces/srv
-- Installing: /home/parsa/main_robot_ws/src/install/robot_control_interfaces/local/lib/python3.10/dist-packages/robot_control_interfaces/srv/_arm_preset.py
-- Installing: /home/parsa/main_robot_ws/src/install/robot_control_interfaces/local/lib/python3.10/dist-packages/robot_control_interfaces/srv/_arm_preset_s.c
-- Installing: /home/parsa/main_robot_ws/src/install/robot_control_interfaces/local/lib/python3.10/dist-packages/robot_control_interfaces/srv/__init__.py
-- Installing: /home/parsa/main_robot_ws/src/install/robot_control_interfaces/local/lib/python3.10/dist-packages/robot_control_interfaces/msg
-- Installing: /home/parsa/main_robot_ws/src/install/robot_control_interfaces/local/lib/python3.10/dist-packages/robot_control_interfaces/msg/_arm_command.py
-- Installing: /home/parsa/main_robot_ws/src/install/robot_control_interfaces/local/lib/python3.10/dist-packages/robot_control_interfaces/msg/_arm_command_s.c
-- Installing: /home/parsa/main_robot_ws/src/install/robot_control_interfaces/local/lib/python3.10/dist-packages/robot_control_interfaces/msg/__init__.py
-- Installing: /home/parsa/main_robot_ws/src/install/robot_control_interfaces/local/lib/python3.10/dist-packages/robot_control_interfaces/librobot_control_interfaces__rosidl_generator_py.so
Listing '/home/parsa/main_robot_ws/src/install/robot_control_interfaces/local/lib/python3.10/dist-packages/robot_control_interfaces'...
Compiling '/home/parsa/main_robot_ws/src/install/robot_control_interfaces/local/lib/python3.10/dist-packages/robot_control_interfaces/__init__.py'...
Listing '/home/parsa/main_robot_ws/src/install/robot_control_interfaces/local/lib/python3.10/dist-packages/robot_control_interfaces/msg'...
Compiling '/home/parsa/main_robot_ws/src/install/robot_control_interfaces/local/lib/python3.10/dist-packages/robot_control_interfaces/msg/__init__.py'...
Compiling '/home/parsa/main_robot_ws/src/install/robot_control_interfaces/local/lib/python3.10/dist-packages/robot_control_interfaces/msg/_arm_command.py'...
Listing '/home/parsa/main_robot_ws/src/install/robot_control_interfaces/local/lib/python3.10/dist-packages/robot_control_interfaces/srv'...
Compiling '/home/parsa/main_robot_ws/src/install/robot_control_interfaces/local/lib/python3.10/dist-packages/robot_control_interfaces/srv/__init__.py'...
Compiling '/home/parsa/main_robot_ws/src/install/robot_control_interfaces/local/lib/python3.10/dist-packages/robot_control_interfaces/srv/_arm_preset.py'...
-- Installing: /home/parsa/main_robot_ws/src/install/robot_control_interfaces/local/lib/python3.10/dist-packages/robot_control_interfaces/robot_control_interfaces_s__rosidl_typesupport_fastrtps_c.cpython-310-x86_64-linux-gnu.so
-- Set non-toolchain portion of runtime path of "/home/parsa/main_robot_ws/src/install/robot_control_interfaces/local/lib/python3.10/dist-packages/robot_control_interfaces/robot_control_interfaces_s__rosidl_typesupport_fastrtps_c.cpython-310-x86_64-linux-gnu.so" to ""
-- Installing: /home/parsa/main_robot_ws/src/install/robot_control_interfaces/local/lib/python3.10/dist-packages/robot_control_interfaces/robot_control_interfaces_s__rosidl_typesupport_introspection_c.cpython-310-x86_64-linux-gnu.so
-- Set non-toolchain portion of runtime path of "/home/parsa/main_robot_ws/src/install/robot_control_interfaces/local/lib/python3.10/dist-packages/robot_control_interfaces/robot_control_interfaces_s__rosidl_typesupport_introspection_c.cpython-310-x86_64-linux-gnu.so" to ""
-- Installing: /home/parsa/main_robot_ws/src/install/robot_control_interfaces/local/lib/python3.10/dist-packages/robot_control_interfaces/robot_control_interfaces_s__rosidl_typesupport_c.cpython-310-x86_64-linux-gnu.so
-- Set non-toolchain portion of runtime path of "/home/parsa/main_robot_ws/src/install/robot_control_interfaces/local/lib/python3.10/dist-packages/robot_control_interfaces/robot_control_interfaces_s__rosidl_typesupport_c.cpython-310-x86_64-linux-gnu.so" to ""
-- Installing: /home/parsa/main_robot_ws/src/install/robot_control_interfaces/lib/librobot_control_interfaces__rosidl_generator_py.so
-- Set non-toolchain portion of runtime path of "/home/parsa/main_robot_ws/src/install/robot_control_interfaces/lib/librobot_control_interfaces__rosidl_generator_py.so" to ""
-- Installing: /home/parsa/main_robot_ws/src/install/robot_control_interfaces/share/robot_control_interfaces/msg/ArmCommand.idl
-- Installing: /home/parsa/main_robot_ws/src/install/robot_control_interfaces/share/robot_control_interfaces/srv/ArmPreset.idl
-- Installing: /home/parsa/main_robot_ws/src/install/robot_control_interfaces/share/robot_control_interfaces/msg/ArmCommand.msg
-- Installing: /home/parsa/main_robot_ws/src/install/robot_control_interfaces/share/robot_control_interfaces/srv/ArmPreset.srv
-- Installing: /home/parsa/main_robot_ws/src/install/robot_control_interfaces/share/robot_control_interfaces/srv/ArmPreset_Request.msg
-- Installing: /home/parsa/main_robot_ws/src/install/robot_control_interfaces/share/robot_control_interfaces/srv/ArmPreset_Response.msg
-- Installing: /home/parsa/main_robot_ws/src/install/robot_control_interfaces/share/ament_index/resource_index/package_run_dependencies/robot_control_interfaces
-- Installing: /home/parsa/main_robot_ws/src/install/robot_control_interfaces/share/ament_index/resource_index/parent_prefix_path/robot_control_interfaces
-- Installing: /home/parsa/main_robot_ws/src/install/robot_control_interfaces/share/robot_control_interfaces/environment/ament_prefix_path.sh
-- Installing: /home/parsa/main_robot_ws/src/install/robot_control_interfaces/share/robot_control_interfaces/environment/ament_prefix_path.dsv
-- Installing: /home/parsa/main_robot_ws/src/install/robot_control_interfaces/share/robot_control_interfaces/environment/path.sh
-- Installing: /home/parsa/main_robot_ws/src/install/robot_control_interfaces/share/robot_control_interfaces/environment/path.dsv
-- Installing: /home/parsa/main_robot_ws/src/install/robot_control_interfaces/share/robot_control_interfaces/local_setup.bash
-- Installing: /home/parsa/main_robot_ws/src/install/robot_control_interfaces/share/robot_control_interfaces/local_setup.sh
-- Installing: /home/parsa/main_robot_ws/src/install/robot_control_interfaces/share/robot_control_interfaces/local_setup.zsh
-- Installing: /home/parsa/main_robot_ws/src/install/robot_control_interfaces/share/robot_control_interfaces/local_setup.dsv
-- Installing: /home/parsa/main_robot_ws/src/install/robot_control_interfaces/share/robot_control_interfaces/package.dsv
-- Installing: /home/parsa/main_robot_ws/src/install/robot_control_interfaces/share/ament_index/resource_index/packages/robot_control_interfaces
-- Installing: /home/parsa/main_robot_ws/src/install/robot_control_interfaces/share/robot_control_interfaces/cmake/export_robot_control_interfaces__rosidl_generator_cExport.cmake
-- Installing: /home/parsa/main_robot_ws/src/install/robot_control_interfaces/share/robot_control_interfaces/cmake/export_robot_control_interfaces__rosidl_generator_cExport-noconfig.cmake
-- Installing: /home/parsa/main_robot_ws/src/install/robot_control_interfaces/share/robot_control_interfaces/cmake/export_robot_control_interfaces__rosidl_typesupport_fastrtps_cExport.cmake
-- Installing: /home/parsa/main_robot_ws/src/install/robot_control_interfaces/share/robot_control_interfaces/cmake/export_robot_control_interfaces__rosidl_typesupport_fastrtps_cExport-noconfig.cmake
-- Installing: /home/parsa/main_robot_ws/src/install/robot_control_interfaces/share/robot_control_interfaces/cmake/robot_control_interfaces__rosidl_typesupport_introspection_cExport.cmake
-- Installing: /home/parsa/main_robot_ws/src/install/robot_control_interfaces/share/robot_control_interfaces/cmake/robot_control_interfaces__rosidl_typesupport_introspection_cExport-noconfig.cmake
-- Installing: /home/parsa/main_robot_ws/src/install/robot_control_interfaces/share/robot_control_interfaces/cmake/robot_control_interfaces__rosidl_typesupport_cExport.cmake
-- Installing: /home/parsa/main_robot_ws/src/install/robot_control_interfaces/share/robot_control_interfaces/cmake/robot_control_interfaces__rosidl_typesupport_cExport-noconfig.cmake
-- Installing: /home/parsa/main_robot_ws/src/install/robot_control_interfaces/share/robot_control_interfaces/cmake/export_robot_control_interfaces__rosidl_generator_cppExport.cmake
-- Installing: /home/parsa/main_robot_ws/src/install/robot_control_interfaces/share/robot_control_interfaces/cmake/export_robot_control_interfaces__rosidl_typesupport_fastrtps_cppExport.cmake
-- Installing: /home/parsa/main_robot_ws/src/install/robot_control_interfaces/share/robot_control_interfaces/cmake/export_robot_control_interfaces__rosidl_typesupport_fastrtps_cppExport-noconfig.cmake
-- Installing: /home/parsa/main_robot_ws/src/install/robot_control_interfaces/share/robot_control_interfaces/cmake/robot_control_interfaces__rosidl_typesupport_introspection_cppExport.cmake
-- Installing: /home/parsa/main_robot_ws/src/install/robot_control_interfaces/share/robot_control_interfaces/cmake/robot_control_interfaces__rosidl_typesupport_introspection_cppExport-noconfig.cmake
-- Installing: /home/parsa/main_robot_ws/src/install/robot_control_interfaces/share/robot_control_interfaces/cmake/robot_control_interfaces__rosidl_typesupport_cppExport.cmake
-- Installing: /home/parsa/main_robot_ws/src/install/robot_control_interfaces/share/robot_control_interfaces/cmake/robot_control_interfaces__rosidl_typesupport_cppExport-noconfig.cmake
-- Installing: /home/parsa/main_robot_ws/src/install/robot_control_interfaces/share/robot_control_interfaces/cmake/export_robot_control_interfaces__rosidl_generator_pyExport.cmake
-- Installing: /home/parsa/main_robot_ws/src/install/robot_control_interfaces/share/robot_control_interfaces/cmake/export_robot_control_interfaces__rosidl_generator_pyExport-noconfig.cmake
-- Installing: /home/parsa/main_robot_ws/src/install/robot_control_interfaces/share/robot_control_interfaces/cmake/rosidl_cmake-extras.cmake
-- Installing: /home/parsa/main_robot_ws/src/install/robot_control_interfaces/share/robot_control_interfaces/cmake/ament_cmake_export_include_directories-extras.cmake
-- Installing: /home/parsa/main_robot_ws/src/install/robot_control_interfaces/share/robot_control_interfaces/cmake/ament_cmake_export_libraries-extras.cmake
-- Installing: /home/parsa/main_robot_ws/src/install/robot_control_interfaces/share/robot_control_interfaces/cmake/ament_cmake_export_targets-extras.cmake
-- Installing: /home/parsa/main_robot_ws/src/install/robot_control_interfaces/share/robot_control_interfaces/cmake/rosidl_cmake_export_typesupport_targets-extras.cmake
-- Installing: /home/parsa/main_robot_ws/src/install/robot_control_interfaces/share/robot_control_interfaces/cmake/ament_cmake_export_dependencies-extras.cmake
-- Installing: /home/parsa/main_robot_ws/src/install/robot_control_interfaces/share/robot_control_interfaces/cmake/rosidl_cmake_export_typesupport_libraries-extras.cmake
-- Installing: /home/parsa/main_robot_ws/src/install/robot_control_interfaces/share/robot_control_interfaces/cmake/robot_control_interfacesConfig.cmake
-- Installing: /home/parsa/main_robot_ws/src/install/robot_control_interfaces/share/robot_control_interfaces/cmake/robot_control_interfacesConfig-version.cmake
-- Installing: /home/parsa/main_robot_ws/src/install/robot_control_interfaces/share/robot_control_interfaces/package.xml
