[0.013s] Invoking command in '/home/parsa/main_robot_ws/build/my_robot_moveit_config': CMAKE_PREFIX_PATH=${CMAKE_PREFIX_PATH}:/opt/ros/humble /home/parsa/.local/bin/cmake /home/parsa/main_robot_ws/src/my_robot_moveit_config -DCMAKE_INSTALL_PREFIX=/home/parsa/main_robot_ws/install/my_robot_moveit_config
[0.148s] -- The C compiler identification is GNU 11.4.0
[0.241s] -- The CXX compiler identification is GNU 11.4.0
[0.256s] -- Detecting C compiler ABI info
[0.383s] -- Detecting C compiler ABI info - done
[0.404s] -- Check for working C compiler: /usr/bin/cc - skipped
[0.405s] -- Detecting C compile features
[0.405s] -- Detecting C compile features - done
[0.426s] -- Detecting CXX compiler ABI info
[0.553s] -- Detecting CXX compiler ABI info - done
[0.573s] -- Check for working CXX compiler: /usr/bin/c++ - skipped
[0.574s] -- Detecting CXX compile features
[0.574s] -- Detecting CXX compile features - done
[0.595s] -- Found ament_cmake: 1.3.11 (/opt/ros/humble/share/ament_cmake/cmake)
[0.753s] -- Found Python3: /usr/bin/python3 (found version "3.10.12") found components: Interpreter
[1.004s] -- Configuring done (0.9s)
[1.009s] -- Generating done (0.0s)
[1.011s] -- Build files have been written to: /home/parsa/main_robot_ws/build/my_robot_moveit_config
[1.024s] Invoked command in '/home/parsa/main_robot_ws/build/my_robot_moveit_config' returned '0': CMAKE_PREFIX_PATH=${CMAKE_PREFIX_PATH}:/opt/ros/humble /home/parsa/.local/bin/cmake /home/parsa/main_robot_ws/src/my_robot_moveit_config -DCMAKE_INSTALL_PREFIX=/home/parsa/main_robot_ws/install/my_robot_moveit_config
[1.025s] Invoking command in '/home/parsa/main_robot_ws/build/my_robot_moveit_config': CMAKE_PREFIX_PATH=${CMAKE_PREFIX_PATH}:/opt/ros/humble /home/parsa/.local/bin/cmake --build /home/parsa/main_robot_ws/build/my_robot_moveit_config -- -j16 -l16
[1.136s] Invoked command in '/home/parsa/main_robot_ws/build/my_robot_moveit_config' returned '0': CMAKE_PREFIX_PATH=${CMAKE_PREFIX_PATH}:/opt/ros/humble /home/parsa/.local/bin/cmake --build /home/parsa/main_robot_ws/build/my_robot_moveit_config -- -j16 -l16
[1.139s] Invoking command in '/home/parsa/main_robot_ws/build/my_robot_moveit_config': CMAKE_PREFIX_PATH=${CMAKE_PREFIX_PATH}:/opt/ros/humble /home/parsa/.local/bin/cmake --install /home/parsa/main_robot_ws/build/my_robot_moveit_config
[1.229s] -- Install configuration: ""
[1.229s] -- Installing: /home/parsa/main_robot_ws/install/my_robot_moveit_config/share/ament_index/resource_index/package_run_dependencies/my_robot_moveit_config
[1.230s] -- Installing: /home/parsa/main_robot_ws/install/my_robot_moveit_config/share/ament_index/resource_index/parent_prefix_path/my_robot_moveit_config
[1.230s] -- Installing: /home/parsa/main_robot_ws/install/my_robot_moveit_config/share/my_robot_moveit_config/environment/ament_prefix_path.sh
[1.230s] -- Installing: /home/parsa/main_robot_ws/install/my_robot_moveit_config/share/my_robot_moveit_config/environment/ament_prefix_path.dsv
[1.230s] -- Installing: /home/parsa/main_robot_ws/install/my_robot_moveit_config/share/my_robot_moveit_config/environment/path.sh
[1.230s] -- Installing: /home/parsa/main_robot_ws/install/my_robot_moveit_config/share/my_robot_moveit_config/environment/path.dsv
[1.231s] -- Installing: /home/parsa/main_robot_ws/install/my_robot_moveit_config/share/my_robot_moveit_config/local_setup.bash
[1.232s] -- Installing: /home/parsa/main_robot_ws/install/my_robot_moveit_config/share/my_robot_moveit_config/local_setup.sh
[1.232s] -- Installing: /home/parsa/main_robot_ws/install/my_robot_moveit_config/share/my_robot_moveit_config/local_setup.zsh
[1.232s] -- Installing: /home/parsa/main_robot_ws/install/my_robot_moveit_config/share/my_robot_moveit_config/local_setup.dsv
[1.232s] -- Installing: /home/parsa/main_robot_ws/install/my_robot_moveit_config/share/my_robot_moveit_config/package.dsv
[1.233s] -- Installing: /home/parsa/main_robot_ws/install/my_robot_moveit_config/share/ament_index/resource_index/packages/my_robot_moveit_config
[1.233s] -- Installing: /home/parsa/main_robot_ws/install/my_robot_moveit_config/share/my_robot_moveit_config/cmake/my_robot_moveit_configConfig.cmake
[1.233s] -- Installing: /home/parsa/main_robot_ws/install/my_robot_moveit_config/share/my_robot_moveit_config/cmake/my_robot_moveit_configConfig-version.cmake
[1.233s] -- Installing: /home/parsa/main_robot_ws/install/my_robot_moveit_config/share/my_robot_moveit_config/package.xml
[1.233s] -- Installing: /home/parsa/main_robot_ws/install/my_robot_moveit_config/share/my_robot_moveit_config/launch
[1.233s] -- Installing: /home/parsa/main_robot_ws/install/my_robot_moveit_config/share/my_robot_moveit_config/launch/moveit_rviz.launch.py
[1.233s] -- Installing: /home/parsa/main_robot_ws/install/my_robot_moveit_config/share/my_robot_moveit_config/launch/move_group.launch.py
[1.233s] -- Installing: /home/parsa/main_robot_ws/install/my_robot_moveit_config/share/my_robot_moveit_config/launch/spawn_controllers.launch.py
[1.233s] -- Installing: /home/parsa/main_robot_ws/install/my_robot_moveit_config/share/my_robot_moveit_config/launch/static_virtual_joint_tfs.launch.py
[1.234s] -- Installing: /home/parsa/main_robot_ws/install/my_robot_moveit_config/share/my_robot_moveit_config/launch/setup_assistant.launch.py
[1.234s] -- Installing: /home/parsa/main_robot_ws/install/my_robot_moveit_config/share/my_robot_moveit_config/launch/rsp.launch.py
[1.234s] -- Installing: /home/parsa/main_robot_ws/install/my_robot_moveit_config/share/my_robot_moveit_config/launch/warehouse_db.launch.py
[1.234s] -- Installing: /home/parsa/main_robot_ws/install/my_robot_moveit_config/share/my_robot_moveit_config/launch/demo.launch.py
[1.234s] -- Installing: /home/parsa/main_robot_ws/install/my_robot_moveit_config/share/my_robot_moveit_config/config
[1.234s] -- Installing: /home/parsa/main_robot_ws/install/my_robot_moveit_config/share/my_robot_moveit_config/config/ros2_controllers.yaml
[1.238s] -- Installing: /home/parsa/main_robot_ws/install/my_robot_moveit_config/share/my_robot_moveit_config/config/moveit.rviz
[1.242s] -- Installing: /home/parsa/main_robot_ws/install/my_robot_moveit_config/share/my_robot_moveit_config/config/joint_limits.yaml
[1.242s] -- Installing: /home/parsa/main_robot_ws/install/my_robot_moveit_config/share/my_robot_moveit_config/config/pilz_cartesian_limits.yaml
[1.242s] -- Installing: /home/parsa/main_robot_ws/install/my_robot_moveit_config/share/my_robot_moveit_config/config/initial_positions.yaml
[1.242s] -- Installing: /home/parsa/main_robot_ws/install/my_robot_moveit_config/share/my_robot_moveit_config/config/kinematics.yaml
[1.242s] -- Installing: /home/parsa/main_robot_ws/install/my_robot_moveit_config/share/my_robot_moveit_config/config/robot_arm.urdf.xacro
[1.242s] -- Installing: /home/parsa/main_robot_ws/install/my_robot_moveit_config/share/my_robot_moveit_config/config/moveit_controllers.yaml
[1.242s] -- Installing: /home/parsa/main_robot_ws/install/my_robot_moveit_config/share/my_robot_moveit_config/config/robot_arm.srdf
[1.242s] -- Installing: /home/parsa/main_robot_ws/install/my_robot_moveit_config/share/my_robot_moveit_config/config/robot_arm.ros2_control.xacro
[1.243s] -- Installing: /home/parsa/main_robot_ws/install/my_robot_moveit_config/share/my_robot_moveit_config/.setup_assistant
[1.243s] Invoked command in '/home/parsa/main_robot_ws/build/my_robot_moveit_config' returned '0': CMAKE_PREFIX_PATH=${CMAKE_PREFIX_PATH}:/opt/ros/humble /home/parsa/.local/bin/cmake --install /home/parsa/main_robot_ws/build/my_robot_moveit_config
