-- Install configuration: ""
-- Up-to-date: /home/parsa/main_robot_ws/install/my_robot_bringup/share/my_robot_bringup/launch
-- Up-to-date: /home/parsa/main_robot_ws/install/my_robot_bringup/share/my_robot_bringup/launch/sensors.launch.py
-- Up-to-date: /home/parsa/main_robot_ws/install/my_robot_bringup/share/my_robot_bringup/launch/core.launch.py
-- Up-to-date: /home/parsa/main_robot_ws/install/my_robot_bringup/share/my_robot_bringup/launch/test_tf.launch.py
-- Up-to-date: /home/parsa/main_robot_ws/install/my_robot_bringup/share/my_robot_bringup/launch/robot.launch.py
-- Up-to-date: /home/parsa/main_robot_ws/install/my_robot_bringup/share/my_robot_bringup/config
-- Up-to-date: /home/parsa/main_robot_ws/install/my_robot_bringup/share/my_robot_bringup/config/lidar_config.yaml
-- Up-to-date: /home/parsa/main_robot_ws/install/my_robot_bringup/share/my_robot_bringup/config/slam_config.yaml
-- Up-to-date: /home/parsa/main_robot_ws/install/my_robot_bringup/share/my_robot_bringup/maps
-- Up-to-date: /home/parsa/main_robot_ws/install/my_robot_bringup/share/my_robot_bringup/maps/map.data
-- Up-to-date: /home/parsa/main_robot_ws/install/my_robot_bringup/share/my_robot_bringup/maps/map.posegraph
-- Up-to-date: /home/parsa/main_robot_ws/install/my_robot_bringup/share/my_robot_bringup/scripts
-- Up-to-date: /home/parsa/main_robot_ws/install/my_robot_bringup/share/my_robot_bringup/rviz
-- Up-to-date: /home/parsa/main_robot_ws/install/my_robot_bringup/share/my_robot_bringup/rviz/robot.rviz
-- Up-to-date: /home/parsa/main_robot_ws/install/my_robot_bringup/share/ament_index/resource_index/package_run_dependencies/my_robot_bringup
-- Up-to-date: /home/parsa/main_robot_ws/install/my_robot_bringup/share/ament_index/resource_index/parent_prefix_path/my_robot_bringup
-- Up-to-date: /home/parsa/main_robot_ws/install/my_robot_bringup/share/my_robot_bringup/environment/ament_prefix_path.sh
-- Up-to-date: /home/parsa/main_robot_ws/install/my_robot_bringup/share/my_robot_bringup/environment/ament_prefix_path.dsv
-- Up-to-date: /home/parsa/main_robot_ws/install/my_robot_bringup/share/my_robot_bringup/environment/path.sh
-- Up-to-date: /home/parsa/main_robot_ws/install/my_robot_bringup/share/my_robot_bringup/environment/path.dsv
-- Up-to-date: /home/parsa/main_robot_ws/install/my_robot_bringup/share/my_robot_bringup/local_setup.bash
-- Up-to-date: /home/parsa/main_robot_ws/install/my_robot_bringup/share/my_robot_bringup/local_setup.sh
-- Up-to-date: /home/parsa/main_robot_ws/install/my_robot_bringup/share/my_robot_bringup/local_setup.zsh
-- Up-to-date: /home/parsa/main_robot_ws/install/my_robot_bringup/share/my_robot_bringup/local_setup.dsv
-- Installing: /home/parsa/main_robot_ws/install/my_robot_bringup/share/my_robot_bringup/package.dsv
-- Up-to-date: /home/parsa/main_robot_ws/install/my_robot_bringup/share/ament_index/resource_index/packages/my_robot_bringup
-- Up-to-date: /home/parsa/main_robot_ws/install/my_robot_bringup/share/my_robot_bringup/cmake/my_robot_bringupConfig.cmake
-- Up-to-date: /home/parsa/main_robot_ws/install/my_robot_bringup/share/my_robot_bringup/cmake/my_robot_bringupConfig-version.cmake
-- Up-to-date: /home/parsa/main_robot_ws/install/my_robot_bringup/share/my_robot_bringup/package.xml
