-- The C compiler identification is GNU 11.4.0
-- The CXX compiler identification is GNU 11.4.0
-- Detecting C compiler ABI info
-- Detecting C compiler ABI info - done
-- Check for working C compiler: /usr/bin/cc - skipped
-- Detecting C compile features
-- Detecting C compile features - done
-- Detecting CXX compiler ABI info
[0mCMake Deprecation Warning at CMakeLists.txt:1 (cmake_minimum_required):
  Compatibility with CMake < 3.10 will be removed from a future version of
  CMake.

  Update the VERSION argument <min> value.  Or, use the <min>...<max> syntax
  to tell CMake that the project requires at least <min> but has been updated
  to work with policies introduced by <max> or earlier.

[0m
-- Detecting CXX compiler ABI info - done
-- Check for working CXX compiler: /usr/bin/c++ - skipped
-- Detecting CXX compile features
-- Detecting CXX compile features - done
-- Found ament_cmake: 1.3.11 (/opt/ros/humble/share/ament_cmake/cmake)
-- Found Python3: /usr/bin/python3 (found version "3.10.12") found components: Interpreter
-- Found nav2_bringup: 1.1.18 (/opt/ros/humble/share/nav2_bringup/cmake)
-- Found rclcpp: 16.0.12 (/opt/ros/humble/share/rclcpp/cmake)
-- Found rosidl_generator_c: 3.1.6 (/opt/ros/humble/share/rosidl_generator_c/cmake)
-- Found rosidl_adapter: 3.1.6 (/opt/ros/humble/share/rosidl_adapter/cmake)
-- Found rosidl_generator_cpp: 3.1.6 (/opt/ros/humble/share/rosidl_generator_cpp/cmake)
-- Using all available rosidl_typesupport_c: rosidl_typesupport_fastrtps_c;rosidl_typesupport_introspection_c
-- Using all available rosidl_typesupport_cpp: rosidl_typesupport_fastrtps_cpp;rosidl_typesupport_introspection_cpp
-- Found rmw_implementation_cmake: 6.1.2 (/opt/ros/humble/share/rmw_implementation_cmake/cmake)
-- Found rmw_fastrtps_cpp: 6.2.7 (/opt/ros/humble/share/rmw_fastrtps_cpp/cmake)
-- Found OpenSSL: /usr/lib/x86_64-linux-gnu/libcrypto.so (found version "3.0.2")
-- Found FastRTPS: /opt/ros/humble/include
-- Using RMW implementation 'rmw_fastrtps_cpp' as default
-- Performing Test CMAKE_HAVE_LIBC_PTHREAD
-- Performing Test CMAKE_HAVE_LIBC_PTHREAD - Success
-- Found Threads: TRUE
-- Found geometry_msgs: 4.8.0 (/opt/ros/humble/share/geometry_msgs/cmake)
-- Found rosidl_default_generators: 1.2.0 (/opt/ros/humble/share/rosidl_default_generators/cmake)
-- Found ament_cmake_ros: 0.10.0 (/opt/ros/humble/share/ament_cmake_ros/cmake)
-- Using all available rosidl_typesupport_c: rosidl_typesupport_fastrtps_c;rosidl_typesupport_introspection_c
-- Using all available rosidl_typesupport_cpp: rosidl_typesupport_fastrtps_cpp;rosidl_typesupport_introspection_cpp
[33mCMake Warning (dev) at /opt/ros/humble/share/rosidl_generator_py/cmake/rosidl_generator_py_generate_interfaces.cmake:20 (find_package):
  Policy CMP0148 is not set: The FindPythonInterp and FindPythonLibs modules
  are removed.  Run "cmake --help-policy CMP0148" for policy details.  Use
  the cmake_policy command to set the policy and suppress this warning.

Call Stack (most recent call first):
  /opt/ros/humble/share/ament_cmake_core/cmake/core/ament_execute_extensions.cmake:48 (include)
  /opt/ros/humble/share/rosidl_cmake/cmake/rosidl_generate_interfaces.cmake:286 (ament_execute_extensions)
  CMakeLists.txt:63 (rosidl_generate_interfaces)
This warning is for project developers.  Use -Wno-dev to suppress it.
[0m
-- Found PythonInterp: /usr/bin/python3 (found suitable version "3.10.12", minimum required is "3.6")
-- Found python_cmake_module: 0.10.0 (/opt/ros/humble/share/python_cmake_module/cmake)
[33mCMake Warning (dev) at /opt/ros/humble/share/python_cmake_module/cmake/Modules/FindPythonExtra.cmake:52 (find_package):
  Policy CMP0148 is not set: The FindPythonInterp and FindPythonLibs modules
  are removed.  Run "cmake --help-policy CMP0148" for policy details.  Use
  the cmake_policy command to set the policy and suppress this warning.

Call Stack (most recent call first):
  /opt/ros/humble/share/rosidl_generator_py/cmake/rosidl_generator_py_generate_interfaces.cmake:23 (find_package)
  /opt/ros/humble/share/ament_cmake_core/cmake/core/ament_execute_extensions.cmake:48 (include)
  /opt/ros/humble/share/rosidl_cmake/cmake/rosidl_generate_interfaces.cmake:286 (ament_execute_extensions)
  CMakeLists.txt:63 (rosidl_generate_interfaces)
This warning is for project developers.  Use -Wno-dev to suppress it.
[0m
[33mCMake Warning (dev) at /opt/ros/humble/share/python_cmake_module/cmake/Modules/FindPythonExtra.cmake:140 (find_package):
  Policy CMP0148 is not set: The FindPythonInterp and FindPythonLibs modules
  are removed.  Run "cmake --help-policy CMP0148" for policy details.  Use
  the cmake_policy command to set the policy and suppress this warning.

Call Stack (most recent call first):
  /opt/ros/humble/share/rosidl_generator_py/cmake/rosidl_generator_py_generate_interfaces.cmake:23 (find_package)
  /opt/ros/humble/share/ament_cmake_core/cmake/core/ament_execute_extensions.cmake:48 (include)
  /opt/ros/humble/share/rosidl_cmake/cmake/rosidl_generate_interfaces.cmake:286 (ament_execute_extensions)
  CMakeLists.txt:63 (rosidl_generate_interfaces)
This warning is for project developers.  Use -Wno-dev to suppress it.
[0m
-- Found PythonLibs: /usr/lib/x86_64-linux-gnu/libpython3.10.so (found suitable version "3.10.12", minimum required is "3.5")
-- Using PYTHON_EXECUTABLE: /usr/bin/python3
-- Using PYTHON_INCLUDE_DIRS: /usr/include/python3.10
-- Using PYTHON_LIBRARIES: /usr/lib/x86_64-linux-gnu/libpython3.10.so
-- Found PythonExtra: .so
-- Found ament_lint_auto: 0.12.12 (/opt/ros/humble/share/ament_lint_auto/cmake)
-- Added test 'flake8' to check Python code syntax and style conventions
-- Added test 'lint_cmake' to check CMake code style
-- Added test 'pep257' to check Python code against some of the docstring style conventions in PEP 257
-- Added test 'xmllint' to check XML markup files
-- Configuring done (5.2s)
-- Generating done (0.1s)
-- Build files have been written to: /home/parsa/main_robot_ws/src/build/my_robot_navigation
[  3%] [34m[1mGenerating C code for ROS interfaces[0m
[  6%] [34m[1mGenerating C++ code for ROS interfaces[0m
[  6%] Built target ament_cmake_python_copy_my_robot_navigation
running egg_info
creating my_robot_navigation.egg-info
writing my_robot_navigation.egg-info/PKG-INFO
writing dependency_links to my_robot_navigation.egg-info/dependency_links.txt
writing top-level names to my_robot_navigation.egg-info/top_level.txt
writing manifest file 'my_robot_navigation.egg-info/SOURCES.txt'
reading manifest file 'my_robot_navigation.egg-info/SOURCES.txt'
writing manifest file 'my_robot_navigation.egg-info/SOURCES.txt'
[  6%] Built target ament_cmake_python_build_my_robot_navigation_egg
[  6%] Built target my_robot_navigation__cpp
[  9%] [34m[1mGenerating C++ type support dispatch for ROS interfaces[0m
[ 12%] [34m[1mGenerating C++ introspection for ROS interfaces[0m
[ 16%] [34m[1mGenerating C++ type support for eProsima Fast-RTPS[0m
[ 19%] [32mBuilding C object CMakeFiles/my_robot_navigation__rosidl_generator_c.dir/rosidl_generator_c/my_robot_navigation/action/detail/move_holonomic__functions.c.o[0m
[ 22%] [32m[1mLinking C shared library libmy_robot_navigation__rosidl_generator_c.so[0m
[ 22%] Built target my_robot_navigation__rosidl_generator_c
[ 25%] [34m[1mGenerating C type support for eProsima Fast-RTPS[0m
[ 32%] [34m[1mGenerating C introspection for ROS interfaces[0m
[ 32%] [34m[1mGenerating C type support dispatch for ROS interfaces[0m
[ 35%] [32mBuilding CXX object CMakeFiles/my_robot_navigation__rosidl_typesupport_introspection_cpp.dir/rosidl_typesupport_introspection_cpp/my_robot_navigation/action/detail/move_holonomic__type_support.cpp.o[0m
[ 38%] [32mBuilding CXX object CMakeFiles/my_robot_navigation__rosidl_typesupport_cpp.dir/rosidl_typesupport_cpp/my_robot_navigation/action/move_holonomic__type_support.cpp.o[0m
[ 41%] [32mBuilding CXX object CMakeFiles/my_robot_navigation__rosidl_typesupport_fastrtps_cpp.dir/rosidl_typesupport_fastrtps_cpp/my_robot_navigation/action/detail/dds_fastrtps/move_holonomic__type_support.cpp.o[0m
[ 45%] [32mBuilding CXX object CMakeFiles/my_robot_navigation__rosidl_typesupport_c.dir/rosidl_typesupport_c/my_robot_navigation/action/move_holonomic__type_support.cpp.o[0m
[ 48%] [32m[1mLinking CXX shared library libmy_robot_navigation__rosidl_typesupport_c.so[0m
[ 51%] [32mBuilding CXX object CMakeFiles/my_robot_navigation__rosidl_typesupport_fastrtps_c.dir/rosidl_typesupport_fastrtps_c/my_robot_navigation/action/detail/move_holonomic__type_support_c.cpp.o[0m
[ 54%] [32m[1mLinking CXX shared library libmy_robot_navigation__rosidl_typesupport_cpp.so[0m
[ 54%] Built target my_robot_navigation__rosidl_typesupport_c
[ 54%] Built target my_robot_navigation__rosidl_typesupport_cpp
[ 58%] [32mBuilding C object CMakeFiles/my_robot_navigation__rosidl_typesupport_introspection_c.dir/rosidl_typesupport_introspection_c/my_robot_navigation/action/detail/move_holonomic__type_support.c.o[0m
[ 61%] [32m[1mLinking CXX shared library libmy_robot_navigation__rosidl_typesupport_introspection_cpp.so[0m
[ 64%] [32m[1mLinking C shared library libmy_robot_navigation__rosidl_typesupport_introspection_c.so[0m
[ 64%] Built target my_robot_navigation__rosidl_typesupport_introspection_c
[ 64%] Built target my_robot_navigation__rosidl_typesupport_introspection_cpp
[ 67%] [32m[1mLinking CXX shared library libmy_robot_navigation__rosidl_typesupport_fastrtps_c.so[0m
[ 70%] [32m[1mLinking CXX shared library libmy_robot_navigation__rosidl_typesupport_fastrtps_cpp.so[0m
[ 70%] Built target my_robot_navigation__rosidl_typesupport_fastrtps_c
[ 70%] Built target my_robot_navigation__rosidl_typesupport_fastrtps_cpp
[ 70%] Built target my_robot_navigation
[ 74%] [34m[1mGenerating Python code for ROS interfaces[0m
[ 74%] Built target my_robot_navigation__py
[ 77%] [32mBuilding C object CMakeFiles/my_robot_navigation__rosidl_generator_py.dir/rosidl_generator_py/my_robot_navigation/action/_move_holonomic_s.c.o[0m
[ 80%] [32m[1mLinking C shared library rosidl_generator_py/my_robot_navigation/libmy_robot_navigation__rosidl_generator_py.so[0m
[ 80%] Built target my_robot_navigation__rosidl_generator_py
[ 83%] [32mBuilding C object CMakeFiles/my_robot_navigation__rosidl_typesupport_fastrtps_c__pyext.dir/rosidl_generator_py/my_robot_navigation/_my_robot_navigation_s.ep.rosidl_typesupport_fastrtps_c.c.o[0m
[ 87%] [32mBuilding C object CMakeFiles/my_robot_navigation__rosidl_typesupport_introspection_c__pyext.dir/rosidl_generator_py/my_robot_navigation/_my_robot_navigation_s.ep.rosidl_typesupport_introspection_c.c.o[0m
[ 90%] [32mBuilding C object CMakeFiles/my_robot_navigation__rosidl_typesupport_c__pyext.dir/rosidl_generator_py/my_robot_navigation/_my_robot_navigation_s.ep.rosidl_typesupport_c.c.o[0m
[ 93%] [32m[1mLinking C shared library rosidl_generator_py/my_robot_navigation/my_robot_navigation_s__rosidl_typesupport_introspection_c.cpython-310-x86_64-linux-gnu.so[0m
[ 96%] [32m[1mLinking C shared library rosidl_generator_py/my_robot_navigation/my_robot_navigation_s__rosidl_typesupport_c.cpython-310-x86_64-linux-gnu.so[0m
[100%] [32m[1mLinking C shared library rosidl_generator_py/my_robot_navigation/my_robot_navigation_s__rosidl_typesupport_fastrtps_c.cpython-310-x86_64-linux-gnu.so[0m
[100%] Built target my_robot_navigation__rosidl_typesupport_introspection_c__pyext
[100%] Built target my_robot_navigation__rosidl_typesupport_c__pyext
[100%] Built target my_robot_navigation__rosidl_typesupport_fastrtps_c__pyext
-- Install configuration: ""
-- Installing: /home/parsa/main_robot_ws/src/install/my_robot_navigation/share/my_robot_navigation/config
-- Installing: /home/parsa/main_robot_ws/src/install/my_robot_navigation/share/my_robot_navigation/config/amcl_params.yaml
-- Installing: /home/parsa/main_robot_ws/src/install/my_robot_navigation/share/my_robot_navigation/config/nav2_params.yaml
-- Installing: /home/parsa/main_robot_ws/src/install/my_robot_navigation/share/my_robot_navigation/config/rqt_params
-- Installing: /home/parsa/main_robot_ws/src/install/my_robot_navigation/share/my_robot_navigation/launch
-- Installing: /home/parsa/main_robot_ws/src/install/my_robot_navigation/share/my_robot_navigation/launch/navigation_launch.py
-- Installing: /home/parsa/main_robot_ws/src/install/my_robot_navigation/share/my_robot_navigation/launch/map_server.launch.py
-- Installing: /home/parsa/main_robot_ws/src/install/my_robot_navigation/share/my_robot_navigation/launch/lifecycle_map_server.launch.py
-- Installing: /home/parsa/main_robot_ws/src/install/my_robot_navigation/share/my_robot_navigation/launch/simple_map_server.launch.py
-- Installing: /home/parsa/main_robot_ws/src/install/my_robot_navigation/share/my_robot_navigation/launch/localization.launch.py
-- Installing: /home/parsa/main_robot_ws/src/install/my_robot_navigation/share/my_robot_navigation/behavior_trees
-- Installing: /home/parsa/main_robot_ws/src/install/my_robot_navigation/share/my_robot_navigation/behavior_trees/navigate_w_recovery_advanced.xml
-- Up-to-date: /home/parsa/main_robot_ws/src/install/my_robot_navigation/share/my_robot_navigation/launch
-- Up-to-date: /home/parsa/main_robot_ws/src/install/my_robot_navigation/share/my_robot_navigation/launch/navigation_launch.py
-- Up-to-date: /home/parsa/main_robot_ws/src/install/my_robot_navigation/share/my_robot_navigation/launch/map_server.launch.py
-- Up-to-date: /home/parsa/main_robot_ws/src/install/my_robot_navigation/share/my_robot_navigation/launch/lifecycle_map_server.launch.py
-- Up-to-date: /home/parsa/main_robot_ws/src/install/my_robot_navigation/share/my_robot_navigation/launch/simple_map_server.launch.py
-- Up-to-date: /home/parsa/main_robot_ws/src/install/my_robot_navigation/share/my_robot_navigation/launch/localization.launch.py
-- Up-to-date: /home/parsa/main_robot_ws/src/install/my_robot_navigation/share/my_robot_navigation/config
-- Up-to-date: /home/parsa/main_robot_ws/src/install/my_robot_navigation/share/my_robot_navigation/config/amcl_params.yaml
-- Up-to-date: /home/parsa/main_robot_ws/src/install/my_robot_navigation/share/my_robot_navigation/config/nav2_params.yaml
-- Up-to-date: /home/parsa/main_robot_ws/src/install/my_robot_navigation/share/my_robot_navigation/config/rqt_params
-- Up-to-date: /home/parsa/main_robot_ws/src/install/my_robot_navigation/share/my_robot_navigation/behavior_trees/navigate_w_recovery_advanced.xml
-- Installing: /home/parsa/main_robot_ws/src/install/my_robot_navigation/lib/my_robot_navigation/holonomic_action.py
-- Installing: /home/parsa/main_robot_ws/src/install/my_robot_navigation/share/my_robot_navigation/maps
-- Installing: /home/parsa/main_robot_ws/src/install/my_robot_navigation/share/my_robot_navigation/maps/map.pgm
-- Installing: /home/parsa/main_robot_ws/src/install/my_robot_navigation/share/my_robot_navigation/maps/map.yaml
-- Installing: /home/parsa/main_robot_ws/src/install/my_robot_navigation/share/ament_index/resource_index/rosidl_interfaces/my_robot_navigation
-- Installing: /home/parsa/main_robot_ws/src/install/my_robot_navigation/include/my_robot_navigation/my_robot_navigation
-- Installing: /home/parsa/main_robot_ws/src/install/my_robot_navigation/include/my_robot_navigation/my_robot_navigation/action
-- Installing: /home/parsa/main_robot_ws/src/install/my_robot_navigation/include/my_robot_navigation/my_robot_navigation/action/move_holonomic.h
-- Installing: /home/parsa/main_robot_ws/src/install/my_robot_navigation/include/my_robot_navigation/my_robot_navigation/action/detail
-- Installing: /home/parsa/main_robot_ws/src/install/my_robot_navigation/include/my_robot_navigation/my_robot_navigation/action/detail/move_holonomic__struct.h
-- Installing: /home/parsa/main_robot_ws/src/install/my_robot_navigation/include/my_robot_navigation/my_robot_navigation/action/detail/move_holonomic__type_support.h
-- Installing: /home/parsa/main_robot_ws/src/install/my_robot_navigation/include/my_robot_navigation/my_robot_navigation/action/detail/move_holonomic__functions.c
-- Installing: /home/parsa/main_robot_ws/src/install/my_robot_navigation/include/my_robot_navigation/my_robot_navigation/action/detail/move_holonomic__functions.h
-- Installing: /home/parsa/main_robot_ws/src/install/my_robot_navigation/include/my_robot_navigation/my_robot_navigation/msg
-- Installing: /home/parsa/main_robot_ws/src/install/my_robot_navigation/include/my_robot_navigation/my_robot_navigation/msg/rosidl_generator_c__visibility_control.h
-- Installing: /home/parsa/main_robot_ws/src/install/my_robot_navigation/share/my_robot_navigation/environment/library_path.sh
-- Installing: /home/parsa/main_robot_ws/src/install/my_robot_navigation/share/my_robot_navigation/environment/library_path.dsv
-- Installing: /home/parsa/main_robot_ws/src/install/my_robot_navigation/lib/libmy_robot_navigation__rosidl_generator_c.so
-- Set non-toolchain portion of runtime path of "/home/parsa/main_robot_ws/src/install/my_robot_navigation/lib/libmy_robot_navigation__rosidl_generator_c.so" to ""
-- Up-to-date: /home/parsa/main_robot_ws/src/install/my_robot_navigation/include/my_robot_navigation/my_robot_navigation
-- Up-to-date: /home/parsa/main_robot_ws/src/install/my_robot_navigation/include/my_robot_navigation/my_robot_navigation/action
-- Up-to-date: /home/parsa/main_robot_ws/src/install/my_robot_navigation/include/my_robot_navigation/my_robot_navigation/action/detail
-- Installing: /home/parsa/main_robot_ws/src/install/my_robot_navigation/include/my_robot_navigation/my_robot_navigation/action/detail/move_holonomic__rosidl_typesupport_fastrtps_c.h
-- Up-to-date: /home/parsa/main_robot_ws/src/install/my_robot_navigation/include/my_robot_navigation/my_robot_navigation/msg
-- Installing: /home/parsa/main_robot_ws/src/install/my_robot_navigation/include/my_robot_navigation/my_robot_navigation/msg/rosidl_typesupport_fastrtps_c__visibility_control.h
-- Installing: /home/parsa/main_robot_ws/src/install/my_robot_navigation/lib/libmy_robot_navigation__rosidl_typesupport_fastrtps_c.so
-- Set non-toolchain portion of runtime path of "/home/parsa/main_robot_ws/src/install/my_robot_navigation/lib/libmy_robot_navigation__rosidl_typesupport_fastrtps_c.so" to ""
-- Up-to-date: /home/parsa/main_robot_ws/src/install/my_robot_navigation/include/my_robot_navigation/my_robot_navigation
-- Up-to-date: /home/parsa/main_robot_ws/src/install/my_robot_navigation/include/my_robot_navigation/my_robot_navigation/action
-- Up-to-date: /home/parsa/main_robot_ws/src/install/my_robot_navigation/include/my_robot_navigation/my_robot_navigation/action/detail
-- Installing: /home/parsa/main_robot_ws/src/install/my_robot_navigation/include/my_robot_navigation/my_robot_navigation/action/detail/move_holonomic__traits.hpp
-- Installing: /home/parsa/main_robot_ws/src/install/my_robot_navigation/include/my_robot_navigation/my_robot_navigation/action/detail/move_holonomic__struct.hpp
-- Installing: /home/parsa/main_robot_ws/src/install/my_robot_navigation/include/my_robot_navigation/my_robot_navigation/action/detail/move_holonomic__builder.hpp
-- Installing: /home/parsa/main_robot_ws/src/install/my_robot_navigation/include/my_robot_navigation/my_robot_navigation/action/detail/move_holonomic__type_support.hpp
-- Installing: /home/parsa/main_robot_ws/src/install/my_robot_navigation/include/my_robot_navigation/my_robot_navigation/action/move_holonomic.hpp
-- Up-to-date: /home/parsa/main_robot_ws/src/install/my_robot_navigation/include/my_robot_navigation/my_robot_navigation/msg
-- Installing: /home/parsa/main_robot_ws/src/install/my_robot_navigation/include/my_robot_navigation/my_robot_navigation/msg/rosidl_generator_cpp__visibility_control.hpp
-- Up-to-date: /home/parsa/main_robot_ws/src/install/my_robot_navigation/include/my_robot_navigation/my_robot_navigation
-- Up-to-date: /home/parsa/main_robot_ws/src/install/my_robot_navigation/include/my_robot_navigation/my_robot_navigation/action
-- Up-to-date: /home/parsa/main_robot_ws/src/install/my_robot_navigation/include/my_robot_navigation/my_robot_navigation/action/detail
-- Installing: /home/parsa/main_robot_ws/src/install/my_robot_navigation/include/my_robot_navigation/my_robot_navigation/action/detail/dds_fastrtps
-- Installing: /home/parsa/main_robot_ws/src/install/my_robot_navigation/include/my_robot_navigation/my_robot_navigation/action/detail/move_holonomic__rosidl_typesupport_fastrtps_cpp.hpp
-- Up-to-date: /home/parsa/main_robot_ws/src/install/my_robot_navigation/include/my_robot_navigation/my_robot_navigation/msg
-- Installing: /home/parsa/main_robot_ws/src/install/my_robot_navigation/include/my_robot_navigation/my_robot_navigation/msg/rosidl_typesupport_fastrtps_cpp__visibility_control.h
-- Installing: /home/parsa/main_robot_ws/src/install/my_robot_navigation/lib/libmy_robot_navigation__rosidl_typesupport_fastrtps_cpp.so
-- Set non-toolchain portion of runtime path of "/home/parsa/main_robot_ws/src/install/my_robot_navigation/lib/libmy_robot_navigation__rosidl_typesupport_fastrtps_cpp.so" to ""
-- Up-to-date: /home/parsa/main_robot_ws/src/install/my_robot_navigation/include/my_robot_navigation/my_robot_navigation
-- Up-to-date: /home/parsa/main_robot_ws/src/install/my_robot_navigation/include/my_robot_navigation/my_robot_navigation/action
-- Up-to-date: /home/parsa/main_robot_ws/src/install/my_robot_navigation/include/my_robot_navigation/my_robot_navigation/action/detail
-- Installing: /home/parsa/main_robot_ws/src/install/my_robot_navigation/include/my_robot_navigation/my_robot_navigation/action/detail/move_holonomic__rosidl_typesupport_introspection_c.h
-- Installing: /home/parsa/main_robot_ws/src/install/my_robot_navigation/include/my_robot_navigation/my_robot_navigation/action/detail/move_holonomic__type_support.c
-- Up-to-date: /home/parsa/main_robot_ws/src/install/my_robot_navigation/include/my_robot_navigation/my_robot_navigation/msg
-- Installing: /home/parsa/main_robot_ws/src/install/my_robot_navigation/include/my_robot_navigation/my_robot_navigation/msg/rosidl_typesupport_introspection_c__visibility_control.h
-- Installing: /home/parsa/main_robot_ws/src/install/my_robot_navigation/lib/libmy_robot_navigation__rosidl_typesupport_introspection_c.so
-- Set non-toolchain portion of runtime path of "/home/parsa/main_robot_ws/src/install/my_robot_navigation/lib/libmy_robot_navigation__rosidl_typesupport_introspection_c.so" to ""
-- Installing: /home/parsa/main_robot_ws/src/install/my_robot_navigation/lib/libmy_robot_navigation__rosidl_typesupport_c.so
-- Set non-toolchain portion of runtime path of "/home/parsa/main_robot_ws/src/install/my_robot_navigation/lib/libmy_robot_navigation__rosidl_typesupport_c.so" to ""
-- Up-to-date: /home/parsa/main_robot_ws/src/install/my_robot_navigation/include/my_robot_navigation/my_robot_navigation
-- Up-to-date: /home/parsa/main_robot_ws/src/install/my_robot_navigation/include/my_robot_navigation/my_robot_navigation/action
-- Up-to-date: /home/parsa/main_robot_ws/src/install/my_robot_navigation/include/my_robot_navigation/my_robot_navigation/action/detail
-- Installing: /home/parsa/main_robot_ws/src/install/my_robot_navigation/include/my_robot_navigation/my_robot_navigation/action/detail/move_holonomic__rosidl_typesupport_introspection_cpp.hpp
-- Installing: /home/parsa/main_robot_ws/src/install/my_robot_navigation/include/my_robot_navigation/my_robot_navigation/action/detail/move_holonomic__type_support.cpp
-- Installing: /home/parsa/main_robot_ws/src/install/my_robot_navigation/lib/libmy_robot_navigation__rosidl_typesupport_introspection_cpp.so
-- Set non-toolchain portion of runtime path of "/home/parsa/main_robot_ws/src/install/my_robot_navigation/lib/libmy_robot_navigation__rosidl_typesupport_introspection_cpp.so" to ""
-- Installing: /home/parsa/main_robot_ws/src/install/my_robot_navigation/lib/libmy_robot_navigation__rosidl_typesupport_cpp.so
-- Set non-toolchain portion of runtime path of "/home/parsa/main_robot_ws/src/install/my_robot_navigation/lib/libmy_robot_navigation__rosidl_typesupport_cpp.so" to ""
-- Installing: /home/parsa/main_robot_ws/src/install/my_robot_navigation/share/my_robot_navigation/environment/pythonpath.sh
-- Installing: /home/parsa/main_robot_ws/src/install/my_robot_navigation/share/my_robot_navigation/environment/pythonpath.dsv
-- Installing: /home/parsa/main_robot_ws/src/install/my_robot_navigation/local/lib/python3.10/dist-packages/my_robot_navigation-0.0.0-py3.10.egg-info
-- Installing: /home/parsa/main_robot_ws/src/install/my_robot_navigation/local/lib/python3.10/dist-packages/my_robot_navigation-0.0.0-py3.10.egg-info/top_level.txt
-- Installing: /home/parsa/main_robot_ws/src/install/my_robot_navigation/local/lib/python3.10/dist-packages/my_robot_navigation-0.0.0-py3.10.egg-info/SOURCES.txt
-- Installing: /home/parsa/main_robot_ws/src/install/my_robot_navigation/local/lib/python3.10/dist-packages/my_robot_navigation-0.0.0-py3.10.egg-info/PKG-INFO
-- Installing: /home/parsa/main_robot_ws/src/install/my_robot_navigation/local/lib/python3.10/dist-packages/my_robot_navigation-0.0.0-py3.10.egg-info/dependency_links.txt
-- Installing: /home/parsa/main_robot_ws/src/install/my_robot_navigation/local/lib/python3.10/dist-packages/my_robot_navigation
-- Installing: /home/parsa/main_robot_ws/src/install/my_robot_navigation/local/lib/python3.10/dist-packages/my_robot_navigation/_my_robot_navigation_s.ep.rosidl_typesupport_c.c
-- Installing: /home/parsa/main_robot_ws/src/install/my_robot_navigation/local/lib/python3.10/dist-packages/my_robot_navigation/_my_robot_navigation_s.ep.rosidl_typesupport_fastrtps_c.c
-- Installing: /home/parsa/main_robot_ws/src/install/my_robot_navigation/local/lib/python3.10/dist-packages/my_robot_navigation/libmy_robot_navigation__rosidl_generator_py.so
-- Installing: /home/parsa/main_robot_ws/src/install/my_robot_navigation/local/lib/python3.10/dist-packages/my_robot_navigation/_my_robot_navigation_s.ep.rosidl_typesupport_introspection_c.c
-- Installing: /home/parsa/main_robot_ws/src/install/my_robot_navigation/local/lib/python3.10/dist-packages/my_robot_navigation/__init__.py
-- Installing: /home/parsa/main_robot_ws/src/install/my_robot_navigation/local/lib/python3.10/dist-packages/my_robot_navigation/action
-- Installing: /home/parsa/main_robot_ws/src/install/my_robot_navigation/local/lib/python3.10/dist-packages/my_robot_navigation/action/_move_holonomic.py
-- Installing: /home/parsa/main_robot_ws/src/install/my_robot_navigation/local/lib/python3.10/dist-packages/my_robot_navigation/action/_move_holonomic_s.c
-- Installing: /home/parsa/main_robot_ws/src/install/my_robot_navigation/local/lib/python3.10/dist-packages/my_robot_navigation/action/__init__.py
-- Installing: /home/parsa/main_robot_ws/src/install/my_robot_navigation/local/lib/python3.10/dist-packages/my_robot_navigation/my_robot_navigation_s__rosidl_typesupport_c.cpython-310-x86_64-linux-gnu.so
-- Installing: /home/parsa/main_robot_ws/src/install/my_robot_navigation/local/lib/python3.10/dist-packages/my_robot_navigation/my_robot_navigation_s__rosidl_typesupport_introspection_c.cpython-310-x86_64-linux-gnu.so
-- Installing: /home/parsa/main_robot_ws/src/install/my_robot_navigation/local/lib/python3.10/dist-packages/my_robot_navigation/my_robot_navigation_s__rosidl_typesupport_fastrtps_c.cpython-310-x86_64-linux-gnu.so
Listing '/home/parsa/main_robot_ws/src/install/my_robot_navigation/local/lib/python3.10/dist-packages/my_robot_navigation'...
Compiling '/home/parsa/main_robot_ws/src/install/my_robot_navigation/local/lib/python3.10/dist-packages/my_robot_navigation/__init__.py'...
Listing '/home/parsa/main_robot_ws/src/install/my_robot_navigation/local/lib/python3.10/dist-packages/my_robot_navigation/action'...
Compiling '/home/parsa/main_robot_ws/src/install/my_robot_navigation/local/lib/python3.10/dist-packages/my_robot_navigation/action/__init__.py'...
Compiling '/home/parsa/main_robot_ws/src/install/my_robot_navigation/local/lib/python3.10/dist-packages/my_robot_navigation/action/_move_holonomic.py'...
-- Installing: /home/parsa/main_robot_ws/src/install/my_robot_navigation/local/lib/python3.10/dist-packages/my_robot_navigation/my_robot_navigation_s__rosidl_typesupport_fastrtps_c.cpython-310-x86_64-linux-gnu.so
-- Set non-toolchain portion of runtime path of "/home/parsa/main_robot_ws/src/install/my_robot_navigation/local/lib/python3.10/dist-packages/my_robot_navigation/my_robot_navigation_s__rosidl_typesupport_fastrtps_c.cpython-310-x86_64-linux-gnu.so" to ""
-- Installing: /home/parsa/main_robot_ws/src/install/my_robot_navigation/local/lib/python3.10/dist-packages/my_robot_navigation/my_robot_navigation_s__rosidl_typesupport_introspection_c.cpython-310-x86_64-linux-gnu.so
-- Set non-toolchain portion of runtime path of "/home/parsa/main_robot_ws/src/install/my_robot_navigation/local/lib/python3.10/dist-packages/my_robot_navigation/my_robot_navigation_s__rosidl_typesupport_introspection_c.cpython-310-x86_64-linux-gnu.so" to ""
-- Installing: /home/parsa/main_robot_ws/src/install/my_robot_navigation/local/lib/python3.10/dist-packages/my_robot_navigation/my_robot_navigation_s__rosidl_typesupport_c.cpython-310-x86_64-linux-gnu.so
-- Set non-toolchain portion of runtime path of "/home/parsa/main_robot_ws/src/install/my_robot_navigation/local/lib/python3.10/dist-packages/my_robot_navigation/my_robot_navigation_s__rosidl_typesupport_c.cpython-310-x86_64-linux-gnu.so" to ""
-- Installing: /home/parsa/main_robot_ws/src/install/my_robot_navigation/lib/libmy_robot_navigation__rosidl_generator_py.so
-- Set non-toolchain portion of runtime path of "/home/parsa/main_robot_ws/src/install/my_robot_navigation/lib/libmy_robot_navigation__rosidl_generator_py.so" to ""
-- Installing: /home/parsa/main_robot_ws/src/install/my_robot_navigation/share/my_robot_navigation/action/MoveHolonomic.idl
-- Installing: /home/parsa/main_robot_ws/src/install/my_robot_navigation/share/my_robot_navigation/action/MoveHolonomic.action
-- Installing: /home/parsa/main_robot_ws/src/install/my_robot_navigation/share/ament_index/resource_index/package_run_dependencies/my_robot_navigation
-- Installing: /home/parsa/main_robot_ws/src/install/my_robot_navigation/share/ament_index/resource_index/parent_prefix_path/my_robot_navigation
-- Installing: /home/parsa/main_robot_ws/src/install/my_robot_navigation/share/my_robot_navigation/environment/ament_prefix_path.sh
-- Installing: /home/parsa/main_robot_ws/src/install/my_robot_navigation/share/my_robot_navigation/environment/ament_prefix_path.dsv
-- Installing: /home/parsa/main_robot_ws/src/install/my_robot_navigation/share/my_robot_navigation/environment/path.sh
-- Installing: /home/parsa/main_robot_ws/src/install/my_robot_navigation/share/my_robot_navigation/environment/path.dsv
-- Installing: /home/parsa/main_robot_ws/src/install/my_robot_navigation/share/my_robot_navigation/local_setup.bash
-- Installing: /home/parsa/main_robot_ws/src/install/my_robot_navigation/share/my_robot_navigation/local_setup.sh
-- Installing: /home/parsa/main_robot_ws/src/install/my_robot_navigation/share/my_robot_navigation/local_setup.zsh
-- Installing: /home/parsa/main_robot_ws/src/install/my_robot_navigation/share/my_robot_navigation/local_setup.dsv
-- Installing: /home/parsa/main_robot_ws/src/install/my_robot_navigation/share/my_robot_navigation/package.dsv
-- Installing: /home/parsa/main_robot_ws/src/install/my_robot_navigation/share/ament_index/resource_index/packages/my_robot_navigation
-- Installing: /home/parsa/main_robot_ws/src/install/my_robot_navigation/share/my_robot_navigation/cmake/export_my_robot_navigation__rosidl_generator_cExport.cmake
-- Installing: /home/parsa/main_robot_ws/src/install/my_robot_navigation/share/my_robot_navigation/cmake/export_my_robot_navigation__rosidl_generator_cExport-noconfig.cmake
-- Installing: /home/parsa/main_robot_ws/src/install/my_robot_navigation/share/my_robot_navigation/cmake/export_my_robot_navigation__rosidl_typesupport_fastrtps_cExport.cmake
-- Installing: /home/parsa/main_robot_ws/src/install/my_robot_navigation/share/my_robot_navigation/cmake/export_my_robot_navigation__rosidl_typesupport_fastrtps_cExport-noconfig.cmake
-- Installing: /home/parsa/main_robot_ws/src/install/my_robot_navigation/share/my_robot_navigation/cmake/export_my_robot_navigation__rosidl_generator_cppExport.cmake
-- Installing: /home/parsa/main_robot_ws/src/install/my_robot_navigation/share/my_robot_navigation/cmake/export_my_robot_navigation__rosidl_typesupport_fastrtps_cppExport.cmake
-- Installing: /home/parsa/main_robot_ws/src/install/my_robot_navigation/share/my_robot_navigation/cmake/export_my_robot_navigation__rosidl_typesupport_fastrtps_cppExport-noconfig.cmake
-- Installing: /home/parsa/main_robot_ws/src/install/my_robot_navigation/share/my_robot_navigation/cmake/my_robot_navigation__rosidl_typesupport_introspection_cExport.cmake
-- Installing: /home/parsa/main_robot_ws/src/install/my_robot_navigation/share/my_robot_navigation/cmake/my_robot_navigation__rosidl_typesupport_introspection_cExport-noconfig.cmake
-- Installing: /home/parsa/main_robot_ws/src/install/my_robot_navigation/share/my_robot_navigation/cmake/my_robot_navigation__rosidl_typesupport_cExport.cmake
-- Installing: /home/parsa/main_robot_ws/src/install/my_robot_navigation/share/my_robot_navigation/cmake/my_robot_navigation__rosidl_typesupport_cExport-noconfig.cmake
-- Installing: /home/parsa/main_robot_ws/src/install/my_robot_navigation/share/my_robot_navigation/cmake/my_robot_navigation__rosidl_typesupport_introspection_cppExport.cmake
-- Installing: /home/parsa/main_robot_ws/src/install/my_robot_navigation/share/my_robot_navigation/cmake/my_robot_navigation__rosidl_typesupport_introspection_cppExport-noconfig.cmake
-- Installing: /home/parsa/main_robot_ws/src/install/my_robot_navigation/share/my_robot_navigation/cmake/my_robot_navigation__rosidl_typesupport_cppExport.cmake
-- Installing: /home/parsa/main_robot_ws/src/install/my_robot_navigation/share/my_robot_navigation/cmake/my_robot_navigation__rosidl_typesupport_cppExport-noconfig.cmake
-- Installing: /home/parsa/main_robot_ws/src/install/my_robot_navigation/share/my_robot_navigation/cmake/export_my_robot_navigation__rosidl_generator_pyExport.cmake
-- Installing: /home/parsa/main_robot_ws/src/install/my_robot_navigation/share/my_robot_navigation/cmake/export_my_robot_navigation__rosidl_generator_pyExport-noconfig.cmake
-- Installing: /home/parsa/main_robot_ws/src/install/my_robot_navigation/share/my_robot_navigation/cmake/rosidl_cmake-extras.cmake
-- Installing: /home/parsa/main_robot_ws/src/install/my_robot_navigation/share/my_robot_navigation/cmake/ament_cmake_export_dependencies-extras.cmake
-- Installing: /home/parsa/main_robot_ws/src/install/my_robot_navigation/share/my_robot_navigation/cmake/ament_cmake_export_include_directories-extras.cmake
-- Installing: /home/parsa/main_robot_ws/src/install/my_robot_navigation/share/my_robot_navigation/cmake/ament_cmake_export_libraries-extras.cmake
-- Installing: /home/parsa/main_robot_ws/src/install/my_robot_navigation/share/my_robot_navigation/cmake/ament_cmake_export_targets-extras.cmake
-- Installing: /home/parsa/main_robot_ws/src/install/my_robot_navigation/share/my_robot_navigation/cmake/rosidl_cmake_export_typesupport_targets-extras.cmake
-- Installing: /home/parsa/main_robot_ws/src/install/my_robot_navigation/share/my_robot_navigation/cmake/rosidl_cmake_export_typesupport_libraries-extras.cmake
-- Installing: /home/parsa/main_robot_ws/src/install/my_robot_navigation/share/my_robot_navigation/cmake/my_robot_navigationConfig.cmake
-- Installing: /home/parsa/main_robot_ws/src/install/my_robot_navigation/share/my_robot_navigation/cmake/my_robot_navigationConfig-version.cmake
-- Installing: /home/parsa/main_robot_ws/src/install/my_robot_navigation/share/my_robot_navigation/package.xml
