[0.421s] Invoking command in '/home/parsa/main_robot_ws/src/build/my_robot_navigation': CMAKE_PREFIX_PATH=${CMAKE_PREFIX_PATH}:/home/parsa/main_robot_ws/install/state_publisher:/home/parsa/main_robot_ws/install/robot_control:/home/parsa/main_robot_ws/install/navigation_config:/home/parsa/main_robot_ws/install/my_robot_camera:/home/parsa/main_robot_ws/install/lidar_front_filter:/opt/ros/humble /home/parsa/.local/bin/cmake /home/parsa/main_robot_ws/src/my_robot_navigation -DCMAKE_INSTALL_PREFIX=/home/parsa/main_robot_ws/src/install/my_robot_navigation
[0.680s] -- The C compiler identification is GNU 11.4.0
[0.680s] -- The CXX compiler identification is GNU 11.4.0
[0.680s] -- Detecting C compiler ABI info
[0.680s] -- Detecting C compiler ABI info - done
[0.680s] -- Check for working C compiler: /usr/bin/cc - skipped
[0.680s] -- Detecting C compile features
[0.680s] -- Detecting C compile features - done
[0.680s] -- Detecting CXX compiler ABI info
[0.680s] [0mCMake Deprecation Warning at CMakeLists.txt:1 (cmake_minimum_required):
[0.680s]   Compatibility with CMake < 3.10 will be removed from a future version of
[0.680s]   CMake.
[0.680s] 
[0.681s]   Update the VERSION argument <min> value.  Or, use the <min>...<max> syntax
[0.681s]   to tell CMake that the project requires at least <min> but has been updated
[0.681s]   to work with policies introduced by <max> or earlier.
[0.681s] 
[0.681s] [0m
[0.726s] -- Detecting CXX compiler ABI info - done
[0.741s] -- Check for working CXX compiler: /usr/bin/c++ - skipped
[0.741s] -- Detecting CXX compile features
[0.742s] -- Detecting CXX compile features - done
[0.756s] -- Found ament_cmake: 1.3.11 (/opt/ros/humble/share/ament_cmake/cmake)
[0.890s] -- Found Python3: /usr/bin/python3 (found version "3.10.12") found components: Interpreter
[1.091s] -- Found nav2_bringup: 1.1.18 (/opt/ros/humble/share/nav2_bringup/cmake)
[1.099s] -- Found rclcpp: 16.0.12 (/opt/ros/humble/share/rclcpp/cmake)
[1.231s] -- Found rosidl_generator_c: 3.1.6 (/opt/ros/humble/share/rosidl_generator_c/cmake)
[1.260s] -- Found rosidl_adapter: 3.1.6 (/opt/ros/humble/share/rosidl_adapter/cmake)
[1.289s] -- Found rosidl_generator_cpp: 3.1.6 (/opt/ros/humble/share/rosidl_generator_cpp/cmake)
[1.321s] -- Using all available rosidl_typesupport_c: rosidl_typesupport_fastrtps_c;rosidl_typesupport_introspection_c
[1.370s] -- Using all available rosidl_typesupport_cpp: rosidl_typesupport_fastrtps_cpp;rosidl_typesupport_introspection_cpp
[1.510s] -- Found rmw_implementation_cmake: 6.1.2 (/opt/ros/humble/share/rmw_implementation_cmake/cmake)
[1.523s] -- Found rmw_fastrtps_cpp: 6.2.7 (/opt/ros/humble/share/rmw_fastrtps_cpp/cmake)
[1.721s] -- Found OpenSSL: /usr/lib/x86_64-linux-gnu/libcrypto.so (found version "3.0.2")
[1.809s] -- Found FastRTPS: /opt/ros/humble/include
[1.969s] -- Using RMW implementation 'rmw_fastrtps_cpp' as default
[2.009s] -- Performing Test CMAKE_HAVE_LIBC_PTHREAD
[2.119s] -- Performing Test CMAKE_HAVE_LIBC_PTHREAD - Success
[2.119s] -- Found Threads: TRUE
[2.263s] -- Found geometry_msgs: 4.8.0 (/opt/ros/humble/share/geometry_msgs/cmake)
[2.297s] -- Found rosidl_default_generators: 1.2.0 (/opt/ros/humble/share/rosidl_default_generators/cmake)
[3.169s] -- Found ament_cmake_ros: 0.10.0 (/opt/ros/humble/share/ament_cmake_ros/cmake)
[4.567s] -- Using all available rosidl_typesupport_c: rosidl_typesupport_fastrtps_c;rosidl_typesupport_introspection_c
[5.089s] -- Using all available rosidl_typesupport_cpp: rosidl_typesupport_fastrtps_cpp;rosidl_typesupport_introspection_cpp
[5.089s] [33mCMake Warning (dev) at /opt/ros/humble/share/rosidl_generator_py/cmake/rosidl_generator_py_generate_interfaces.cmake:20 (find_package):
[5.090s]   Policy CMP0148 is not set: The FindPythonInterp and FindPythonLibs modules
[5.090s]   are removed.  Run "cmake --help-policy CMP0148" for policy details.  Use
[5.090s]   the cmake_policy command to set the policy and suppress this warning.
[5.090s] 
[5.090s] Call Stack (most recent call first):
[5.090s]   /opt/ros/humble/share/ament_cmake_core/cmake/core/ament_execute_extensions.cmake:48 (include)
[5.090s]   /opt/ros/humble/share/rosidl_cmake/cmake/rosidl_generate_interfaces.cmake:286 (ament_execute_extensions)
[5.090s]   CMakeLists.txt:63 (rosidl_generate_interfaces)
[5.090s] This warning is for project developers.  Use -Wno-dev to suppress it.
[5.090s] [0m
[5.144s] -- Found PythonInterp: /usr/bin/python3 (found suitable version "3.10.12", minimum required is "3.6")
[5.179s] -- Found python_cmake_module: 0.10.0 (/opt/ros/humble/share/python_cmake_module/cmake)
[5.182s] [33mCMake Warning (dev) at /opt/ros/humble/share/python_cmake_module/cmake/Modules/FindPythonExtra.cmake:52 (find_package):
[5.182s]   Policy CMP0148 is not set: The FindPythonInterp and FindPythonLibs modules
[5.183s]   are removed.  Run "cmake --help-policy CMP0148" for policy details.  Use
[5.183s]   the cmake_policy command to set the policy and suppress this warning.
[5.183s] 
[5.183s] Call Stack (most recent call first):
[5.183s]   /opt/ros/humble/share/rosidl_generator_py/cmake/rosidl_generator_py_generate_interfaces.cmake:23 (find_package)
[5.183s]   /opt/ros/humble/share/ament_cmake_core/cmake/core/ament_execute_extensions.cmake:48 (include)
[5.183s]   /opt/ros/humble/share/rosidl_cmake/cmake/rosidl_generate_interfaces.cmake:286 (ament_execute_extensions)
[5.183s]   CMakeLists.txt:63 (rosidl_generate_interfaces)
[5.183s] This warning is for project developers.  Use -Wno-dev to suppress it.
[5.183s] [0m
[5.244s] [33mCMake Warning (dev) at /opt/ros/humble/share/python_cmake_module/cmake/Modules/FindPythonExtra.cmake:140 (find_package):
[5.244s]   Policy CMP0148 is not set: The FindPythonInterp and FindPythonLibs modules
[5.244s]   are removed.  Run "cmake --help-policy CMP0148" for policy details.  Use
[5.244s]   the cmake_policy command to set the policy and suppress this warning.
[5.244s] 
[5.245s] Call Stack (most recent call first):
[5.245s]   /opt/ros/humble/share/rosidl_generator_py/cmake/rosidl_generator_py_generate_interfaces.cmake:23 (find_package)
[5.245s]   /opt/ros/humble/share/ament_cmake_core/cmake/core/ament_execute_extensions.cmake:48 (include)
[5.245s]   /opt/ros/humble/share/rosidl_cmake/cmake/rosidl_generate_interfaces.cmake:286 (ament_execute_extensions)
[5.245s]   CMakeLists.txt:63 (rosidl_generate_interfaces)
[5.245s] This warning is for project developers.  Use -Wno-dev to suppress it.
[5.245s] [0m
[5.273s] -- Found PythonLibs: /usr/lib/x86_64-linux-gnu/libpython3.10.so (found suitable version "3.10.12", minimum required is "3.5")
[5.273s] -- Using PYTHON_EXECUTABLE: /usr/bin/python3
[5.274s] -- Using PYTHON_INCLUDE_DIRS: /usr/include/python3.10
[5.274s] -- Using PYTHON_LIBRARIES: /usr/lib/x86_64-linux-gnu/libpython3.10.so
[5.336s] -- Found PythonExtra: .so
[5.554s] -- Found ament_lint_auto: 0.12.12 (/opt/ros/humble/share/ament_lint_auto/cmake)
[5.688s] -- Added test 'flake8' to check Python code syntax and style conventions
[5.690s] -- Added test 'lint_cmake' to check CMake code style
[5.694s] -- Added test 'pep257' to check Python code against some of the docstring style conventions in PEP 257
[5.701s] -- Added test 'xmllint' to check XML markup files
[5.715s] -- Configuring done (5.2s)
[5.832s] -- Generating done (0.1s)
[5.855s] -- Build files have been written to: /home/parsa/main_robot_ws/src/build/my_robot_navigation
[5.893s] Invoked command in '/home/parsa/main_robot_ws/src/build/my_robot_navigation' returned '0': CMAKE_PREFIX_PATH=${CMAKE_PREFIX_PATH}:/home/parsa/main_robot_ws/install/state_publisher:/home/parsa/main_robot_ws/install/robot_control:/home/parsa/main_robot_ws/install/navigation_config:/home/parsa/main_robot_ws/install/my_robot_camera:/home/parsa/main_robot_ws/install/lidar_front_filter:/opt/ros/humble /home/parsa/.local/bin/cmake /home/parsa/main_robot_ws/src/my_robot_navigation -DCMAKE_INSTALL_PREFIX=/home/parsa/main_robot_ws/src/install/my_robot_navigation
[5.895s] Invoking command in '/home/parsa/main_robot_ws/src/build/my_robot_navigation': CMAKE_PREFIX_PATH=${CMAKE_PREFIX_PATH}:/home/parsa/main_robot_ws/install/state_publisher:/home/parsa/main_robot_ws/install/robot_control:/home/parsa/main_robot_ws/install/navigation_config:/home/parsa/main_robot_ws/install/my_robot_camera:/home/parsa/main_robot_ws/install/lidar_front_filter:/opt/ros/humble /home/parsa/.local/bin/cmake --build /home/parsa/main_robot_ws/src/build/my_robot_navigation -- -j16 -l16
[6.038s] [  3%] [34m[1mGenerating C code for ROS interfaces[0m
[6.051s] [  6%] [34m[1mGenerating C++ code for ROS interfaces[0m
[6.098s] [  6%] Built target ament_cmake_python_copy_my_robot_navigation
[6.480s] running egg_info
[6.480s] creating my_robot_navigation.egg-info
[6.480s] writing my_robot_navigation.egg-info/PKG-INFO
[6.480s] writing dependency_links to my_robot_navigation.egg-info/dependency_links.txt
[6.480s] writing top-level names to my_robot_navigation.egg-info/top_level.txt
[6.480s] writing manifest file 'my_robot_navigation.egg-info/SOURCES.txt'
[6.480s] reading manifest file 'my_robot_navigation.egg-info/SOURCES.txt'
[6.480s] writing manifest file 'my_robot_navigation.egg-info/SOURCES.txt'
[6.545s] [  6%] Built target ament_cmake_python_build_my_robot_navigation_egg
[6.657s] [  6%] Built target my_robot_navigation__cpp
[6.668s] [  9%] [34m[1mGenerating C++ type support dispatch for ROS interfaces[0m
[6.675s] [ 12%] [34m[1mGenerating C++ introspection for ROS interfaces[0m
[6.681s] [ 16%] [34m[1mGenerating C++ type support for eProsima Fast-RTPS[0m
[6.792s] [ 19%] [32mBuilding C object CMakeFiles/my_robot_navigation__rosidl_generator_c.dir/rosidl_generator_c/my_robot_navigation/action/detail/move_holonomic__functions.c.o[0m
[6.966s] [ 22%] [32m[1mLinking C shared library libmy_robot_navigation__rosidl_generator_c.so[0m
[7.031s] [ 22%] Built target my_robot_navigation__rosidl_generator_c
[7.045s] [ 25%] [34m[1mGenerating C type support for eProsima Fast-RTPS[0m
[7.045s] [ 32%] [34m[1mGenerating C introspection for ROS interfaces[0m
[7.045s] [ 32%] [34m[1mGenerating C type support dispatch for ROS interfaces[0m
[7.179s] [ 35%] [32mBuilding CXX object CMakeFiles/my_robot_navigation__rosidl_typesupport_introspection_cpp.dir/rosidl_typesupport_introspection_cpp/my_robot_navigation/action/detail/move_holonomic__type_support.cpp.o[0m
[7.252s] [ 38%] [32mBuilding CXX object CMakeFiles/my_robot_navigation__rosidl_typesupport_cpp.dir/rosidl_typesupport_cpp/my_robot_navigation/action/move_holonomic__type_support.cpp.o[0m
[7.327s] [ 41%] [32mBuilding CXX object CMakeFiles/my_robot_navigation__rosidl_typesupport_fastrtps_cpp.dir/rosidl_typesupport_fastrtps_cpp/my_robot_navigation/action/detail/dds_fastrtps/move_holonomic__type_support.cpp.o[0m
[7.633s] [ 45%] [32mBuilding CXX object CMakeFiles/my_robot_navigation__rosidl_typesupport_c.dir/rosidl_typesupport_c/my_robot_navigation/action/move_holonomic__type_support.cpp.o[0m
[7.739s] [ 48%] [32m[1mLinking CXX shared library libmy_robot_navigation__rosidl_typesupport_c.so[0m
[7.748s] [ 51%] [32mBuilding CXX object CMakeFiles/my_robot_navigation__rosidl_typesupport_fastrtps_c.dir/rosidl_typesupport_fastrtps_c/my_robot_navigation/action/detail/move_holonomic__type_support_c.cpp.o[0m
[7.835s] [ 54%] [32m[1mLinking CXX shared library libmy_robot_navigation__rosidl_typesupport_cpp.so[0m
[7.901s] [ 54%] Built target my_robot_navigation__rosidl_typesupport_c
[7.905s] [ 54%] Built target my_robot_navigation__rosidl_typesupport_cpp
[8.011s] [ 58%] [32mBuilding C object CMakeFiles/my_robot_navigation__rosidl_typesupport_introspection_c.dir/rosidl_typesupport_introspection_c/my_robot_navigation/action/detail/move_holonomic__type_support.c.o[0m
[8.087s] [ 61%] [32m[1mLinking CXX shared library libmy_robot_navigation__rosidl_typesupport_introspection_cpp.so[0m
[8.104s] [ 64%] [32m[1mLinking C shared library libmy_robot_navigation__rosidl_typesupport_introspection_c.so[0m
[8.145s] [ 64%] Built target my_robot_navigation__rosidl_typesupport_introspection_c
[8.204s] [ 64%] Built target my_robot_navigation__rosidl_typesupport_introspection_cpp
[8.262s] [ 67%] [32m[1mLinking CXX shared library libmy_robot_navigation__rosidl_typesupport_fastrtps_c.so[0m
[8.329s] [ 70%] [32m[1mLinking CXX shared library libmy_robot_navigation__rosidl_typesupport_fastrtps_cpp.so[0m
[8.372s] [ 70%] Built target my_robot_navigation__rosidl_typesupport_fastrtps_c
[8.462s] [ 70%] Built target my_robot_navigation__rosidl_typesupport_fastrtps_cpp
[8.484s] [ 70%] Built target my_robot_navigation
[8.522s] [ 74%] [34m[1mGenerating Python code for ROS interfaces[0m
[9.730s] [ 74%] Built target my_robot_navigation__py
[9.775s] [ 77%] [32mBuilding C object CMakeFiles/my_robot_navigation__rosidl_generator_py.dir/rosidl_generator_py/my_robot_navigation/action/_move_holonomic_s.c.o[0m
[10.017s] [ 80%] [32m[1mLinking C shared library rosidl_generator_py/my_robot_navigation/libmy_robot_navigation__rosidl_generator_py.so[0m
[10.096s] [ 80%] Built target my_robot_navigation__rosidl_generator_py
[10.133s] [ 83%] [32mBuilding C object CMakeFiles/my_robot_navigation__rosidl_typesupport_fastrtps_c__pyext.dir/rosidl_generator_py/my_robot_navigation/_my_robot_navigation_s.ep.rosidl_typesupport_fastrtps_c.c.o[0m
[10.133s] [ 87%] [32mBuilding C object CMakeFiles/my_robot_navigation__rosidl_typesupport_introspection_c__pyext.dir/rosidl_generator_py/my_robot_navigation/_my_robot_navigation_s.ep.rosidl_typesupport_introspection_c.c.o[0m
[10.137s] [ 90%] [32mBuilding C object CMakeFiles/my_robot_navigation__rosidl_typesupport_c__pyext.dir/rosidl_generator_py/my_robot_navigation/_my_robot_navigation_s.ep.rosidl_typesupport_c.c.o[0m
[10.316s] [ 93%] [32m[1mLinking C shared library rosidl_generator_py/my_robot_navigation/my_robot_navigation_s__rosidl_typesupport_introspection_c.cpython-310-x86_64-linux-gnu.so[0m
[10.371s] [ 96%] [32m[1mLinking C shared library rosidl_generator_py/my_robot_navigation/my_robot_navigation_s__rosidl_typesupport_c.cpython-310-x86_64-linux-gnu.so[0m
[10.411s] [100%] [32m[1mLinking C shared library rosidl_generator_py/my_robot_navigation/my_robot_navigation_s__rosidl_typesupport_fastrtps_c.cpython-310-x86_64-linux-gnu.so[0m
[10.420s] [100%] Built target my_robot_navigation__rosidl_typesupport_introspection_c__pyext
[10.484s] [100%] Built target my_robot_navigation__rosidl_typesupport_c__pyext
[10.539s] [100%] Built target my_robot_navigation__rosidl_typesupport_fastrtps_c__pyext
[10.563s] Invoked command in '/home/parsa/main_robot_ws/src/build/my_robot_navigation' returned '0': CMAKE_PREFIX_PATH=${CMAKE_PREFIX_PATH}:/home/parsa/main_robot_ws/install/state_publisher:/home/parsa/main_robot_ws/install/robot_control:/home/parsa/main_robot_ws/install/navigation_config:/home/parsa/main_robot_ws/install/my_robot_camera:/home/parsa/main_robot_ws/install/lidar_front_filter:/opt/ros/humble /home/parsa/.local/bin/cmake --build /home/parsa/main_robot_ws/src/build/my_robot_navigation -- -j16 -l16
[10.569s] Invoking command in '/home/parsa/main_robot_ws/src/build/my_robot_navigation': CMAKE_PREFIX_PATH=${CMAKE_PREFIX_PATH}:/home/parsa/main_robot_ws/install/state_publisher:/home/parsa/main_robot_ws/install/robot_control:/home/parsa/main_robot_ws/install/navigation_config:/home/parsa/main_robot_ws/install/my_robot_camera:/home/parsa/main_robot_ws/install/lidar_front_filter:/opt/ros/humble /home/parsa/.local/bin/cmake --install /home/parsa/main_robot_ws/src/build/my_robot_navigation
[10.696s] -- Install configuration: ""
[10.696s] -- Installing: /home/parsa/main_robot_ws/src/install/my_robot_navigation/share/my_robot_navigation/config
[10.701s] -- Installing: /home/parsa/main_robot_ws/src/install/my_robot_navigation/share/my_robot_navigation/config/amcl_params.yaml
[10.701s] -- Installing: /home/parsa/main_robot_ws/src/install/my_robot_navigation/share/my_robot_navigation/config/nav2_params.yaml
[10.702s] -- Installing: /home/parsa/main_robot_ws/src/install/my_robot_navigation/share/my_robot_navigation/config/rqt_params
[10.703s] -- Installing: /home/parsa/main_robot_ws/src/install/my_robot_navigation/share/my_robot_navigation/launch
[10.703s] -- Installing: /home/parsa/main_robot_ws/src/install/my_robot_navigation/share/my_robot_navigation/launch/navigation_launch.py
[10.705s] -- Installing: /home/parsa/main_robot_ws/src/install/my_robot_navigation/share/my_robot_navigation/launch/map_server.launch.py
[10.706s] -- Installing: /home/parsa/main_robot_ws/src/install/my_robot_navigation/share/my_robot_navigation/launch/lifecycle_map_server.launch.py
[10.707s] -- Installing: /home/parsa/main_robot_ws/src/install/my_robot_navigation/share/my_robot_navigation/launch/simple_map_server.launch.py
[10.711s] -- Installing: /home/parsa/main_robot_ws/src/install/my_robot_navigation/share/my_robot_navigation/launch/localization.launch.py
[10.712s] -- Installing: /home/parsa/main_robot_ws/src/install/my_robot_navigation/share/my_robot_navigation/behavior_trees
[10.712s] -- Installing: /home/parsa/main_robot_ws/src/install/my_robot_navigation/share/my_robot_navigation/behavior_trees/navigate_w_recovery_advanced.xml
[10.714s] -- Up-to-date: /home/parsa/main_robot_ws/src/install/my_robot_navigation/share/my_robot_navigation/launch
[10.718s] -- Up-to-date: /home/parsa/main_robot_ws/src/install/my_robot_navigation/share/my_robot_navigation/launch/navigation_launch.py
[10.719s] -- Up-to-date: /home/parsa/main_robot_ws/src/install/my_robot_navigation/share/my_robot_navigation/launch/map_server.launch.py
[10.719s] -- Up-to-date: /home/parsa/main_robot_ws/src/install/my_robot_navigation/share/my_robot_navigation/launch/lifecycle_map_server.launch.py
[10.719s] -- Up-to-date: /home/parsa/main_robot_ws/src/install/my_robot_navigation/share/my_robot_navigation/launch/simple_map_server.launch.py
[10.719s] -- Up-to-date: /home/parsa/main_robot_ws/src/install/my_robot_navigation/share/my_robot_navigation/launch/localization.launch.py
[10.719s] -- Up-to-date: /home/parsa/main_robot_ws/src/install/my_robot_navigation/share/my_robot_navigation/config
[10.719s] -- Up-to-date: /home/parsa/main_robot_ws/src/install/my_robot_navigation/share/my_robot_navigation/config/amcl_params.yaml
[10.720s] -- Up-to-date: /home/parsa/main_robot_ws/src/install/my_robot_navigation/share/my_robot_navigation/config/nav2_params.yaml
[10.720s] -- Up-to-date: /home/parsa/main_robot_ws/src/install/my_robot_navigation/share/my_robot_navigation/config/rqt_params
[10.720s] -- Up-to-date: /home/parsa/main_robot_ws/src/install/my_robot_navigation/share/my_robot_navigation/behavior_trees/navigate_w_recovery_advanced.xml
[10.720s] -- Installing: /home/parsa/main_robot_ws/src/install/my_robot_navigation/lib/my_robot_navigation/holonomic_action.py
[10.720s] -- Installing: /home/parsa/main_robot_ws/src/install/my_robot_navigation/share/my_robot_navigation/maps
[10.720s] -- Installing: /home/parsa/main_robot_ws/src/install/my_robot_navigation/share/my_robot_navigation/maps/map.pgm
[10.720s] -- Installing: /home/parsa/main_robot_ws/src/install/my_robot_navigation/share/my_robot_navigation/maps/map.yaml
[10.725s] -- Installing: /home/parsa/main_robot_ws/src/install/my_robot_navigation/share/ament_index/resource_index/rosidl_interfaces/my_robot_navigation
[10.726s] -- Installing: /home/parsa/main_robot_ws/src/install/my_robot_navigation/include/my_robot_navigation/my_robot_navigation
[10.729s] -- Installing: /home/parsa/main_robot_ws/src/install/my_robot_navigation/include/my_robot_navigation/my_robot_navigation/action
[10.729s] -- Installing: /home/parsa/main_robot_ws/src/install/my_robot_navigation/include/my_robot_navigation/my_robot_navigation/action/move_holonomic.h
[10.729s] -- Installing: /home/parsa/main_robot_ws/src/install/my_robot_navigation/include/my_robot_navigation/my_robot_navigation/action/detail
[10.729s] -- Installing: /home/parsa/main_robot_ws/src/install/my_robot_navigation/include/my_robot_navigation/my_robot_navigation/action/detail/move_holonomic__struct.h
[10.729s] -- Installing: /home/parsa/main_robot_ws/src/install/my_robot_navigation/include/my_robot_navigation/my_robot_navigation/action/detail/move_holonomic__type_support.h
[10.729s] -- Installing: /home/parsa/main_robot_ws/src/install/my_robot_navigation/include/my_robot_navigation/my_robot_navigation/action/detail/move_holonomic__functions.c
[10.729s] -- Installing: /home/parsa/main_robot_ws/src/install/my_robot_navigation/include/my_robot_navigation/my_robot_navigation/action/detail/move_holonomic__functions.h
[10.729s] -- Installing: /home/parsa/main_robot_ws/src/install/my_robot_navigation/include/my_robot_navigation/my_robot_navigation/msg
[10.730s] -- Installing: /home/parsa/main_robot_ws/src/install/my_robot_navigation/include/my_robot_navigation/my_robot_navigation/msg/rosidl_generator_c__visibility_control.h
[10.730s] -- Installing: /home/parsa/main_robot_ws/src/install/my_robot_navigation/share/my_robot_navigation/environment/library_path.sh
[10.730s] -- Installing: /home/parsa/main_robot_ws/src/install/my_robot_navigation/share/my_robot_navigation/environment/library_path.dsv
[10.730s] -- Installing: /home/parsa/main_robot_ws/src/install/my_robot_navigation/lib/libmy_robot_navigation__rosidl_generator_c.so
[10.738s] -- Set non-toolchain portion of runtime path of "/home/parsa/main_robot_ws/src/install/my_robot_navigation/lib/libmy_robot_navigation__rosidl_generator_c.so" to ""
[10.738s] -- Up-to-date: /home/parsa/main_robot_ws/src/install/my_robot_navigation/include/my_robot_navigation/my_robot_navigation
[10.738s] -- Up-to-date: /home/parsa/main_robot_ws/src/install/my_robot_navigation/include/my_robot_navigation/my_robot_navigation/action
[10.738s] -- Up-to-date: /home/parsa/main_robot_ws/src/install/my_robot_navigation/include/my_robot_navigation/my_robot_navigation/action/detail
[10.738s] -- Installing: /home/parsa/main_robot_ws/src/install/my_robot_navigation/include/my_robot_navigation/my_robot_navigation/action/detail/move_holonomic__rosidl_typesupport_fastrtps_c.h
[10.738s] -- Up-to-date: /home/parsa/main_robot_ws/src/install/my_robot_navigation/include/my_robot_navigation/my_robot_navigation/msg
[10.738s] -- Installing: /home/parsa/main_robot_ws/src/install/my_robot_navigation/include/my_robot_navigation/my_robot_navigation/msg/rosidl_typesupport_fastrtps_c__visibility_control.h
[10.740s] -- Installing: /home/parsa/main_robot_ws/src/install/my_robot_navigation/lib/libmy_robot_navigation__rosidl_typesupport_fastrtps_c.so
[10.742s] -- Set non-toolchain portion of runtime path of "/home/parsa/main_robot_ws/src/install/my_robot_navigation/lib/libmy_robot_navigation__rosidl_typesupport_fastrtps_c.so" to ""
[10.744s] -- Up-to-date: /home/parsa/main_robot_ws/src/install/my_robot_navigation/include/my_robot_navigation/my_robot_navigation
[10.750s] -- Up-to-date: /home/parsa/main_robot_ws/src/install/my_robot_navigation/include/my_robot_navigation/my_robot_navigation/action
[10.750s] -- Up-to-date: /home/parsa/main_robot_ws/src/install/my_robot_navigation/include/my_robot_navigation/my_robot_navigation/action/detail
[10.750s] -- Installing: /home/parsa/main_robot_ws/src/install/my_robot_navigation/include/my_robot_navigation/my_robot_navigation/action/detail/move_holonomic__traits.hpp
[10.751s] -- Installing: /home/parsa/main_robot_ws/src/install/my_robot_navigation/include/my_robot_navigation/my_robot_navigation/action/detail/move_holonomic__struct.hpp
[10.751s] -- Installing: /home/parsa/main_robot_ws/src/install/my_robot_navigation/include/my_robot_navigation/my_robot_navigation/action/detail/move_holonomic__builder.hpp
[10.752s] -- Installing: /home/parsa/main_robot_ws/src/install/my_robot_navigation/include/my_robot_navigation/my_robot_navigation/action/detail/move_holonomic__type_support.hpp
[10.752s] -- Installing: /home/parsa/main_robot_ws/src/install/my_robot_navigation/include/my_robot_navigation/my_robot_navigation/action/move_holonomic.hpp
[10.752s] -- Up-to-date: /home/parsa/main_robot_ws/src/install/my_robot_navigation/include/my_robot_navigation/my_robot_navigation/msg
[10.752s] -- Installing: /home/parsa/main_robot_ws/src/install/my_robot_navigation/include/my_robot_navigation/my_robot_navigation/msg/rosidl_generator_cpp__visibility_control.hpp
[10.752s] -- Up-to-date: /home/parsa/main_robot_ws/src/install/my_robot_navigation/include/my_robot_navigation/my_robot_navigation
[10.752s] -- Up-to-date: /home/parsa/main_robot_ws/src/install/my_robot_navigation/include/my_robot_navigation/my_robot_navigation/action
[10.752s] -- Up-to-date: /home/parsa/main_robot_ws/src/install/my_robot_navigation/include/my_robot_navigation/my_robot_navigation/action/detail
[10.752s] -- Installing: /home/parsa/main_robot_ws/src/install/my_robot_navigation/include/my_robot_navigation/my_robot_navigation/action/detail/dds_fastrtps
[10.752s] -- Installing: /home/parsa/main_robot_ws/src/install/my_robot_navigation/include/my_robot_navigation/my_robot_navigation/action/detail/move_holonomic__rosidl_typesupport_fastrtps_cpp.hpp
[10.754s] -- Up-to-date: /home/parsa/main_robot_ws/src/install/my_robot_navigation/include/my_robot_navigation/my_robot_navigation/msg
[10.756s] -- Installing: /home/parsa/main_robot_ws/src/install/my_robot_navigation/include/my_robot_navigation/my_robot_navigation/msg/rosidl_typesupport_fastrtps_cpp__visibility_control.h
[10.759s] -- Installing: /home/parsa/main_robot_ws/src/install/my_robot_navigation/lib/libmy_robot_navigation__rosidl_typesupport_fastrtps_cpp.so
[10.762s] -- Set non-toolchain portion of runtime path of "/home/parsa/main_robot_ws/src/install/my_robot_navigation/lib/libmy_robot_navigation__rosidl_typesupport_fastrtps_cpp.so" to ""
[10.762s] -- Up-to-date: /home/parsa/main_robot_ws/src/install/my_robot_navigation/include/my_robot_navigation/my_robot_navigation
[10.764s] -- Up-to-date: /home/parsa/main_robot_ws/src/install/my_robot_navigation/include/my_robot_navigation/my_robot_navigation/action
[10.764s] -- Up-to-date: /home/parsa/main_robot_ws/src/install/my_robot_navigation/include/my_robot_navigation/my_robot_navigation/action/detail
[10.766s] -- Installing: /home/parsa/main_robot_ws/src/install/my_robot_navigation/include/my_robot_navigation/my_robot_navigation/action/detail/move_holonomic__rosidl_typesupport_introspection_c.h
[10.766s] -- Installing: /home/parsa/main_robot_ws/src/install/my_robot_navigation/include/my_robot_navigation/my_robot_navigation/action/detail/move_holonomic__type_support.c
[10.767s] -- Up-to-date: /home/parsa/main_robot_ws/src/install/my_robot_navigation/include/my_robot_navigation/my_robot_navigation/msg
[10.767s] -- Installing: /home/parsa/main_robot_ws/src/install/my_robot_navigation/include/my_robot_navigation/my_robot_navigation/msg/rosidl_typesupport_introspection_c__visibility_control.h
[10.768s] -- Installing: /home/parsa/main_robot_ws/src/install/my_robot_navigation/lib/libmy_robot_navigation__rosidl_typesupport_introspection_c.so
[10.768s] -- Set non-toolchain portion of runtime path of "/home/parsa/main_robot_ws/src/install/my_robot_navigation/lib/libmy_robot_navigation__rosidl_typesupport_introspection_c.so" to ""
[10.768s] -- Installing: /home/parsa/main_robot_ws/src/install/my_robot_navigation/lib/libmy_robot_navigation__rosidl_typesupport_c.so
[10.769s] -- Set non-toolchain portion of runtime path of "/home/parsa/main_robot_ws/src/install/my_robot_navigation/lib/libmy_robot_navigation__rosidl_typesupport_c.so" to ""
[10.769s] -- Up-to-date: /home/parsa/main_robot_ws/src/install/my_robot_navigation/include/my_robot_navigation/my_robot_navigation
[10.769s] -- Up-to-date: /home/parsa/main_robot_ws/src/install/my_robot_navigation/include/my_robot_navigation/my_robot_navigation/action
[10.769s] -- Up-to-date: /home/parsa/main_robot_ws/src/install/my_robot_navigation/include/my_robot_navigation/my_robot_navigation/action/detail
[10.769s] -- Installing: /home/parsa/main_robot_ws/src/install/my_robot_navigation/include/my_robot_navigation/my_robot_navigation/action/detail/move_holonomic__rosidl_typesupport_introspection_cpp.hpp
[10.770s] -- Installing: /home/parsa/main_robot_ws/src/install/my_robot_navigation/include/my_robot_navigation/my_robot_navigation/action/detail/move_holonomic__type_support.cpp
[10.777s] -- Installing: /home/parsa/main_robot_ws/src/install/my_robot_navigation/lib/libmy_robot_navigation__rosidl_typesupport_introspection_cpp.so
[10.780s] -- Set non-toolchain portion of runtime path of "/home/parsa/main_robot_ws/src/install/my_robot_navigation/lib/libmy_robot_navigation__rosidl_typesupport_introspection_cpp.so" to ""
[10.780s] -- Installing: /home/parsa/main_robot_ws/src/install/my_robot_navigation/lib/libmy_robot_navigation__rosidl_typesupport_cpp.so
[10.780s] -- Set non-toolchain portion of runtime path of "/home/parsa/main_robot_ws/src/install/my_robot_navigation/lib/libmy_robot_navigation__rosidl_typesupport_cpp.so" to ""
[10.780s] -- Installing: /home/parsa/main_robot_ws/src/install/my_robot_navigation/share/my_robot_navigation/environment/pythonpath.sh
[10.780s] -- Installing: /home/parsa/main_robot_ws/src/install/my_robot_navigation/share/my_robot_navigation/environment/pythonpath.dsv
[10.780s] -- Installing: /home/parsa/main_robot_ws/src/install/my_robot_navigation/local/lib/python3.10/dist-packages/my_robot_navigation-0.0.0-py3.10.egg-info
[10.780s] -- Installing: /home/parsa/main_robot_ws/src/install/my_robot_navigation/local/lib/python3.10/dist-packages/my_robot_navigation-0.0.0-py3.10.egg-info/top_level.txt
[10.783s] -- Installing: /home/parsa/main_robot_ws/src/install/my_robot_navigation/local/lib/python3.10/dist-packages/my_robot_navigation-0.0.0-py3.10.egg-info/SOURCES.txt
[10.783s] -- Installing: /home/parsa/main_robot_ws/src/install/my_robot_navigation/local/lib/python3.10/dist-packages/my_robot_navigation-0.0.0-py3.10.egg-info/PKG-INFO
[10.783s] -- Installing: /home/parsa/main_robot_ws/src/install/my_robot_navigation/local/lib/python3.10/dist-packages/my_robot_navigation-0.0.0-py3.10.egg-info/dependency_links.txt
[10.783s] -- Installing: /home/parsa/main_robot_ws/src/install/my_robot_navigation/local/lib/python3.10/dist-packages/my_robot_navigation
[10.783s] -- Installing: /home/parsa/main_robot_ws/src/install/my_robot_navigation/local/lib/python3.10/dist-packages/my_robot_navigation/_my_robot_navigation_s.ep.rosidl_typesupport_c.c
[10.785s] -- Installing: /home/parsa/main_robot_ws/src/install/my_robot_navigation/local/lib/python3.10/dist-packages/my_robot_navigation/_my_robot_navigation_s.ep.rosidl_typesupport_fastrtps_c.c
[10.785s] -- Installing: /home/parsa/main_robot_ws/src/install/my_robot_navigation/local/lib/python3.10/dist-packages/my_robot_navigation/libmy_robot_navigation__rosidl_generator_py.so
[10.785s] -- Installing: /home/parsa/main_robot_ws/src/install/my_robot_navigation/local/lib/python3.10/dist-packages/my_robot_navigation/_my_robot_navigation_s.ep.rosidl_typesupport_introspection_c.c
[10.785s] -- Installing: /home/parsa/main_robot_ws/src/install/my_robot_navigation/local/lib/python3.10/dist-packages/my_robot_navigation/__init__.py
[10.785s] -- Installing: /home/parsa/main_robot_ws/src/install/my_robot_navigation/local/lib/python3.10/dist-packages/my_robot_navigation/action
[10.785s] -- Installing: /home/parsa/main_robot_ws/src/install/my_robot_navigation/local/lib/python3.10/dist-packages/my_robot_navigation/action/_move_holonomic.py
[10.785s] -- Installing: /home/parsa/main_robot_ws/src/install/my_robot_navigation/local/lib/python3.10/dist-packages/my_robot_navigation/action/_move_holonomic_s.c
[10.785s] -- Installing: /home/parsa/main_robot_ws/src/install/my_robot_navigation/local/lib/python3.10/dist-packages/my_robot_navigation/action/__init__.py
[10.785s] -- Installing: /home/parsa/main_robot_ws/src/install/my_robot_navigation/local/lib/python3.10/dist-packages/my_robot_navigation/my_robot_navigation_s__rosidl_typesupport_c.cpython-310-x86_64-linux-gnu.so
[10.786s] -- Installing: /home/parsa/main_robot_ws/src/install/my_robot_navigation/local/lib/python3.10/dist-packages/my_robot_navigation/my_robot_navigation_s__rosidl_typesupport_introspection_c.cpython-310-x86_64-linux-gnu.so
[10.786s] -- Installing: /home/parsa/main_robot_ws/src/install/my_robot_navigation/local/lib/python3.10/dist-packages/my_robot_navigation/my_robot_navigation_s__rosidl_typesupport_fastrtps_c.cpython-310-x86_64-linux-gnu.so
[10.933s] Listing '/home/parsa/main_robot_ws/src/install/my_robot_navigation/local/lib/python3.10/dist-packages/my_robot_navigation'...
[10.933s] Compiling '/home/parsa/main_robot_ws/src/install/my_robot_navigation/local/lib/python3.10/dist-packages/my_robot_navigation/__init__.py'...
[10.933s] Listing '/home/parsa/main_robot_ws/src/install/my_robot_navigation/local/lib/python3.10/dist-packages/my_robot_navigation/action'...
[10.933s] Compiling '/home/parsa/main_robot_ws/src/install/my_robot_navigation/local/lib/python3.10/dist-packages/my_robot_navigation/action/__init__.py'...
[10.933s] Compiling '/home/parsa/main_robot_ws/src/install/my_robot_navigation/local/lib/python3.10/dist-packages/my_robot_navigation/action/_move_holonomic.py'...
[10.964s] -- Installing: /home/parsa/main_robot_ws/src/install/my_robot_navigation/local/lib/python3.10/dist-packages/my_robot_navigation/my_robot_navigation_s__rosidl_typesupport_fastrtps_c.cpython-310-x86_64-linux-gnu.so
[10.964s] -- Set non-toolchain portion of runtime path of "/home/parsa/main_robot_ws/src/install/my_robot_navigation/local/lib/python3.10/dist-packages/my_robot_navigation/my_robot_navigation_s__rosidl_typesupport_fastrtps_c.cpython-310-x86_64-linux-gnu.so" to ""
[10.964s] -- Installing: /home/parsa/main_robot_ws/src/install/my_robot_navigation/local/lib/python3.10/dist-packages/my_robot_navigation/my_robot_navigation_s__rosidl_typesupport_introspection_c.cpython-310-x86_64-linux-gnu.so
[10.965s] -- Set non-toolchain portion of runtime path of "/home/parsa/main_robot_ws/src/install/my_robot_navigation/local/lib/python3.10/dist-packages/my_robot_navigation/my_robot_navigation_s__rosidl_typesupport_introspection_c.cpython-310-x86_64-linux-gnu.so" to ""
[10.965s] -- Installing: /home/parsa/main_robot_ws/src/install/my_robot_navigation/local/lib/python3.10/dist-packages/my_robot_navigation/my_robot_navigation_s__rosidl_typesupport_c.cpython-310-x86_64-linux-gnu.so
[10.965s] -- Set non-toolchain portion of runtime path of "/home/parsa/main_robot_ws/src/install/my_robot_navigation/local/lib/python3.10/dist-packages/my_robot_navigation/my_robot_navigation_s__rosidl_typesupport_c.cpython-310-x86_64-linux-gnu.so" to ""
[10.966s] -- Installing: /home/parsa/main_robot_ws/src/install/my_robot_navigation/lib/libmy_robot_navigation__rosidl_generator_py.so
[10.969s] -- Set non-toolchain portion of runtime path of "/home/parsa/main_robot_ws/src/install/my_robot_navigation/lib/libmy_robot_navigation__rosidl_generator_py.so" to ""
[10.973s] -- Installing: /home/parsa/main_robot_ws/src/install/my_robot_navigation/share/my_robot_navigation/action/MoveHolonomic.idl
[10.973s] -- Installing: /home/parsa/main_robot_ws/src/install/my_robot_navigation/share/my_robot_navigation/action/MoveHolonomic.action
[10.978s] -- Installing: /home/parsa/main_robot_ws/src/install/my_robot_navigation/share/ament_index/resource_index/package_run_dependencies/my_robot_navigation
[10.981s] -- Installing: /home/parsa/main_robot_ws/src/install/my_robot_navigation/share/ament_index/resource_index/parent_prefix_path/my_robot_navigation
[10.981s] -- Installing: /home/parsa/main_robot_ws/src/install/my_robot_navigation/share/my_robot_navigation/environment/ament_prefix_path.sh
[10.981s] -- Installing: /home/parsa/main_robot_ws/src/install/my_robot_navigation/share/my_robot_navigation/environment/ament_prefix_path.dsv
[10.981s] -- Installing: /home/parsa/main_robot_ws/src/install/my_robot_navigation/share/my_robot_navigation/environment/path.sh
[10.981s] -- Installing: /home/parsa/main_robot_ws/src/install/my_robot_navigation/share/my_robot_navigation/environment/path.dsv
[10.981s] -- Installing: /home/parsa/main_robot_ws/src/install/my_robot_navigation/share/my_robot_navigation/local_setup.bash
[10.981s] -- Installing: /home/parsa/main_robot_ws/src/install/my_robot_navigation/share/my_robot_navigation/local_setup.sh
[10.981s] -- Installing: /home/parsa/main_robot_ws/src/install/my_robot_navigation/share/my_robot_navigation/local_setup.zsh
[10.981s] -- Installing: /home/parsa/main_robot_ws/src/install/my_robot_navigation/share/my_robot_navigation/local_setup.dsv
[10.982s] -- Installing: /home/parsa/main_robot_ws/src/install/my_robot_navigation/share/my_robot_navigation/package.dsv
[10.982s] -- Installing: /home/parsa/main_robot_ws/src/install/my_robot_navigation/share/ament_index/resource_index/packages/my_robot_navigation
[10.982s] -- Installing: /home/parsa/main_robot_ws/src/install/my_robot_navigation/share/my_robot_navigation/cmake/export_my_robot_navigation__rosidl_generator_cExport.cmake
[10.982s] -- Installing: /home/parsa/main_robot_ws/src/install/my_robot_navigation/share/my_robot_navigation/cmake/export_my_robot_navigation__rosidl_generator_cExport-noconfig.cmake
[10.982s] -- Installing: /home/parsa/main_robot_ws/src/install/my_robot_navigation/share/my_robot_navigation/cmake/export_my_robot_navigation__rosidl_typesupport_fastrtps_cExport.cmake
[10.982s] -- Installing: /home/parsa/main_robot_ws/src/install/my_robot_navigation/share/my_robot_navigation/cmake/export_my_robot_navigation__rosidl_typesupport_fastrtps_cExport-noconfig.cmake
[10.993s] -- Installing: /home/parsa/main_robot_ws/src/install/my_robot_navigation/share/my_robot_navigation/cmake/export_my_robot_navigation__rosidl_generator_cppExport.cmake
[10.993s] -- Installing: /home/parsa/main_robot_ws/src/install/my_robot_navigation/share/my_robot_navigation/cmake/export_my_robot_navigation__rosidl_typesupport_fastrtps_cppExport.cmake
[10.996s] -- Installing: /home/parsa/main_robot_ws/src/install/my_robot_navigation/share/my_robot_navigation/cmake/export_my_robot_navigation__rosidl_typesupport_fastrtps_cppExport-noconfig.cmake
[11.000s] -- Installing: /home/parsa/main_robot_ws/src/install/my_robot_navigation/share/my_robot_navigation/cmake/my_robot_navigation__rosidl_typesupport_introspection_cExport.cmake
[11.001s] -- Installing: /home/parsa/main_robot_ws/src/install/my_robot_navigation/share/my_robot_navigation/cmake/my_robot_navigation__rosidl_typesupport_introspection_cExport-noconfig.cmake
[11.004s] -- Installing: /home/parsa/main_robot_ws/src/install/my_robot_navigation/share/my_robot_navigation/cmake/my_robot_navigation__rosidl_typesupport_cExport.cmake
[11.009s] -- Installing: /home/parsa/main_robot_ws/src/install/my_robot_navigation/share/my_robot_navigation/cmake/my_robot_navigation__rosidl_typesupport_cExport-noconfig.cmake
[11.010s] -- Installing: /home/parsa/main_robot_ws/src/install/my_robot_navigation/share/my_robot_navigation/cmake/my_robot_navigation__rosidl_typesupport_introspection_cppExport.cmake
[11.010s] -- Installing: /home/parsa/main_robot_ws/src/install/my_robot_navigation/share/my_robot_navigation/cmake/my_robot_navigation__rosidl_typesupport_introspection_cppExport-noconfig.cmake
[11.010s] -- Installing: /home/parsa/main_robot_ws/src/install/my_robot_navigation/share/my_robot_navigation/cmake/my_robot_navigation__rosidl_typesupport_cppExport.cmake
[11.010s] -- Installing: /home/parsa/main_robot_ws/src/install/my_robot_navigation/share/my_robot_navigation/cmake/my_robot_navigation__rosidl_typesupport_cppExport-noconfig.cmake
[11.011s] -- Installing: /home/parsa/main_robot_ws/src/install/my_robot_navigation/share/my_robot_navigation/cmake/export_my_robot_navigation__rosidl_generator_pyExport.cmake
[11.011s] -- Installing: /home/parsa/main_robot_ws/src/install/my_robot_navigation/share/my_robot_navigation/cmake/export_my_robot_navigation__rosidl_generator_pyExport-noconfig.cmake
[11.011s] -- Installing: /home/parsa/main_robot_ws/src/install/my_robot_navigation/share/my_robot_navigation/cmake/rosidl_cmake-extras.cmake
[11.011s] -- Installing: /home/parsa/main_robot_ws/src/install/my_robot_navigation/share/my_robot_navigation/cmake/ament_cmake_export_dependencies-extras.cmake
[11.011s] -- Installing: /home/parsa/main_robot_ws/src/install/my_robot_navigation/share/my_robot_navigation/cmake/ament_cmake_export_include_directories-extras.cmake
[11.012s] -- Installing: /home/parsa/main_robot_ws/src/install/my_robot_navigation/share/my_robot_navigation/cmake/ament_cmake_export_libraries-extras.cmake
[11.012s] -- Installing: /home/parsa/main_robot_ws/src/install/my_robot_navigation/share/my_robot_navigation/cmake/ament_cmake_export_targets-extras.cmake
[11.012s] -- Installing: /home/parsa/main_robot_ws/src/install/my_robot_navigation/share/my_robot_navigation/cmake/rosidl_cmake_export_typesupport_targets-extras.cmake
[11.012s] -- Installing: /home/parsa/main_robot_ws/src/install/my_robot_navigation/share/my_robot_navigation/cmake/rosidl_cmake_export_typesupport_libraries-extras.cmake
[11.013s] -- Installing: /home/parsa/main_robot_ws/src/install/my_robot_navigation/share/my_robot_navigation/cmake/my_robot_navigationConfig.cmake
[11.013s] -- Installing: /home/parsa/main_robot_ws/src/install/my_robot_navigation/share/my_robot_navigation/cmake/my_robot_navigationConfig-version.cmake
[11.029s] -- Installing: /home/parsa/main_robot_ws/src/install/my_robot_navigation/share/my_robot_navigation/package.xml
[11.044s] Invoked command in '/home/parsa/main_robot_ws/src/build/my_robot_navigation' returned '0': CMAKE_PREFIX_PATH=${CMAKE_PREFIX_PATH}:/home/parsa/main_robot_ws/install/state_publisher:/home/parsa/main_robot_ws/install/robot_control:/home/parsa/main_robot_ws/install/navigation_config:/home/parsa/main_robot_ws/install/my_robot_camera:/home/parsa/main_robot_ws/install/lidar_front_filter:/opt/ros/humble /home/parsa/.local/bin/cmake --install /home/parsa/main_robot_ws/src/build/my_robot_navigation
