/home/parsa/main_robot_ws/install/robot_control/lib/python3.10/site-packages/robot_control/arm_controller_node.py
/home/parsa/main_robot_ws/install/robot_control/lib/python3.10/site-packages/robot_control/esp_motor_control copy.py
/home/parsa/main_robot_ws/install/robot_control/lib/python3.10/site-packages/robot_control/example_tasks.py
/home/parsa/main_robot_ws/install/robot_control/lib/python3.10/site-packages/robot_control/task_manager.py
/home/parsa/main_robot_ws/install/robot_control/lib/python3.10/site-packages/robot_control/arm_server.py
/home/parsa/main_robot_ws/install/robot_control/lib/python3.10/site-packages/robot_control/__init__.py
/home/parsa/main_robot_ws/install/robot_control/lib/python3.10/site-packages/robot_control/old_robot_server.py
/home/parsa/main_robot_ws/install/robot_control/lib/python3.10/site-packages/robot_control/arm_gui.py
/home/parsa/main_robot_ws/install/robot_control/lib/python3.10/site-packages/robot_control/esp_motor_control.py
/home/parsa/main_robot_ws/install/robot_control/lib/python3.10/site-packages/robot_control/robot_server.py
/home/parsa/main_robot_ws/install/robot_control/lib/python3.10/site-packages/robot_control/__pycache__/arm_controller_node.cpython-310.pyc
/home/parsa/main_robot_ws/install/robot_control/lib/python3.10/site-packages/robot_control/__pycache__/esp_motor_control copy.cpython-310.pyc
/home/parsa/main_robot_ws/install/robot_control/lib/python3.10/site-packages/robot_control/__pycache__/example_tasks.cpython-310.pyc
/home/parsa/main_robot_ws/install/robot_control/lib/python3.10/site-packages/robot_control/__pycache__/task_manager.cpython-310.pyc
/home/parsa/main_robot_ws/install/robot_control/lib/python3.10/site-packages/robot_control/__pycache__/arm_server.cpython-310.pyc
/home/parsa/main_robot_ws/install/robot_control/lib/python3.10/site-packages/robot_control/__pycache__/__init__.cpython-310.pyc
/home/parsa/main_robot_ws/install/robot_control/lib/python3.10/site-packages/robot_control/__pycache__/old_robot_server.cpython-310.pyc
/home/parsa/main_robot_ws/install/robot_control/lib/python3.10/site-packages/robot_control/__pycache__/arm_gui.cpython-310.pyc
/home/parsa/main_robot_ws/install/robot_control/lib/python3.10/site-packages/robot_control/__pycache__/esp_motor_control.cpython-310.pyc
/home/parsa/main_robot_ws/install/robot_control/lib/python3.10/site-packages/robot_control/__pycache__/robot_server.cpython-310.pyc
/home/parsa/main_robot_ws/install/robot_control/share/ament_index/resource_index/packages/robot_control
/home/parsa/main_robot_ws/install/robot_control/share/robot_control/package.xml
/home/parsa/main_robot_ws/install/robot_control/share/robot_control/launch/arm_controller.launch.py
/home/parsa/main_robot_ws/install/robot_control/share/robot_control/launch/joint_state_publisher.launch.py
/home/parsa/main_robot_ws/install/robot_control/share/robot_control/config/arm_controller_params.yaml
/home/parsa/main_robot_ws/install/robot_control/share/robot_control/config/controllers.yaml
/home/parsa/main_robot_ws/install/robot_control/share/robot_control/config/joint_state_broadcaster.yaml
/home/parsa/main_robot_ws/install/robot_control/lib/python3.10/site-packages/robot_control-0.0.0-py3.10.egg-info/top_level.txt
/home/parsa/main_robot_ws/install/robot_control/lib/python3.10/site-packages/robot_control-0.0.0-py3.10.egg-info/SOURCES.txt
/home/parsa/main_robot_ws/install/robot_control/lib/python3.10/site-packages/robot_control-0.0.0-py3.10.egg-info/requires.txt
/home/parsa/main_robot_ws/install/robot_control/lib/python3.10/site-packages/robot_control-0.0.0-py3.10.egg-info/PKG-INFO
/home/parsa/main_robot_ws/install/robot_control/lib/python3.10/site-packages/robot_control-0.0.0-py3.10.egg-info/entry_points.txt
/home/parsa/main_robot_ws/install/robot_control/lib/python3.10/site-packages/robot_control-0.0.0-py3.10.egg-info/dependency_links.txt
/home/parsa/main_robot_ws/install/robot_control/lib/python3.10/site-packages/robot_control-0.0.0-py3.10.egg-info/zip-safe
/home/parsa/main_robot_ws/install/robot_control/lib/robot_control/arm_controller_node
/home/parsa/main_robot_ws/install/robot_control/lib/robot_control/arm_driver_node
/home/parsa/main_robot_ws/install/robot_control/lib/robot_control/arm_gui
/home/parsa/main_robot_ws/install/robot_control/lib/robot_control/arm_server
/home/parsa/main_robot_ws/install/robot_control/lib/robot_control/old_robot_server
/home/parsa/main_robot_ws/install/robot_control/lib/robot_control/robot_server
