[0.576s] Invoking command in '/home/parsa/main_robot_ws/src/my_robot_camera': PYTHONPATH=/home/parsa/main_robot_ws/src/my_robot_camera/build/my_robot_camera/prefix_override:/usr/lib/python3/dist-packages/colcon_core/task/python/colcon_distutils_commands:/home/parsa/main_robot_ws/src/my_robot_camera/install/my_robot_camera/lib/python3.10/site-packages:${PYTHONPATH} /usr/bin/python3 -W ignore:setup.py install is deprecated -W ignore:easy_install command is deprecated setup.py egg_info --egg-base build/my_robot_camera build --build-base /home/parsa/main_robot_ws/src/my_robot_camera/build/my_robot_camera/build install --record /home/parsa/main_robot_ws/src/my_robot_camera/build/my_robot_camera/install.log --single-version-externally-managed install_data
[0.786s] running egg_info
[0.786s] creating build/my_robot_camera/my_robot_camera.egg-info
[0.787s] writing build/my_robot_camera/my_robot_camera.egg-info/PKG-INFO
[0.787s] writing dependency_links to build/my_robot_camera/my_robot_camera.egg-info/dependency_links.txt
[0.787s] writing entry points to build/my_robot_camera/my_robot_camera.egg-info/entry_points.txt
[0.787s] writing requirements to build/my_robot_camera/my_robot_camera.egg-info/requires.txt
[0.787s] writing top-level names to build/my_robot_camera/my_robot_camera.egg-info/top_level.txt
[0.787s] writing manifest file 'build/my_robot_camera/my_robot_camera.egg-info/SOURCES.txt'
[0.792s] reading manifest file 'build/my_robot_camera/my_robot_camera.egg-info/SOURCES.txt'
[0.792s] writing manifest file 'build/my_robot_camera/my_robot_camera.egg-info/SOURCES.txt'
[0.792s] running build
[0.793s] running build_py
[0.793s] creating /home/parsa/main_robot_ws/src/my_robot_camera/build/my_robot_camera/build
[0.793s] creating /home/parsa/main_robot_ws/src/my_robot_camera/build/my_robot_camera/build/lib
[0.793s] creating /home/parsa/main_robot_ws/src/my_robot_camera/build/my_robot_camera/build/lib/my_robot_camera
[0.793s] copying my_robot_camera/camera_node.py -> /home/parsa/main_robot_ws/src/my_robot_camera/build/my_robot_camera/build/lib/my_robot_camera
[0.793s] copying my_robot_camera/qos_bridge_node.py -> /home/parsa/main_robot_ws/src/my_robot_camera/build/my_robot_camera/build/lib/my_robot_camera
[0.793s] copying my_robot_camera/__init__.py -> /home/parsa/main_robot_ws/src/my_robot_camera/build/my_robot_camera/build/lib/my_robot_camera
[0.793s] running install
[0.794s] running install_lib
[0.794s] creating /home/parsa/main_robot_ws/src/my_robot_camera/install/my_robot_camera/lib/python3.10/site-packages/my_robot_camera
[0.794s] copying /home/parsa/main_robot_ws/src/my_robot_camera/build/my_robot_camera/build/lib/my_robot_camera/camera_node.py -> /home/parsa/main_robot_ws/src/my_robot_camera/install/my_robot_camera/lib/python3.10/site-packages/my_robot_camera
[0.794s] copying /home/parsa/main_robot_ws/src/my_robot_camera/build/my_robot_camera/build/lib/my_robot_camera/qos_bridge_node.py -> /home/parsa/main_robot_ws/src/my_robot_camera/install/my_robot_camera/lib/python3.10/site-packages/my_robot_camera
[0.794s] copying /home/parsa/main_robot_ws/src/my_robot_camera/build/my_robot_camera/build/lib/my_robot_camera/__init__.py -> /home/parsa/main_robot_ws/src/my_robot_camera/install/my_robot_camera/lib/python3.10/site-packages/my_robot_camera
[0.795s] byte-compiling /home/parsa/main_robot_ws/src/my_robot_camera/install/my_robot_camera/lib/python3.10/site-packages/my_robot_camera/camera_node.py to camera_node.cpython-310.pyc
[0.796s] byte-compiling /home/parsa/main_robot_ws/src/my_robot_camera/install/my_robot_camera/lib/python3.10/site-packages/my_robot_camera/qos_bridge_node.py to qos_bridge_node.cpython-310.pyc
[0.796s] byte-compiling /home/parsa/main_robot_ws/src/my_robot_camera/install/my_robot_camera/lib/python3.10/site-packages/my_robot_camera/__init__.py to __init__.cpython-310.pyc
[0.796s] running install_data
[0.797s] creating /home/parsa/main_robot_ws/src/my_robot_camera/install/my_robot_camera/share/ament_index
[0.797s] creating /home/parsa/main_robot_ws/src/my_robot_camera/install/my_robot_camera/share/ament_index/resource_index
[0.797s] creating /home/parsa/main_robot_ws/src/my_robot_camera/install/my_robot_camera/share/ament_index/resource_index/packages
[0.797s] copying resource/my_robot_camera -> /home/parsa/main_robot_ws/src/my_robot_camera/install/my_robot_camera/share/ament_index/resource_index/packages
[0.797s] copying package.xml -> /home/parsa/main_robot_ws/src/my_robot_camera/install/my_robot_camera/share/my_robot_camera
[0.797s] creating /home/parsa/main_robot_ws/src/my_robot_camera/install/my_robot_camera/share/my_robot_camera/launch
[0.797s] copying launch/camera.launch.py -> /home/parsa/main_robot_ws/src/my_robot_camera/install/my_robot_camera/share/my_robot_camera/launch
[0.797s] copying launch/camera_with_bridge.launch.py -> /home/parsa/main_robot_ws/src/my_robot_camera/install/my_robot_camera/share/my_robot_camera/launch
[0.797s] creating /home/parsa/main_robot_ws/src/my_robot_camera/install/my_robot_camera/share/my_robot_camera/models
[0.797s] copying models/best.pt -> /home/parsa/main_robot_ws/src/my_robot_camera/install/my_robot_camera/share/my_robot_camera/models
[0.914s] creating /home/parsa/main_robot_ws/src/my_robot_camera/install/my_robot_camera/share/my_robot_camera/msg
[0.914s] running install_egg_info
[0.915s] Copying build/my_robot_camera/my_robot_camera.egg-info to /home/parsa/main_robot_ws/src/my_robot_camera/install/my_robot_camera/lib/python3.10/site-packages/my_robot_camera-0.0.0-py3.10.egg-info
[0.916s] running install_scripts
[0.930s] Installing camera_node script to /home/parsa/main_robot_ws/src/my_robot_camera/install/my_robot_camera/lib/my_robot_camera
[0.931s] writing list of installed files to '/home/parsa/main_robot_ws/src/my_robot_camera/build/my_robot_camera/install.log'
[0.949s] Invoked command in '/home/parsa/main_robot_ws/src/my_robot_camera' returned '0': PYTHONPATH=/home/parsa/main_robot_ws/src/my_robot_camera/build/my_robot_camera/prefix_override:/usr/lib/python3/dist-packages/colcon_core/task/python/colcon_distutils_commands:/home/parsa/main_robot_ws/src/my_robot_camera/install/my_robot_camera/lib/python3.10/site-packages:${PYTHONPATH} /usr/bin/python3 -W ignore:setup.py install is deprecated -W ignore:easy_install command is deprecated setup.py egg_info --egg-base build/my_robot_camera build --build-base /home/parsa/main_robot_ws/src/my_robot_camera/build/my_robot_camera/build install --record /home/parsa/main_robot_ws/src/my_robot_camera/build/my_robot_camera/install.log --single-version-externally-managed install_data
