[0.043s] Invoking command in '/home/parsa/main_robot_ws/src/build/rviz_marker_tools': CMAKE_PREFIX_PATH=${CMAKE_PREFIX_PATH}:/home/parsa/main_robot_ws/install/state_publisher:/home/parsa/main_robot_ws/install/robot_control:/home/parsa/main_robot_ws/install/navigation_config:/home/parsa/main_robot_ws/install/my_robot_camera:/home/parsa/main_robot_ws/install/lidar_front_filter:/opt/ros/humble /home/parsa/.local/bin/cmake /home/parsa/main_robot_ws/src/moveit_task_constructor/rviz_marker_tools -DCMAKE_INSTALL_PREFIX=/home/parsa/main_robot_ws/src/install/rviz_marker_tools
[0.698s] -- The C compiler identification is GNU 11.4.0
[0.698s] -- The CXX compiler identification is GNU 11.4.0
[0.698s] -- Detecting C compiler ABI info
[0.698s] -- Detecting C compiler ABI info - done
[0.698s] -- Check for working C compiler: /usr/bin/cc - skipped
[0.698s] -- Detecting C compile features
[0.699s] -- Detecting C compile features - done
[0.699s] -- Detecting CXX compiler ABI info
[0.699s] -- Detecting CXX compiler ABI info - done
[0.699s] -- Check for working CXX compiler: /usr/bin/c++ - skipped
[0.700s] -- Detecting CXX compile features
[0.700s] -- Detecting CXX compile features - done
[0.700s] -- Found ament_cmake: 1.3.11 (/opt/ros/humble/share/ament_cmake/cmake)
[0.700s] -- Found Python3: /usr/bin/python3 (found version "3.10.12") found components: Interpreter
[0.700s] -- Found moveit_common: 2.5.8 (/opt/ros/humble/share/moveit_common/cmake)
[0.707s] [0mrviz_marker_tools: You did not request a specific build type: Choosing 'Release' for maximum performance[0m
[0.717s] -- Found eigen3_cmake_module: 0.1.1 (/opt/ros/humble/share/eigen3_cmake_module/cmake)
[0.759s] -- Found Eigen3: TRUE (found version "3.4.0")
[0.767s] -- Found geometry_msgs: 4.8.0 (/opt/ros/humble/share/geometry_msgs/cmake)
[0.871s] -- Found rosidl_generator_c: 3.1.6 (/opt/ros/humble/share/rosidl_generator_c/cmake)
[0.888s] -- Found rosidl_adapter: 3.1.6 (/opt/ros/humble/share/rosidl_adapter/cmake)
[0.909s] -- Found rosidl_generator_cpp: 3.1.6 (/opt/ros/humble/share/rosidl_generator_cpp/cmake)
[0.937s] -- Using all available rosidl_typesupport_c: rosidl_typesupport_fastrtps_c;rosidl_typesupport_introspection_c
[0.982s] -- Using all available rosidl_typesupport_cpp: rosidl_typesupport_fastrtps_cpp;rosidl_typesupport_introspection_cpp
[1.062s] -- Found rclcpp: 16.0.12 (/opt/ros/humble/share/rclcpp/cmake)
[1.182s] -- Found rmw_implementation_cmake: 6.1.2 (/opt/ros/humble/share/rmw_implementation_cmake/cmake)
[1.192s] -- Found rmw_fastrtps_cpp: 6.2.7 (/opt/ros/humble/share/rmw_fastrtps_cpp/cmake)
[1.393s] -- Found OpenSSL: /usr/lib/x86_64-linux-gnu/libcrypto.so (found version "3.0.2")
[1.484s] -- Found FastRTPS: /opt/ros/humble/include
[1.668s] -- Using RMW implementation 'rmw_fastrtps_cpp' as default
[1.705s] -- Performing Test CMAKE_HAVE_LIBC_PTHREAD
[1.795s] -- Performing Test CMAKE_HAVE_LIBC_PTHREAD - Success
[1.797s] -- Found Threads: TRUE
[1.890s] -- Found tf2_eigen: 0.25.12 (/opt/ros/humble/share/tf2_eigen/cmake)
[2.339s] -- Found visualization_msgs: 4.8.0 (/opt/ros/humble/share/visualization_msgs/cmake)
[2.522s] -- Configuring done (2.4s)
[2.550s] -- Generating done (0.0s)
[2.555s] -- Build files have been written to: /home/parsa/main_robot_ws/src/build/rviz_marker_tools
[2.587s] Invoked command in '/home/parsa/main_robot_ws/src/build/rviz_marker_tools' returned '0': CMAKE_PREFIX_PATH=${CMAKE_PREFIX_PATH}:/home/parsa/main_robot_ws/install/state_publisher:/home/parsa/main_robot_ws/install/robot_control:/home/parsa/main_robot_ws/install/navigation_config:/home/parsa/main_robot_ws/install/my_robot_camera:/home/parsa/main_robot_ws/install/lidar_front_filter:/opt/ros/humble /home/parsa/.local/bin/cmake /home/parsa/main_robot_ws/src/moveit_task_constructor/rviz_marker_tools -DCMAKE_INSTALL_PREFIX=/home/parsa/main_robot_ws/src/install/rviz_marker_tools
[2.589s] Invoking command in '/home/parsa/main_robot_ws/src/build/rviz_marker_tools': CMAKE_PREFIX_PATH=${CMAKE_PREFIX_PATH}:/home/parsa/main_robot_ws/install/state_publisher:/home/parsa/main_robot_ws/install/robot_control:/home/parsa/main_robot_ws/install/navigation_config:/home/parsa/main_robot_ws/install/my_robot_camera:/home/parsa/main_robot_ws/install/lidar_front_filter:/opt/ros/humble /home/parsa/.local/bin/cmake --build /home/parsa/main_robot_ws/src/build/rviz_marker_tools -- -j16 -l16
[2.795s] [ 50%] [32mBuilding CXX object CMakeFiles/rviz_marker_tools.dir/src/marker_creation.cpp.o[0m
[11.782s] [100%] [32m[1mLinking CXX shared library librviz_marker_tools.so[0m
[11.925s] [100%] Built target rviz_marker_tools
[11.930s] Invoked command in '/home/parsa/main_robot_ws/src/build/rviz_marker_tools' returned '0': CMAKE_PREFIX_PATH=${CMAKE_PREFIX_PATH}:/home/parsa/main_robot_ws/install/state_publisher:/home/parsa/main_robot_ws/install/robot_control:/home/parsa/main_robot_ws/install/navigation_config:/home/parsa/main_robot_ws/install/my_robot_camera:/home/parsa/main_robot_ws/install/lidar_front_filter:/opt/ros/humble /home/parsa/.local/bin/cmake --build /home/parsa/main_robot_ws/src/build/rviz_marker_tools -- -j16 -l16
[11.931s] Invoking command in '/home/parsa/main_robot_ws/src/build/rviz_marker_tools': CMAKE_PREFIX_PATH=${CMAKE_PREFIX_PATH}:/home/parsa/main_robot_ws/install/state_publisher:/home/parsa/main_robot_ws/install/robot_control:/home/parsa/main_robot_ws/install/navigation_config:/home/parsa/main_robot_ws/install/my_robot_camera:/home/parsa/main_robot_ws/install/lidar_front_filter:/opt/ros/humble /home/parsa/.local/bin/cmake --install /home/parsa/main_robot_ws/src/build/rviz_marker_tools
[11.996s] -- Install configuration: "Release"
[11.996s] -- Installing: /home/parsa/main_robot_ws/src/install/rviz_marker_tools/include
[11.996s] -- Installing: /home/parsa/main_robot_ws/src/install/rviz_marker_tools/include/rviz_marker_tools
[11.996s] -- Installing: /home/parsa/main_robot_ws/src/install/rviz_marker_tools/include/rviz_marker_tools/marker_creation.h
[11.996s] -- Installing: /home/parsa/main_robot_ws/src/install/rviz_marker_tools/lib/librviz_marker_tools.so
[11.997s] -- Set non-toolchain portion of runtime path of "/home/parsa/main_robot_ws/src/install/rviz_marker_tools/lib/librviz_marker_tools.so" to ""
[11.997s] -- Installing: /home/parsa/main_robot_ws/src/install/rviz_marker_tools/share/rviz_marker_tools/environment/library_path.sh
[11.997s] -- Installing: /home/parsa/main_robot_ws/src/install/rviz_marker_tools/share/rviz_marker_tools/environment/library_path.dsv
[11.997s] -- Installing: /home/parsa/main_robot_ws/src/install/rviz_marker_tools/share/ament_index/resource_index/package_run_dependencies/rviz_marker_tools
[11.997s] -- Installing: /home/parsa/main_robot_ws/src/install/rviz_marker_tools/share/ament_index/resource_index/parent_prefix_path/rviz_marker_tools
[11.997s] -- Installing: /home/parsa/main_robot_ws/src/install/rviz_marker_tools/share/rviz_marker_tools/environment/ament_prefix_path.sh
[11.998s] -- Installing: /home/parsa/main_robot_ws/src/install/rviz_marker_tools/share/rviz_marker_tools/environment/ament_prefix_path.dsv
[11.998s] -- Installing: /home/parsa/main_robot_ws/src/install/rviz_marker_tools/share/rviz_marker_tools/environment/path.sh
[11.998s] -- Installing: /home/parsa/main_robot_ws/src/install/rviz_marker_tools/share/rviz_marker_tools/environment/path.dsv
[11.998s] -- Installing: /home/parsa/main_robot_ws/src/install/rviz_marker_tools/share/rviz_marker_tools/local_setup.bash
[11.998s] -- Installing: /home/parsa/main_robot_ws/src/install/rviz_marker_tools/share/rviz_marker_tools/local_setup.sh
[11.998s] -- Installing: /home/parsa/main_robot_ws/src/install/rviz_marker_tools/share/rviz_marker_tools/local_setup.zsh
[11.998s] -- Installing: /home/parsa/main_robot_ws/src/install/rviz_marker_tools/share/rviz_marker_tools/local_setup.dsv
[11.999s] -- Installing: /home/parsa/main_robot_ws/src/install/rviz_marker_tools/share/rviz_marker_tools/package.dsv
[11.999s] -- Installing: /home/parsa/main_robot_ws/src/install/rviz_marker_tools/share/ament_index/resource_index/packages/rviz_marker_tools
[11.999s] -- Installing: /home/parsa/main_robot_ws/src/install/rviz_marker_tools/share/rviz_marker_tools/cmake/rviz_marker_toolsTargetsExport.cmake
[11.999s] -- Installing: /home/parsa/main_robot_ws/src/install/rviz_marker_tools/share/rviz_marker_tools/cmake/rviz_marker_toolsTargetsExport-release.cmake
[11.999s] -- Installing: /home/parsa/main_robot_ws/src/install/rviz_marker_tools/share/rviz_marker_tools/cmake/ament_cmake_export_targets-extras.cmake
[11.999s] -- Installing: /home/parsa/main_robot_ws/src/install/rviz_marker_tools/share/rviz_marker_tools/cmake/ament_cmake_export_dependencies-extras.cmake
[11.999s] -- Installing: /home/parsa/main_robot_ws/src/install/rviz_marker_tools/share/rviz_marker_tools/cmake/rviz_marker_toolsConfig.cmake
[11.999s] -- Installing: /home/parsa/main_robot_ws/src/install/rviz_marker_tools/share/rviz_marker_tools/cmake/rviz_marker_toolsConfig-version.cmake
[11.999s] -- Installing: /home/parsa/main_robot_ws/src/install/rviz_marker_tools/share/rviz_marker_tools/package.xml
[12.002s] Invoked command in '/home/parsa/main_robot_ws/src/build/rviz_marker_tools' returned '0': CMAKE_PREFIX_PATH=${CMAKE_PREFIX_PATH}:/home/parsa/main_robot_ws/install/state_publisher:/home/parsa/main_robot_ws/install/robot_control:/home/parsa/main_robot_ws/install/navigation_config:/home/parsa/main_robot_ws/install/my_robot_camera:/home/parsa/main_robot_ws/install/lidar_front_filter:/opt/ros/humble /home/parsa/.local/bin/cmake --install /home/parsa/main_robot_ws/src/build/rviz_marker_tools
