-- Install configuration: ""
-- Up-to-date: /home/parsa/main_robot_ws/install/robot_description/share/robot_description/description
-- Up-to-date: /home/parsa/main_robot_ws/install/robot_description/share/robot_description/description/atwork.urdf.xacro
-- Up-to-date: /home/parsa/main_robot_ws/install/robot_description/share/robot_description/description/robot_core.xacro
-- Up-to-date: /home/parsa/main_robot_ws/install/robot_description/share/robot_description/description/lidar.xacro
-- Up-to-date: /home/parsa/main_robot_ws/install/robot_description/share/robot_description/description/arm_control.xacro
-- Up-to-date: /home/parsa/main_robot_ws/install/robot_description/share/robot_description/description/ros2_control.xacro
-- Up-to-date: /home/parsa/main_robot_ws/install/robot_description/share/robot_description/description/arm.urdf.xacro
-- Up-to-date: /home/parsa/main_robot_ws/install/robot_description/share/robot_description/description/arm.urdf.xacro.bak
-- Up-to-date: /home/parsa/main_robot_ws/install/robot_description/share/robot_description/launch
-- Up-to-date: /home/parsa/main_robot_ws/install/robot_description/share/robot_description/launch/rsp.launch.py
-- Up-to-date: /home/parsa/main_robot_ws/install/robot_description/share/robot_description/meshes
-- Up-to-date: /home/parsa/main_robot_ws/install/robot_description/share/robot_description/meshes/base_link.STL
-- Up-to-date: /home/parsa/main_robot_ws/install/robot_description/share/robot_description/meshes/a2.STL
-- Up-to-date: /home/parsa/main_robot_ws/install/robot_description/share/robot_description/meshes/a4.STL
-- Up-to-date: /home/parsa/main_robot_ws/install/robot_description/share/robot_description/meshes/g1.STL
-- Up-to-date: /home/parsa/main_robot_ws/install/robot_description/share/robot_description/meshes/g12.STL
-- Up-to-date: /home/parsa/main_robot_ws/install/robot_description/share/robot_description/meshes/g22.STL
-- Up-to-date: /home/parsa/main_robot_ws/install/robot_description/share/robot_description/meshes/bg.STL
-- Up-to-date: /home/parsa/main_robot_ws/install/robot_description/share/robot_description/meshes/a1.STL
-- Up-to-date: /home/parsa/main_robot_ws/install/robot_description/share/robot_description/meshes/g2.STL
-- Up-to-date: /home/parsa/main_robot_ws/install/robot_description/share/robot_description/meshes/a3.STL
-- Up-to-date: /home/parsa/main_robot_ws/install/robot_description/share/ament_index/resource_index/package_run_dependencies/robot_description
-- Up-to-date: /home/parsa/main_robot_ws/install/robot_description/share/ament_index/resource_index/parent_prefix_path/robot_description
-- Up-to-date: /home/parsa/main_robot_ws/install/robot_description/share/robot_description/environment/ament_prefix_path.sh
-- Up-to-date: /home/parsa/main_robot_ws/install/robot_description/share/robot_description/environment/ament_prefix_path.dsv
-- Up-to-date: /home/parsa/main_robot_ws/install/robot_description/share/robot_description/environment/path.sh
-- Up-to-date: /home/parsa/main_robot_ws/install/robot_description/share/robot_description/environment/path.dsv
-- Up-to-date: /home/parsa/main_robot_ws/install/robot_description/share/robot_description/local_setup.bash
-- Up-to-date: /home/parsa/main_robot_ws/install/robot_description/share/robot_description/local_setup.sh
-- Up-to-date: /home/parsa/main_robot_ws/install/robot_description/share/robot_description/local_setup.zsh
-- Up-to-date: /home/parsa/main_robot_ws/install/robot_description/share/robot_description/local_setup.dsv
-- Installing: /home/parsa/main_robot_ws/install/robot_description/share/robot_description/package.dsv
-- Up-to-date: /home/parsa/main_robot_ws/install/robot_description/share/ament_index/resource_index/packages/robot_description
-- Up-to-date: /home/parsa/main_robot_ws/install/robot_description/share/robot_description/cmake/robot_descriptionConfig.cmake
-- Up-to-date: /home/parsa/main_robot_ws/install/robot_description/share/robot_description/cmake/robot_descriptionConfig-version.cmake
-- Up-to-date: /home/parsa/main_robot_ws/install/robot_description/share/robot_description/package.xml
