[1.391s] Invoking command in '/home/parsa/main_robot_ws/build/robot_control_interfaces': CMAKE_PREFIX_PATH=/opt/ros/humble /home/parsa/.local/bin/cmake --build /home/parsa/main_robot_ws/build/robot_control_interfaces -- -j16 -l16
[1.621s] [  7%] Built target robot_control_interfaces__cpp
[1.621s] [ 12%] Built target robot_control_interfaces__rosidl_generator_c
[1.621s] [ 12%] Built target ament_cmake_python_copy_robot_control_interfaces
[1.621s] [ 23%] Built target robot_control_interfaces__rosidl_typesupport_introspection_c
[1.621s] [ 33%] Built target robot_control_interfaces__rosidl_typesupport_introspection_cpp
[1.621s] [ 43%] Built target robot_control_interfaces__rosidl_typesupport_c
[1.621s] [ 53%] Built target robot_control_interfaces__rosidl_typesupport_cpp
[1.621s] [ 64%] Built target robot_control_interfaces__rosidl_typesupport_fastrtps_cpp
[1.622s] [ 74%] Built target robot_control_interfaces__rosidl_typesupport_fastrtps_c
[1.622s] [ 74%] Built target robot_control_interfaces
[1.648s] [ 76%] Built target robot_control_interfaces__py
[1.693s] [ 84%] Built target robot_control_interfaces__rosidl_generator_py
[1.762s] [ 89%] Built target robot_control_interfaces__rosidl_typesupport_introspection_c__pyext
[1.790s] [ 94%] Built target robot_control_interfaces__rosidl_typesupport_c__pyext
[1.791s] [100%] Built target robot_control_interfaces__rosidl_typesupport_fastrtps_c__pyext
[1.812s] running egg_info
[1.817s] writing robot_control_interfaces.egg-info/PKG-INFO
[1.817s] writing dependency_links to robot_control_interfaces.egg-info/dependency_links.txt
[1.817s] writing top-level names to robot_control_interfaces.egg-info/top_level.txt
[1.821s] reading manifest file 'robot_control_interfaces.egg-info/SOURCES.txt'
[1.822s] writing manifest file 'robot_control_interfaces.egg-info/SOURCES.txt'
[1.959s] [100%] Built target ament_cmake_python_build_robot_control_interfaces_egg
[1.982s] Invoked command in '/home/parsa/main_robot_ws/build/robot_control_interfaces' returned '0': CMAKE_PREFIX_PATH=/opt/ros/humble /home/parsa/.local/bin/cmake --build /home/parsa/main_robot_ws/build/robot_control_interfaces -- -j16 -l16
[1.985s] Invoking command in '/home/parsa/main_robot_ws/build/robot_control_interfaces': CMAKE_PREFIX_PATH=/opt/ros/humble /home/parsa/.local/bin/cmake --install /home/parsa/main_robot_ws/build/robot_control_interfaces
[2.081s] -- Install configuration: ""
[2.082s] -- Up-to-date: /home/parsa/main_robot_ws/install/robot_control_interfaces/share/ament_index/resource_index/rosidl_interfaces/robot_control_interfaces
[2.082s] -- Up-to-date: /home/parsa/main_robot_ws/install/robot_control_interfaces/include/robot_control_interfaces/robot_control_interfaces
[2.082s] -- Up-to-date: /home/parsa/main_robot_ws/install/robot_control_interfaces/include/robot_control_interfaces/robot_control_interfaces/srv
[2.082s] -- Up-to-date: /home/parsa/main_robot_ws/install/robot_control_interfaces/include/robot_control_interfaces/robot_control_interfaces/srv/detail
[2.082s] -- Up-to-date: /home/parsa/main_robot_ws/install/robot_control_interfaces/include/robot_control_interfaces/robot_control_interfaces/srv/detail/arm_preset__type_support.h
[2.082s] -- Up-to-date: /home/parsa/main_robot_ws/install/robot_control_interfaces/include/robot_control_interfaces/robot_control_interfaces/srv/detail/arm_preset__functions.h
[2.083s] -- Up-to-date: /home/parsa/main_robot_ws/install/robot_control_interfaces/include/robot_control_interfaces/robot_control_interfaces/srv/detail/arm_preset__struct.h
[2.083s] -- Up-to-date: /home/parsa/main_robot_ws/install/robot_control_interfaces/include/robot_control_interfaces/robot_control_interfaces/srv/detail/arm_preset__functions.c
[2.083s] -- Up-to-date: /home/parsa/main_robot_ws/install/robot_control_interfaces/include/robot_control_interfaces/robot_control_interfaces/srv/arm_preset.h
[2.083s] -- Up-to-date: /home/parsa/main_robot_ws/install/robot_control_interfaces/include/robot_control_interfaces/robot_control_interfaces/msg
[2.083s] -- Up-to-date: /home/parsa/main_robot_ws/install/robot_control_interfaces/include/robot_control_interfaces/robot_control_interfaces/msg/detail
[2.083s] -- Up-to-date: /home/parsa/main_robot_ws/install/robot_control_interfaces/include/robot_control_interfaces/robot_control_interfaces/msg/detail/arm_command__struct.h
[2.084s] -- Up-to-date: /home/parsa/main_robot_ws/install/robot_control_interfaces/include/robot_control_interfaces/robot_control_interfaces/msg/detail/arm_command__type_support.h
[2.084s] -- Up-to-date: /home/parsa/main_robot_ws/install/robot_control_interfaces/include/robot_control_interfaces/robot_control_interfaces/msg/detail/arm_command__functions.c
[2.084s] -- Up-to-date: /home/parsa/main_robot_ws/install/robot_control_interfaces/include/robot_control_interfaces/robot_control_interfaces/msg/detail/arm_command__functions.h
[2.084s] -- Up-to-date: /home/parsa/main_robot_ws/install/robot_control_interfaces/include/robot_control_interfaces/robot_control_interfaces/msg/arm_command.h
[2.084s] -- Up-to-date: /home/parsa/main_robot_ws/install/robot_control_interfaces/include/robot_control_interfaces/robot_control_interfaces/msg/rosidl_generator_c__visibility_control.h
[2.084s] -- Up-to-date: /home/parsa/main_robot_ws/install/robot_control_interfaces/share/robot_control_interfaces/environment/library_path.sh
[2.084s] -- Up-to-date: /home/parsa/main_robot_ws/install/robot_control_interfaces/share/robot_control_interfaces/environment/library_path.dsv
[2.085s] -- Up-to-date: /home/parsa/main_robot_ws/install/robot_control_interfaces/lib/librobot_control_interfaces__rosidl_generator_c.so
[2.090s] -- Up-to-date: /home/parsa/main_robot_ws/install/robot_control_interfaces/include/robot_control_interfaces/robot_control_interfaces
[2.090s] -- Up-to-date: /home/parsa/main_robot_ws/install/robot_control_interfaces/include/robot_control_interfaces/robot_control_interfaces/srv
[2.090s] -- Up-to-date: /home/parsa/main_robot_ws/install/robot_control_interfaces/include/robot_control_interfaces/robot_control_interfaces/srv/detail
[2.091s] -- Up-to-date: /home/parsa/main_robot_ws/install/robot_control_interfaces/include/robot_control_interfaces/robot_control_interfaces/srv/detail/arm_preset__rosidl_typesupport_fastrtps_c.h
[2.091s] -- Up-to-date: /home/parsa/main_robot_ws/install/robot_control_interfaces/include/robot_control_interfaces/robot_control_interfaces/msg
[2.091s] -- Up-to-date: /home/parsa/main_robot_ws/install/robot_control_interfaces/include/robot_control_interfaces/robot_control_interfaces/msg/detail
[2.091s] -- Up-to-date: /home/parsa/main_robot_ws/install/robot_control_interfaces/include/robot_control_interfaces/robot_control_interfaces/msg/detail/arm_command__rosidl_typesupport_fastrtps_c.h
[2.091s] -- Up-to-date: /home/parsa/main_robot_ws/install/robot_control_interfaces/include/robot_control_interfaces/robot_control_interfaces/msg/rosidl_typesupport_fastrtps_c__visibility_control.h
[2.091s] -- Up-to-date: /home/parsa/main_robot_ws/install/robot_control_interfaces/lib/librobot_control_interfaces__rosidl_typesupport_fastrtps_c.so
[2.091s] -- Up-to-date: /home/parsa/main_robot_ws/install/robot_control_interfaces/include/robot_control_interfaces/robot_control_interfaces
[2.091s] -- Up-to-date: /home/parsa/main_robot_ws/install/robot_control_interfaces/include/robot_control_interfaces/robot_control_interfaces/srv
[2.091s] -- Up-to-date: /home/parsa/main_robot_ws/install/robot_control_interfaces/include/robot_control_interfaces/robot_control_interfaces/srv/detail
[2.091s] -- Up-to-date: /home/parsa/main_robot_ws/install/robot_control_interfaces/include/robot_control_interfaces/robot_control_interfaces/srv/detail/arm_preset__type_support.c
[2.091s] -- Up-to-date: /home/parsa/main_robot_ws/install/robot_control_interfaces/include/robot_control_interfaces/robot_control_interfaces/srv/detail/arm_preset__rosidl_typesupport_introspection_c.h
[2.091s] -- Up-to-date: /home/parsa/main_robot_ws/install/robot_control_interfaces/include/robot_control_interfaces/robot_control_interfaces/msg
[2.091s] -- Up-to-date: /home/parsa/main_robot_ws/install/robot_control_interfaces/include/robot_control_interfaces/robot_control_interfaces/msg/detail
[2.091s] -- Up-to-date: /home/parsa/main_robot_ws/install/robot_control_interfaces/include/robot_control_interfaces/robot_control_interfaces/msg/detail/arm_command__rosidl_typesupport_introspection_c.h
[2.091s] -- Up-to-date: /home/parsa/main_robot_ws/install/robot_control_interfaces/include/robot_control_interfaces/robot_control_interfaces/msg/detail/arm_command__type_support.c
[2.092s] -- Up-to-date: /home/parsa/main_robot_ws/install/robot_control_interfaces/include/robot_control_interfaces/robot_control_interfaces/msg/rosidl_typesupport_introspection_c__visibility_control.h
[2.092s] -- Up-to-date: /home/parsa/main_robot_ws/install/robot_control_interfaces/lib/librobot_control_interfaces__rosidl_typesupport_introspection_c.so
[2.092s] -- Up-to-date: /home/parsa/main_robot_ws/install/robot_control_interfaces/lib/librobot_control_interfaces__rosidl_typesupport_c.so
[2.092s] -- Up-to-date: /home/parsa/main_robot_ws/install/robot_control_interfaces/include/robot_control_interfaces/robot_control_interfaces
[2.092s] -- Up-to-date: /home/parsa/main_robot_ws/install/robot_control_interfaces/include/robot_control_interfaces/robot_control_interfaces/srv
[2.092s] -- Up-to-date: /home/parsa/main_robot_ws/install/robot_control_interfaces/include/robot_control_interfaces/robot_control_interfaces/srv/detail
[2.092s] -- Up-to-date: /home/parsa/main_robot_ws/install/robot_control_interfaces/include/robot_control_interfaces/robot_control_interfaces/srv/detail/arm_preset__traits.hpp
[2.092s] -- Up-to-date: /home/parsa/main_robot_ws/install/robot_control_interfaces/include/robot_control_interfaces/robot_control_interfaces/srv/detail/arm_preset__builder.hpp
[2.092s] -- Up-to-date: /home/parsa/main_robot_ws/install/robot_control_interfaces/include/robot_control_interfaces/robot_control_interfaces/srv/detail/arm_preset__struct.hpp
[2.093s] -- Up-to-date: /home/parsa/main_robot_ws/install/robot_control_interfaces/include/robot_control_interfaces/robot_control_interfaces/srv/detail/arm_preset__type_support.hpp
[2.093s] -- Up-to-date: /home/parsa/main_robot_ws/install/robot_control_interfaces/include/robot_control_interfaces/robot_control_interfaces/srv/arm_preset.hpp
[2.093s] -- Up-to-date: /home/parsa/main_robot_ws/install/robot_control_interfaces/include/robot_control_interfaces/robot_control_interfaces/msg
[2.093s] -- Up-to-date: /home/parsa/main_robot_ws/install/robot_control_interfaces/include/robot_control_interfaces/robot_control_interfaces/msg/detail
[2.093s] -- Up-to-date: /home/parsa/main_robot_ws/install/robot_control_interfaces/include/robot_control_interfaces/robot_control_interfaces/msg/detail/arm_command__builder.hpp
[2.093s] -- Up-to-date: /home/parsa/main_robot_ws/install/robot_control_interfaces/include/robot_control_interfaces/robot_control_interfaces/msg/detail/arm_command__traits.hpp
[2.093s] -- Up-to-date: /home/parsa/main_robot_ws/install/robot_control_interfaces/include/robot_control_interfaces/robot_control_interfaces/msg/detail/arm_command__struct.hpp
[2.093s] -- Up-to-date: /home/parsa/main_robot_ws/install/robot_control_interfaces/include/robot_control_interfaces/robot_control_interfaces/msg/detail/arm_command__type_support.hpp
[2.093s] -- Up-to-date: /home/parsa/main_robot_ws/install/robot_control_interfaces/include/robot_control_interfaces/robot_control_interfaces/msg/rosidl_generator_cpp__visibility_control.hpp
[2.093s] -- Up-to-date: /home/parsa/main_robot_ws/install/robot_control_interfaces/include/robot_control_interfaces/robot_control_interfaces/msg/arm_command.hpp
[2.093s] -- Up-to-date: /home/parsa/main_robot_ws/install/robot_control_interfaces/include/robot_control_interfaces/robot_control_interfaces
[2.093s] -- Up-to-date: /home/parsa/main_robot_ws/install/robot_control_interfaces/include/robot_control_interfaces/robot_control_interfaces/srv
[2.093s] -- Up-to-date: /home/parsa/main_robot_ws/install/robot_control_interfaces/include/robot_control_interfaces/robot_control_interfaces/srv/detail
[2.093s] -- Up-to-date: /home/parsa/main_robot_ws/install/robot_control_interfaces/include/robot_control_interfaces/robot_control_interfaces/srv/detail/dds_fastrtps
[2.094s] -- Up-to-date: /home/parsa/main_robot_ws/install/robot_control_interfaces/include/robot_control_interfaces/robot_control_interfaces/srv/detail/arm_preset__rosidl_typesupport_fastrtps_cpp.hpp
[2.094s] -- Up-to-date: /home/parsa/main_robot_ws/install/robot_control_interfaces/include/robot_control_interfaces/robot_control_interfaces/msg
[2.094s] -- Up-to-date: /home/parsa/main_robot_ws/install/robot_control_interfaces/include/robot_control_interfaces/robot_control_interfaces/msg/detail
[2.094s] -- Up-to-date: /home/parsa/main_robot_ws/install/robot_control_interfaces/include/robot_control_interfaces/robot_control_interfaces/msg/detail/dds_fastrtps
[2.094s] -- Up-to-date: /home/parsa/main_robot_ws/install/robot_control_interfaces/include/robot_control_interfaces/robot_control_interfaces/msg/detail/arm_command__rosidl_typesupport_fastrtps_cpp.hpp
[2.094s] -- Up-to-date: /home/parsa/main_robot_ws/install/robot_control_interfaces/include/robot_control_interfaces/robot_control_interfaces/msg/rosidl_typesupport_fastrtps_cpp__visibility_control.h
[2.094s] -- Up-to-date: /home/parsa/main_robot_ws/install/robot_control_interfaces/lib/librobot_control_interfaces__rosidl_typesupport_fastrtps_cpp.so
[2.094s] -- Up-to-date: /home/parsa/main_robot_ws/install/robot_control_interfaces/include/robot_control_interfaces/robot_control_interfaces
[2.094s] -- Up-to-date: /home/parsa/main_robot_ws/install/robot_control_interfaces/include/robot_control_interfaces/robot_control_interfaces/srv
[2.094s] -- Up-to-date: /home/parsa/main_robot_ws/install/robot_control_interfaces/include/robot_control_interfaces/robot_control_interfaces/srv/detail
[2.094s] -- Up-to-date: /home/parsa/main_robot_ws/install/robot_control_interfaces/include/robot_control_interfaces/robot_control_interfaces/srv/detail/arm_preset__rosidl_typesupport_introspection_cpp.hpp
[2.094s] -- Up-to-date: /home/parsa/main_robot_ws/install/robot_control_interfaces/include/robot_control_interfaces/robot_control_interfaces/srv/detail/arm_preset__type_support.cpp
[2.095s] -- Up-to-date: /home/parsa/main_robot_ws/install/robot_control_interfaces/include/robot_control_interfaces/robot_control_interfaces/msg
[2.095s] -- Up-to-date: /home/parsa/main_robot_ws/install/robot_control_interfaces/include/robot_control_interfaces/robot_control_interfaces/msg/detail
[2.095s] -- Up-to-date: /home/parsa/main_robot_ws/install/robot_control_interfaces/include/robot_control_interfaces/robot_control_interfaces/msg/detail/arm_command__type_support.cpp
[2.095s] -- Up-to-date: /home/parsa/main_robot_ws/install/robot_control_interfaces/include/robot_control_interfaces/robot_control_interfaces/msg/detail/arm_command__rosidl_typesupport_introspection_cpp.hpp
[2.095s] -- Up-to-date: /home/parsa/main_robot_ws/install/robot_control_interfaces/lib/librobot_control_interfaces__rosidl_typesupport_introspection_cpp.so
[2.095s] -- Up-to-date: /home/parsa/main_robot_ws/install/robot_control_interfaces/lib/librobot_control_interfaces__rosidl_typesupport_cpp.so
[2.095s] -- Up-to-date: /home/parsa/main_robot_ws/install/robot_control_interfaces/share/robot_control_interfaces/environment/pythonpath.sh
[2.095s] -- Up-to-date: /home/parsa/main_robot_ws/install/robot_control_interfaces/share/robot_control_interfaces/environment/pythonpath.dsv
[2.095s] -- Up-to-date: /home/parsa/main_robot_ws/install/robot_control_interfaces/local/lib/python3.10/dist-packages/robot_control_interfaces-0.0.0-py3.10.egg-info
[2.095s] -- Installing: /home/parsa/main_robot_ws/install/robot_control_interfaces/local/lib/python3.10/dist-packages/robot_control_interfaces-0.0.0-py3.10.egg-info/top_level.txt
[2.095s] -- Installing: /home/parsa/main_robot_ws/install/robot_control_interfaces/local/lib/python3.10/dist-packages/robot_control_interfaces-0.0.0-py3.10.egg-info/SOURCES.txt
[2.096s] -- Installing: /home/parsa/main_robot_ws/install/robot_control_interfaces/local/lib/python3.10/dist-packages/robot_control_interfaces-0.0.0-py3.10.egg-info/PKG-INFO
[2.096s] -- Installing: /home/parsa/main_robot_ws/install/robot_control_interfaces/local/lib/python3.10/dist-packages/robot_control_interfaces-0.0.0-py3.10.egg-info/dependency_links.txt
[2.096s] -- Up-to-date: /home/parsa/main_robot_ws/install/robot_control_interfaces/local/lib/python3.10/dist-packages/robot_control_interfaces
[2.096s] -- Up-to-date: /home/parsa/main_robot_ws/install/robot_control_interfaces/local/lib/python3.10/dist-packages/robot_control_interfaces/robot_control_interfaces_s__rosidl_typesupport_fastrtps_c.cpython-310-x86_64-linux-gnu.so
[2.096s] -- Up-to-date: /home/parsa/main_robot_ws/install/robot_control_interfaces/local/lib/python3.10/dist-packages/robot_control_interfaces/robot_control_interfaces_s__rosidl_typesupport_introspection_c.cpython-310-x86_64-linux-gnu.so
[2.096s] -- Up-to-date: /home/parsa/main_robot_ws/install/robot_control_interfaces/local/lib/python3.10/dist-packages/robot_control_interfaces/_robot_control_interfaces_s.ep.rosidl_typesupport_fastrtps_c.c
[2.096s] -- Up-to-date: /home/parsa/main_robot_ws/install/robot_control_interfaces/local/lib/python3.10/dist-packages/robot_control_interfaces/_robot_control_interfaces_s.ep.rosidl_typesupport_introspection_c.c
[2.096s] -- Up-to-date: /home/parsa/main_robot_ws/install/robot_control_interfaces/local/lib/python3.10/dist-packages/robot_control_interfaces/_robot_control_interfaces_s.ep.rosidl_typesupport_c.c
[2.096s] -- Up-to-date: /home/parsa/main_robot_ws/install/robot_control_interfaces/local/lib/python3.10/dist-packages/robot_control_interfaces/robot_control_interfaces_s__rosidl_typesupport_c.cpython-310-x86_64-linux-gnu.so
[2.096s] -- Up-to-date: /home/parsa/main_robot_ws/install/robot_control_interfaces/local/lib/python3.10/dist-packages/robot_control_interfaces/__init__.py
[2.096s] -- Up-to-date: /home/parsa/main_robot_ws/install/robot_control_interfaces/local/lib/python3.10/dist-packages/robot_control_interfaces/srv
[2.096s] -- Up-to-date: /home/parsa/main_robot_ws/install/robot_control_interfaces/local/lib/python3.10/dist-packages/robot_control_interfaces/srv/_arm_preset.py
[2.096s] -- Up-to-date: /home/parsa/main_robot_ws/install/robot_control_interfaces/local/lib/python3.10/dist-packages/robot_control_interfaces/srv/_arm_preset_s.c
[2.096s] -- Up-to-date: /home/parsa/main_robot_ws/install/robot_control_interfaces/local/lib/python3.10/dist-packages/robot_control_interfaces/srv/__init__.py
[2.097s] -- Up-to-date: /home/parsa/main_robot_ws/install/robot_control_interfaces/local/lib/python3.10/dist-packages/robot_control_interfaces/msg
[2.097s] -- Up-to-date: /home/parsa/main_robot_ws/install/robot_control_interfaces/local/lib/python3.10/dist-packages/robot_control_interfaces/msg/_arm_command.py
[2.097s] -- Up-to-date: /home/parsa/main_robot_ws/install/robot_control_interfaces/local/lib/python3.10/dist-packages/robot_control_interfaces/msg/_arm_command_s.c
[2.097s] -- Up-to-date: /home/parsa/main_robot_ws/install/robot_control_interfaces/local/lib/python3.10/dist-packages/robot_control_interfaces/msg/__init__.py
[2.097s] -- Up-to-date: /home/parsa/main_robot_ws/install/robot_control_interfaces/local/lib/python3.10/dist-packages/robot_control_interfaces/librobot_control_interfaces__rosidl_generator_py.so
[2.157s] Listing '/home/parsa/main_robot_ws/install/robot_control_interfaces/local/lib/python3.10/dist-packages/robot_control_interfaces'...
[2.157s] Listing '/home/parsa/main_robot_ws/install/robot_control_interfaces/local/lib/python3.10/dist-packages/robot_control_interfaces/msg'...
[2.157s] Listing '/home/parsa/main_robot_ws/install/robot_control_interfaces/local/lib/python3.10/dist-packages/robot_control_interfaces/srv'...
[2.177s] -- Up-to-date: /home/parsa/main_robot_ws/install/robot_control_interfaces/local/lib/python3.10/dist-packages/robot_control_interfaces/robot_control_interfaces_s__rosidl_typesupport_fastrtps_c.cpython-310-x86_64-linux-gnu.so
[2.178s] -- Up-to-date: /home/parsa/main_robot_ws/install/robot_control_interfaces/local/lib/python3.10/dist-packages/robot_control_interfaces/robot_control_interfaces_s__rosidl_typesupport_introspection_c.cpython-310-x86_64-linux-gnu.so
[2.178s] -- Up-to-date: /home/parsa/main_robot_ws/install/robot_control_interfaces/local/lib/python3.10/dist-packages/robot_control_interfaces/robot_control_interfaces_s__rosidl_typesupport_c.cpython-310-x86_64-linux-gnu.so
[2.178s] -- Up-to-date: /home/parsa/main_robot_ws/install/robot_control_interfaces/lib/librobot_control_interfaces__rosidl_generator_py.so
[2.178s] -- Up-to-date: /home/parsa/main_robot_ws/install/robot_control_interfaces/share/robot_control_interfaces/msg/ArmCommand.idl
[2.179s] -- Up-to-date: /home/parsa/main_robot_ws/install/robot_control_interfaces/share/robot_control_interfaces/srv/ArmPreset.idl
[2.179s] -- Up-to-date: /home/parsa/main_robot_ws/install/robot_control_interfaces/share/robot_control_interfaces/msg/ArmCommand.msg
[2.179s] -- Up-to-date: /home/parsa/main_robot_ws/install/robot_control_interfaces/share/robot_control_interfaces/srv/ArmPreset.srv
[2.179s] -- Up-to-date: /home/parsa/main_robot_ws/install/robot_control_interfaces/share/robot_control_interfaces/srv/ArmPreset_Request.msg
[2.179s] -- Up-to-date: /home/parsa/main_robot_ws/install/robot_control_interfaces/share/robot_control_interfaces/srv/ArmPreset_Response.msg
[2.179s] -- Up-to-date: /home/parsa/main_robot_ws/install/robot_control_interfaces/share/ament_index/resource_index/package_run_dependencies/robot_control_interfaces
[2.179s] -- Up-to-date: /home/parsa/main_robot_ws/install/robot_control_interfaces/share/ament_index/resource_index/parent_prefix_path/robot_control_interfaces
[2.179s] -- Up-to-date: /home/parsa/main_robot_ws/install/robot_control_interfaces/share/robot_control_interfaces/environment/ament_prefix_path.sh
[2.179s] -- Up-to-date: /home/parsa/main_robot_ws/install/robot_control_interfaces/share/robot_control_interfaces/environment/ament_prefix_path.dsv
[2.179s] -- Up-to-date: /home/parsa/main_robot_ws/install/robot_control_interfaces/share/robot_control_interfaces/environment/path.sh
[2.179s] -- Up-to-date: /home/parsa/main_robot_ws/install/robot_control_interfaces/share/robot_control_interfaces/environment/path.dsv
[2.179s] -- Up-to-date: /home/parsa/main_robot_ws/install/robot_control_interfaces/share/robot_control_interfaces/local_setup.bash
[2.179s] -- Up-to-date: /home/parsa/main_robot_ws/install/robot_control_interfaces/share/robot_control_interfaces/local_setup.sh
[2.179s] -- Up-to-date: /home/parsa/main_robot_ws/install/robot_control_interfaces/share/robot_control_interfaces/local_setup.zsh
[2.179s] -- Up-to-date: /home/parsa/main_robot_ws/install/robot_control_interfaces/share/robot_control_interfaces/local_setup.dsv
[2.179s] -- Installing: /home/parsa/main_robot_ws/install/robot_control_interfaces/share/robot_control_interfaces/package.dsv
[2.179s] -- Up-to-date: /home/parsa/main_robot_ws/install/robot_control_interfaces/share/ament_index/resource_index/packages/robot_control_interfaces
[2.180s] -- Up-to-date: /home/parsa/main_robot_ws/install/robot_control_interfaces/share/robot_control_interfaces/cmake/export_robot_control_interfaces__rosidl_generator_cExport.cmake
[2.180s] -- Up-to-date: /home/parsa/main_robot_ws/install/robot_control_interfaces/share/robot_control_interfaces/cmake/export_robot_control_interfaces__rosidl_generator_cExport-noconfig.cmake
[2.180s] -- Up-to-date: /home/parsa/main_robot_ws/install/robot_control_interfaces/share/robot_control_interfaces/cmake/export_robot_control_interfaces__rosidl_typesupport_fastrtps_cExport.cmake
[2.180s] -- Up-to-date: /home/parsa/main_robot_ws/install/robot_control_interfaces/share/robot_control_interfaces/cmake/export_robot_control_interfaces__rosidl_typesupport_fastrtps_cExport-noconfig.cmake
[2.180s] -- Up-to-date: /home/parsa/main_robot_ws/install/robot_control_interfaces/share/robot_control_interfaces/cmake/robot_control_interfaces__rosidl_typesupport_introspection_cExport.cmake
[2.180s] -- Up-to-date: /home/parsa/main_robot_ws/install/robot_control_interfaces/share/robot_control_interfaces/cmake/robot_control_interfaces__rosidl_typesupport_introspection_cExport-noconfig.cmake
[2.180s] -- Up-to-date: /home/parsa/main_robot_ws/install/robot_control_interfaces/share/robot_control_interfaces/cmake/robot_control_interfaces__rosidl_typesupport_cExport.cmake
[2.180s] -- Up-to-date: /home/parsa/main_robot_ws/install/robot_control_interfaces/share/robot_control_interfaces/cmake/robot_control_interfaces__rosidl_typesupport_cExport-noconfig.cmake
[2.180s] -- Up-to-date: /home/parsa/main_robot_ws/install/robot_control_interfaces/share/robot_control_interfaces/cmake/export_robot_control_interfaces__rosidl_generator_cppExport.cmake
[2.180s] -- Up-to-date: /home/parsa/main_robot_ws/install/robot_control_interfaces/share/robot_control_interfaces/cmake/export_robot_control_interfaces__rosidl_typesupport_fastrtps_cppExport.cmake
[2.180s] -- Up-to-date: /home/parsa/main_robot_ws/install/robot_control_interfaces/share/robot_control_interfaces/cmake/export_robot_control_interfaces__rosidl_typesupport_fastrtps_cppExport-noconfig.cmake
[2.180s] -- Up-to-date: /home/parsa/main_robot_ws/install/robot_control_interfaces/share/robot_control_interfaces/cmake/robot_control_interfaces__rosidl_typesupport_introspection_cppExport.cmake
[2.181s] -- Up-to-date: /home/parsa/main_robot_ws/install/robot_control_interfaces/share/robot_control_interfaces/cmake/robot_control_interfaces__rosidl_typesupport_introspection_cppExport-noconfig.cmake
[2.181s] -- Up-to-date: /home/parsa/main_robot_ws/install/robot_control_interfaces/share/robot_control_interfaces/cmake/robot_control_interfaces__rosidl_typesupport_cppExport.cmake
[2.181s] -- Up-to-date: /home/parsa/main_robot_ws/install/robot_control_interfaces/share/robot_control_interfaces/cmake/robot_control_interfaces__rosidl_typesupport_cppExport-noconfig.cmake
[2.181s] -- Up-to-date: /home/parsa/main_robot_ws/install/robot_control_interfaces/share/robot_control_interfaces/cmake/export_robot_control_interfaces__rosidl_generator_pyExport.cmake
[2.181s] -- Up-to-date: /home/parsa/main_robot_ws/install/robot_control_interfaces/share/robot_control_interfaces/cmake/export_robot_control_interfaces__rosidl_generator_pyExport-noconfig.cmake
[2.181s] -- Up-to-date: /home/parsa/main_robot_ws/install/robot_control_interfaces/share/robot_control_interfaces/cmake/rosidl_cmake-extras.cmake
[2.181s] -- Up-to-date: /home/parsa/main_robot_ws/install/robot_control_interfaces/share/robot_control_interfaces/cmake/ament_cmake_export_include_directories-extras.cmake
[2.181s] -- Up-to-date: /home/parsa/main_robot_ws/install/robot_control_interfaces/share/robot_control_interfaces/cmake/ament_cmake_export_libraries-extras.cmake
[2.181s] -- Up-to-date: /home/parsa/main_robot_ws/install/robot_control_interfaces/share/robot_control_interfaces/cmake/ament_cmake_export_targets-extras.cmake
[2.181s] -- Up-to-date: /home/parsa/main_robot_ws/install/robot_control_interfaces/share/robot_control_interfaces/cmake/rosidl_cmake_export_typesupport_targets-extras.cmake
[2.181s] -- Up-to-date: /home/parsa/main_robot_ws/install/robot_control_interfaces/share/robot_control_interfaces/cmake/ament_cmake_export_dependencies-extras.cmake
[2.181s] -- Up-to-date: /home/parsa/main_robot_ws/install/robot_control_interfaces/share/robot_control_interfaces/cmake/rosidl_cmake_export_typesupport_libraries-extras.cmake
[2.181s] -- Up-to-date: /home/parsa/main_robot_ws/install/robot_control_interfaces/share/robot_control_interfaces/cmake/robot_control_interfacesConfig.cmake
[2.181s] -- Up-to-date: /home/parsa/main_robot_ws/install/robot_control_interfaces/share/robot_control_interfaces/cmake/robot_control_interfacesConfig-version.cmake
[2.181s] -- Up-to-date: /home/parsa/main_robot_ws/install/robot_control_interfaces/share/robot_control_interfaces/package.xml
[2.185s] Invoked command in '/home/parsa/main_robot_ws/build/robot_control_interfaces' returned '0': CMAKE_PREFIX_PATH=/opt/ros/humble /home/parsa/.local/bin/cmake --install /home/parsa/main_robot_ws/build/robot_control_interfaces
