[0.007s] Invoking command in '/home/parsa/main_robot_ws/src/build/my_robot_moveit_config': AMENT_PREFIX_PATH=/home/parsa/main_robot_ws/src/install/robot_description:${AMENT_PREFIX_PATH} CMAKE_PREFIX_PATH=/home/parsa/main_robot_ws/src/install/robot_description:/home/parsa/main_robot_ws/install/my_robot_moveit_config:/home/parsa/main_robot_ws/install/my_robot_bringup:/home/parsa/main_robot_ws/install/robot_description:/home/parsa/main_robot_ws/install/robot_control_interfaces:/home/parsa/main_robot_ws/install/race_orchestrator:/home/parsa/main_robot_ws/install/my_robot_navigation:/home/parsa/main_robot_ws/install/my_robot_camera_msgs:/home/parsa/main_robot_ws/install/ldlidar_stl_ros2:/home/parsa/main_robot_ws/install/state_publisher:/home/parsa/main_robot_ws/install/robot_control:/home/parsa/main_robot_ws/install/navigation_config:/home/parsa/main_robot_ws/install/my_robot_camera:/home/parsa/main_robot_ws/install/lidar_front_filter:/opt/ros/humble /home/parsa/.local/bin/cmake /home/parsa/main_robot_ws/src/my_robot_moveit_config -DCMAKE_INSTALL_PREFIX=/home/parsa/main_robot_ws/src/install/my_robot_moveit_config
[0.146s] -- The C compiler identification is GNU 11.4.0
[0.212s] -- The CXX compiler identification is GNU 11.4.0
[0.220s] -- Detecting C compiler ABI info
[0.286s] -- Detecting C compiler ABI info - done
[0.310s] -- Check for working C compiler: /usr/bin/cc - skipped
[0.311s] -- Detecting C compile features
[0.311s] -- Detecting C compile features - done
[0.327s] -- Detecting CXX compiler ABI info
[0.423s] -- Detecting CXX compiler ABI info - done
[0.449s] -- Check for working CXX compiler: /usr/bin/c++ - skipped
[0.449s] -- Detecting CXX compile features
[0.449s] -- Detecting CXX compile features - done
[0.466s] -- Found ament_cmake: 1.3.11 (/opt/ros/humble/share/ament_cmake/cmake)
[0.614s] -- Found Python3: /usr/bin/python3 (found version "3.10.12") found components: Interpreter
[0.911s] -- Configuring done (0.8s)
[0.930s] -- Generating done (0.0s)
[0.932s] -- Build files have been written to: /home/parsa/main_robot_ws/src/build/my_robot_moveit_config
[0.947s] Invoked command in '/home/parsa/main_robot_ws/src/build/my_robot_moveit_config' returned '0': AMENT_PREFIX_PATH=/home/parsa/main_robot_ws/src/install/robot_description:${AMENT_PREFIX_PATH} CMAKE_PREFIX_PATH=/home/parsa/main_robot_ws/src/install/robot_description:/home/parsa/main_robot_ws/install/my_robot_moveit_config:/home/parsa/main_robot_ws/install/my_robot_bringup:/home/parsa/main_robot_ws/install/robot_description:/home/parsa/main_robot_ws/install/robot_control_interfaces:/home/parsa/main_robot_ws/install/race_orchestrator:/home/parsa/main_robot_ws/install/my_robot_navigation:/home/parsa/main_robot_ws/install/my_robot_camera_msgs:/home/parsa/main_robot_ws/install/ldlidar_stl_ros2:/home/parsa/main_robot_ws/install/state_publisher:/home/parsa/main_robot_ws/install/robot_control:/home/parsa/main_robot_ws/install/navigation_config:/home/parsa/main_robot_ws/install/my_robot_camera:/home/parsa/main_robot_ws/install/lidar_front_filter:/opt/ros/humble /home/parsa/.local/bin/cmake /home/parsa/main_robot_ws/src/my_robot_moveit_config -DCMAKE_INSTALL_PREFIX=/home/parsa/main_robot_ws/src/install/my_robot_moveit_config
[0.953s] Invoking command in '/home/parsa/main_robot_ws/src/build/my_robot_moveit_config': AMENT_PREFIX_PATH=/home/parsa/main_robot_ws/src/install/robot_description:${AMENT_PREFIX_PATH} CMAKE_PREFIX_PATH=/home/parsa/main_robot_ws/src/install/robot_description:/home/parsa/main_robot_ws/install/my_robot_moveit_config:/home/parsa/main_robot_ws/install/my_robot_bringup:/home/parsa/main_robot_ws/install/robot_description:/home/parsa/main_robot_ws/install/robot_control_interfaces:/home/parsa/main_robot_ws/install/race_orchestrator:/home/parsa/main_robot_ws/install/my_robot_navigation:/home/parsa/main_robot_ws/install/my_robot_camera_msgs:/home/parsa/main_robot_ws/install/ldlidar_stl_ros2:/home/parsa/main_robot_ws/install/state_publisher:/home/parsa/main_robot_ws/install/robot_control:/home/parsa/main_robot_ws/install/navigation_config:/home/parsa/main_robot_ws/install/my_robot_camera:/home/parsa/main_robot_ws/install/lidar_front_filter:/opt/ros/humble /home/parsa/.local/bin/cmake --build /home/parsa/main_robot_ws/src/build/my_robot_moveit_config -- -j16 -l16
[1.100s] Invoked command in '/home/parsa/main_robot_ws/src/build/my_robot_moveit_config' returned '0': AMENT_PREFIX_PATH=/home/parsa/main_robot_ws/src/install/robot_description:${AMENT_PREFIX_PATH} CMAKE_PREFIX_PATH=/home/parsa/main_robot_ws/src/install/robot_description:/home/parsa/main_robot_ws/install/my_robot_moveit_config:/home/parsa/main_robot_ws/install/my_robot_bringup:/home/parsa/main_robot_ws/install/robot_description:/home/parsa/main_robot_ws/install/robot_control_interfaces:/home/parsa/main_robot_ws/install/race_orchestrator:/home/parsa/main_robot_ws/install/my_robot_navigation:/home/parsa/main_robot_ws/install/my_robot_camera_msgs:/home/parsa/main_robot_ws/install/ldlidar_stl_ros2:/home/parsa/main_robot_ws/install/state_publisher:/home/parsa/main_robot_ws/install/robot_control:/home/parsa/main_robot_ws/install/navigation_config:/home/parsa/main_robot_ws/install/my_robot_camera:/home/parsa/main_robot_ws/install/lidar_front_filter:/opt/ros/humble /home/parsa/.local/bin/cmake --build /home/parsa/main_robot_ws/src/build/my_robot_moveit_config -- -j16 -l16
[1.102s] Invoking command in '/home/parsa/main_robot_ws/src/build/my_robot_moveit_config': AMENT_PREFIX_PATH=/home/parsa/main_robot_ws/src/install/robot_description:${AMENT_PREFIX_PATH} CMAKE_PREFIX_PATH=/home/parsa/main_robot_ws/src/install/robot_description:/home/parsa/main_robot_ws/install/my_robot_moveit_config:/home/parsa/main_robot_ws/install/my_robot_bringup:/home/parsa/main_robot_ws/install/robot_description:/home/parsa/main_robot_ws/install/robot_control_interfaces:/home/parsa/main_robot_ws/install/race_orchestrator:/home/parsa/main_robot_ws/install/my_robot_navigation:/home/parsa/main_robot_ws/install/my_robot_camera_msgs:/home/parsa/main_robot_ws/install/ldlidar_stl_ros2:/home/parsa/main_robot_ws/install/state_publisher:/home/parsa/main_robot_ws/install/robot_control:/home/parsa/main_robot_ws/install/navigation_config:/home/parsa/main_robot_ws/install/my_robot_camera:/home/parsa/main_robot_ws/install/lidar_front_filter:/opt/ros/humble /home/parsa/.local/bin/cmake --install /home/parsa/main_robot_ws/src/build/my_robot_moveit_config
[1.298s] -- Install configuration: ""
[1.298s] -- Installing: /home/parsa/main_robot_ws/src/install/my_robot_moveit_config/share/ament_index/resource_index/package_run_dependencies/my_robot_moveit_config
[1.298s] -- Installing: /home/parsa/main_robot_ws/src/install/my_robot_moveit_config/share/ament_index/resource_index/parent_prefix_path/my_robot_moveit_config
[1.299s] -- Installing: /home/parsa/main_robot_ws/src/install/my_robot_moveit_config/share/my_robot_moveit_config/environment/ament_prefix_path.sh
[1.299s] -- Installing: /home/parsa/main_robot_ws/src/install/my_robot_moveit_config/share/my_robot_moveit_config/environment/ament_prefix_path.dsv
[1.299s] -- Installing: /home/parsa/main_robot_ws/src/install/my_robot_moveit_config/share/my_robot_moveit_config/environment/path.sh
[1.299s] -- Installing: /home/parsa/main_robot_ws/src/install/my_robot_moveit_config/share/my_robot_moveit_config/environment/path.dsv
[1.299s] -- Installing: /home/parsa/main_robot_ws/src/install/my_robot_moveit_config/share/my_robot_moveit_config/local_setup.bash
[1.300s] -- Installing: /home/parsa/main_robot_ws/src/install/my_robot_moveit_config/share/my_robot_moveit_config/local_setup.sh
[1.300s] -- Installing: /home/parsa/main_robot_ws/src/install/my_robot_moveit_config/share/my_robot_moveit_config/local_setup.zsh
[1.300s] -- Installing: /home/parsa/main_robot_ws/src/install/my_robot_moveit_config/share/my_robot_moveit_config/local_setup.dsv
[1.304s] -- Installing: /home/parsa/main_robot_ws/src/install/my_robot_moveit_config/share/my_robot_moveit_config/package.dsv
[1.304s] -- Installing: /home/parsa/main_robot_ws/src/install/my_robot_moveit_config/share/ament_index/resource_index/packages/my_robot_moveit_config
[1.304s] -- Installing: /home/parsa/main_robot_ws/src/install/my_robot_moveit_config/share/my_robot_moveit_config/cmake/my_robot_moveit_configConfig.cmake
[1.304s] -- Installing: /home/parsa/main_robot_ws/src/install/my_robot_moveit_config/share/my_robot_moveit_config/cmake/my_robot_moveit_configConfig-version.cmake
[1.304s] -- Installing: /home/parsa/main_robot_ws/src/install/my_robot_moveit_config/share/my_robot_moveit_config/package.xml
[1.304s] -- Installing: /home/parsa/main_robot_ws/src/install/my_robot_moveit_config/share/my_robot_moveit_config/launch
[1.304s] -- Installing: /home/parsa/main_robot_ws/src/install/my_robot_moveit_config/share/my_robot_moveit_config/launch/moveit_rviz.launch.py
[1.304s] -- Installing: /home/parsa/main_robot_ws/src/install/my_robot_moveit_config/share/my_robot_moveit_config/launch/move_group.launch.py
[1.304s] -- Installing: /home/parsa/main_robot_ws/src/install/my_robot_moveit_config/share/my_robot_moveit_config/launch/spawn_controllers.launch.py
[1.304s] -- Installing: /home/parsa/main_robot_ws/src/install/my_robot_moveit_config/share/my_robot_moveit_config/launch/static_virtual_joint_tfs.launch.py
[1.304s] -- Installing: /home/parsa/main_robot_ws/src/install/my_robot_moveit_config/share/my_robot_moveit_config/launch/setup_assistant.launch.py
[1.304s] -- Installing: /home/parsa/main_robot_ws/src/install/my_robot_moveit_config/share/my_robot_moveit_config/launch/rsp.launch.py
[1.304s] -- Installing: /home/parsa/main_robot_ws/src/install/my_robot_moveit_config/share/my_robot_moveit_config/launch/warehouse_db.launch.py
[1.304s] -- Installing: /home/parsa/main_robot_ws/src/install/my_robot_moveit_config/share/my_robot_moveit_config/launch/demo.launch.py
[1.304s] -- Installing: /home/parsa/main_robot_ws/src/install/my_robot_moveit_config/share/my_robot_moveit_config/config
[1.304s] -- Installing: /home/parsa/main_robot_ws/src/install/my_robot_moveit_config/share/my_robot_moveit_config/config/ros2_controllers.yaml
[1.304s] -- Installing: /home/parsa/main_robot_ws/src/install/my_robot_moveit_config/share/my_robot_moveit_config/config/moveit.rviz
[1.304s] -- Installing: /home/parsa/main_robot_ws/src/install/my_robot_moveit_config/share/my_robot_moveit_config/config/joint_limits.yaml
[1.305s] -- Installing: /home/parsa/main_robot_ws/src/install/my_robot_moveit_config/share/my_robot_moveit_config/config/pilz_cartesian_limits.yaml
[1.305s] -- Installing: /home/parsa/main_robot_ws/src/install/my_robot_moveit_config/share/my_robot_moveit_config/config/initial_positions.yaml
[1.305s] -- Installing: /home/parsa/main_robot_ws/src/install/my_robot_moveit_config/share/my_robot_moveit_config/config/kinematics.yaml
[1.305s] -- Installing: /home/parsa/main_robot_ws/src/install/my_robot_moveit_config/share/my_robot_moveit_config/config/robot_arm.urdf.xacro
[1.305s] -- Installing: /home/parsa/main_robot_ws/src/install/my_robot_moveit_config/share/my_robot_moveit_config/config/moveit_controllers.yaml
[1.305s] -- Installing: /home/parsa/main_robot_ws/src/install/my_robot_moveit_config/share/my_robot_moveit_config/config/robot_arm.srdf
[1.305s] -- Installing: /home/parsa/main_robot_ws/src/install/my_robot_moveit_config/share/my_robot_moveit_config/config/robot_arm.ros2_control.xacro
[1.305s] -- Installing: /home/parsa/main_robot_ws/src/install/my_robot_moveit_config/share/my_robot_moveit_config/.setup_assistant
[1.310s] Invoked command in '/home/parsa/main_robot_ws/src/build/my_robot_moveit_config' returned '0': AMENT_PREFIX_PATH=/home/parsa/main_robot_ws/src/install/robot_description:${AMENT_PREFIX_PATH} CMAKE_PREFIX_PATH=/home/parsa/main_robot_ws/src/install/robot_description:/home/parsa/main_robot_ws/install/my_robot_moveit_config:/home/parsa/main_robot_ws/install/my_robot_bringup:/home/parsa/main_robot_ws/install/robot_description:/home/parsa/main_robot_ws/install/robot_control_interfaces:/home/parsa/main_robot_ws/install/race_orchestrator:/home/parsa/main_robot_ws/install/my_robot_navigation:/home/parsa/main_robot_ws/install/my_robot_camera_msgs:/home/parsa/main_robot_ws/install/ldlidar_stl_ros2:/home/parsa/main_robot_ws/install/state_publisher:/home/parsa/main_robot_ws/install/robot_control:/home/parsa/main_robot_ws/install/navigation_config:/home/parsa/main_robot_ws/install/my_robot_camera:/home/parsa/main_robot_ws/install/lidar_front_filter:/opt/ros/humble /home/parsa/.local/bin/cmake --install /home/parsa/main_robot_ws/src/build/my_robot_moveit_config
