[0.564s] Invoking command in '/home/parsa/main_robot_ws/build/my_robot_navigation': CMAKE_PREFIX_PATH=/opt/ros/humble /home/parsa/.local/bin/cmake --build /home/parsa/main_robot_ws/build/my_robot_navigation -- -j16 -l16
[1.292s] [  3%] Built target my_robot_navigation__cpp
[1.292s] [ 12%] Built target my_robot_navigation__rosidl_generator_c
[1.293s] [ 12%] Built target ament_cmake_python_copy_my_robot_navigation
[1.293s] [ 32%] Built target my_robot_navigation__rosidl_typesupport_introspection_cpp
[1.293s] [ 32%] Built target my_robot_navigation__rosidl_typesupport_cpp
[1.293s] [ 41%] Built target my_robot_navigation__rosidl_typesupport_fastrtps_cpp
[1.293s] [ 61%] Built target my_robot_navigation__rosidl_typesupport_introspection_c
[1.293s] [ 61%] Built target my_robot_navigation__rosidl_typesupport_c
[1.293s] [ 70%] Built target my_robot_navigation__rosidl_typesupport_fastrtps_c
[1.293s] [ 70%] Built target my_robot_navigation
[1.293s] [ 74%] Built target my_robot_navigation__py
[1.293s] [ 80%] Built target my_robot_navigation__rosidl_generator_py
[1.293s] [ 93%] Built target my_robot_navigation__rosidl_typesupport_introspection_c__pyext
[1.293s] [ 93%] Built target my_robot_navigation__rosidl_typesupport_fastrtps_c__pyext
[1.294s] [100%] Built target my_robot_navigation__rosidl_typesupport_c__pyext
[1.294s] running egg_info
[1.294s] writing my_robot_navigation.egg-info/PKG-INFO
[1.294s] writing dependency_links to my_robot_navigation.egg-info/dependency_links.txt
[1.294s] writing top-level names to my_robot_navigation.egg-info/top_level.txt
[1.294s] reading manifest file 'my_robot_navigation.egg-info/SOURCES.txt'
[1.294s] writing manifest file 'my_robot_navigation.egg-info/SOURCES.txt'
[1.294s] [100%] Built target ament_cmake_python_build_my_robot_navigation_egg
[1.351s] Invoked command in '/home/parsa/main_robot_ws/build/my_robot_navigation' returned '0': CMAKE_PREFIX_PATH=/opt/ros/humble /home/parsa/.local/bin/cmake --build /home/parsa/main_robot_ws/build/my_robot_navigation -- -j16 -l16
[1.352s] Invoking command in '/home/parsa/main_robot_ws/build/my_robot_navigation': CMAKE_PREFIX_PATH=/opt/ros/humble /home/parsa/.local/bin/cmake --install /home/parsa/main_robot_ws/build/my_robot_navigation
[1.452s] -- Install configuration: ""
[1.452s] -- Up-to-date: /home/parsa/main_robot_ws/install/my_robot_navigation/share/my_robot_navigation/config
[1.453s] -- Up-to-date: /home/parsa/main_robot_ws/install/my_robot_navigation/share/my_robot_navigation/config/amcl_params.yaml
[1.453s] -- Up-to-date: /home/parsa/main_robot_ws/install/my_robot_navigation/share/my_robot_navigation/config/nav2_params.yaml
[1.453s] -- Up-to-date: /home/parsa/main_robot_ws/install/my_robot_navigation/share/my_robot_navigation/config/rqt_params
[1.453s] -- Up-to-date: /home/parsa/main_robot_ws/install/my_robot_navigation/share/my_robot_navigation/launch
[1.453s] -- Up-to-date: /home/parsa/main_robot_ws/install/my_robot_navigation/share/my_robot_navigation/launch/navigation_launch.py
[1.453s] -- Up-to-date: /home/parsa/main_robot_ws/install/my_robot_navigation/share/my_robot_navigation/launch/map_server.launch.py
[1.453s] -- Up-to-date: /home/parsa/main_robot_ws/install/my_robot_navigation/share/my_robot_navigation/launch/lifecycle_map_server.launch.py
[1.453s] -- Up-to-date: /home/parsa/main_robot_ws/install/my_robot_navigation/share/my_robot_navigation/launch/simple_map_server.launch.py
[1.453s] -- Up-to-date: /home/parsa/main_robot_ws/install/my_robot_navigation/share/my_robot_navigation/launch/localization.launch.py
[1.453s] -- Up-to-date: /home/parsa/main_robot_ws/install/my_robot_navigation/share/my_robot_navigation/behavior_trees
[1.453s] -- Up-to-date: /home/parsa/main_robot_ws/install/my_robot_navigation/share/my_robot_navigation/behavior_trees/navigate_w_recovery_advanced.xml
[1.453s] -- Up-to-date: /home/parsa/main_robot_ws/install/my_robot_navigation/share/my_robot_navigation/launch
[1.453s] -- Up-to-date: /home/parsa/main_robot_ws/install/my_robot_navigation/share/my_robot_navigation/launch/navigation_launch.py
[1.453s] -- Up-to-date: /home/parsa/main_robot_ws/install/my_robot_navigation/share/my_robot_navigation/launch/map_server.launch.py
[1.453s] -- Up-to-date: /home/parsa/main_robot_ws/install/my_robot_navigation/share/my_robot_navigation/launch/lifecycle_map_server.launch.py
[1.453s] -- Up-to-date: /home/parsa/main_robot_ws/install/my_robot_navigation/share/my_robot_navigation/launch/simple_map_server.launch.py
[1.453s] -- Up-to-date: /home/parsa/main_robot_ws/install/my_robot_navigation/share/my_robot_navigation/launch/localization.launch.py
[1.454s] -- Up-to-date: /home/parsa/main_robot_ws/install/my_robot_navigation/share/my_robot_navigation/config
[1.454s] -- Up-to-date: /home/parsa/main_robot_ws/install/my_robot_navigation/share/my_robot_navigation/config/amcl_params.yaml
[1.454s] -- Up-to-date: /home/parsa/main_robot_ws/install/my_robot_navigation/share/my_robot_navigation/config/nav2_params.yaml
[1.454s] -- Up-to-date: /home/parsa/main_robot_ws/install/my_robot_navigation/share/my_robot_navigation/config/rqt_params
[1.454s] -- Up-to-date: /home/parsa/main_robot_ws/install/my_robot_navigation/share/my_robot_navigation/behavior_trees/navigate_w_recovery_advanced.xml
[1.454s] -- Up-to-date: /home/parsa/main_robot_ws/install/my_robot_navigation/lib/my_robot_navigation/holonomic_action.py
[1.454s] -- Up-to-date: /home/parsa/main_robot_ws/install/my_robot_navigation/share/my_robot_navigation/maps
[1.454s] -- Up-to-date: /home/parsa/main_robot_ws/install/my_robot_navigation/share/ament_index/resource_index/rosidl_interfaces/my_robot_navigation
[1.454s] -- Up-to-date: /home/parsa/main_robot_ws/install/my_robot_navigation/include/my_robot_navigation/my_robot_navigation
[1.454s] -- Up-to-date: /home/parsa/main_robot_ws/install/my_robot_navigation/include/my_robot_navigation/my_robot_navigation/action
[1.454s] -- Up-to-date: /home/parsa/main_robot_ws/install/my_robot_navigation/include/my_robot_navigation/my_robot_navigation/action/move_holonomic.h
[1.454s] -- Up-to-date: /home/parsa/main_robot_ws/install/my_robot_navigation/include/my_robot_navigation/my_robot_navigation/action/detail
[1.454s] -- Up-to-date: /home/parsa/main_robot_ws/install/my_robot_navigation/include/my_robot_navigation/my_robot_navigation/action/detail/move_holonomic__struct.h
[1.454s] -- Up-to-date: /home/parsa/main_robot_ws/install/my_robot_navigation/include/my_robot_navigation/my_robot_navigation/action/detail/move_holonomic__type_support.h
[1.454s] -- Up-to-date: /home/parsa/main_robot_ws/install/my_robot_navigation/include/my_robot_navigation/my_robot_navigation/action/detail/move_holonomic__functions.c
[1.454s] -- Up-to-date: /home/parsa/main_robot_ws/install/my_robot_navigation/include/my_robot_navigation/my_robot_navigation/action/detail/move_holonomic__functions.h
[1.455s] -- Up-to-date: /home/parsa/main_robot_ws/install/my_robot_navigation/include/my_robot_navigation/my_robot_navigation/msg
[1.455s] -- Up-to-date: /home/parsa/main_robot_ws/install/my_robot_navigation/include/my_robot_navigation/my_robot_navigation/msg/rosidl_generator_c__visibility_control.h
[1.455s] -- Up-to-date: /home/parsa/main_robot_ws/install/my_robot_navigation/share/my_robot_navigation/environment/library_path.sh
[1.455s] -- Up-to-date: /home/parsa/main_robot_ws/install/my_robot_navigation/share/my_robot_navigation/environment/library_path.dsv
[1.455s] -- Up-to-date: /home/parsa/main_robot_ws/install/my_robot_navigation/lib/libmy_robot_navigation__rosidl_generator_c.so
[1.455s] -- Up-to-date: /home/parsa/main_robot_ws/install/my_robot_navigation/include/my_robot_navigation/my_robot_navigation
[1.455s] -- Up-to-date: /home/parsa/main_robot_ws/install/my_robot_navigation/include/my_robot_navigation/my_robot_navigation/action
[1.455s] -- Up-to-date: /home/parsa/main_robot_ws/install/my_robot_navigation/include/my_robot_navigation/my_robot_navigation/action/detail
[1.455s] -- Up-to-date: /home/parsa/main_robot_ws/install/my_robot_navigation/include/my_robot_navigation/my_robot_navigation/action/detail/move_holonomic__rosidl_typesupport_fastrtps_c.h
[1.455s] -- Up-to-date: /home/parsa/main_robot_ws/install/my_robot_navigation/include/my_robot_navigation/my_robot_navigation/msg
[1.455s] -- Up-to-date: /home/parsa/main_robot_ws/install/my_robot_navigation/include/my_robot_navigation/my_robot_navigation/msg/rosidl_typesupport_fastrtps_c__visibility_control.h
[1.455s] -- Up-to-date: /home/parsa/main_robot_ws/install/my_robot_navigation/lib/libmy_robot_navigation__rosidl_typesupport_fastrtps_c.so
[1.455s] -- Up-to-date: /home/parsa/main_robot_ws/install/my_robot_navigation/include/my_robot_navigation/my_robot_navigation
[1.455s] -- Up-to-date: /home/parsa/main_robot_ws/install/my_robot_navigation/include/my_robot_navigation/my_robot_navigation/action
[1.455s] -- Up-to-date: /home/parsa/main_robot_ws/install/my_robot_navigation/include/my_robot_navigation/my_robot_navigation/action/detail
[1.455s] -- Up-to-date: /home/parsa/main_robot_ws/install/my_robot_navigation/include/my_robot_navigation/my_robot_navigation/action/detail/move_holonomic__traits.hpp
[1.455s] -- Up-to-date: /home/parsa/main_robot_ws/install/my_robot_navigation/include/my_robot_navigation/my_robot_navigation/action/detail/move_holonomic__struct.hpp
[1.455s] -- Up-to-date: /home/parsa/main_robot_ws/install/my_robot_navigation/include/my_robot_navigation/my_robot_navigation/action/detail/move_holonomic__builder.hpp
[1.456s] -- Up-to-date: /home/parsa/main_robot_ws/install/my_robot_navigation/include/my_robot_navigation/my_robot_navigation/action/detail/move_holonomic__type_support.hpp
[1.456s] -- Up-to-date: /home/parsa/main_robot_ws/install/my_robot_navigation/include/my_robot_navigation/my_robot_navigation/action/move_holonomic.hpp
[1.456s] -- Up-to-date: /home/parsa/main_robot_ws/install/my_robot_navigation/include/my_robot_navigation/my_robot_navigation/msg
[1.456s] -- Up-to-date: /home/parsa/main_robot_ws/install/my_robot_navigation/include/my_robot_navigation/my_robot_navigation/msg/rosidl_generator_cpp__visibility_control.hpp
[1.456s] -- Up-to-date: /home/parsa/main_robot_ws/install/my_robot_navigation/include/my_robot_navigation/my_robot_navigation
[1.456s] -- Up-to-date: /home/parsa/main_robot_ws/install/my_robot_navigation/include/my_robot_navigation/my_robot_navigation/action
[1.456s] -- Up-to-date: /home/parsa/main_robot_ws/install/my_robot_navigation/include/my_robot_navigation/my_robot_navigation/action/detail
[1.456s] -- Up-to-date: /home/parsa/main_robot_ws/install/my_robot_navigation/include/my_robot_navigation/my_robot_navigation/action/detail/dds_fastrtps
[1.456s] -- Up-to-date: /home/parsa/main_robot_ws/install/my_robot_navigation/include/my_robot_navigation/my_robot_navigation/action/detail/move_holonomic__rosidl_typesupport_fastrtps_cpp.hpp
[1.456s] -- Up-to-date: /home/parsa/main_robot_ws/install/my_robot_navigation/include/my_robot_navigation/my_robot_navigation/msg
[1.456s] -- Up-to-date: /home/parsa/main_robot_ws/install/my_robot_navigation/include/my_robot_navigation/my_robot_navigation/msg/rosidl_typesupport_fastrtps_cpp__visibility_control.h
[1.456s] -- Up-to-date: /home/parsa/main_robot_ws/install/my_robot_navigation/lib/libmy_robot_navigation__rosidl_typesupport_fastrtps_cpp.so
[1.456s] -- Up-to-date: /home/parsa/main_robot_ws/install/my_robot_navigation/include/my_robot_navigation/my_robot_navigation
[1.456s] -- Up-to-date: /home/parsa/main_robot_ws/install/my_robot_navigation/include/my_robot_navigation/my_robot_navigation/action
[1.456s] -- Up-to-date: /home/parsa/main_robot_ws/install/my_robot_navigation/include/my_robot_navigation/my_robot_navigation/action/detail
[1.456s] -- Up-to-date: /home/parsa/main_robot_ws/install/my_robot_navigation/include/my_robot_navigation/my_robot_navigation/action/detail/move_holonomic__rosidl_typesupport_introspection_c.h
[1.456s] -- Up-to-date: /home/parsa/main_robot_ws/install/my_robot_navigation/include/my_robot_navigation/my_robot_navigation/action/detail/move_holonomic__type_support.c
[1.457s] -- Up-to-date: /home/parsa/main_robot_ws/install/my_robot_navigation/include/my_robot_navigation/my_robot_navigation/msg
[1.457s] -- Up-to-date: /home/parsa/main_robot_ws/install/my_robot_navigation/include/my_robot_navigation/my_robot_navigation/msg/rosidl_typesupport_introspection_c__visibility_control.h
[1.457s] -- Up-to-date: /home/parsa/main_robot_ws/install/my_robot_navigation/lib/libmy_robot_navigation__rosidl_typesupport_introspection_c.so
[1.457s] -- Up-to-date: /home/parsa/main_robot_ws/install/my_robot_navigation/lib/libmy_robot_navigation__rosidl_typesupport_c.so
[1.457s] -- Up-to-date: /home/parsa/main_robot_ws/install/my_robot_navigation/include/my_robot_navigation/my_robot_navigation
[1.457s] -- Up-to-date: /home/parsa/main_robot_ws/install/my_robot_navigation/include/my_robot_navigation/my_robot_navigation/action
[1.457s] -- Up-to-date: /home/parsa/main_robot_ws/install/my_robot_navigation/include/my_robot_navigation/my_robot_navigation/action/detail
[1.457s] -- Up-to-date: /home/parsa/main_robot_ws/install/my_robot_navigation/include/my_robot_navigation/my_robot_navigation/action/detail/move_holonomic__rosidl_typesupport_introspection_cpp.hpp
[1.457s] -- Up-to-date: /home/parsa/main_robot_ws/install/my_robot_navigation/include/my_robot_navigation/my_robot_navigation/action/detail/move_holonomic__type_support.cpp
[1.458s] -- Up-to-date: /home/parsa/main_robot_ws/install/my_robot_navigation/lib/libmy_robot_navigation__rosidl_typesupport_introspection_cpp.so
[1.459s] -- Up-to-date: /home/parsa/main_robot_ws/install/my_robot_navigation/lib/libmy_robot_navigation__rosidl_typesupport_cpp.so
[1.460s] -- Up-to-date: /home/parsa/main_robot_ws/install/my_robot_navigation/share/my_robot_navigation/environment/pythonpath.sh
[1.460s] -- Up-to-date: /home/parsa/main_robot_ws/install/my_robot_navigation/share/my_robot_navigation/environment/pythonpath.dsv
[1.460s] -- Up-to-date: /home/parsa/main_robot_ws/install/my_robot_navigation/local/lib/python3.10/dist-packages/my_robot_navigation-0.0.0-py3.10.egg-info
[1.460s] -- Installing: /home/parsa/main_robot_ws/install/my_robot_navigation/local/lib/python3.10/dist-packages/my_robot_navigation-0.0.0-py3.10.egg-info/top_level.txt
[1.461s] -- Installing: /home/parsa/main_robot_ws/install/my_robot_navigation/local/lib/python3.10/dist-packages/my_robot_navigation-0.0.0-py3.10.egg-info/SOURCES.txt
[1.461s] -- Installing: /home/parsa/main_robot_ws/install/my_robot_navigation/local/lib/python3.10/dist-packages/my_robot_navigation-0.0.0-py3.10.egg-info/PKG-INFO
[1.461s] -- Installing: /home/parsa/main_robot_ws/install/my_robot_navigation/local/lib/python3.10/dist-packages/my_robot_navigation-0.0.0-py3.10.egg-info/dependency_links.txt
[1.462s] -- Up-to-date: /home/parsa/main_robot_ws/install/my_robot_navigation/local/lib/python3.10/dist-packages/my_robot_navigation
[1.462s] -- Up-to-date: /home/parsa/main_robot_ws/install/my_robot_navigation/local/lib/python3.10/dist-packages/my_robot_navigation/_my_robot_navigation_s.ep.rosidl_typesupport_c.c
[1.462s] -- Up-to-date: /home/parsa/main_robot_ws/install/my_robot_navigation/local/lib/python3.10/dist-packages/my_robot_navigation/_my_robot_navigation_s.ep.rosidl_typesupport_fastrtps_c.c
[1.462s] -- Up-to-date: /home/parsa/main_robot_ws/install/my_robot_navigation/local/lib/python3.10/dist-packages/my_robot_navigation/libmy_robot_navigation__rosidl_generator_py.so
[1.462s] -- Up-to-date: /home/parsa/main_robot_ws/install/my_robot_navigation/local/lib/python3.10/dist-packages/my_robot_navigation/_my_robot_navigation_s.ep.rosidl_typesupport_introspection_c.c
[1.462s] -- Up-to-date: /home/parsa/main_robot_ws/install/my_robot_navigation/local/lib/python3.10/dist-packages/my_robot_navigation/__init__.py
[1.462s] -- Up-to-date: /home/parsa/main_robot_ws/install/my_robot_navigation/local/lib/python3.10/dist-packages/my_robot_navigation/action
[1.462s] -- Up-to-date: /home/parsa/main_robot_ws/install/my_robot_navigation/local/lib/python3.10/dist-packages/my_robot_navigation/action/_move_holonomic.py
[1.462s] -- Up-to-date: /home/parsa/main_robot_ws/install/my_robot_navigation/local/lib/python3.10/dist-packages/my_robot_navigation/action/_move_holonomic_s.c
[1.462s] -- Up-to-date: /home/parsa/main_robot_ws/install/my_robot_navigation/local/lib/python3.10/dist-packages/my_robot_navigation/action/__init__.py
[1.463s] -- Up-to-date: /home/parsa/main_robot_ws/install/my_robot_navigation/local/lib/python3.10/dist-packages/my_robot_navigation/my_robot_navigation_s__rosidl_typesupport_c.cpython-310-x86_64-linux-gnu.so
[1.465s] -- Up-to-date: /home/parsa/main_robot_ws/install/my_robot_navigation/local/lib/python3.10/dist-packages/my_robot_navigation/my_robot_navigation_s__rosidl_typesupport_introspection_c.cpython-310-x86_64-linux-gnu.so
[1.465s] -- Up-to-date: /home/parsa/main_robot_ws/install/my_robot_navigation/local/lib/python3.10/dist-packages/my_robot_navigation/my_robot_navigation_s__rosidl_typesupport_fastrtps_c.cpython-310-x86_64-linux-gnu.so
[1.490s] Listing '/home/parsa/main_robot_ws/install/my_robot_navigation/local/lib/python3.10/dist-packages/my_robot_navigation'...
[1.490s] Listing '/home/parsa/main_robot_ws/install/my_robot_navigation/local/lib/python3.10/dist-packages/my_robot_navigation/action'...
[1.496s] -- Up-to-date: /home/parsa/main_robot_ws/install/my_robot_navigation/local/lib/python3.10/dist-packages/my_robot_navigation/my_robot_navigation_s__rosidl_typesupport_fastrtps_c.cpython-310-x86_64-linux-gnu.so
[1.497s] -- Up-to-date: /home/parsa/main_robot_ws/install/my_robot_navigation/local/lib/python3.10/dist-packages/my_robot_navigation/my_robot_navigation_s__rosidl_typesupport_introspection_c.cpython-310-x86_64-linux-gnu.so
[1.497s] -- Up-to-date: /home/parsa/main_robot_ws/install/my_robot_navigation/local/lib/python3.10/dist-packages/my_robot_navigation/my_robot_navigation_s__rosidl_typesupport_c.cpython-310-x86_64-linux-gnu.so
[1.498s] -- Up-to-date: /home/parsa/main_robot_ws/install/my_robot_navigation/lib/libmy_robot_navigation__rosidl_generator_py.so
[1.498s] -- Up-to-date: /home/parsa/main_robot_ws/install/my_robot_navigation/share/my_robot_navigation/action/MoveHolonomic.idl
[1.498s] -- Up-to-date: /home/parsa/main_robot_ws/install/my_robot_navigation/share/my_robot_navigation/action/MoveHolonomic.action
[1.498s] -- Up-to-date: /home/parsa/main_robot_ws/install/my_robot_navigation/share/ament_index/resource_index/package_run_dependencies/my_robot_navigation
[1.498s] -- Up-to-date: /home/parsa/main_robot_ws/install/my_robot_navigation/share/ament_index/resource_index/parent_prefix_path/my_robot_navigation
[1.499s] -- Up-to-date: /home/parsa/main_robot_ws/install/my_robot_navigation/share/my_robot_navigation/environment/ament_prefix_path.sh
[1.500s] -- Up-to-date: /home/parsa/main_robot_ws/install/my_robot_navigation/share/my_robot_navigation/environment/ament_prefix_path.dsv
[1.501s] -- Up-to-date: /home/parsa/main_robot_ws/install/my_robot_navigation/share/my_robot_navigation/environment/path.sh
[1.502s] -- Up-to-date: /home/parsa/main_robot_ws/install/my_robot_navigation/share/my_robot_navigation/environment/path.dsv
[1.502s] -- Up-to-date: /home/parsa/main_robot_ws/install/my_robot_navigation/share/my_robot_navigation/local_setup.bash
[1.502s] -- Up-to-date: /home/parsa/main_robot_ws/install/my_robot_navigation/share/my_robot_navigation/local_setup.sh
[1.502s] -- Up-to-date: /home/parsa/main_robot_ws/install/my_robot_navigation/share/my_robot_navigation/local_setup.zsh
[1.502s] -- Up-to-date: /home/parsa/main_robot_ws/install/my_robot_navigation/share/my_robot_navigation/local_setup.dsv
[1.502s] -- Installing: /home/parsa/main_robot_ws/install/my_robot_navigation/share/my_robot_navigation/package.dsv
[1.502s] -- Up-to-date: /home/parsa/main_robot_ws/install/my_robot_navigation/share/ament_index/resource_index/packages/my_robot_navigation
[1.503s] -- Up-to-date: /home/parsa/main_robot_ws/install/my_robot_navigation/share/my_robot_navigation/cmake/export_my_robot_navigation__rosidl_generator_cExport.cmake
[1.503s] -- Up-to-date: /home/parsa/main_robot_ws/install/my_robot_navigation/share/my_robot_navigation/cmake/export_my_robot_navigation__rosidl_generator_cExport-noconfig.cmake
[1.503s] -- Up-to-date: /home/parsa/main_robot_ws/install/my_robot_navigation/share/my_robot_navigation/cmake/export_my_robot_navigation__rosidl_typesupport_fastrtps_cExport.cmake
[1.503s] -- Up-to-date: /home/parsa/main_robot_ws/install/my_robot_navigation/share/my_robot_navigation/cmake/export_my_robot_navigation__rosidl_typesupport_fastrtps_cExport-noconfig.cmake
[1.503s] -- Up-to-date: /home/parsa/main_robot_ws/install/my_robot_navigation/share/my_robot_navigation/cmake/export_my_robot_navigation__rosidl_generator_cppExport.cmake
[1.503s] -- Up-to-date: /home/parsa/main_robot_ws/install/my_robot_navigation/share/my_robot_navigation/cmake/export_my_robot_navigation__rosidl_typesupport_fastrtps_cppExport.cmake
[1.503s] -- Up-to-date: /home/parsa/main_robot_ws/install/my_robot_navigation/share/my_robot_navigation/cmake/export_my_robot_navigation__rosidl_typesupport_fastrtps_cppExport-noconfig.cmake
[1.503s] -- Up-to-date: /home/parsa/main_robot_ws/install/my_robot_navigation/share/my_robot_navigation/cmake/my_robot_navigation__rosidl_typesupport_introspection_cExport.cmake
[1.503s] -- Up-to-date: /home/parsa/main_robot_ws/install/my_robot_navigation/share/my_robot_navigation/cmake/my_robot_navigation__rosidl_typesupport_introspection_cExport-noconfig.cmake
[1.503s] -- Up-to-date: /home/parsa/main_robot_ws/install/my_robot_navigation/share/my_robot_navigation/cmake/my_robot_navigation__rosidl_typesupport_cExport.cmake
[1.504s] -- Up-to-date: /home/parsa/main_robot_ws/install/my_robot_navigation/share/my_robot_navigation/cmake/my_robot_navigation__rosidl_typesupport_cExport-noconfig.cmake
[1.506s] -- Up-to-date: /home/parsa/main_robot_ws/install/my_robot_navigation/share/my_robot_navigation/cmake/my_robot_navigation__rosidl_typesupport_introspection_cppExport.cmake
[1.506s] -- Up-to-date: /home/parsa/main_robot_ws/install/my_robot_navigation/share/my_robot_navigation/cmake/my_robot_navigation__rosidl_typesupport_introspection_cppExport-noconfig.cmake
[1.507s] -- Up-to-date: /home/parsa/main_robot_ws/install/my_robot_navigation/share/my_robot_navigation/cmake/my_robot_navigation__rosidl_typesupport_cppExport.cmake
[1.507s] -- Up-to-date: /home/parsa/main_robot_ws/install/my_robot_navigation/share/my_robot_navigation/cmake/my_robot_navigation__rosidl_typesupport_cppExport-noconfig.cmake
[1.507s] -- Up-to-date: /home/parsa/main_robot_ws/install/my_robot_navigation/share/my_robot_navigation/cmake/export_my_robot_navigation__rosidl_generator_pyExport.cmake
[1.507s] -- Up-to-date: /home/parsa/main_robot_ws/install/my_robot_navigation/share/my_robot_navigation/cmake/export_my_robot_navigation__rosidl_generator_pyExport-noconfig.cmake
[1.507s] -- Up-to-date: /home/parsa/main_robot_ws/install/my_robot_navigation/share/my_robot_navigation/cmake/rosidl_cmake-extras.cmake
[1.507s] -- Up-to-date: /home/parsa/main_robot_ws/install/my_robot_navigation/share/my_robot_navigation/cmake/ament_cmake_export_dependencies-extras.cmake
[1.507s] -- Up-to-date: /home/parsa/main_robot_ws/install/my_robot_navigation/share/my_robot_navigation/cmake/ament_cmake_export_include_directories-extras.cmake
[1.507s] -- Up-to-date: /home/parsa/main_robot_ws/install/my_robot_navigation/share/my_robot_navigation/cmake/ament_cmake_export_libraries-extras.cmake
[1.507s] -- Up-to-date: /home/parsa/main_robot_ws/install/my_robot_navigation/share/my_robot_navigation/cmake/ament_cmake_export_targets-extras.cmake
[1.507s] -- Up-to-date: /home/parsa/main_robot_ws/install/my_robot_navigation/share/my_robot_navigation/cmake/rosidl_cmake_export_typesupport_targets-extras.cmake
[1.508s] -- Up-to-date: /home/parsa/main_robot_ws/install/my_robot_navigation/share/my_robot_navigation/cmake/rosidl_cmake_export_typesupport_libraries-extras.cmake
[1.508s] -- Up-to-date: /home/parsa/main_robot_ws/install/my_robot_navigation/share/my_robot_navigation/cmake/my_robot_navigationConfig.cmake
[1.508s] -- Up-to-date: /home/parsa/main_robot_ws/install/my_robot_navigation/share/my_robot_navigation/cmake/my_robot_navigationConfig-version.cmake
[1.508s] -- Up-to-date: /home/parsa/main_robot_ws/install/my_robot_navigation/share/my_robot_navigation/package.xml
[1.520s] Invoked command in '/home/parsa/main_robot_ws/build/my_robot_navigation' returned '0': CMAKE_PREFIX_PATH=/opt/ros/humble /home/parsa/.local/bin/cmake --install /home/parsa/main_robot_ws/build/my_robot_navigation
