[0.039s] Invoking command in '/home/parsa/main_robot_ws/src/build/robot_description': CMAKE_PREFIX_PATH=${CMAKE_PREFIX_PATH}:/home/parsa/main_robot_ws/install/state_publisher:/home/parsa/main_robot_ws/install/robot_control:/home/parsa/main_robot_ws/install/navigation_config:/home/parsa/main_robot_ws/install/my_robot_camera:/home/parsa/main_robot_ws/install/lidar_front_filter:/opt/ros/humble /home/parsa/.local/bin/cmake /home/parsa/main_robot_ws/src/robot_description -DCMAKE_INSTALL_PREFIX=/home/parsa/main_robot_ws/src/install/robot_description
[0.694s] -- The C compiler identification is GNU 11.4.0
[0.694s] -- The CXX compiler identification is GNU 11.4.0
[0.694s] -- Detecting C compiler ABI info
[0.694s] -- Detecting C compiler ABI info - done
[0.694s] -- Check for working C compiler: /usr/bin/cc - skipped
[0.694s] -- Detecting C compile features
[0.694s] -- Detecting C compile features - done
[0.694s] -- Detecting CXX compiler ABI info
[0.694s] -- Detecting CXX compiler ABI info - done
[0.694s] -- Check for working CXX compiler: /usr/bin/c++ - skipped
[0.694s] -- Detecting CXX compile features
[0.694s] -- Detecting CXX compile features - done
[0.694s] -- Found ament_cmake: 1.3.11 (/opt/ros/humble/share/ament_cmake/cmake)
[0.694s] -- Found Python3: /usr/bin/python3 (found version "3.10.12") found components: Interpreter
[0.694s] -- Found ament_lint_auto: 0.12.12 (/opt/ros/humble/share/ament_lint_auto/cmake)
[0.695s] [0mCMake Deprecation Warning at CMakeLists.txt:1 (cmake_minimum_required):
[0.695s]   Compatibility with CMake < 3.10 will be removed from a future version of
[0.695s]   CMake.
[0.695s] 
[0.695s]   Update the VERSION argument <min> value.  Or, use the <min>...<max> syntax
[0.695s]   to tell CMake that the project requires at least <min> but has been updated
[0.695s]   to work with policies introduced by <max> or earlier.
[0.695s] 
[0.695s] [0m
[0.735s] -- Added test 'flake8' to check Python code syntax and style conventions
[0.736s] -- Added test 'lint_cmake' to check CMake code style
[0.737s] -- Added test 'pep257' to check Python code against some of the docstring style conventions in PEP 257
[0.744s] -- Added test 'xmllint' to check XML markup files
[0.745s] -- Configuring done (0.6s)
[0.747s] -- Generating done (0.0s)
[0.748s] -- Build files have been written to: /home/parsa/main_robot_ws/src/build/robot_description
[0.916s] Invoked command in '/home/parsa/main_robot_ws/src/build/robot_description' returned '0': CMAKE_PREFIX_PATH=${CMAKE_PREFIX_PATH}:/home/parsa/main_robot_ws/install/state_publisher:/home/parsa/main_robot_ws/install/robot_control:/home/parsa/main_robot_ws/install/navigation_config:/home/parsa/main_robot_ws/install/my_robot_camera:/home/parsa/main_robot_ws/install/lidar_front_filter:/opt/ros/humble /home/parsa/.local/bin/cmake /home/parsa/main_robot_ws/src/robot_description -DCMAKE_INSTALL_PREFIX=/home/parsa/main_robot_ws/src/install/robot_description
[0.918s] Invoking command in '/home/parsa/main_robot_ws/src/build/robot_description': CMAKE_PREFIX_PATH=${CMAKE_PREFIX_PATH}:/home/parsa/main_robot_ws/install/state_publisher:/home/parsa/main_robot_ws/install/robot_control:/home/parsa/main_robot_ws/install/navigation_config:/home/parsa/main_robot_ws/install/my_robot_camera:/home/parsa/main_robot_ws/install/lidar_front_filter:/opt/ros/humble /home/parsa/.local/bin/cmake --build /home/parsa/main_robot_ws/src/build/robot_description -- -j16 -l16
[1.018s] Invoked command in '/home/parsa/main_robot_ws/src/build/robot_description' returned '0': CMAKE_PREFIX_PATH=${CMAKE_PREFIX_PATH}:/home/parsa/main_robot_ws/install/state_publisher:/home/parsa/main_robot_ws/install/robot_control:/home/parsa/main_robot_ws/install/navigation_config:/home/parsa/main_robot_ws/install/my_robot_camera:/home/parsa/main_robot_ws/install/lidar_front_filter:/opt/ros/humble /home/parsa/.local/bin/cmake --build /home/parsa/main_robot_ws/src/build/robot_description -- -j16 -l16
[1.088s] Invoking command in '/home/parsa/main_robot_ws/src/build/robot_description': CMAKE_PREFIX_PATH=${CMAKE_PREFIX_PATH}:/home/parsa/main_robot_ws/install/state_publisher:/home/parsa/main_robot_ws/install/robot_control:/home/parsa/main_robot_ws/install/navigation_config:/home/parsa/main_robot_ws/install/my_robot_camera:/home/parsa/main_robot_ws/install/lidar_front_filter:/opt/ros/humble /home/parsa/.local/bin/cmake --install /home/parsa/main_robot_ws/src/build/robot_description
[1.158s] -- Install configuration: ""
[1.158s] -- Installing: /home/parsa/main_robot_ws/src/install/robot_description/share/robot_description/description
[1.158s] -- Installing: /home/parsa/main_robot_ws/src/install/robot_description/share/robot_description/description/atwork.urdf.xacro
[1.158s] -- Installing: /home/parsa/main_robot_ws/src/install/robot_description/share/robot_description/description/robot_core.xacro
[1.158s] -- Installing: /home/parsa/main_robot_ws/src/install/robot_description/share/robot_description/description/lidar.xacro
[1.158s] -- Installing: /home/parsa/main_robot_ws/src/install/robot_description/share/robot_description/description/arm_control.xacro
[1.158s] -- Installing: /home/parsa/main_robot_ws/src/install/robot_description/share/robot_description/description/ros2_control.xacro
[1.158s] -- Installing: /home/parsa/main_robot_ws/src/install/robot_description/share/robot_description/description/arm.urdf.xacro
[1.158s] -- Installing: /home/parsa/main_robot_ws/src/install/robot_description/share/robot_description/description/arm.urdf.xacro.bak
[1.159s] -- Installing: /home/parsa/main_robot_ws/src/install/robot_description/share/robot_description/launch
[1.160s] -- Installing: /home/parsa/main_robot_ws/src/install/robot_description/share/robot_description/launch/rsp.launch.py
[1.160s] -- Installing: /home/parsa/main_robot_ws/src/install/robot_description/share/robot_description/meshes
[1.160s] -- Installing: /home/parsa/main_robot_ws/src/install/robot_description/share/robot_description/meshes/base_link.STL
[1.160s] -- Installing: /home/parsa/main_robot_ws/src/install/robot_description/share/robot_description/meshes/a2.STL
[1.160s] -- Installing: /home/parsa/main_robot_ws/src/install/robot_description/share/robot_description/meshes/a4.STL
[1.161s] -- Installing: /home/parsa/main_robot_ws/src/install/robot_description/share/robot_description/meshes/g1.STL
[1.161s] -- Installing: /home/parsa/main_robot_ws/src/install/robot_description/share/robot_description/meshes/g12.STL
[1.161s] -- Installing: /home/parsa/main_robot_ws/src/install/robot_description/share/robot_description/meshes/g22.STL
[1.161s] -- Installing: /home/parsa/main_robot_ws/src/install/robot_description/share/robot_description/meshes/bg.STL
[1.161s] -- Installing: /home/parsa/main_robot_ws/src/install/robot_description/share/robot_description/meshes/a1.STL
[1.161s] -- Installing: /home/parsa/main_robot_ws/src/install/robot_description/share/robot_description/meshes/g2.STL
[1.161s] -- Installing: /home/parsa/main_robot_ws/src/install/robot_description/share/robot_description/meshes/a3.STL
[1.162s] -- Installing: /home/parsa/main_robot_ws/src/install/robot_description/share/ament_index/resource_index/package_run_dependencies/robot_description
[1.162s] -- Installing: /home/parsa/main_robot_ws/src/install/robot_description/share/ament_index/resource_index/parent_prefix_path/robot_description
[1.162s] -- Installing: /home/parsa/main_robot_ws/src/install/robot_description/share/robot_description/environment/ament_prefix_path.sh
[1.162s] -- Installing: /home/parsa/main_robot_ws/src/install/robot_description/share/robot_description/environment/ament_prefix_path.dsv
[1.162s] -- Installing: /home/parsa/main_robot_ws/src/install/robot_description/share/robot_description/environment/path.sh
[1.162s] -- Installing: /home/parsa/main_robot_ws/src/install/robot_description/share/robot_description/environment/path.dsv
[1.163s] -- Installing: /home/parsa/main_robot_ws/src/install/robot_description/share/robot_description/local_setup.bash
[1.163s] -- Installing: /home/parsa/main_robot_ws/src/install/robot_description/share/robot_description/local_setup.sh
[1.163s] -- Installing: /home/parsa/main_robot_ws/src/install/robot_description/share/robot_description/local_setup.zsh
[1.163s] -- Installing: /home/parsa/main_robot_ws/src/install/robot_description/share/robot_description/local_setup.dsv
[1.163s] -- Installing: /home/parsa/main_robot_ws/src/install/robot_description/share/robot_description/package.dsv
[1.163s] -- Installing: /home/parsa/main_robot_ws/src/install/robot_description/share/ament_index/resource_index/packages/robot_description
[1.163s] -- Installing: /home/parsa/main_robot_ws/src/install/robot_description/share/robot_description/cmake/robot_descriptionConfig.cmake
[1.164s] -- Installing: /home/parsa/main_robot_ws/src/install/robot_description/share/robot_description/cmake/robot_descriptionConfig-version.cmake
[1.164s] -- Installing: /home/parsa/main_robot_ws/src/install/robot_description/share/robot_description/package.xml
[1.165s] Invoked command in '/home/parsa/main_robot_ws/src/build/robot_description' returned '0': CMAKE_PREFIX_PATH=${CMAKE_PREFIX_PATH}:/home/parsa/main_robot_ws/install/state_publisher:/home/parsa/main_robot_ws/install/robot_control:/home/parsa/main_robot_ws/install/navigation_config:/home/parsa/main_robot_ws/install/my_robot_camera:/home/parsa/main_robot_ws/install/lidar_front_filter:/opt/ros/humble /home/parsa/.local/bin/cmake --install /home/parsa/main_robot_ws/src/build/robot_description
