[1.722s] Invoking command in '/home/parsa/main_robot_ws/src/robot_control': PYTHONPATH=/home/parsa/main_robot_ws/build/robot_control/prefix_override:/usr/lib/python3/dist-packages/colcon_core/task/python/colcon_distutils_commands:/home/parsa/main_robot_ws/install/robot_control/lib/python3.10/site-packages:${PYTHONPATH} /usr/bin/python3 -W ignore:setup.py install is deprecated -W ignore:easy_install command is deprecated setup.py egg_info --egg-base ../../build/robot_control build --build-base /home/parsa/main_robot_ws/build/robot_control/build install --record /home/parsa/main_robot_ws/build/robot_control/install.log --single-version-externally-managed install_data
[1.873s] running egg_info
[1.874s] writing ../../build/robot_control/robot_control.egg-info/PKG-INFO
[1.874s] writing dependency_links to ../../build/robot_control/robot_control.egg-info/dependency_links.txt
[1.874s] writing entry points to ../../build/robot_control/robot_control.egg-info/entry_points.txt
[1.874s] writing requirements to ../../build/robot_control/robot_control.egg-info/requires.txt
[1.874s] writing top-level names to ../../build/robot_control/robot_control.egg-info/top_level.txt
[1.877s] reading manifest file '../../build/robot_control/robot_control.egg-info/SOURCES.txt'
[1.878s] writing manifest file '../../build/robot_control/robot_control.egg-info/SOURCES.txt'
[1.878s] running build
[1.878s] running build_py
[1.879s] running install
[1.880s] running install_lib
[1.881s] running install_data
[1.882s] running install_egg_info
[1.883s] removing '/home/parsa/main_robot_ws/install/robot_control/lib/python3.10/site-packages/robot_control-0.0.0-py3.10.egg-info' (and everything under it)
[1.883s] Copying ../../build/robot_control/robot_control.egg-info to /home/parsa/main_robot_ws/install/robot_control/lib/python3.10/site-packages/robot_control-0.0.0-py3.10.egg-info
[1.884s] running install_scripts
[1.904s] Installing arm_controller_node script to /home/parsa/main_robot_ws/install/robot_control/lib/robot_control
[1.904s] Installing arm_driver_node script to /home/parsa/main_robot_ws/install/robot_control/lib/robot_control
[1.904s] Installing arm_gui script to /home/parsa/main_robot_ws/install/robot_control/lib/robot_control
[1.904s] Installing arm_server script to /home/parsa/main_robot_ws/install/robot_control/lib/robot_control
[1.904s] Installing old_robot_server script to /home/parsa/main_robot_ws/install/robot_control/lib/robot_control
[1.904s] Installing robot_server script to /home/parsa/main_robot_ws/install/robot_control/lib/robot_control
[1.904s] writing list of installed files to '/home/parsa/main_robot_ws/build/robot_control/install.log'
[2.008s] Invoked command in '/home/parsa/main_robot_ws/src/robot_control' returned '0': PYTHONPATH=/home/parsa/main_robot_ws/build/robot_control/prefix_override:/usr/lib/python3/dist-packages/colcon_core/task/python/colcon_distutils_commands:/home/parsa/main_robot_ws/install/robot_control/lib/python3.10/site-packages:${PYTHONPATH} /usr/bin/python3 -W ignore:setup.py install is deprecated -W ignore:easy_install command is deprecated setup.py egg_info --egg-base ../../build/robot_control build --build-base /home/parsa/main_robot_ws/build/robot_control/build install --record /home/parsa/main_robot_ws/build/robot_control/install.log --single-version-externally-managed install_data
