[1.807s] Invoking command in '/home/parsa/main_robot_ws/src/state_publisher': PYTHONPATH=/home/parsa/main_robot_ws/build/state_publisher/prefix_override:/usr/lib/python3/dist-packages/colcon_core/task/python/colcon_distutils_commands:/home/parsa/main_robot_ws/install/state_publisher/lib/python3.10/site-packages:${PYTHONPATH} /usr/bin/python3 -W ignore:setup.py install is deprecated -W ignore:easy_install command is deprecated setup.py egg_info --egg-base ../../build/state_publisher build --build-base /home/parsa/main_robot_ws/build/state_publisher/build install --record /home/parsa/main_robot_ws/build/state_publisher/install.log --single-version-externally-managed install_data
[2.004s] running egg_info
[2.005s] writing ../../build/state_publisher/state_publisher.egg-info/PKG-INFO
[2.005s] writing dependency_links to ../../build/state_publisher/state_publisher.egg-info/dependency_links.txt
[2.005s] writing entry points to ../../build/state_publisher/state_publisher.egg-info/entry_points.txt
[2.005s] writing requirements to ../../build/state_publisher/state_publisher.egg-info/requires.txt
[2.005s] writing top-level names to ../../build/state_publisher/state_publisher.egg-info/top_level.txt
[2.008s] reading manifest file '../../build/state_publisher/state_publisher.egg-info/SOURCES.txt'
[2.008s] writing manifest file '../../build/state_publisher/state_publisher.egg-info/SOURCES.txt'
[2.008s] running build
[2.008s] running build_py
[2.009s] running install
[2.009s] running install_lib
[2.010s] running install_data
[2.010s] running install_egg_info
[2.011s] removing '/home/parsa/main_robot_ws/install/state_publisher/lib/python3.10/site-packages/state_publisher-0.0.0-py3.10.egg-info' (and everything under it)
[2.012s] Copying ../../build/state_publisher/state_publisher.egg-info to /home/parsa/main_robot_ws/install/state_publisher/lib/python3.10/site-packages/state_publisher-0.0.0-py3.10.egg-info
[2.012s] running install_scripts
[2.035s] Installing state_pub script to /home/parsa/main_robot_ws/install/state_publisher/lib/state_publisher
[2.035s] writing list of installed files to '/home/parsa/main_robot_ws/build/state_publisher/install.log'
[2.063s] Invoked command in '/home/parsa/main_robot_ws/src/state_publisher' returned '0': PYTHONPATH=/home/parsa/main_robot_ws/build/state_publisher/prefix_override:/usr/lib/python3/dist-packages/colcon_core/task/python/colcon_distutils_commands:/home/parsa/main_robot_ws/install/state_publisher/lib/python3.10/site-packages:${PYTHONPATH} /usr/bin/python3 -W ignore:setup.py install is deprecated -W ignore:easy_install command is deprecated setup.py egg_info --egg-base ../../build/state_publisher build --build-base /home/parsa/main_robot_ws/build/state_publisher/build install --record /home/parsa/main_robot_ws/build/state_publisher/install.log --single-version-externally-managed install_data
