running egg_info
creating ../../build/navigation_config/navigation_config.egg-info
writing ../../build/navigation_config/navigation_config.egg-info/PKG-INFO
writing dependency_links to ../../build/navigation_config/navigation_config.egg-info/dependency_links.txt
writing entry points to ../../build/navigation_config/navigation_config.egg-info/entry_points.txt
writing requirements to ../../build/navigation_config/navigation_config.egg-info/requires.txt
writing top-level names to ../../build/navigation_config/navigation_config.egg-info/top_level.txt
writing manifest file '../../build/navigation_config/navigation_config.egg-info/SOURCES.txt'
reading manifest file '../../build/navigation_config/navigation_config.egg-info/SOURCES.txt'
writing manifest file '../../build/navigation_config/navigation_config.egg-info/SOURCES.txt'
running build
running build_py
creating /home/parsa/main_robot_ws/build/navigation_config/build
creating /home/parsa/main_robot_ws/build/navigation_config/build/lib
creating /home/parsa/main_robot_ws/build/navigation_config/build/lib/navigation_config
copying navigation_config/__init__.py -> /home/parsa/main_robot_ws/build/navigation_config/build/lib/navigation_config
running install
running install_lib
creating /home/parsa/main_robot_ws/install/navigation_config/lib/python3.10/site-packages/navigation_config
copying /home/parsa/main_robot_ws/build/navigation_config/build/lib/navigation_config/__init__.py -> /home/parsa/main_robot_ws/install/navigation_config/lib/python3.10/site-packages/navigation_config
byte-compiling /home/parsa/main_robot_ws/install/navigation_config/lib/python3.10/site-packages/navigation_config/__init__.py to __init__.cpython-310.pyc
running install_data
creating /home/parsa/main_robot_ws/install/navigation_config/share/ament_index
creating /home/parsa/main_robot_ws/install/navigation_config/share/ament_index/resource_index
creating /home/parsa/main_robot_ws/install/navigation_config/share/ament_index/resource_index/packages
copying resource/navigation_config -> /home/parsa/main_robot_ws/install/navigation_config/share/ament_index/resource_index/packages
copying package.xml -> /home/parsa/main_robot_ws/install/navigation_config/share/navigation_config
creating /home/parsa/main_robot_ws/install/navigation_config/share/navigation_config/launch
copying launch/amcl_launch.py -> /home/parsa/main_robot_ws/install/navigation_config/share/navigation_config/launch
creating /home/parsa/main_robot_ws/install/navigation_config/share/navigation_config/config
running install_egg_info
Copying ../../build/navigation_config/navigation_config.egg-info to /home/parsa/main_robot_ws/install/navigation_config/lib/python3.10/site-packages/navigation_config-0.0.1-py3.10.egg-info
running install_scripts
writing list of installed files to '/home/parsa/main_robot_ws/build/navigation_config/install.log'
