[1.732s] Invoking command in '/home/parsa/main_robot_ws/src/navigation_config': PYTHONPATH=/home/parsa/main_robot_ws/build/navigation_config/prefix_override:/usr/lib/python3/dist-packages/colcon_core/task/python/colcon_distutils_commands:/home/parsa/main_robot_ws/install/navigation_config/lib/python3.10/site-packages:${PYTHONPATH} /usr/bin/python3 -W ignore:setup.py install is deprecated -W ignore:easy_install command is deprecated setup.py egg_info --egg-base ../../build/navigation_config build --build-base /home/parsa/main_robot_ws/build/navigation_config/build install --record /home/parsa/main_robot_ws/build/navigation_config/install.log --single-version-externally-managed install_data
[1.942s] running egg_info
[1.944s] creating ../../build/navigation_config/navigation_config.egg-info
[1.944s] writing ../../build/navigation_config/navigation_config.egg-info/PKG-INFO
[1.945s] writing dependency_links to ../../build/navigation_config/navigation_config.egg-info/dependency_links.txt
[1.945s] writing entry points to ../../build/navigation_config/navigation_config.egg-info/entry_points.txt
[1.945s] writing requirements to ../../build/navigation_config/navigation_config.egg-info/requires.txt
[1.945s] writing top-level names to ../../build/navigation_config/navigation_config.egg-info/top_level.txt
[1.945s] writing manifest file '../../build/navigation_config/navigation_config.egg-info/SOURCES.txt'
[1.947s] reading manifest file '../../build/navigation_config/navigation_config.egg-info/SOURCES.txt'
[1.947s] writing manifest file '../../build/navigation_config/navigation_config.egg-info/SOURCES.txt'
[1.947s] running build
[1.947s] running build_py
[1.947s] creating /home/parsa/main_robot_ws/build/navigation_config/build
[1.947s] creating /home/parsa/main_robot_ws/build/navigation_config/build/lib
[1.947s] creating /home/parsa/main_robot_ws/build/navigation_config/build/lib/navigation_config
[1.947s] copying navigation_config/__init__.py -> /home/parsa/main_robot_ws/build/navigation_config/build/lib/navigation_config
[1.947s] running install
[1.947s] running install_lib
[1.948s] creating /home/parsa/main_robot_ws/install/navigation_config/lib/python3.10/site-packages/navigation_config
[1.948s] copying /home/parsa/main_robot_ws/build/navigation_config/build/lib/navigation_config/__init__.py -> /home/parsa/main_robot_ws/install/navigation_config/lib/python3.10/site-packages/navigation_config
[1.949s] byte-compiling /home/parsa/main_robot_ws/install/navigation_config/lib/python3.10/site-packages/navigation_config/__init__.py to __init__.cpython-310.pyc
[1.950s] running install_data
[1.950s] creating /home/parsa/main_robot_ws/install/navigation_config/share/ament_index
[1.950s] creating /home/parsa/main_robot_ws/install/navigation_config/share/ament_index/resource_index
[1.950s] creating /home/parsa/main_robot_ws/install/navigation_config/share/ament_index/resource_index/packages
[1.950s] copying resource/navigation_config -> /home/parsa/main_robot_ws/install/navigation_config/share/ament_index/resource_index/packages
[1.950s] copying package.xml -> /home/parsa/main_robot_ws/install/navigation_config/share/navigation_config
[1.950s] creating /home/parsa/main_robot_ws/install/navigation_config/share/navigation_config/launch
[1.950s] copying launch/amcl_launch.py -> /home/parsa/main_robot_ws/install/navigation_config/share/navigation_config/launch
[1.950s] creating /home/parsa/main_robot_ws/install/navigation_config/share/navigation_config/config
[1.950s] running install_egg_info
[1.950s] Copying ../../build/navigation_config/navigation_config.egg-info to /home/parsa/main_robot_ws/install/navigation_config/lib/python3.10/site-packages/navigation_config-0.0.1-py3.10.egg-info
[1.950s] running install_scripts
[1.966s] writing list of installed files to '/home/parsa/main_robot_ws/build/navigation_config/install.log'
[2.026s] Invoked command in '/home/parsa/main_robot_ws/src/navigation_config' returned '0': PYTHONPATH=/home/parsa/main_robot_ws/build/navigation_config/prefix_override:/usr/lib/python3/dist-packages/colcon_core/task/python/colcon_distutils_commands:/home/parsa/main_robot_ws/install/navigation_config/lib/python3.10/site-packages:${PYTHONPATH} /usr/bin/python3 -W ignore:setup.py install is deprecated -W ignore:easy_install command is deprecated setup.py egg_info --egg-base ../../build/navigation_config build --build-base /home/parsa/main_robot_ws/build/navigation_config/build install --record /home/parsa/main_robot_ws/build/navigation_config/install.log --single-version-externally-managed install_data
