[2.019s] Invoking command in '/home/parsa/main_robot_ws/src/competition_robot': PYTHONPATH=/home/parsa/main_robot_ws/build/competition_robot/prefix_override:/usr/lib/python3/dist-packages/colcon_core/task/python/colcon_distutils_commands:/home/parsa/main_robot_ws/install/competition_robot/lib/python3.10/site-packages:${PYTHONPATH} /usr/bin/python3 -W ignore:setup.py install is deprecated -W ignore:easy_install command is deprecated setup.py egg_info --egg-base ../../build/competition_robot build --build-base /home/parsa/main_robot_ws/build/competition_robot/build install --record /home/parsa/main_robot_ws/build/competition_robot/install.log --single-version-externally-managed install_data
[2.225s] running egg_info
[2.226s] writing ../../build/competition_robot/competition_robot.egg-info/PKG-INFO
[2.226s] writing dependency_links to ../../build/competition_robot/competition_robot.egg-info/dependency_links.txt
[2.226s] writing entry points to ../../build/competition_robot/competition_robot.egg-info/entry_points.txt
[2.226s] writing requirements to ../../build/competition_robot/competition_robot.egg-info/requires.txt
[2.226s] writing top-level names to ../../build/competition_robot/competition_robot.egg-info/top_level.txt
[2.230s] reading manifest file '../../build/competition_robot/competition_robot.egg-info/SOURCES.txt'
[2.230s] writing manifest file '../../build/competition_robot/competition_robot.egg-info/SOURCES.txt'
[2.231s] running build
[2.231s] running build_py
[2.231s] running install
[2.231s] running install_lib
[2.234s] running install_data
[2.234s] running install_egg_info
[2.236s] removing '/home/parsa/main_robot_ws/install/competition_robot/lib/python3.10/site-packages/competition_robot-0.0.1-py3.10.egg-info' (and everything under it)
[2.236s] Copying ../../build/competition_robot/competition_robot.egg-info to /home/parsa/main_robot_ws/install/competition_robot/lib/python3.10/site-packages/competition_robot-0.0.1-py3.10.egg-info
[2.237s] running install_scripts
[2.262s] Installing competition_node script to /home/parsa/main_robot_ws/install/competition_robot/lib/competition_robot
[2.262s] writing list of installed files to '/home/parsa/main_robot_ws/build/competition_robot/install.log'
[2.365s] Invoked command in '/home/parsa/main_robot_ws/src/competition_robot' returned '0': PYTHONPATH=/home/parsa/main_robot_ws/build/competition_robot/prefix_override:/usr/lib/python3/dist-packages/colcon_core/task/python/colcon_distutils_commands:/home/parsa/main_robot_ws/install/competition_robot/lib/python3.10/site-packages:${PYTHONPATH} /usr/bin/python3 -W ignore:setup.py install is deprecated -W ignore:easy_install command is deprecated setup.py egg_info --egg-base ../../build/competition_robot build --build-base /home/parsa/main_robot_ws/build/competition_robot/build install --record /home/parsa/main_robot_ws/build/competition_robot/install.log --single-version-externally-managed install_data
