[1.652s] Invoking command in '/home/parsa/main_robot_ws/src/state_publisher': PYTHONPATH=/home/parsa/main_robot_ws/build/state_publisher/prefix_override:/usr/lib/python3/dist-packages/colcon_core/task/python/colcon_distutils_commands:/home/parsa/main_robot_ws/install/state_publisher/lib/python3.10/site-packages:${PYTHONPATH} /usr/bin/python3 -W ignore:setup.py install is deprecated -W ignore:easy_install command is deprecated setup.py egg_info --egg-base ../../build/state_publisher build --build-base /home/parsa/main_robot_ws/build/state_publisher/build install --record /home/parsa/main_robot_ws/build/state_publisher/install.log --single-version-externally-managed install_data
[1.823s] running egg_info
[1.823s] writing ../../build/state_publisher/state_publisher.egg-info/PKG-INFO
[1.824s] writing dependency_links to ../../build/state_publisher/state_publisher.egg-info/dependency_links.txt
[1.824s] writing entry points to ../../build/state_publisher/state_publisher.egg-info/entry_points.txt
[1.824s] writing requirements to ../../build/state_publisher/state_publisher.egg-info/requires.txt
[1.824s] writing top-level names to ../../build/state_publisher/state_publisher.egg-info/top_level.txt
[1.825s] reading manifest file '../../build/state_publisher/state_publisher.egg-info/SOURCES.txt'
[1.826s] writing manifest file '../../build/state_publisher/state_publisher.egg-info/SOURCES.txt'
[1.827s] running build
[1.827s] running build_py
[1.827s] running install
[1.827s] running install_lib
[1.828s] running install_data
[1.828s] running install_egg_info
[1.829s] removing '/home/parsa/main_robot_ws/install/state_publisher/lib/python3.10/site-packages/state_publisher-0.0.0-py3.10.egg-info' (and everything under it)
[1.829s] Copying ../../build/state_publisher/state_publisher.egg-info to /home/parsa/main_robot_ws/install/state_publisher/lib/python3.10/site-packages/state_publisher-0.0.0-py3.10.egg-info
[1.830s] running install_scripts
[1.849s] Installing state_pub script to /home/parsa/main_robot_ws/install/state_publisher/lib/state_publisher
[1.849s] writing list of installed files to '/home/parsa/main_robot_ws/build/state_publisher/install.log'
[1.874s] Invoked command in '/home/parsa/main_robot_ws/src/state_publisher' returned '0': PYTHONPATH=/home/parsa/main_robot_ws/build/state_publisher/prefix_override:/usr/lib/python3/dist-packages/colcon_core/task/python/colcon_distutils_commands:/home/parsa/main_robot_ws/install/state_publisher/lib/python3.10/site-packages:${PYTHONPATH} /usr/bin/python3 -W ignore:setup.py install is deprecated -W ignore:easy_install command is deprecated setup.py egg_info --egg-base ../../build/state_publisher build --build-base /home/parsa/main_robot_ws/build/state_publisher/build install --record /home/parsa/main_robot_ws/build/state_publisher/install.log --single-version-externally-managed install_data
