[0.041s] Invoking command in '/home/parsa/main_robot_ws/src/build/ldlidar_stl_ros2': CMAKE_PREFIX_PATH=${CMAKE_PREFIX_PATH}:/home/parsa/main_robot_ws/install/state_publisher:/home/parsa/main_robot_ws/install/robot_control:/home/parsa/main_robot_ws/install/navigation_config:/home/parsa/main_robot_ws/install/my_robot_camera:/home/parsa/main_robot_ws/install/lidar_front_filter:/opt/ros/humble /home/parsa/.local/bin/cmake /home/parsa/main_robot_ws/src/ldlidar_stl_ros2 -DCMAKE_INSTALL_PREFIX=/home/parsa/main_robot_ws/src/install/ldlidar_stl_ros2
[0.697s] -- The C compiler identification is GNU 11.4.0
[0.697s] -- The CXX compiler identification is GNU 11.4.0
[0.697s] -- Detecting C compiler ABI info
[0.697s] -- Detecting C compiler ABI info - done
[0.697s] -- Check for working C compiler: /usr/bin/cc - skipped
[0.697s] -- Detecting C compile features
[0.697s] -- Detecting C compile features - done
[0.698s] -- Detecting CXX compiler ABI info
[0.698s] -- Detecting CXX compiler ABI info - done
[0.698s] -- Check for working CXX compiler: /usr/bin/c++ - skipped
[0.698s] -- Detecting CXX compile features
[0.698s] -- Detecting CXX compile features - done
[0.698s] -- Found ament_cmake: 1.3.11 (/opt/ros/humble/share/ament_cmake/cmake)
[0.698s] -- Found Python3: /usr/bin/python3 (found version "3.10.12") found components: Interpreter
[0.698s] -- Found rclcpp: 16.0.12 (/opt/ros/humble/share/rclcpp/cmake)
[0.698s] [0mCMake Deprecation Warning at CMakeLists.txt:1 (cmake_minimum_required):
[0.698s]   Compatibility with CMake < 3.10 will be removed from a future version of
[0.698s]   CMake.
[0.698s] 
[0.698s]   Update the VERSION argument <min> value.  Or, use the <min>...<max> syntax
[0.698s]   to tell CMake that the project requires at least <min> but has been updated
[0.698s]   to work with policies introduced by <max> or earlier.
[0.698s] 
[0.698s] [0m
[0.774s] -- Found rosidl_generator_c: 3.1.6 (/opt/ros/humble/share/rosidl_generator_c/cmake)
[0.790s] -- Found rosidl_adapter: 3.1.6 (/opt/ros/humble/share/rosidl_adapter/cmake)
[0.808s] -- Found rosidl_generator_cpp: 3.1.6 (/opt/ros/humble/share/rosidl_generator_cpp/cmake)
[0.832s] -- Using all available rosidl_typesupport_c: rosidl_typesupport_fastrtps_c;rosidl_typesupport_introspection_c
[0.869s] -- Using all available rosidl_typesupport_cpp: rosidl_typesupport_fastrtps_cpp;rosidl_typesupport_introspection_cpp
[1.007s] -- Found rmw_implementation_cmake: 6.1.2 (/opt/ros/humble/share/rmw_implementation_cmake/cmake)
[1.020s] -- Found rmw_fastrtps_cpp: 6.2.7 (/opt/ros/humble/share/rmw_fastrtps_cpp/cmake)
[1.221s] -- Found OpenSSL: /usr/lib/x86_64-linux-gnu/libcrypto.so (found version "3.0.2")
[1.324s] -- Found FastRTPS: /opt/ros/humble/include
[1.487s] -- Using RMW implementation 'rmw_fastrtps_cpp' as default
[1.523s] -- Performing Test CMAKE_HAVE_LIBC_PTHREAD
[1.610s] -- Performing Test CMAKE_HAVE_LIBC_PTHREAD - Success
[1.610s] -- Found Threads: TRUE
[1.712s] -- Found sensor_msgs: 4.8.0 (/opt/ros/humble/share/sensor_msgs/cmake)
[1.757s] -- Found ament_lint_auto: 0.12.12 (/opt/ros/humble/share/ament_lint_auto/cmake)
[1.927s] -- Added test 'copyright' to check source files copyright and LICENSE
[1.931s] -- Added test 'cppcheck' to perform static code analysis on C / C++ code
[1.931s] -- Configured cppcheck include dirs: /home/parsa/main_robot_ws/src/ldlidar_stl_ros2/include;/home/parsa/main_robot_ws/src/ldlidar_stl_ros2/ldlidar_driver/include/core;/home/parsa/main_robot_ws/src/ldlidar_stl_ros2/ldlidar_driver/include/dataprocess;/home/parsa/main_robot_ws/src/ldlidar_stl_ros2/ldlidar_driver/include/filter;/home/parsa/main_robot_ws/src/ldlidar_stl_ros2/ldlidar_driver/include/logger;/home/parsa/main_robot_ws/src/ldlidar_stl_ros2/ldlidar_driver/include/networkcom;/home/parsa/main_robot_ws/src/ldlidar_stl_ros2/ldlidar_driver/include/serialcom
[1.932s] -- Configured cppcheck exclude dirs and/or files: 
[1.938s] -- Added test 'cpplint' to check C / C++ code against the Google style
[1.939s] -- Configured cpplint exclude dirs and/or files: 
[1.941s] -- Added test 'flake8' to check Python code syntax and style conventions
[1.943s] -- Added test 'lint_cmake' to check CMake code style
[1.945s] -- Added test 'pep257' to check Python code against some of the docstring style conventions in PEP 257
[1.951s] -- Added test 'uncrustify' to check C / C++ code style
[1.951s] -- Configured uncrustify additional arguments: 
[1.952s] -- Added test 'xmllint' to check XML markup files
[1.954s] -- Configuring done (1.9s)
[1.969s] -- Generating done (0.0s)
[1.973s] -- Build files have been written to: /home/parsa/main_robot_ws/src/build/ldlidar_stl_ros2
[1.984s] Invoked command in '/home/parsa/main_robot_ws/src/build/ldlidar_stl_ros2' returned '0': CMAKE_PREFIX_PATH=${CMAKE_PREFIX_PATH}:/home/parsa/main_robot_ws/install/state_publisher:/home/parsa/main_robot_ws/install/robot_control:/home/parsa/main_robot_ws/install/navigation_config:/home/parsa/main_robot_ws/install/my_robot_camera:/home/parsa/main_robot_ws/install/lidar_front_filter:/opt/ros/humble /home/parsa/.local/bin/cmake /home/parsa/main_robot_ws/src/ldlidar_stl_ros2 -DCMAKE_INSTALL_PREFIX=/home/parsa/main_robot_ws/src/install/ldlidar_stl_ros2
[1.986s] Invoking command in '/home/parsa/main_robot_ws/src/build/ldlidar_stl_ros2': CMAKE_PREFIX_PATH=${CMAKE_PREFIX_PATH}:/home/parsa/main_robot_ws/install/state_publisher:/home/parsa/main_robot_ws/install/robot_control:/home/parsa/main_robot_ws/install/navigation_config:/home/parsa/main_robot_ws/install/my_robot_camera:/home/parsa/main_robot_ws/install/lidar_front_filter:/opt/ros/humble /home/parsa/.local/bin/cmake --build /home/parsa/main_robot_ws/src/build/ldlidar_stl_ros2 -- -j16 -l16
[2.099s] [ 12%] [32mBuilding CXX object CMakeFiles/ldlidar_stl_ros2_node.dir/src/demo.cpp.o[0m
[2.102s] [ 25%] [32mBuilding CXX object CMakeFiles/ldlidar_stl_ros2_node.dir/ldlidar_driver/src/core/ldlidar_driver.cpp.o[0m
[2.103s] [ 37%] [32mBuilding CXX object CMakeFiles/ldlidar_stl_ros2_node.dir/ldlidar_driver/src/filter/tofbf.cpp.o[0m
[2.104s] [ 50%] [32mBuilding CXX object CMakeFiles/ldlidar_stl_ros2_node.dir/ldlidar_driver/src/dataprocess/lipkg.cpp.o[0m
[2.104s] [ 62%] [32mBuilding CXX object CMakeFiles/ldlidar_stl_ros2_node.dir/ldlidar_driver/src/logger/log_module.cpp.o[0m
[2.104s] [ 75%] [32mBuilding CXX object CMakeFiles/ldlidar_stl_ros2_node.dir/ldlidar_driver/src/networkcom/network_socket_interface_linux.cpp.o[0m
[2.106s] [ 87%] [32mBuilding CXX object CMakeFiles/ldlidar_stl_ros2_node.dir/ldlidar_driver/src/serialcom/serial_interface_linux.cpp.o[0m
[8.671s] [100%] [32m[1mLinking CXX executable ldlidar_stl_ros2_node[0m
[9.071s] [100%] Built target ldlidar_stl_ros2_node
[9.096s] Invoked command in '/home/parsa/main_robot_ws/src/build/ldlidar_stl_ros2' returned '0': CMAKE_PREFIX_PATH=${CMAKE_PREFIX_PATH}:/home/parsa/main_robot_ws/install/state_publisher:/home/parsa/main_robot_ws/install/robot_control:/home/parsa/main_robot_ws/install/navigation_config:/home/parsa/main_robot_ws/install/my_robot_camera:/home/parsa/main_robot_ws/install/lidar_front_filter:/opt/ros/humble /home/parsa/.local/bin/cmake --build /home/parsa/main_robot_ws/src/build/ldlidar_stl_ros2 -- -j16 -l16
[9.096s] Invoking command in '/home/parsa/main_robot_ws/src/build/ldlidar_stl_ros2': CMAKE_PREFIX_PATH=${CMAKE_PREFIX_PATH}:/home/parsa/main_robot_ws/install/state_publisher:/home/parsa/main_robot_ws/install/robot_control:/home/parsa/main_robot_ws/install/navigation_config:/home/parsa/main_robot_ws/install/my_robot_camera:/home/parsa/main_robot_ws/install/lidar_front_filter:/opt/ros/humble /home/parsa/.local/bin/cmake --install /home/parsa/main_robot_ws/src/build/ldlidar_stl_ros2
[9.250s] -- Install configuration: ""
[9.256s] -- Installing: /home/parsa/main_robot_ws/src/install/ldlidar_stl_ros2/lib/ldlidar_stl_ros2/ldlidar_stl_ros2_node
[9.263s] -- Set non-toolchain portion of runtime path of "/home/parsa/main_robot_ws/src/install/ldlidar_stl_ros2/lib/ldlidar_stl_ros2/ldlidar_stl_ros2_node" to ""
[9.263s] -- Installing: /home/parsa/main_robot_ws/src/install/ldlidar_stl_ros2/share/ldlidar_stl_ros2//launch
[9.263s] -- Installing: /home/parsa/main_robot_ws/src/install/ldlidar_stl_ros2/share/ldlidar_stl_ros2//launch/ld19.launch.py
[9.263s] -- Installing: /home/parsa/main_robot_ws/src/install/ldlidar_stl_ros2/share/ldlidar_stl_ros2//launch/ldlidar_launch.py
[9.264s] -- Installing: /home/parsa/main_robot_ws/src/install/ldlidar_stl_ros2/share/ldlidar_stl_ros2//rviz2
[9.265s] -- Installing: /home/parsa/main_robot_ws/src/install/ldlidar_stl_ros2/share/ldlidar_stl_ros2//rviz2/ldlidar.rviz
[9.266s] -- Installing: /home/parsa/main_robot_ws/src/install/ldlidar_stl_ros2/share/ament_index/resource_index/package_run_dependencies/ldlidar_stl_ros2
[9.267s] -- Installing: /home/parsa/main_robot_ws/src/install/ldlidar_stl_ros2/share/ament_index/resource_index/parent_prefix_path/ldlidar_stl_ros2
[9.268s] -- Installing: /home/parsa/main_robot_ws/src/install/ldlidar_stl_ros2/share/ldlidar_stl_ros2/environment/ament_prefix_path.sh
[9.269s] -- Installing: /home/parsa/main_robot_ws/src/install/ldlidar_stl_ros2/share/ldlidar_stl_ros2/environment/ament_prefix_path.dsv
[9.273s] -- Installing: /home/parsa/main_robot_ws/src/install/ldlidar_stl_ros2/share/ldlidar_stl_ros2/environment/path.sh
[9.275s] -- Installing: /home/parsa/main_robot_ws/src/install/ldlidar_stl_ros2/share/ldlidar_stl_ros2/environment/path.dsv
[9.275s] -- Installing: /home/parsa/main_robot_ws/src/install/ldlidar_stl_ros2/share/ldlidar_stl_ros2/local_setup.bash
[9.275s] -- Installing: /home/parsa/main_robot_ws/src/install/ldlidar_stl_ros2/share/ldlidar_stl_ros2/local_setup.sh
[9.275s] -- Installing: /home/parsa/main_robot_ws/src/install/ldlidar_stl_ros2/share/ldlidar_stl_ros2/local_setup.zsh
[9.275s] -- Installing: /home/parsa/main_robot_ws/src/install/ldlidar_stl_ros2/share/ldlidar_stl_ros2/local_setup.dsv
[9.275s] -- Installing: /home/parsa/main_robot_ws/src/install/ldlidar_stl_ros2/share/ldlidar_stl_ros2/package.dsv
[9.275s] -- Installing: /home/parsa/main_robot_ws/src/install/ldlidar_stl_ros2/share/ament_index/resource_index/packages/ldlidar_stl_ros2
[9.275s] -- Installing: /home/parsa/main_robot_ws/src/install/ldlidar_stl_ros2/share/ldlidar_stl_ros2/cmake/ldlidar_stl_ros2Config.cmake
[9.275s] -- Installing: /home/parsa/main_robot_ws/src/install/ldlidar_stl_ros2/share/ldlidar_stl_ros2/cmake/ldlidar_stl_ros2Config-version.cmake
[9.275s] -- Installing: /home/parsa/main_robot_ws/src/install/ldlidar_stl_ros2/share/ldlidar_stl_ros2/package.xml
[9.278s] Invoked command in '/home/parsa/main_robot_ws/src/build/ldlidar_stl_ros2' returned '0': CMAKE_PREFIX_PATH=${CMAKE_PREFIX_PATH}:/home/parsa/main_robot_ws/install/state_publisher:/home/parsa/main_robot_ws/install/robot_control:/home/parsa/main_robot_ws/install/navigation_config:/home/parsa/main_robot_ws/install/my_robot_camera:/home/parsa/main_robot_ws/install/lidar_front_filter:/opt/ros/humble /home/parsa/.local/bin/cmake --install /home/parsa/main_robot_ws/src/build/ldlidar_stl_ros2
