[0.016s] Invoking command in '/home/parsa/main_robot_ws/build/my_robot_bringup': AMENT_PREFIX_PATH=/home/parsa/main_robot_ws/install/ldlidar_stl_ros2:${AMENT_PREFIX_PATH} CMAKE_PREFIX_PATH=/home/parsa/main_robot_ws/install/ldlidar_stl_ros2:/home/parsa/main_robot_ws/install/robot_description:/opt/ros/humble /home/parsa/.local/bin/cmake /home/parsa/main_robot_ws/src/my_robot_bringup -DCMAKE_INSTALL_PREFIX=/home/parsa/main_robot_ws/install/my_robot_bringup
[0.068s] [0mCMake Deprecation Warning at CMakeLists.txt:1 (cmake_minimum_required):
[0.068s]   Compatibility with CMake < 3.10 will be removed from a future version of
[0.068s]   CMake.
[0.068s] 
[0.068s]   Update the VERSION argument <min> value.  Or, use the <min>...<max> syntax
[0.068s]   to tell CMake that the project requires at least <min> but has been updated
[0.069s]   to work with policies introduced by <max> or earlier.
[0.069s] 
[0.069s] [0m
[0.127s] -- The C compiler identification is GNU 11.4.0
[0.203s] -- The CXX compiler identification is GNU 11.4.0
[0.223s] -- Detecting C compiler ABI info
[0.314s] -- Detecting C compiler ABI info - done
[0.332s] -- Check for working C compiler: /usr/bin/cc - skipped
[0.332s] -- Detecting C compile features
[0.333s] -- Detecting C compile features - done
[0.351s] -- Detecting CXX compiler ABI info
[0.453s] -- Detecting CXX compiler ABI info - done
[0.467s] -- Check for working CXX compiler: /usr/bin/c++ - skipped
[0.467s] -- Detecting CXX compile features
[0.468s] -- Detecting CXX compile features - done
[0.488s] -- Found ament_cmake: 1.3.11 (/opt/ros/humble/share/ament_cmake/cmake)
[0.614s] -- Found Python3: /usr/bin/python3 (found version "3.10.12") found components: Interpreter
[0.774s] -- Configuring done (0.7s)
[0.776s] -- Generating done (0.0s)
[0.777s] -- Build files have been written to: /home/parsa/main_robot_ws/build/my_robot_bringup
[0.780s] Invoked command in '/home/parsa/main_robot_ws/build/my_robot_bringup' returned '0': AMENT_PREFIX_PATH=/home/parsa/main_robot_ws/install/ldlidar_stl_ros2:${AMENT_PREFIX_PATH} CMAKE_PREFIX_PATH=/home/parsa/main_robot_ws/install/ldlidar_stl_ros2:/home/parsa/main_robot_ws/install/robot_description:/opt/ros/humble /home/parsa/.local/bin/cmake /home/parsa/main_robot_ws/src/my_robot_bringup -DCMAKE_INSTALL_PREFIX=/home/parsa/main_robot_ws/install/my_robot_bringup
[0.783s] Invoking command in '/home/parsa/main_robot_ws/build/my_robot_bringup': AMENT_PREFIX_PATH=/home/parsa/main_robot_ws/install/ldlidar_stl_ros2:${AMENT_PREFIX_PATH} CMAKE_PREFIX_PATH=/home/parsa/main_robot_ws/install/ldlidar_stl_ros2:/home/parsa/main_robot_ws/install/robot_description:/opt/ros/humble /home/parsa/.local/bin/cmake --build /home/parsa/main_robot_ws/build/my_robot_bringup -- -j16 -l16
[0.867s] Invoked command in '/home/parsa/main_robot_ws/build/my_robot_bringup' returned '0': AMENT_PREFIX_PATH=/home/parsa/main_robot_ws/install/ldlidar_stl_ros2:${AMENT_PREFIX_PATH} CMAKE_PREFIX_PATH=/home/parsa/main_robot_ws/install/ldlidar_stl_ros2:/home/parsa/main_robot_ws/install/robot_description:/opt/ros/humble /home/parsa/.local/bin/cmake --build /home/parsa/main_robot_ws/build/my_robot_bringup -- -j16 -l16
[0.868s] Invoking command in '/home/parsa/main_robot_ws/build/my_robot_bringup': AMENT_PREFIX_PATH=/home/parsa/main_robot_ws/install/ldlidar_stl_ros2:${AMENT_PREFIX_PATH} CMAKE_PREFIX_PATH=/home/parsa/main_robot_ws/install/ldlidar_stl_ros2:/home/parsa/main_robot_ws/install/robot_description:/opt/ros/humble /home/parsa/.local/bin/cmake --install /home/parsa/main_robot_ws/build/my_robot_bringup
[0.925s] -- Install configuration: ""
[0.925s] -- Installing: /home/parsa/main_robot_ws/install/my_robot_bringup/share/my_robot_bringup/launch
[0.925s] -- Installing: /home/parsa/main_robot_ws/install/my_robot_bringup/share/my_robot_bringup/launch/sensors.launch.py
[0.925s] -- Installing: /home/parsa/main_robot_ws/install/my_robot_bringup/share/my_robot_bringup/launch/core.launch.py
[0.925s] -- Installing: /home/parsa/main_robot_ws/install/my_robot_bringup/share/my_robot_bringup/launch/test_tf.launch.py
[0.925s] -- Installing: /home/parsa/main_robot_ws/install/my_robot_bringup/share/my_robot_bringup/launch/robot.launch.py
[0.926s] -- Installing: /home/parsa/main_robot_ws/install/my_robot_bringup/share/my_robot_bringup/config
[0.926s] -- Installing: /home/parsa/main_robot_ws/install/my_robot_bringup/share/my_robot_bringup/config/lidar_config.yaml
[0.926s] -- Installing: /home/parsa/main_robot_ws/install/my_robot_bringup/share/my_robot_bringup/config/slam_config.yaml
[0.926s] -- Installing: /home/parsa/main_robot_ws/install/my_robot_bringup/share/my_robot_bringup/maps
[0.926s] -- Installing: /home/parsa/main_robot_ws/install/my_robot_bringup/share/my_robot_bringup/maps/map.data
[0.926s] -- Installing: /home/parsa/main_robot_ws/install/my_robot_bringup/share/my_robot_bringup/maps/map.posegraph
[0.926s] -- Installing: /home/parsa/main_robot_ws/install/my_robot_bringup/share/my_robot_bringup/scripts
[0.926s] -- Installing: /home/parsa/main_robot_ws/install/my_robot_bringup/share/my_robot_bringup/rviz
[0.926s] -- Installing: /home/parsa/main_robot_ws/install/my_robot_bringup/share/my_robot_bringup/rviz/robot.rviz
[0.926s] -- Installing: /home/parsa/main_robot_ws/install/my_robot_bringup/share/ament_index/resource_index/package_run_dependencies/my_robot_bringup
[0.926s] -- Installing: /home/parsa/main_robot_ws/install/my_robot_bringup/share/ament_index/resource_index/parent_prefix_path/my_robot_bringup
[0.927s] -- Installing: /home/parsa/main_robot_ws/install/my_robot_bringup/share/my_robot_bringup/environment/ament_prefix_path.sh
[0.927s] -- Installing: /home/parsa/main_robot_ws/install/my_robot_bringup/share/my_robot_bringup/environment/ament_prefix_path.dsv
[0.927s] -- Installing: /home/parsa/main_robot_ws/install/my_robot_bringup/share/my_robot_bringup/environment/path.sh
[0.927s] -- Installing: /home/parsa/main_robot_ws/install/my_robot_bringup/share/my_robot_bringup/environment/path.dsv
[0.927s] -- Installing: /home/parsa/main_robot_ws/install/my_robot_bringup/share/my_robot_bringup/local_setup.bash
[0.927s] -- Installing: /home/parsa/main_robot_ws/install/my_robot_bringup/share/my_robot_bringup/local_setup.sh
[0.927s] -- Installing: /home/parsa/main_robot_ws/install/my_robot_bringup/share/my_robot_bringup/local_setup.zsh
[0.927s] -- Installing: /home/parsa/main_robot_ws/install/my_robot_bringup/share/my_robot_bringup/local_setup.dsv
[0.927s] -- Installing: /home/parsa/main_robot_ws/install/my_robot_bringup/share/my_robot_bringup/package.dsv
[0.927s] -- Installing: /home/parsa/main_robot_ws/install/my_robot_bringup/share/ament_index/resource_index/packages/my_robot_bringup
[0.927s] -- Installing: /home/parsa/main_robot_ws/install/my_robot_bringup/share/my_robot_bringup/cmake/my_robot_bringupConfig.cmake
[0.927s] -- Installing: /home/parsa/main_robot_ws/install/my_robot_bringup/share/my_robot_bringup/cmake/my_robot_bringupConfig-version.cmake
[0.927s] -- Installing: /home/parsa/main_robot_ws/install/my_robot_bringup/share/my_robot_bringup/package.xml
[0.928s] Invoked command in '/home/parsa/main_robot_ws/build/my_robot_bringup' returned '0': AMENT_PREFIX_PATH=/home/parsa/main_robot_ws/install/ldlidar_stl_ros2:${AMENT_PREFIX_PATH} CMAKE_PREFIX_PATH=/home/parsa/main_robot_ws/install/ldlidar_stl_ros2:/home/parsa/main_robot_ws/install/robot_description:/opt/ros/humble /home/parsa/.local/bin/cmake --install /home/parsa/main_robot_ws/build/my_robot_bringup
