[1.794s] Invoking command in '/home/parsa/main_robot_ws/src/my_robot_camera': PYTHONPATH=/home/parsa/main_robot_ws/build/my_robot_camera/prefix_override:/usr/lib/python3/dist-packages/colcon_core/task/python/colcon_distutils_commands:/home/parsa/main_robot_ws/install/my_robot_camera/lib/python3.10/site-packages:${PYTHONPATH} /usr/bin/python3 -W ignore:setup.py install is deprecated -W ignore:easy_install command is deprecated setup.py egg_info --egg-base ../../build/my_robot_camera build --build-base /home/parsa/main_robot_ws/build/my_robot_camera/build install --record /home/parsa/main_robot_ws/build/my_robot_camera/install.log --single-version-externally-managed install_data
[1.981s] running egg_info
[1.982s] writing ../../build/my_robot_camera/my_robot_camera.egg-info/PKG-INFO
[1.982s] writing dependency_links to ../../build/my_robot_camera/my_robot_camera.egg-info/dependency_links.txt
[1.982s] writing entry points to ../../build/my_robot_camera/my_robot_camera.egg-info/entry_points.txt
[1.982s] writing requirements to ../../build/my_robot_camera/my_robot_camera.egg-info/requires.txt
[1.982s] writing top-level names to ../../build/my_robot_camera/my_robot_camera.egg-info/top_level.txt
[1.984s] reading manifest file '../../build/my_robot_camera/my_robot_camera.egg-info/SOURCES.txt'
[1.985s] writing manifest file '../../build/my_robot_camera/my_robot_camera.egg-info/SOURCES.txt'
[1.985s] running build
[1.985s] running build_py
[1.986s] running install
[1.986s] running install_lib
[1.987s] running install_data
[1.988s] running install_egg_info
[1.990s] removing '/home/parsa/main_robot_ws/install/my_robot_camera/lib/python3.10/site-packages/my_robot_camera-0.0.0-py3.10.egg-info' (and everything under it)
[1.990s] Copying ../../build/my_robot_camera/my_robot_camera.egg-info to /home/parsa/main_robot_ws/install/my_robot_camera/lib/python3.10/site-packages/my_robot_camera-0.0.0-py3.10.egg-info
[1.991s] running install_scripts
[2.015s] Installing camera_node script to /home/parsa/main_robot_ws/install/my_robot_camera/lib/my_robot_camera
[2.016s] writing list of installed files to '/home/parsa/main_robot_ws/build/my_robot_camera/install.log'
[2.062s] Invoked command in '/home/parsa/main_robot_ws/src/my_robot_camera' returned '0': PYTHONPATH=/home/parsa/main_robot_ws/build/my_robot_camera/prefix_override:/usr/lib/python3/dist-packages/colcon_core/task/python/colcon_distutils_commands:/home/parsa/main_robot_ws/install/my_robot_camera/lib/python3.10/site-packages:${PYTHONPATH} /usr/bin/python3 -W ignore:setup.py install is deprecated -W ignore:easy_install command is deprecated setup.py egg_info --egg-base ../../build/my_robot_camera build --build-base /home/parsa/main_robot_ws/build/my_robot_camera/build install --record /home/parsa/main_robot_ws/build/my_robot_camera/install.log --single-version-externally-managed install_data
