[  3%] Built target my_robot_navigation__cpp
[ 12%] Built target my_robot_navigation__rosidl_generator_c
[ 12%] Built target ament_cmake_python_copy_my_robot_navigation
[ 22%] Built target my_robot_navigation__rosidl_typesupport_cpp
[ 41%] Built target my_robot_navigation__rosidl_typesupport_introspection_cpp
[ 41%] Built target my_robot_navigation__rosidl_typesupport_fastrtps_cpp
[ 61%] Built target my_robot_navigation__rosidl_typesupport_introspection_c
[ 61%] Built target my_robot_navigation__rosidl_typesupport_c
[ 70%] Built target my_robot_navigation__rosidl_typesupport_fastrtps_c
[ 70%] Built target my_robot_navigation
[ 74%] Built target my_robot_navigation__py
[ 80%] Built target my_robot_navigation__rosidl_generator_py
[100%] Built target my_robot_navigation__rosidl_typesupport_introspection_c__pyext
[100%] Built target my_robot_navigation__rosidl_typesupport_c__pyext
[100%] Built target my_robot_navigation__rosidl_typesupport_fastrtps_c__pyext
running egg_info
writing my_robot_navigation.egg-info/PKG-INFO
writing dependency_links to my_robot_navigation.egg-info/dependency_links.txt
writing top-level names to my_robot_navigation.egg-info/top_level.txt
reading manifest file 'my_robot_navigation.egg-info/SOURCES.txt'
writing manifest file 'my_robot_navigation.egg-info/SOURCES.txt'
[100%] Built target ament_cmake_python_build_my_robot_navigation_egg
-- Install configuration: ""
-- Up-to-date: /home/parsa/main_robot_ws/install/my_robot_navigation/share/my_robot_navigation/config
-- Up-to-date: /home/parsa/main_robot_ws/install/my_robot_navigation/share/my_robot_navigation/config/amcl_params.yaml
-- Up-to-date: /home/parsa/main_robot_ws/install/my_robot_navigation/share/my_robot_navigation/config/nav2_params.yaml
-- Up-to-date: /home/parsa/main_robot_ws/install/my_robot_navigation/share/my_robot_navigation/config/rqt_params
-- Up-to-date: /home/parsa/main_robot_ws/install/my_robot_navigation/share/my_robot_navigation/launch
-- Up-to-date: /home/parsa/main_robot_ws/install/my_robot_navigation/share/my_robot_navigation/launch/navigation_launch.py
-- Up-to-date: /home/parsa/main_robot_ws/install/my_robot_navigation/share/my_robot_navigation/launch/map_server.launch.py
-- Up-to-date: /home/parsa/main_robot_ws/install/my_robot_navigation/share/my_robot_navigation/launch/lifecycle_map_server.launch.py
-- Up-to-date: /home/parsa/main_robot_ws/install/my_robot_navigation/share/my_robot_navigation/launch/simple_map_server.launch.py
-- Up-to-date: /home/parsa/main_robot_ws/install/my_robot_navigation/share/my_robot_navigation/launch/localization.launch.py
-- Up-to-date: /home/parsa/main_robot_ws/install/my_robot_navigation/share/my_robot_navigation/behavior_trees
-- Up-to-date: /home/parsa/main_robot_ws/install/my_robot_navigation/share/my_robot_navigation/behavior_trees/navigate_w_recovery_advanced.xml
-- Up-to-date: /home/parsa/main_robot_ws/install/my_robot_navigation/share/my_robot_navigation/launch
-- Up-to-date: /home/parsa/main_robot_ws/install/my_robot_navigation/share/my_robot_navigation/launch/navigation_launch.py
-- Up-to-date: /home/parsa/main_robot_ws/install/my_robot_navigation/share/my_robot_navigation/launch/map_server.launch.py
-- Up-to-date: /home/parsa/main_robot_ws/install/my_robot_navigation/share/my_robot_navigation/launch/lifecycle_map_server.launch.py
-- Up-to-date: /home/parsa/main_robot_ws/install/my_robot_navigation/share/my_robot_navigation/launch/simple_map_server.launch.py
-- Up-to-date: /home/parsa/main_robot_ws/install/my_robot_navigation/share/my_robot_navigation/launch/localization.launch.py
-- Up-to-date: /home/parsa/main_robot_ws/install/my_robot_navigation/share/my_robot_navigation/config
-- Up-to-date: /home/parsa/main_robot_ws/install/my_robot_navigation/share/my_robot_navigation/config/amcl_params.yaml
-- Up-to-date: /home/parsa/main_robot_ws/install/my_robot_navigation/share/my_robot_navigation/config/nav2_params.yaml
-- Up-to-date: /home/parsa/main_robot_ws/install/my_robot_navigation/share/my_robot_navigation/config/rqt_params
-- Up-to-date: /home/parsa/main_robot_ws/install/my_robot_navigation/share/my_robot_navigation/behavior_trees/navigate_w_recovery_advanced.xml
-- Up-to-date: /home/parsa/main_robot_ws/install/my_robot_navigation/lib/my_robot_navigation/holonomic_action.py
-- Up-to-date: /home/parsa/main_robot_ws/install/my_robot_navigation/share/my_robot_navigation/maps
-- Up-to-date: /home/parsa/main_robot_ws/install/my_robot_navigation/share/my_robot_navigation/maps/map.pgm
-- Installing: /home/parsa/main_robot_ws/install/my_robot_navigation/share/my_robot_navigation/maps/map.yaml
-- Up-to-date: /home/parsa/main_robot_ws/install/my_robot_navigation/share/ament_index/resource_index/rosidl_interfaces/my_robot_navigation
-- Up-to-date: /home/parsa/main_robot_ws/install/my_robot_navigation/include/my_robot_navigation/my_robot_navigation
-- Up-to-date: /home/parsa/main_robot_ws/install/my_robot_navigation/include/my_robot_navigation/my_robot_navigation/action
-- Up-to-date: /home/parsa/main_robot_ws/install/my_robot_navigation/include/my_robot_navigation/my_robot_navigation/action/move_holonomic.h
-- Up-to-date: /home/parsa/main_robot_ws/install/my_robot_navigation/include/my_robot_navigation/my_robot_navigation/action/detail
-- Up-to-date: /home/parsa/main_robot_ws/install/my_robot_navigation/include/my_robot_navigation/my_robot_navigation/action/detail/move_holonomic__struct.h
-- Up-to-date: /home/parsa/main_robot_ws/install/my_robot_navigation/include/my_robot_navigation/my_robot_navigation/action/detail/move_holonomic__type_support.h
-- Up-to-date: /home/parsa/main_robot_ws/install/my_robot_navigation/include/my_robot_navigation/my_robot_navigation/action/detail/move_holonomic__functions.c
-- Up-to-date: /home/parsa/main_robot_ws/install/my_robot_navigation/include/my_robot_navigation/my_robot_navigation/action/detail/move_holonomic__functions.h
-- Up-to-date: /home/parsa/main_robot_ws/install/my_robot_navigation/include/my_robot_navigation/my_robot_navigation/msg
-- Up-to-date: /home/parsa/main_robot_ws/install/my_robot_navigation/include/my_robot_navigation/my_robot_navigation/msg/rosidl_generator_c__visibility_control.h
-- Up-to-date: /home/parsa/main_robot_ws/install/my_robot_navigation/share/my_robot_navigation/environment/library_path.sh
-- Up-to-date: /home/parsa/main_robot_ws/install/my_robot_navigation/share/my_robot_navigation/environment/library_path.dsv
-- Up-to-date: /home/parsa/main_robot_ws/install/my_robot_navigation/lib/libmy_robot_navigation__rosidl_generator_c.so
-- Up-to-date: /home/parsa/main_robot_ws/install/my_robot_navigation/include/my_robot_navigation/my_robot_navigation
-- Up-to-date: /home/parsa/main_robot_ws/install/my_robot_navigation/include/my_robot_navigation/my_robot_navigation/action
-- Up-to-date: /home/parsa/main_robot_ws/install/my_robot_navigation/include/my_robot_navigation/my_robot_navigation/action/detail
-- Up-to-date: /home/parsa/main_robot_ws/install/my_robot_navigation/include/my_robot_navigation/my_robot_navigation/action/detail/move_holonomic__rosidl_typesupport_fastrtps_c.h
-- Up-to-date: /home/parsa/main_robot_ws/install/my_robot_navigation/include/my_robot_navigation/my_robot_navigation/msg
-- Up-to-date: /home/parsa/main_robot_ws/install/my_robot_navigation/include/my_robot_navigation/my_robot_navigation/msg/rosidl_typesupport_fastrtps_c__visibility_control.h
-- Up-to-date: /home/parsa/main_robot_ws/install/my_robot_navigation/lib/libmy_robot_navigation__rosidl_typesupport_fastrtps_c.so
-- Up-to-date: /home/parsa/main_robot_ws/install/my_robot_navigation/include/my_robot_navigation/my_robot_navigation
-- Up-to-date: /home/parsa/main_robot_ws/install/my_robot_navigation/include/my_robot_navigation/my_robot_navigation/action
-- Up-to-date: /home/parsa/main_robot_ws/install/my_robot_navigation/include/my_robot_navigation/my_robot_navigation/action/detail
-- Up-to-date: /home/parsa/main_robot_ws/install/my_robot_navigation/include/my_robot_navigation/my_robot_navigation/action/detail/move_holonomic__traits.hpp
-- Up-to-date: /home/parsa/main_robot_ws/install/my_robot_navigation/include/my_robot_navigation/my_robot_navigation/action/detail/move_holonomic__struct.hpp
-- Up-to-date: /home/parsa/main_robot_ws/install/my_robot_navigation/include/my_robot_navigation/my_robot_navigation/action/detail/move_holonomic__builder.hpp
-- Up-to-date: /home/parsa/main_robot_ws/install/my_robot_navigation/include/my_robot_navigation/my_robot_navigation/action/detail/move_holonomic__type_support.hpp
-- Up-to-date: /home/parsa/main_robot_ws/install/my_robot_navigation/include/my_robot_navigation/my_robot_navigation/action/move_holonomic.hpp
-- Up-to-date: /home/parsa/main_robot_ws/install/my_robot_navigation/include/my_robot_navigation/my_robot_navigation/msg
-- Up-to-date: /home/parsa/main_robot_ws/install/my_robot_navigation/include/my_robot_navigation/my_robot_navigation/msg/rosidl_generator_cpp__visibility_control.hpp
-- Up-to-date: /home/parsa/main_robot_ws/install/my_robot_navigation/include/my_robot_navigation/my_robot_navigation
-- Up-to-date: /home/parsa/main_robot_ws/install/my_robot_navigation/include/my_robot_navigation/my_robot_navigation/action
-- Up-to-date: /home/parsa/main_robot_ws/install/my_robot_navigation/include/my_robot_navigation/my_robot_navigation/action/detail
-- Up-to-date: /home/parsa/main_robot_ws/install/my_robot_navigation/include/my_robot_navigation/my_robot_navigation/action/detail/dds_fastrtps
-- Up-to-date: /home/parsa/main_robot_ws/install/my_robot_navigation/include/my_robot_navigation/my_robot_navigation/action/detail/move_holonomic__rosidl_typesupport_fastrtps_cpp.hpp
-- Up-to-date: /home/parsa/main_robot_ws/install/my_robot_navigation/include/my_robot_navigation/my_robot_navigation/msg
-- Up-to-date: /home/parsa/main_robot_ws/install/my_robot_navigation/include/my_robot_navigation/my_robot_navigation/msg/rosidl_typesupport_fastrtps_cpp__visibility_control.h
-- Up-to-date: /home/parsa/main_robot_ws/install/my_robot_navigation/lib/libmy_robot_navigation__rosidl_typesupport_fastrtps_cpp.so
-- Up-to-date: /home/parsa/main_robot_ws/install/my_robot_navigation/include/my_robot_navigation/my_robot_navigation
-- Up-to-date: /home/parsa/main_robot_ws/install/my_robot_navigation/include/my_robot_navigation/my_robot_navigation/action
-- Up-to-date: /home/parsa/main_robot_ws/install/my_robot_navigation/include/my_robot_navigation/my_robot_navigation/action/detail
-- Up-to-date: /home/parsa/main_robot_ws/install/my_robot_navigation/include/my_robot_navigation/my_robot_navigation/action/detail/move_holonomic__rosidl_typesupport_introspection_c.h
-- Up-to-date: /home/parsa/main_robot_ws/install/my_robot_navigation/include/my_robot_navigation/my_robot_navigation/action/detail/move_holonomic__type_support.c
-- Up-to-date: /home/parsa/main_robot_ws/install/my_robot_navigation/include/my_robot_navigation/my_robot_navigation/msg
-- Up-to-date: /home/parsa/main_robot_ws/install/my_robot_navigation/include/my_robot_navigation/my_robot_navigation/msg/rosidl_typesupport_introspection_c__visibility_control.h
-- Up-to-date: /home/parsa/main_robot_ws/install/my_robot_navigation/lib/libmy_robot_navigation__rosidl_typesupport_introspection_c.so
-- Up-to-date: /home/parsa/main_robot_ws/install/my_robot_navigation/lib/libmy_robot_navigation__rosidl_typesupport_c.so
-- Up-to-date: /home/parsa/main_robot_ws/install/my_robot_navigation/include/my_robot_navigation/my_robot_navigation
-- Up-to-date: /home/parsa/main_robot_ws/install/my_robot_navigation/include/my_robot_navigation/my_robot_navigation/action
-- Up-to-date: /home/parsa/main_robot_ws/install/my_robot_navigation/include/my_robot_navigation/my_robot_navigation/action/detail
-- Up-to-date: /home/parsa/main_robot_ws/install/my_robot_navigation/include/my_robot_navigation/my_robot_navigation/action/detail/move_holonomic__rosidl_typesupport_introspection_cpp.hpp
-- Up-to-date: /home/parsa/main_robot_ws/install/my_robot_navigation/include/my_robot_navigation/my_robot_navigation/action/detail/move_holonomic__type_support.cpp
-- Up-to-date: /home/parsa/main_robot_ws/install/my_robot_navigation/lib/libmy_robot_navigation__rosidl_typesupport_introspection_cpp.so
-- Up-to-date: /home/parsa/main_robot_ws/install/my_robot_navigation/lib/libmy_robot_navigation__rosidl_typesupport_cpp.so
-- Up-to-date: /home/parsa/main_robot_ws/install/my_robot_navigation/share/my_robot_navigation/environment/pythonpath.sh
-- Up-to-date: /home/parsa/main_robot_ws/install/my_robot_navigation/share/my_robot_navigation/environment/pythonpath.dsv
-- Up-to-date: /home/parsa/main_robot_ws/install/my_robot_navigation/local/lib/python3.10/dist-packages/my_robot_navigation-0.0.0-py3.10.egg-info
-- Installing: /home/parsa/main_robot_ws/install/my_robot_navigation/local/lib/python3.10/dist-packages/my_robot_navigation-0.0.0-py3.10.egg-info/top_level.txt
-- Installing: /home/parsa/main_robot_ws/install/my_robot_navigation/local/lib/python3.10/dist-packages/my_robot_navigation-0.0.0-py3.10.egg-info/SOURCES.txt
-- Installing: /home/parsa/main_robot_ws/install/my_robot_navigation/local/lib/python3.10/dist-packages/my_robot_navigation-0.0.0-py3.10.egg-info/PKG-INFO
-- Installing: /home/parsa/main_robot_ws/install/my_robot_navigation/local/lib/python3.10/dist-packages/my_robot_navigation-0.0.0-py3.10.egg-info/dependency_links.txt
-- Up-to-date: /home/parsa/main_robot_ws/install/my_robot_navigation/local/lib/python3.10/dist-packages/my_robot_navigation
-- Up-to-date: /home/parsa/main_robot_ws/install/my_robot_navigation/local/lib/python3.10/dist-packages/my_robot_navigation/_my_robot_navigation_s.ep.rosidl_typesupport_c.c
-- Up-to-date: /home/parsa/main_robot_ws/install/my_robot_navigation/local/lib/python3.10/dist-packages/my_robot_navigation/_my_robot_navigation_s.ep.rosidl_typesupport_fastrtps_c.c
-- Up-to-date: /home/parsa/main_robot_ws/install/my_robot_navigation/local/lib/python3.10/dist-packages/my_robot_navigation/libmy_robot_navigation__rosidl_generator_py.so
-- Up-to-date: /home/parsa/main_robot_ws/install/my_robot_navigation/local/lib/python3.10/dist-packages/my_robot_navigation/_my_robot_navigation_s.ep.rosidl_typesupport_introspection_c.c
-- Up-to-date: /home/parsa/main_robot_ws/install/my_robot_navigation/local/lib/python3.10/dist-packages/my_robot_navigation/__init__.py
-- Up-to-date: /home/parsa/main_robot_ws/install/my_robot_navigation/local/lib/python3.10/dist-packages/my_robot_navigation/action
-- Up-to-date: /home/parsa/main_robot_ws/install/my_robot_navigation/local/lib/python3.10/dist-packages/my_robot_navigation/action/_move_holonomic.py
-- Up-to-date: /home/parsa/main_robot_ws/install/my_robot_navigation/local/lib/python3.10/dist-packages/my_robot_navigation/action/_move_holonomic_s.c
-- Up-to-date: /home/parsa/main_robot_ws/install/my_robot_navigation/local/lib/python3.10/dist-packages/my_robot_navigation/action/__init__.py
-- Up-to-date: /home/parsa/main_robot_ws/install/my_robot_navigation/local/lib/python3.10/dist-packages/my_robot_navigation/my_robot_navigation_s__rosidl_typesupport_c.cpython-310-x86_64-linux-gnu.so
-- Up-to-date: /home/parsa/main_robot_ws/install/my_robot_navigation/local/lib/python3.10/dist-packages/my_robot_navigation/my_robot_navigation_s__rosidl_typesupport_introspection_c.cpython-310-x86_64-linux-gnu.so
-- Up-to-date: /home/parsa/main_robot_ws/install/my_robot_navigation/local/lib/python3.10/dist-packages/my_robot_navigation/my_robot_navigation_s__rosidl_typesupport_fastrtps_c.cpython-310-x86_64-linux-gnu.so
Listing '/home/parsa/main_robot_ws/install/my_robot_navigation/local/lib/python3.10/dist-packages/my_robot_navigation'...
Listing '/home/parsa/main_robot_ws/install/my_robot_navigation/local/lib/python3.10/dist-packages/my_robot_navigation/action'...
-- Up-to-date: /home/parsa/main_robot_ws/install/my_robot_navigation/local/lib/python3.10/dist-packages/my_robot_navigation/my_robot_navigation_s__rosidl_typesupport_fastrtps_c.cpython-310-x86_64-linux-gnu.so
-- Up-to-date: /home/parsa/main_robot_ws/install/my_robot_navigation/local/lib/python3.10/dist-packages/my_robot_navigation/my_robot_navigation_s__rosidl_typesupport_introspection_c.cpython-310-x86_64-linux-gnu.so
-- Up-to-date: /home/parsa/main_robot_ws/install/my_robot_navigation/local/lib/python3.10/dist-packages/my_robot_navigation/my_robot_navigation_s__rosidl_typesupport_c.cpython-310-x86_64-linux-gnu.so
-- Up-to-date: /home/parsa/main_robot_ws/install/my_robot_navigation/lib/libmy_robot_navigation__rosidl_generator_py.so
-- Up-to-date: /home/parsa/main_robot_ws/install/my_robot_navigation/share/my_robot_navigation/action/MoveHolonomic.idl
-- Up-to-date: /home/parsa/main_robot_ws/install/my_robot_navigation/share/my_robot_navigation/action/MoveHolonomic.action
-- Up-to-date: /home/parsa/main_robot_ws/install/my_robot_navigation/share/ament_index/resource_index/package_run_dependencies/my_robot_navigation
-- Up-to-date: /home/parsa/main_robot_ws/install/my_robot_navigation/share/ament_index/resource_index/parent_prefix_path/my_robot_navigation
-- Up-to-date: /home/parsa/main_robot_ws/install/my_robot_navigation/share/my_robot_navigation/environment/ament_prefix_path.sh
-- Up-to-date: /home/parsa/main_robot_ws/install/my_robot_navigation/share/my_robot_navigation/environment/ament_prefix_path.dsv
-- Up-to-date: /home/parsa/main_robot_ws/install/my_robot_navigation/share/my_robot_navigation/environment/path.sh
-- Up-to-date: /home/parsa/main_robot_ws/install/my_robot_navigation/share/my_robot_navigation/environment/path.dsv
-- Up-to-date: /home/parsa/main_robot_ws/install/my_robot_navigation/share/my_robot_navigation/local_setup.bash
-- Up-to-date: /home/parsa/main_robot_ws/install/my_robot_navigation/share/my_robot_navigation/local_setup.sh
-- Up-to-date: /home/parsa/main_robot_ws/install/my_robot_navigation/share/my_robot_navigation/local_setup.zsh
-- Up-to-date: /home/parsa/main_robot_ws/install/my_robot_navigation/share/my_robot_navigation/local_setup.dsv
-- Installing: /home/parsa/main_robot_ws/install/my_robot_navigation/share/my_robot_navigation/package.dsv
-- Up-to-date: /home/parsa/main_robot_ws/install/my_robot_navigation/share/ament_index/resource_index/packages/my_robot_navigation
-- Up-to-date: /home/parsa/main_robot_ws/install/my_robot_navigation/share/my_robot_navigation/cmake/export_my_robot_navigation__rosidl_generator_cExport.cmake
-- Up-to-date: /home/parsa/main_robot_ws/install/my_robot_navigation/share/my_robot_navigation/cmake/export_my_robot_navigation__rosidl_generator_cExport-noconfig.cmake
-- Up-to-date: /home/parsa/main_robot_ws/install/my_robot_navigation/share/my_robot_navigation/cmake/export_my_robot_navigation__rosidl_typesupport_fastrtps_cExport.cmake
-- Up-to-date: /home/parsa/main_robot_ws/install/my_robot_navigation/share/my_robot_navigation/cmake/export_my_robot_navigation__rosidl_typesupport_fastrtps_cExport-noconfig.cmake
-- Up-to-date: /home/parsa/main_robot_ws/install/my_robot_navigation/share/my_robot_navigation/cmake/export_my_robot_navigation__rosidl_generator_cppExport.cmake
-- Up-to-date: /home/parsa/main_robot_ws/install/my_robot_navigation/share/my_robot_navigation/cmake/export_my_robot_navigation__rosidl_typesupport_fastrtps_cppExport.cmake
-- Up-to-date: /home/parsa/main_robot_ws/install/my_robot_navigation/share/my_robot_navigation/cmake/export_my_robot_navigation__rosidl_typesupport_fastrtps_cppExport-noconfig.cmake
-- Up-to-date: /home/parsa/main_robot_ws/install/my_robot_navigation/share/my_robot_navigation/cmake/my_robot_navigation__rosidl_typesupport_introspection_cExport.cmake
-- Up-to-date: /home/parsa/main_robot_ws/install/my_robot_navigation/share/my_robot_navigation/cmake/my_robot_navigation__rosidl_typesupport_introspection_cExport-noconfig.cmake
-- Up-to-date: /home/parsa/main_robot_ws/install/my_robot_navigation/share/my_robot_navigation/cmake/my_robot_navigation__rosidl_typesupport_cExport.cmake
-- Up-to-date: /home/parsa/main_robot_ws/install/my_robot_navigation/share/my_robot_navigation/cmake/my_robot_navigation__rosidl_typesupport_cExport-noconfig.cmake
-- Up-to-date: /home/parsa/main_robot_ws/install/my_robot_navigation/share/my_robot_navigation/cmake/my_robot_navigation__rosidl_typesupport_introspection_cppExport.cmake
-- Up-to-date: /home/parsa/main_robot_ws/install/my_robot_navigation/share/my_robot_navigation/cmake/my_robot_navigation__rosidl_typesupport_introspection_cppExport-noconfig.cmake
-- Up-to-date: /home/parsa/main_robot_ws/install/my_robot_navigation/share/my_robot_navigation/cmake/my_robot_navigation__rosidl_typesupport_cppExport.cmake
-- Up-to-date: /home/parsa/main_robot_ws/install/my_robot_navigation/share/my_robot_navigation/cmake/my_robot_navigation__rosidl_typesupport_cppExport-noconfig.cmake
-- Up-to-date: /home/parsa/main_robot_ws/install/my_robot_navigation/share/my_robot_navigation/cmake/export_my_robot_navigation__rosidl_generator_pyExport.cmake
-- Up-to-date: /home/parsa/main_robot_ws/install/my_robot_navigation/share/my_robot_navigation/cmake/export_my_robot_navigation__rosidl_generator_pyExport-noconfig.cmake
-- Up-to-date: /home/parsa/main_robot_ws/install/my_robot_navigation/share/my_robot_navigation/cmake/rosidl_cmake-extras.cmake
-- Up-to-date: /home/parsa/main_robot_ws/install/my_robot_navigation/share/my_robot_navigation/cmake/ament_cmake_export_dependencies-extras.cmake
-- Up-to-date: /home/parsa/main_robot_ws/install/my_robot_navigation/share/my_robot_navigation/cmake/ament_cmake_export_include_directories-extras.cmake
-- Up-to-date: /home/parsa/main_robot_ws/install/my_robot_navigation/share/my_robot_navigation/cmake/ament_cmake_export_libraries-extras.cmake
-- Up-to-date: /home/parsa/main_robot_ws/install/my_robot_navigation/share/my_robot_navigation/cmake/ament_cmake_export_targets-extras.cmake
-- Up-to-date: /home/parsa/main_robot_ws/install/my_robot_navigation/share/my_robot_navigation/cmake/rosidl_cmake_export_typesupport_targets-extras.cmake
-- Up-to-date: /home/parsa/main_robot_ws/install/my_robot_navigation/share/my_robot_navigation/cmake/rosidl_cmake_export_typesupport_libraries-extras.cmake
-- Up-to-date: /home/parsa/main_robot_ws/install/my_robot_navigation/share/my_robot_navigation/cmake/my_robot_navigationConfig.cmake
-- Up-to-date: /home/parsa/main_robot_ws/install/my_robot_navigation/share/my_robot_navigation/cmake/my_robot_navigationConfig-version.cmake
-- Up-to-date: /home/parsa/main_robot_ws/install/my_robot_navigation/share/my_robot_navigation/package.xml
