-- The C compiler identification is GNU 11.4.0
-- The CXX compiler identification is GNU 11.4.0
-- Detecting C compiler ABI info
-- Detecting C compiler ABI info - done
-- Check for working C compiler: /usr/bin/cc - skipped
-- Detecting C compile features
-- Detecting C compile features - done
-- Detecting CXX compiler ABI info
-- Detecting CXX compiler ABI info - done
-- Check for working CXX compiler: /usr/bin/c++ - skipped
-- Detecting CXX compile features
-- Detecting CXX compile features - done
-- Found ament_cmake: 1.3.11 (/opt/ros/humble/share/ament_cmake/cmake)
-- Found Python3: /usr/bin/python3 (found version "3.10.12") found components: Interpreter
-- Found rosidl_default_generators: 1.2.0 (/opt/ros/humble/share/rosidl_default_generators/cmake)
-- Using all available rosidl_typesupport_c: rosidl_typesupport_fastrtps_c;rosidl_typesupport_introspection_c
-- Found rosidl_adapter: 3.1.6 (/opt/ros/humble/share/rosidl_adapter/cmake)
-- Using all available rosidl_typesupport_cpp: rosidl_typesupport_fastrtps_cpp;rosidl_typesupport_introspection_cpp
-- Found std_msgs: 4.8.0 (/opt/ros/humble/share/std_msgs/cmake)
-- Found ament_cmake_ros: 0.10.0 (/opt/ros/humble/share/ament_cmake_ros/cmake)
-- Using all available rosidl_typesupport_c: rosidl_typesupport_fastrtps_c;rosidl_typesupport_introspection_c
-- Using all available rosidl_typesupport_cpp: rosidl_typesupport_fastrtps_cpp;rosidl_typesupport_introspection_cpp
-- Found PythonInterp: /usr/bin/python3 (found suitable version "3.10.12", minimum required is "3.6")
-- Found python_cmake_module: 0.10.0 (/opt/ros/humble/share/python_cmake_module/cmake)
-- Found PythonLibs: /usr/lib/x86_64-linux-gnu/libpython3.10.so (found suitable version "3.10.12", minimum required is "3.5")
-- Using PYTHON_EXECUTABLE: /usr/bin/python3
-- Using PYTHON_INCLUDE_DIRS: /usr/include/python3.10
-- Using PYTHON_LIBRARIES: /usr/lib/x86_64-linux-gnu/libpython3.10.so
-- Found PythonExtra: .so
-- Found ament_lint_auto: 0.12.12 (/opt/ros/humble/share/ament_lint_auto/cmake)
-- Added test 'flake8' to check Python code syntax and style conventions
-- Added test 'lint_cmake' to check CMake code style
-- Added test 'pep257' to check Python code against some of the docstring style conventions in PEP 257
-- Added test 'xmllint' to check XML markup files
-- Configuring done (3.5s)
-- Generating done (0.2s)
-- Build files have been written to: /home/parsa/main_robot_ws/src/build/my_robot_camera_msgs
[  2%] [34m[1mGenerating C code for ROS interfaces[0m
[  5%] [34m[1mGenerating C++ code for ROS interfaces[0m
[  5%] Built target ament_cmake_python_copy_my_robot_camera_msgs
running egg_info
creating my_robot_camera_msgs.egg-info
writing my_robot_camera_msgs.egg-info/PKG-INFO
writing dependency_links to my_robot_camera_msgs.egg-info/dependency_links.txt
writing top-level names to my_robot_camera_msgs.egg-info/top_level.txt
writing manifest file 'my_robot_camera_msgs.egg-info/SOURCES.txt'
reading manifest file 'my_robot_camera_msgs.egg-info/SOURCES.txt'
writing manifest file 'my_robot_camera_msgs.egg-info/SOURCES.txt'
[  5%] Built target my_robot_camera_msgs__cpp
[ 12%] [32mBuilding C object CMakeFiles/my_robot_camera_msgs__rosidl_generator_c.dir/rosidl_generator_c/my_robot_camera_msgs/msg/detail/detection_array__functions.c.o[0m
[ 12%] Built target ament_cmake_python_build_my_robot_camera_msgs_egg
[ 12%] [34m[1mGenerating C++ type support for eProsima Fast-RTPS[0m
[ 17%] [32mBuilding C object CMakeFiles/my_robot_camera_msgs__rosidl_generator_c.dir/rosidl_generator_c/my_robot_camera_msgs/msg/detail/detection__functions.c.o[0m
[ 17%] [34m[1mGenerating C++ introspection for ROS interfaces[0m
[ 17%] [34m[1mGenerating C++ type support dispatch for ROS interfaces[0m
[ 20%] [32m[1mLinking C shared library libmy_robot_camera_msgs__rosidl_generator_c.so[0m
[ 20%] Built target my_robot_camera_msgs__rosidl_generator_c
[ 23%] [34m[1mGenerating C type support for eProsima Fast-RTPS[0m
[ 25%] [34m[1mGenerating C type support dispatch for ROS interfaces[0m
[ 28%] [34m[1mGenerating C introspection for ROS interfaces[0m
[ 30%] [32mBuilding CXX object CMakeFiles/my_robot_camera_msgs__rosidl_typesupport_cpp.dir/rosidl_typesupport_cpp/my_robot_camera_msgs/msg/detection__type_support.cpp.o[0m
[ 33%] [32mBuilding CXX object CMakeFiles/my_robot_camera_msgs__rosidl_typesupport_cpp.dir/rosidl_typesupport_cpp/my_robot_camera_msgs/msg/detection_array__type_support.cpp.o[0m
[ 35%] [32mBuilding CXX object CMakeFiles/my_robot_camera_msgs__rosidl_typesupport_introspection_cpp.dir/rosidl_typesupport_introspection_cpp/my_robot_camera_msgs/msg/detail/detection__type_support.cpp.o[0m
[ 38%] [32mBuilding CXX object CMakeFiles/my_robot_camera_msgs__rosidl_typesupport_introspection_cpp.dir/rosidl_typesupport_introspection_cpp/my_robot_camera_msgs/msg/detail/detection_array__type_support.cpp.o[0m
[ 41%] [32mBuilding CXX object CMakeFiles/my_robot_camera_msgs__rosidl_typesupport_c.dir/rosidl_typesupport_c/my_robot_camera_msgs/msg/detection__type_support.cpp.o[0m
[ 46%] [32mBuilding CXX object CMakeFiles/my_robot_camera_msgs__rosidl_typesupport_fastrtps_cpp.dir/rosidl_typesupport_fastrtps_cpp/my_robot_camera_msgs/msg/detail/dds_fastrtps/detection__type_support.cpp.o[0m
[ 46%] [32mBuilding CXX object CMakeFiles/my_robot_camera_msgs__rosidl_typesupport_c.dir/rosidl_typesupport_c/my_robot_camera_msgs/msg/detection_array__type_support.cpp.o[0m
[ 48%] [32mBuilding CXX object CMakeFiles/my_robot_camera_msgs__rosidl_typesupport_fastrtps_cpp.dir/rosidl_typesupport_fastrtps_cpp/my_robot_camera_msgs/msg/detail/dds_fastrtps/detection_array__type_support.cpp.o[0m
[ 51%] [32mBuilding C object CMakeFiles/my_robot_camera_msgs__rosidl_typesupport_introspection_c.dir/rosidl_typesupport_introspection_c/my_robot_camera_msgs/msg/detail/detection__type_support.c.o[0m
[ 53%] [32mBuilding C object CMakeFiles/my_robot_camera_msgs__rosidl_typesupport_introspection_c.dir/rosidl_typesupport_introspection_c/my_robot_camera_msgs/msg/detail/detection_array__type_support.c.o[0m
[ 56%] [32m[1mLinking CXX shared library libmy_robot_camera_msgs__rosidl_typesupport_c.so[0m
[ 58%] [32m[1mLinking C shared library libmy_robot_camera_msgs__rosidl_typesupport_introspection_c.so[0m
[ 58%] Built target my_robot_camera_msgs__rosidl_typesupport_introspection_c
[ 58%] Built target my_robot_camera_msgs__rosidl_typesupport_c
[ 61%] [32mBuilding CXX object CMakeFiles/my_robot_camera_msgs__rosidl_typesupport_fastrtps_c.dir/rosidl_typesupport_fastrtps_c/my_robot_camera_msgs/msg/detail/detection__type_support_c.cpp.o[0m
[ 64%] [32mBuilding CXX object CMakeFiles/my_robot_camera_msgs__rosidl_typesupport_fastrtps_c.dir/rosidl_typesupport_fastrtps_c/my_robot_camera_msgs/msg/detail/detection_array__type_support_c.cpp.o[0m
[ 66%] [32m[1mLinking CXX shared library libmy_robot_camera_msgs__rosidl_typesupport_cpp.so[0m
[ 66%] Built target my_robot_camera_msgs__rosidl_typesupport_cpp
[ 69%] [32m[1mLinking CXX shared library libmy_robot_camera_msgs__rosidl_typesupport_fastrtps_cpp.so[0m
[ 71%] [32m[1mLinking CXX shared library libmy_robot_camera_msgs__rosidl_typesupport_introspection_cpp.so[0m
[ 71%] Built target my_robot_camera_msgs__rosidl_typesupport_fastrtps_cpp
[ 74%] [32m[1mLinking CXX shared library libmy_robot_camera_msgs__rosidl_typesupport_fastrtps_c.so[0m
[ 74%] Built target my_robot_camera_msgs__rosidl_typesupport_introspection_cpp
[ 74%] Built target my_robot_camera_msgs__rosidl_typesupport_fastrtps_c
[ 74%] Built target my_robot_camera_msgs
[ 76%] [34m[1mGenerating Python code for ROS interfaces[0m
[ 76%] Built target my_robot_camera_msgs__py
[ 79%] [32mBuilding C object CMakeFiles/my_robot_camera_msgs__rosidl_generator_py.dir/rosidl_generator_py/my_robot_camera_msgs/msg/_detection_s.c.o[0m
[ 82%] [32mBuilding C object CMakeFiles/my_robot_camera_msgs__rosidl_generator_py.dir/rosidl_generator_py/my_robot_camera_msgs/msg/_detection_array_s.c.o[0m
[ 84%] [32m[1mLinking C shared library rosidl_generator_py/my_robot_camera_msgs/libmy_robot_camera_msgs__rosidl_generator_py.so[0m
[ 84%] Built target my_robot_camera_msgs__rosidl_generator_py
[ 87%] [32mBuilding C object CMakeFiles/my_robot_camera_msgs__rosidl_typesupport_fastrtps_c__pyext.dir/rosidl_generator_py/my_robot_camera_msgs/_my_robot_camera_msgs_s.ep.rosidl_typesupport_fastrtps_c.c.o[0m
[ 89%] [32mBuilding C object CMakeFiles/my_robot_camera_msgs__rosidl_typesupport_introspection_c__pyext.dir/rosidl_generator_py/my_robot_camera_msgs/_my_robot_camera_msgs_s.ep.rosidl_typesupport_introspection_c.c.o[0m
[ 92%] [32mBuilding C object CMakeFiles/my_robot_camera_msgs__rosidl_typesupport_c__pyext.dir/rosidl_generator_py/my_robot_camera_msgs/_my_robot_camera_msgs_s.ep.rosidl_typesupport_c.c.o[0m
[ 94%] [32m[1mLinking C shared library rosidl_generator_py/my_robot_camera_msgs/my_robot_camera_msgs_s__rosidl_typesupport_c.cpython-310-x86_64-linux-gnu.so[0m
[ 97%] [32m[1mLinking C shared library rosidl_generator_py/my_robot_camera_msgs/my_robot_camera_msgs_s__rosidl_typesupport_introspection_c.cpython-310-x86_64-linux-gnu.so[0m
[100%] [32m[1mLinking C shared library rosidl_generator_py/my_robot_camera_msgs/my_robot_camera_msgs_s__rosidl_typesupport_fastrtps_c.cpython-310-x86_64-linux-gnu.so[0m
[100%] Built target my_robot_camera_msgs__rosidl_typesupport_introspection_c__pyext
[100%] Built target my_robot_camera_msgs__rosidl_typesupport_c__pyext
[100%] Built target my_robot_camera_msgs__rosidl_typesupport_fastrtps_c__pyext
-- Install configuration: ""
-- Installing: /home/parsa/main_robot_ws/src/install/my_robot_camera_msgs/share/ament_index/resource_index/rosidl_interfaces/my_robot_camera_msgs
-- Installing: /home/parsa/main_robot_ws/src/install/my_robot_camera_msgs/include/my_robot_camera_msgs/my_robot_camera_msgs
-- Installing: /home/parsa/main_robot_ws/src/install/my_robot_camera_msgs/include/my_robot_camera_msgs/my_robot_camera_msgs/msg
-- Installing: /home/parsa/main_robot_ws/src/install/my_robot_camera_msgs/include/my_robot_camera_msgs/my_robot_camera_msgs/msg/detail
-- Installing: /home/parsa/main_robot_ws/src/install/my_robot_camera_msgs/include/my_robot_camera_msgs/my_robot_camera_msgs/msg/detail/detection_array__type_support.h
-- Installing: /home/parsa/main_robot_ws/src/install/my_robot_camera_msgs/include/my_robot_camera_msgs/my_robot_camera_msgs/msg/detail/detection__functions.c
-- Installing: /home/parsa/main_robot_ws/src/install/my_robot_camera_msgs/include/my_robot_camera_msgs/my_robot_camera_msgs/msg/detail/detection_array__functions.h
-- Installing: /home/parsa/main_robot_ws/src/install/my_robot_camera_msgs/include/my_robot_camera_msgs/my_robot_camera_msgs/msg/detail/detection__functions.h
-- Installing: /home/parsa/main_robot_ws/src/install/my_robot_camera_msgs/include/my_robot_camera_msgs/my_robot_camera_msgs/msg/detail/detection_array__functions.c
-- Installing: /home/parsa/main_robot_ws/src/install/my_robot_camera_msgs/include/my_robot_camera_msgs/my_robot_camera_msgs/msg/detail/detection__struct.h
-- Installing: /home/parsa/main_robot_ws/src/install/my_robot_camera_msgs/include/my_robot_camera_msgs/my_robot_camera_msgs/msg/detail/detection__type_support.h
-- Installing: /home/parsa/main_robot_ws/src/install/my_robot_camera_msgs/include/my_robot_camera_msgs/my_robot_camera_msgs/msg/detail/detection_array__struct.h
-- Installing: /home/parsa/main_robot_ws/src/install/my_robot_camera_msgs/include/my_robot_camera_msgs/my_robot_camera_msgs/msg/detection.h
-- Installing: /home/parsa/main_robot_ws/src/install/my_robot_camera_msgs/include/my_robot_camera_msgs/my_robot_camera_msgs/msg/rosidl_generator_c__visibility_control.h
-- Installing: /home/parsa/main_robot_ws/src/install/my_robot_camera_msgs/include/my_robot_camera_msgs/my_robot_camera_msgs/msg/detection_array.h
-- Installing: /home/parsa/main_robot_ws/src/install/my_robot_camera_msgs/share/my_robot_camera_msgs/environment/library_path.sh
-- Installing: /home/parsa/main_robot_ws/src/install/my_robot_camera_msgs/share/my_robot_camera_msgs/environment/library_path.dsv
-- Installing: /home/parsa/main_robot_ws/src/install/my_robot_camera_msgs/lib/libmy_robot_camera_msgs__rosidl_generator_c.so
-- Set non-toolchain portion of runtime path of "/home/parsa/main_robot_ws/src/install/my_robot_camera_msgs/lib/libmy_robot_camera_msgs__rosidl_generator_c.so" to ""
-- Up-to-date: /home/parsa/main_robot_ws/src/install/my_robot_camera_msgs/include/my_robot_camera_msgs/my_robot_camera_msgs
-- Up-to-date: /home/parsa/main_robot_ws/src/install/my_robot_camera_msgs/include/my_robot_camera_msgs/my_robot_camera_msgs/msg
-- Up-to-date: /home/parsa/main_robot_ws/src/install/my_robot_camera_msgs/include/my_robot_camera_msgs/my_robot_camera_msgs/msg/detail
-- Installing: /home/parsa/main_robot_ws/src/install/my_robot_camera_msgs/include/my_robot_camera_msgs/my_robot_camera_msgs/msg/detail/detection__rosidl_typesupport_fastrtps_c.h
-- Installing: /home/parsa/main_robot_ws/src/install/my_robot_camera_msgs/include/my_robot_camera_msgs/my_robot_camera_msgs/msg/detail/detection_array__rosidl_typesupport_fastrtps_c.h
-- Installing: /home/parsa/main_robot_ws/src/install/my_robot_camera_msgs/include/my_robot_camera_msgs/my_robot_camera_msgs/msg/rosidl_typesupport_fastrtps_c__visibility_control.h
-- Installing: /home/parsa/main_robot_ws/src/install/my_robot_camera_msgs/lib/libmy_robot_camera_msgs__rosidl_typesupport_fastrtps_c.so
-- Set non-toolchain portion of runtime path of "/home/parsa/main_robot_ws/src/install/my_robot_camera_msgs/lib/libmy_robot_camera_msgs__rosidl_typesupport_fastrtps_c.so" to ""
-- Up-to-date: /home/parsa/main_robot_ws/src/install/my_robot_camera_msgs/include/my_robot_camera_msgs/my_robot_camera_msgs
-- Up-to-date: /home/parsa/main_robot_ws/src/install/my_robot_camera_msgs/include/my_robot_camera_msgs/my_robot_camera_msgs/msg
-- Up-to-date: /home/parsa/main_robot_ws/src/install/my_robot_camera_msgs/include/my_robot_camera_msgs/my_robot_camera_msgs/msg/detail
-- Installing: /home/parsa/main_robot_ws/src/install/my_robot_camera_msgs/include/my_robot_camera_msgs/my_robot_camera_msgs/msg/detail/detection__rosidl_typesupport_introspection_c.h
-- Installing: /home/parsa/main_robot_ws/src/install/my_robot_camera_msgs/include/my_robot_camera_msgs/my_robot_camera_msgs/msg/detail/detection_array__type_support.c
-- Installing: /home/parsa/main_robot_ws/src/install/my_robot_camera_msgs/include/my_robot_camera_msgs/my_robot_camera_msgs/msg/detail/detection__type_support.c
-- Installing: /home/parsa/main_robot_ws/src/install/my_robot_camera_msgs/include/my_robot_camera_msgs/my_robot_camera_msgs/msg/detail/detection_array__rosidl_typesupport_introspection_c.h
-- Installing: /home/parsa/main_robot_ws/src/install/my_robot_camera_msgs/include/my_robot_camera_msgs/my_robot_camera_msgs/msg/rosidl_typesupport_introspection_c__visibility_control.h
-- Installing: /home/parsa/main_robot_ws/src/install/my_robot_camera_msgs/lib/libmy_robot_camera_msgs__rosidl_typesupport_introspection_c.so
-- Set non-toolchain portion of runtime path of "/home/parsa/main_robot_ws/src/install/my_robot_camera_msgs/lib/libmy_robot_camera_msgs__rosidl_typesupport_introspection_c.so" to ""
-- Installing: /home/parsa/main_robot_ws/src/install/my_robot_camera_msgs/lib/libmy_robot_camera_msgs__rosidl_typesupport_c.so
-- Set non-toolchain portion of runtime path of "/home/parsa/main_robot_ws/src/install/my_robot_camera_msgs/lib/libmy_robot_camera_msgs__rosidl_typesupport_c.so" to ""
-- Up-to-date: /home/parsa/main_robot_ws/src/install/my_robot_camera_msgs/include/my_robot_camera_msgs/my_robot_camera_msgs
-- Up-to-date: /home/parsa/main_robot_ws/src/install/my_robot_camera_msgs/include/my_robot_camera_msgs/my_robot_camera_msgs/msg
-- Up-to-date: /home/parsa/main_robot_ws/src/install/my_robot_camera_msgs/include/my_robot_camera_msgs/my_robot_camera_msgs/msg/detail
-- Installing: /home/parsa/main_robot_ws/src/install/my_robot_camera_msgs/include/my_robot_camera_msgs/my_robot_camera_msgs/msg/detail/detection__struct.hpp
-- Installing: /home/parsa/main_robot_ws/src/install/my_robot_camera_msgs/include/my_robot_camera_msgs/my_robot_camera_msgs/msg/detail/detection_array__traits.hpp
-- Installing: /home/parsa/main_robot_ws/src/install/my_robot_camera_msgs/include/my_robot_camera_msgs/my_robot_camera_msgs/msg/detail/detection__type_support.hpp
-- Installing: /home/parsa/main_robot_ws/src/install/my_robot_camera_msgs/include/my_robot_camera_msgs/my_robot_camera_msgs/msg/detail/detection__builder.hpp
-- Installing: /home/parsa/main_robot_ws/src/install/my_robot_camera_msgs/include/my_robot_camera_msgs/my_robot_camera_msgs/msg/detail/detection__traits.hpp
-- Installing: /home/parsa/main_robot_ws/src/install/my_robot_camera_msgs/include/my_robot_camera_msgs/my_robot_camera_msgs/msg/detail/detection_array__type_support.hpp
-- Installing: /home/parsa/main_robot_ws/src/install/my_robot_camera_msgs/include/my_robot_camera_msgs/my_robot_camera_msgs/msg/detail/detection_array__builder.hpp
-- Installing: /home/parsa/main_robot_ws/src/install/my_robot_camera_msgs/include/my_robot_camera_msgs/my_robot_camera_msgs/msg/detail/detection_array__struct.hpp
-- Installing: /home/parsa/main_robot_ws/src/install/my_robot_camera_msgs/include/my_robot_camera_msgs/my_robot_camera_msgs/msg/detection_array.hpp
-- Installing: /home/parsa/main_robot_ws/src/install/my_robot_camera_msgs/include/my_robot_camera_msgs/my_robot_camera_msgs/msg/rosidl_generator_cpp__visibility_control.hpp
-- Installing: /home/parsa/main_robot_ws/src/install/my_robot_camera_msgs/include/my_robot_camera_msgs/my_robot_camera_msgs/msg/detection.hpp
-- Up-to-date: /home/parsa/main_robot_ws/src/install/my_robot_camera_msgs/include/my_robot_camera_msgs/my_robot_camera_msgs
-- Up-to-date: /home/parsa/main_robot_ws/src/install/my_robot_camera_msgs/include/my_robot_camera_msgs/my_robot_camera_msgs/msg
-- Up-to-date: /home/parsa/main_robot_ws/src/install/my_robot_camera_msgs/include/my_robot_camera_msgs/my_robot_camera_msgs/msg/detail
-- Installing: /home/parsa/main_robot_ws/src/install/my_robot_camera_msgs/include/my_robot_camera_msgs/my_robot_camera_msgs/msg/detail/detection__rosidl_typesupport_fastrtps_cpp.hpp
-- Installing: /home/parsa/main_robot_ws/src/install/my_robot_camera_msgs/include/my_robot_camera_msgs/my_robot_camera_msgs/msg/detail/dds_fastrtps
-- Installing: /home/parsa/main_robot_ws/src/install/my_robot_camera_msgs/include/my_robot_camera_msgs/my_robot_camera_msgs/msg/detail/detection_array__rosidl_typesupport_fastrtps_cpp.hpp
-- Installing: /home/parsa/main_robot_ws/src/install/my_robot_camera_msgs/include/my_robot_camera_msgs/my_robot_camera_msgs/msg/rosidl_typesupport_fastrtps_cpp__visibility_control.h
-- Installing: /home/parsa/main_robot_ws/src/install/my_robot_camera_msgs/lib/libmy_robot_camera_msgs__rosidl_typesupport_fastrtps_cpp.so
-- Set non-toolchain portion of runtime path of "/home/parsa/main_robot_ws/src/install/my_robot_camera_msgs/lib/libmy_robot_camera_msgs__rosidl_typesupport_fastrtps_cpp.so" to ""
-- Up-to-date: /home/parsa/main_robot_ws/src/install/my_robot_camera_msgs/include/my_robot_camera_msgs/my_robot_camera_msgs
-- Up-to-date: /home/parsa/main_robot_ws/src/install/my_robot_camera_msgs/include/my_robot_camera_msgs/my_robot_camera_msgs/msg
-- Up-to-date: /home/parsa/main_robot_ws/src/install/my_robot_camera_msgs/include/my_robot_camera_msgs/my_robot_camera_msgs/msg/detail
-- Installing: /home/parsa/main_robot_ws/src/install/my_robot_camera_msgs/include/my_robot_camera_msgs/my_robot_camera_msgs/msg/detail/detection__type_support.cpp
-- Installing: /home/parsa/main_robot_ws/src/install/my_robot_camera_msgs/include/my_robot_camera_msgs/my_robot_camera_msgs/msg/detail/detection_array__type_support.cpp
-- Installing: /home/parsa/main_robot_ws/src/install/my_robot_camera_msgs/include/my_robot_camera_msgs/my_robot_camera_msgs/msg/detail/detection__rosidl_typesupport_introspection_cpp.hpp
-- Installing: /home/parsa/main_robot_ws/src/install/my_robot_camera_msgs/include/my_robot_camera_msgs/my_robot_camera_msgs/msg/detail/detection_array__rosidl_typesupport_introspection_cpp.hpp
-- Installing: /home/parsa/main_robot_ws/src/install/my_robot_camera_msgs/lib/libmy_robot_camera_msgs__rosidl_typesupport_introspection_cpp.so
-- Set non-toolchain portion of runtime path of "/home/parsa/main_robot_ws/src/install/my_robot_camera_msgs/lib/libmy_robot_camera_msgs__rosidl_typesupport_introspection_cpp.so" to ""
-- Installing: /home/parsa/main_robot_ws/src/install/my_robot_camera_msgs/lib/libmy_robot_camera_msgs__rosidl_typesupport_cpp.so
-- Set non-toolchain portion of runtime path of "/home/parsa/main_robot_ws/src/install/my_robot_camera_msgs/lib/libmy_robot_camera_msgs__rosidl_typesupport_cpp.so" to ""
-- Installing: /home/parsa/main_robot_ws/src/install/my_robot_camera_msgs/share/my_robot_camera_msgs/environment/pythonpath.sh
-- Installing: /home/parsa/main_robot_ws/src/install/my_robot_camera_msgs/share/my_robot_camera_msgs/environment/pythonpath.dsv
-- Installing: /home/parsa/main_robot_ws/src/install/my_robot_camera_msgs/local/lib/python3.10/dist-packages/my_robot_camera_msgs-0.0.0-py3.10.egg-info
-- Installing: /home/parsa/main_robot_ws/src/install/my_robot_camera_msgs/local/lib/python3.10/dist-packages/my_robot_camera_msgs-0.0.0-py3.10.egg-info/top_level.txt
-- Installing: /home/parsa/main_robot_ws/src/install/my_robot_camera_msgs/local/lib/python3.10/dist-packages/my_robot_camera_msgs-0.0.0-py3.10.egg-info/SOURCES.txt
-- Installing: /home/parsa/main_robot_ws/src/install/my_robot_camera_msgs/local/lib/python3.10/dist-packages/my_robot_camera_msgs-0.0.0-py3.10.egg-info/PKG-INFO
-- Installing: /home/parsa/main_robot_ws/src/install/my_robot_camera_msgs/local/lib/python3.10/dist-packages/my_robot_camera_msgs-0.0.0-py3.10.egg-info/dependency_links.txt
-- Installing: /home/parsa/main_robot_ws/src/install/my_robot_camera_msgs/local/lib/python3.10/dist-packages/my_robot_camera_msgs
-- Installing: /home/parsa/main_robot_ws/src/install/my_robot_camera_msgs/local/lib/python3.10/dist-packages/my_robot_camera_msgs/_my_robot_camera_msgs_s.ep.rosidl_typesupport_introspection_c.c
-- Installing: /home/parsa/main_robot_ws/src/install/my_robot_camera_msgs/local/lib/python3.10/dist-packages/my_robot_camera_msgs/my_robot_camera_msgs_s__rosidl_typesupport_introspection_c.cpython-310-x86_64-linux-gnu.so
-- Installing: /home/parsa/main_robot_ws/src/install/my_robot_camera_msgs/local/lib/python3.10/dist-packages/my_robot_camera_msgs/my_robot_camera_msgs_s__rosidl_typesupport_fastrtps_c.cpython-310-x86_64-linux-gnu.so
-- Installing: /home/parsa/main_robot_ws/src/install/my_robot_camera_msgs/local/lib/python3.10/dist-packages/my_robot_camera_msgs/libmy_robot_camera_msgs__rosidl_generator_py.so
-- Installing: /home/parsa/main_robot_ws/src/install/my_robot_camera_msgs/local/lib/python3.10/dist-packages/my_robot_camera_msgs/__init__.py
-- Installing: /home/parsa/main_robot_ws/src/install/my_robot_camera_msgs/local/lib/python3.10/dist-packages/my_robot_camera_msgs/my_robot_camera_msgs_s__rosidl_typesupport_c.cpython-310-x86_64-linux-gnu.so
-- Installing: /home/parsa/main_robot_ws/src/install/my_robot_camera_msgs/local/lib/python3.10/dist-packages/my_robot_camera_msgs/msg
-- Installing: /home/parsa/main_robot_ws/src/install/my_robot_camera_msgs/local/lib/python3.10/dist-packages/my_robot_camera_msgs/msg/_detection_s.c
-- Installing: /home/parsa/main_robot_ws/src/install/my_robot_camera_msgs/local/lib/python3.10/dist-packages/my_robot_camera_msgs/msg/_detection_array.py
-- Installing: /home/parsa/main_robot_ws/src/install/my_robot_camera_msgs/local/lib/python3.10/dist-packages/my_robot_camera_msgs/msg/__init__.py
-- Installing: /home/parsa/main_robot_ws/src/install/my_robot_camera_msgs/local/lib/python3.10/dist-packages/my_robot_camera_msgs/msg/_detection.py
-- Installing: /home/parsa/main_robot_ws/src/install/my_robot_camera_msgs/local/lib/python3.10/dist-packages/my_robot_camera_msgs/msg/_detection_array_s.c
-- Installing: /home/parsa/main_robot_ws/src/install/my_robot_camera_msgs/local/lib/python3.10/dist-packages/my_robot_camera_msgs/_my_robot_camera_msgs_s.ep.rosidl_typesupport_fastrtps_c.c
-- Installing: /home/parsa/main_robot_ws/src/install/my_robot_camera_msgs/local/lib/python3.10/dist-packages/my_robot_camera_msgs/_my_robot_camera_msgs_s.ep.rosidl_typesupport_c.c
Listing '/home/parsa/main_robot_ws/src/install/my_robot_camera_msgs/local/lib/python3.10/dist-packages/my_robot_camera_msgs'...
Compiling '/home/parsa/main_robot_ws/src/install/my_robot_camera_msgs/local/lib/python3.10/dist-packages/my_robot_camera_msgs/__init__.py'...
Listing '/home/parsa/main_robot_ws/src/install/my_robot_camera_msgs/local/lib/python3.10/dist-packages/my_robot_camera_msgs/msg'...
Compiling '/home/parsa/main_robot_ws/src/install/my_robot_camera_msgs/local/lib/python3.10/dist-packages/my_robot_camera_msgs/msg/__init__.py'...
Compiling '/home/parsa/main_robot_ws/src/install/my_robot_camera_msgs/local/lib/python3.10/dist-packages/my_robot_camera_msgs/msg/_detection.py'...
Compiling '/home/parsa/main_robot_ws/src/install/my_robot_camera_msgs/local/lib/python3.10/dist-packages/my_robot_camera_msgs/msg/_detection_array.py'...
-- Installing: /home/parsa/main_robot_ws/src/install/my_robot_camera_msgs/local/lib/python3.10/dist-packages/my_robot_camera_msgs/my_robot_camera_msgs_s__rosidl_typesupport_fastrtps_c.cpython-310-x86_64-linux-gnu.so
-- Set non-toolchain portion of runtime path of "/home/parsa/main_robot_ws/src/install/my_robot_camera_msgs/local/lib/python3.10/dist-packages/my_robot_camera_msgs/my_robot_camera_msgs_s__rosidl_typesupport_fastrtps_c.cpython-310-x86_64-linux-gnu.so" to ""
-- Installing: /home/parsa/main_robot_ws/src/install/my_robot_camera_msgs/local/lib/python3.10/dist-packages/my_robot_camera_msgs/my_robot_camera_msgs_s__rosidl_typesupport_introspection_c.cpython-310-x86_64-linux-gnu.so
-- Set non-toolchain portion of runtime path of "/home/parsa/main_robot_ws/src/install/my_robot_camera_msgs/local/lib/python3.10/dist-packages/my_robot_camera_msgs/my_robot_camera_msgs_s__rosidl_typesupport_introspection_c.cpython-310-x86_64-linux-gnu.so" to ""
-- Installing: /home/parsa/main_robot_ws/src/install/my_robot_camera_msgs/local/lib/python3.10/dist-packages/my_robot_camera_msgs/my_robot_camera_msgs_s__rosidl_typesupport_c.cpython-310-x86_64-linux-gnu.so
-- Set non-toolchain portion of runtime path of "/home/parsa/main_robot_ws/src/install/my_robot_camera_msgs/local/lib/python3.10/dist-packages/my_robot_camera_msgs/my_robot_camera_msgs_s__rosidl_typesupport_c.cpython-310-x86_64-linux-gnu.so" to ""
-- Installing: /home/parsa/main_robot_ws/src/install/my_robot_camera_msgs/lib/libmy_robot_camera_msgs__rosidl_generator_py.so
-- Set non-toolchain portion of runtime path of "/home/parsa/main_robot_ws/src/install/my_robot_camera_msgs/lib/libmy_robot_camera_msgs__rosidl_generator_py.so" to ""
-- Installing: /home/parsa/main_robot_ws/src/install/my_robot_camera_msgs/share/my_robot_camera_msgs/msg/Detection.idl
-- Installing: /home/parsa/main_robot_ws/src/install/my_robot_camera_msgs/share/my_robot_camera_msgs/msg/DetectionArray.idl
-- Installing: /home/parsa/main_robot_ws/src/install/my_robot_camera_msgs/share/my_robot_camera_msgs/msg/Detection.msg
-- Installing: /home/parsa/main_robot_ws/src/install/my_robot_camera_msgs/share/my_robot_camera_msgs/msg/DetectionArray.msg
-- Installing: /home/parsa/main_robot_ws/src/install/my_robot_camera_msgs/share/ament_index/resource_index/package_run_dependencies/my_robot_camera_msgs
-- Installing: /home/parsa/main_robot_ws/src/install/my_robot_camera_msgs/share/ament_index/resource_index/parent_prefix_path/my_robot_camera_msgs
-- Installing: /home/parsa/main_robot_ws/src/install/my_robot_camera_msgs/share/my_robot_camera_msgs/environment/ament_prefix_path.sh
-- Installing: /home/parsa/main_robot_ws/src/install/my_robot_camera_msgs/share/my_robot_camera_msgs/environment/ament_prefix_path.dsv
-- Installing: /home/parsa/main_robot_ws/src/install/my_robot_camera_msgs/share/my_robot_camera_msgs/environment/path.sh
-- Installing: /home/parsa/main_robot_ws/src/install/my_robot_camera_msgs/share/my_robot_camera_msgs/environment/path.dsv
-- Installing: /home/parsa/main_robot_ws/src/install/my_robot_camera_msgs/share/my_robot_camera_msgs/local_setup.bash
-- Installing: /home/parsa/main_robot_ws/src/install/my_robot_camera_msgs/share/my_robot_camera_msgs/local_setup.sh
-- Installing: /home/parsa/main_robot_ws/src/install/my_robot_camera_msgs/share/my_robot_camera_msgs/local_setup.zsh
-- Installing: /home/parsa/main_robot_ws/src/install/my_robot_camera_msgs/share/my_robot_camera_msgs/local_setup.dsv
-- Installing: /home/parsa/main_robot_ws/src/install/my_robot_camera_msgs/share/my_robot_camera_msgs/package.dsv
-- Installing: /home/parsa/main_robot_ws/src/install/my_robot_camera_msgs/share/ament_index/resource_index/packages/my_robot_camera_msgs
-- Installing: /home/parsa/main_robot_ws/src/install/my_robot_camera_msgs/share/my_robot_camera_msgs/cmake/export_my_robot_camera_msgs__rosidl_generator_cExport.cmake
-- Installing: /home/parsa/main_robot_ws/src/install/my_robot_camera_msgs/share/my_robot_camera_msgs/cmake/export_my_robot_camera_msgs__rosidl_generator_cExport-noconfig.cmake
-- Installing: /home/parsa/main_robot_ws/src/install/my_robot_camera_msgs/share/my_robot_camera_msgs/cmake/export_my_robot_camera_msgs__rosidl_typesupport_fastrtps_cExport.cmake
-- Installing: /home/parsa/main_robot_ws/src/install/my_robot_camera_msgs/share/my_robot_camera_msgs/cmake/export_my_robot_camera_msgs__rosidl_typesupport_fastrtps_cExport-noconfig.cmake
-- Installing: /home/parsa/main_robot_ws/src/install/my_robot_camera_msgs/share/my_robot_camera_msgs/cmake/my_robot_camera_msgs__rosidl_typesupport_introspection_cExport.cmake
-- Installing: /home/parsa/main_robot_ws/src/install/my_robot_camera_msgs/share/my_robot_camera_msgs/cmake/my_robot_camera_msgs__rosidl_typesupport_introspection_cExport-noconfig.cmake
-- Installing: /home/parsa/main_robot_ws/src/install/my_robot_camera_msgs/share/my_robot_camera_msgs/cmake/my_robot_camera_msgs__rosidl_typesupport_cExport.cmake
-- Installing: /home/parsa/main_robot_ws/src/install/my_robot_camera_msgs/share/my_robot_camera_msgs/cmake/my_robot_camera_msgs__rosidl_typesupport_cExport-noconfig.cmake
-- Installing: /home/parsa/main_robot_ws/src/install/my_robot_camera_msgs/share/my_robot_camera_msgs/cmake/export_my_robot_camera_msgs__rosidl_generator_cppExport.cmake
-- Installing: /home/parsa/main_robot_ws/src/install/my_robot_camera_msgs/share/my_robot_camera_msgs/cmake/export_my_robot_camera_msgs__rosidl_typesupport_fastrtps_cppExport.cmake
-- Installing: /home/parsa/main_robot_ws/src/install/my_robot_camera_msgs/share/my_robot_camera_msgs/cmake/export_my_robot_camera_msgs__rosidl_typesupport_fastrtps_cppExport-noconfig.cmake
-- Installing: /home/parsa/main_robot_ws/src/install/my_robot_camera_msgs/share/my_robot_camera_msgs/cmake/my_robot_camera_msgs__rosidl_typesupport_introspection_cppExport.cmake
-- Installing: /home/parsa/main_robot_ws/src/install/my_robot_camera_msgs/share/my_robot_camera_msgs/cmake/my_robot_camera_msgs__rosidl_typesupport_introspection_cppExport-noconfig.cmake
-- Installing: /home/parsa/main_robot_ws/src/install/my_robot_camera_msgs/share/my_robot_camera_msgs/cmake/my_robot_camera_msgs__rosidl_typesupport_cppExport.cmake
-- Installing: /home/parsa/main_robot_ws/src/install/my_robot_camera_msgs/share/my_robot_camera_msgs/cmake/my_robot_camera_msgs__rosidl_typesupport_cppExport-noconfig.cmake
-- Installing: /home/parsa/main_robot_ws/src/install/my_robot_camera_msgs/share/my_robot_camera_msgs/cmake/export_my_robot_camera_msgs__rosidl_generator_pyExport.cmake
-- Installing: /home/parsa/main_robot_ws/src/install/my_robot_camera_msgs/share/my_robot_camera_msgs/cmake/export_my_robot_camera_msgs__rosidl_generator_pyExport-noconfig.cmake
-- Installing: /home/parsa/main_robot_ws/src/install/my_robot_camera_msgs/share/my_robot_camera_msgs/cmake/rosidl_cmake-extras.cmake
-- Installing: /home/parsa/main_robot_ws/src/install/my_robot_camera_msgs/share/my_robot_camera_msgs/cmake/ament_cmake_export_dependencies-extras.cmake
-- Installing: /home/parsa/main_robot_ws/src/install/my_robot_camera_msgs/share/my_robot_camera_msgs/cmake/ament_cmake_export_include_directories-extras.cmake
-- Installing: /home/parsa/main_robot_ws/src/install/my_robot_camera_msgs/share/my_robot_camera_msgs/cmake/ament_cmake_export_libraries-extras.cmake
-- Installing: /home/parsa/main_robot_ws/src/install/my_robot_camera_msgs/share/my_robot_camera_msgs/cmake/ament_cmake_export_targets-extras.cmake
-- Installing: /home/parsa/main_robot_ws/src/install/my_robot_camera_msgs/share/my_robot_camera_msgs/cmake/rosidl_cmake_export_typesupport_targets-extras.cmake
-- Installing: /home/parsa/main_robot_ws/src/install/my_robot_camera_msgs/share/my_robot_camera_msgs/cmake/rosidl_cmake_export_typesupport_libraries-extras.cmake
-- Installing: /home/parsa/main_robot_ws/src/install/my_robot_camera_msgs/share/my_robot_camera_msgs/cmake/my_robot_camera_msgsConfig.cmake
-- Installing: /home/parsa/main_robot_ws/src/install/my_robot_camera_msgs/share/my_robot_camera_msgs/cmake/my_robot_camera_msgsConfig-version.cmake
-- Installing: /home/parsa/main_robot_ws/src/install/my_robot_camera_msgs/share/my_robot_camera_msgs/package.xml
