[1.832s] Invoking command in '/home/parsa/main_robot_ws/src/robot_control': PYTHONPATH=/home/parsa/main_robot_ws/build/robot_control/prefix_override:/usr/lib/python3/dist-packages/colcon_core/task/python/colcon_distutils_commands:/home/parsa/main_robot_ws/install/robot_control/lib/python3.10/site-packages:${PYTHONPATH} /usr/bin/python3 -W ignore:setup.py install is deprecated -W ignore:easy_install command is deprecated setup.py egg_info --egg-base ../../build/robot_control build --build-base /home/parsa/main_robot_ws/build/robot_control/build install --record /home/parsa/main_robot_ws/build/robot_control/install.log --single-version-externally-managed install_data
[1.986s] running egg_info
[1.987s] writing ../../build/robot_control/robot_control.egg-info/PKG-INFO
[1.987s] writing dependency_links to ../../build/robot_control/robot_control.egg-info/dependency_links.txt
[1.987s] writing entry points to ../../build/robot_control/robot_control.egg-info/entry_points.txt
[1.987s] writing requirements to ../../build/robot_control/robot_control.egg-info/requires.txt
[1.987s] writing top-level names to ../../build/robot_control/robot_control.egg-info/top_level.txt
[1.989s] reading manifest file '../../build/robot_control/robot_control.egg-info/SOURCES.txt'
[1.989s] writing manifest file '../../build/robot_control/robot_control.egg-info/SOURCES.txt'
[1.989s] running build
[1.989s] running build_py
[1.990s] running install
[1.990s] running install_lib
[1.991s] running install_data
[1.992s] running install_egg_info
[1.993s] removing '/home/parsa/main_robot_ws/install/robot_control/lib/python3.10/site-packages/robot_control-0.0.0-py3.10.egg-info' (and everything under it)
[1.993s] Copying ../../build/robot_control/robot_control.egg-info to /home/parsa/main_robot_ws/install/robot_control/lib/python3.10/site-packages/robot_control-0.0.0-py3.10.egg-info
[1.994s] running install_scripts
[2.010s] Installing arm_controller_node script to /home/parsa/main_robot_ws/install/robot_control/lib/robot_control
[2.010s] Installing arm_driver_node script to /home/parsa/main_robot_ws/install/robot_control/lib/robot_control
[2.010s] Installing arm_gui script to /home/parsa/main_robot_ws/install/robot_control/lib/robot_control
[2.010s] Installing arm_server script to /home/parsa/main_robot_ws/install/robot_control/lib/robot_control
[2.010s] Installing old_robot_server script to /home/parsa/main_robot_ws/install/robot_control/lib/robot_control
[2.010s] Installing robot_server script to /home/parsa/main_robot_ws/install/robot_control/lib/robot_control
[2.010s] writing list of installed files to '/home/parsa/main_robot_ws/build/robot_control/install.log'
[2.045s] Invoked command in '/home/parsa/main_robot_ws/src/robot_control' returned '0': PYTHONPATH=/home/parsa/main_robot_ws/build/robot_control/prefix_override:/usr/lib/python3/dist-packages/colcon_core/task/python/colcon_distutils_commands:/home/parsa/main_robot_ws/install/robot_control/lib/python3.10/site-packages:${PYTHONPATH} /usr/bin/python3 -W ignore:setup.py install is deprecated -W ignore:easy_install command is deprecated setup.py egg_info --egg-base ../../build/robot_control build --build-base /home/parsa/main_robot_ws/build/robot_control/build install --record /home/parsa/main_robot_ws/build/robot_control/install.log --single-version-externally-managed install_data
