[1.985s] Invoking command in '/home/parsa/main_robot_ws/src/referee_box': PYTHONPATH=/home/parsa/main_robot_ws/build/referee_box/prefix_override:/usr/lib/python3/dist-packages/colcon_core/task/python/colcon_distutils_commands:/home/parsa/main_robot_ws/install/referee_box/lib/python3.10/site-packages:${PYTHONPATH} /usr/bin/python3 -W ignore:setup.py install is deprecated -W ignore:easy_install command is deprecated setup.py egg_info --egg-base ../../build/referee_box build --build-base /home/parsa/main_robot_ws/build/referee_box/build install --record /home/parsa/main_robot_ws/build/referee_box/install.log --single-version-externally-managed install_data
[2.308s] running egg_info
[2.310s] writing ../../build/referee_box/referee_box.egg-info/PKG-INFO
[2.310s] writing dependency_links to ../../build/referee_box/referee_box.egg-info/dependency_links.txt
[2.310s] writing entry points to ../../build/referee_box/referee_box.egg-info/entry_points.txt
[2.311s] writing requirements to ../../build/referee_box/referee_box.egg-info/requires.txt
[2.312s] writing top-level names to ../../build/referee_box/referee_box.egg-info/top_level.txt
[2.314s] reading manifest file '../../build/referee_box/referee_box.egg-info/SOURCES.txt'
[2.315s] writing manifest file '../../build/referee_box/referee_box.egg-info/SOURCES.txt'
[2.316s] running build
[2.316s] running build_py
[2.316s] running install
[2.316s] running install_lib
[2.318s] running install_data
[2.319s] running install_egg_info
[2.320s] removing '/home/parsa/main_robot_ws/install/referee_box/lib/python3.10/site-packages/referee_box-0.0.1-py3.10.egg-info' (and everything under it)
[2.321s] Copying ../../build/referee_box/referee_box.egg-info to /home/parsa/main_robot_ws/install/referee_box/lib/python3.10/site-packages/referee_box-0.0.1-py3.10.egg-info
[2.322s] running install_scripts
[2.351s] Installing referee_box_node script to /home/parsa/main_robot_ws/install/referee_box/lib/referee_box
[2.351s] writing list of installed files to '/home/parsa/main_robot_ws/build/referee_box/install.log'
[2.439s] Invoked command in '/home/parsa/main_robot_ws/src/referee_box' returned '0': PYTHONPATH=/home/parsa/main_robot_ws/build/referee_box/prefix_override:/usr/lib/python3/dist-packages/colcon_core/task/python/colcon_distutils_commands:/home/parsa/main_robot_ws/install/referee_box/lib/python3.10/site-packages:${PYTHONPATH} /usr/bin/python3 -W ignore:setup.py install is deprecated -W ignore:easy_install command is deprecated setup.py egg_info --egg-base ../../build/referee_box build --build-base /home/parsa/main_robot_ws/build/referee_box/build install --record /home/parsa/main_robot_ws/build/referee_box/install.log --single-version-externally-managed install_data
