running egg_info
creating ../build/state_publisher/state_publisher.egg-info
writing ../build/state_publisher/state_publisher.egg-info/PKG-INFO
writing dependency_links to ../build/state_publisher/state_publisher.egg-info/dependency_links.txt
writing entry points to ../build/state_publisher/state_publisher.egg-info/entry_points.txt
writing requirements to ../build/state_publisher/state_publisher.egg-info/requires.txt
writing top-level names to ../build/state_publisher/state_publisher.egg-info/top_level.txt
writing manifest file '../build/state_publisher/state_publisher.egg-info/SOURCES.txt'
reading manifest file '../build/state_publisher/state_publisher.egg-info/SOURCES.txt'
writing manifest file '../build/state_publisher/state_publisher.egg-info/SOURCES.txt'
running build
running build_py
creating /home/parsa/main_robot_ws/src/build/state_publisher/build
creating /home/parsa/main_robot_ws/src/build/state_publisher/build/lib
creating /home/parsa/main_robot_ws/src/build/state_publisher/build/lib/state_publisher
copying state_publisher/__init__.py -> /home/parsa/main_robot_ws/src/build/state_publisher/build/lib/state_publisher
copying state_publisher/state_publisher.py -> /home/parsa/main_robot_ws/src/build/state_publisher/build/lib/state_publisher
running install
running install_lib
creating /home/parsa/main_robot_ws/src/install/state_publisher/lib/python3.10/site-packages/state_publisher
copying /home/parsa/main_robot_ws/src/build/state_publisher/build/lib/state_publisher/__init__.py -> /home/parsa/main_robot_ws/src/install/state_publisher/lib/python3.10/site-packages/state_publisher
copying /home/parsa/main_robot_ws/src/build/state_publisher/build/lib/state_publisher/state_publisher.py -> /home/parsa/main_robot_ws/src/install/state_publisher/lib/python3.10/site-packages/state_publisher
byte-compiling /home/parsa/main_robot_ws/src/install/state_publisher/lib/python3.10/site-packages/state_publisher/__init__.py to __init__.cpython-310.pyc
byte-compiling /home/parsa/main_robot_ws/src/install/state_publisher/lib/python3.10/site-packages/state_publisher/state_publisher.py to state_publisher.cpython-310.pyc
running install_data
creating /home/parsa/main_robot_ws/src/install/state_publisher/share/ament_index
creating /home/parsa/main_robot_ws/src/install/state_publisher/share/ament_index/resource_index
creating /home/parsa/main_robot_ws/src/install/state_publisher/share/ament_index/resource_index/packages
copying resource/state_publisher -> /home/parsa/main_robot_ws/src/install/state_publisher/share/ament_index/resource_index/packages
copying package.xml -> /home/parsa/main_robot_ws/src/install/state_publisher/share/state_publisher
running install_egg_info
Copying ../build/state_publisher/state_publisher.egg-info to /home/parsa/main_robot_ws/src/install/state_publisher/lib/python3.10/site-packages/state_publisher-0.0.0-py3.10.egg-info
running install_scripts
Installing state_pub script to /home/parsa/main_robot_ws/src/install/state_publisher/lib/state_publisher
writing list of installed files to '/home/parsa/main_robot_ws/src/build/state_publisher/install.log'
